[2022-07-23 04:38:47,623] {processor.py:153} INFO - Started process (PID=81) to work on /home/airflow/.local/lib/python3.7/site-packages/airflow/example_dags/example_dag_decorator.py
[2022-07-23 04:38:47,623] {processor.py:641} INFO - Processing file /home/airflow/.local/lib/python3.7/site-packages/airflow/example_dags/example_dag_decorator.py for tasks to queue
[2022-07-23 04:38:47,624] {logging_mixin.py:115} INFO - [2022-07-23 04:38:47,623] {dagbag.py:508} INFO - Filling up the DagBag from /home/airflow/.local/lib/python3.7/site-packages/airflow/example_dags/example_dag_decorator.py
[2022-07-23 04:38:47,657] {processor.py:651} INFO - DAG(s) dict_keys(['example_dag_decorator']) retrieved from /home/airflow/.local/lib/python3.7/site-packages/airflow/example_dags/example_dag_decorator.py
[2022-07-23 04:38:47,964] {logging_mixin.py:115} INFO - [2022-07-23 04:38:47,964] {manager.py:508} INFO - Created Permission View: can read on DAG:example_dag_decorator
[2022-07-23 04:38:47,984] {logging_mixin.py:115} INFO - [2022-07-23 04:38:47,984] {manager.py:508} INFO - Created Permission View: can delete on DAG:example_dag_decorator
[2022-07-23 04:38:47,998] {logging_mixin.py:115} INFO - [2022-07-23 04:38:47,998] {manager.py:508} INFO - Created Permission View: can edit on DAG:example_dag_decorator
[2022-07-23 04:38:47,998] {logging_mixin.py:115} INFO - [2022-07-23 04:38:47,998] {dag.py:2420} INFO - Sync 1 DAGs
[2022-07-23 04:38:48,009] {logging_mixin.py:115} INFO - [2022-07-23 04:38:48,009] {dag.py:2439} INFO - Creating ORM DAG for example_dag_decorator
[2022-07-23 04:38:48,022] {logging_mixin.py:115} INFO - [2022-07-23 04:38:48,022] {dag.py:2972} INFO - Setting next_dagrun for example_dag_decorator to None, run_after=None
[2022-07-23 04:38:48,042] {processor.py:161} INFO - Processing /home/airflow/.local/lib/python3.7/site-packages/airflow/example_dags/example_dag_decorator.py took 0.422 seconds
[2022-07-23 04:39:18,840] {processor.py:153} INFO - Started process (PID=133) to work on /home/airflow/.local/lib/python3.7/site-packages/airflow/example_dags/example_dag_decorator.py
[2022-07-23 04:39:18,840] {processor.py:641} INFO - Processing file /home/airflow/.local/lib/python3.7/site-packages/airflow/example_dags/example_dag_decorator.py for tasks to queue
[2022-07-23 04:39:18,841] {logging_mixin.py:115} INFO - [2022-07-23 04:39:18,841] {dagbag.py:508} INFO - Filling up the DagBag from /home/airflow/.local/lib/python3.7/site-packages/airflow/example_dags/example_dag_decorator.py
[2022-07-23 04:39:18,859] {processor.py:651} INFO - DAG(s) dict_keys(['example_dag_decorator']) retrieved from /home/airflow/.local/lib/python3.7/site-packages/airflow/example_dags/example_dag_decorator.py
[2022-07-23 04:39:19,042] {logging_mixin.py:115} INFO - [2022-07-23 04:39:19,042] {dag.py:2420} INFO - Sync 1 DAGs
[2022-07-23 04:39:19,061] {logging_mixin.py:115} INFO - [2022-07-23 04:39:19,061] {dag.py:2972} INFO - Setting next_dagrun for example_dag_decorator to None, run_after=None
[2022-07-23 04:39:19,078] {processor.py:161} INFO - Processing /home/airflow/.local/lib/python3.7/site-packages/airflow/example_dags/example_dag_decorator.py took 0.240 seconds
[2022-07-23 04:39:49,106] {processor.py:153} INFO - Started process (PID=195) to work on /home/airflow/.local/lib/python3.7/site-packages/airflow/example_dags/example_dag_decorator.py
[2022-07-23 04:39:49,107] {processor.py:641} INFO - Processing file /home/airflow/.local/lib/python3.7/site-packages/airflow/example_dags/example_dag_decorator.py for tasks to queue
[2022-07-23 04:39:49,107] {logging_mixin.py:115} INFO - [2022-07-23 04:39:49,107] {dagbag.py:508} INFO - Filling up the DagBag from /home/airflow/.local/lib/python3.7/site-packages/airflow/example_dags/example_dag_decorator.py
[2022-07-23 04:39:49,125] {processor.py:651} INFO - DAG(s) dict_keys(['example_dag_decorator']) retrieved from /home/airflow/.local/lib/python3.7/site-packages/airflow/example_dags/example_dag_decorator.py
[2022-07-23 04:39:49,281] {logging_mixin.py:115} INFO - [2022-07-23 04:39:49,280] {dag.py:2420} INFO - Sync 1 DAGs
[2022-07-23 04:39:49,296] {logging_mixin.py:115} INFO - [2022-07-23 04:39:49,296] {dag.py:2972} INFO - Setting next_dagrun for example_dag_decorator to None, run_after=None
[2022-07-23 04:39:49,313] {processor.py:161} INFO - Processing /home/airflow/.local/lib/python3.7/site-packages/airflow/example_dags/example_dag_decorator.py took 0.210 seconds
[2022-07-23 04:40:20,193] {processor.py:153} INFO - Started process (PID=256) to work on /home/airflow/.local/lib/python3.7/site-packages/airflow/example_dags/example_dag_decorator.py
[2022-07-23 04:40:20,194] {processor.py:641} INFO - Processing file /home/airflow/.local/lib/python3.7/site-packages/airflow/example_dags/example_dag_decorator.py for tasks to queue
[2022-07-23 04:40:20,194] {logging_mixin.py:115} INFO - [2022-07-23 04:40:20,194] {dagbag.py:508} INFO - Filling up the DagBag from /home/airflow/.local/lib/python3.7/site-packages/airflow/example_dags/example_dag_decorator.py
[2022-07-23 04:40:20,213] {processor.py:651} INFO - DAG(s) dict_keys(['example_dag_decorator']) retrieved from /home/airflow/.local/lib/python3.7/site-packages/airflow/example_dags/example_dag_decorator.py
[2022-07-23 04:40:20,380] {logging_mixin.py:115} INFO - [2022-07-23 04:40:20,380] {dag.py:2420} INFO - Sync 1 DAGs
[2022-07-23 04:40:20,396] {logging_mixin.py:115} INFO - [2022-07-23 04:40:20,396] {dag.py:2972} INFO - Setting next_dagrun for example_dag_decorator to None, run_after=None
[2022-07-23 04:40:20,412] {processor.py:161} INFO - Processing /home/airflow/.local/lib/python3.7/site-packages/airflow/example_dags/example_dag_decorator.py took 0.221 seconds
[2022-07-23 04:40:50,463] {processor.py:153} INFO - Started process (PID=310) to work on /home/airflow/.local/lib/python3.7/site-packages/airflow/example_dags/example_dag_decorator.py
[2022-07-23 04:40:50,463] {processor.py:641} INFO - Processing file /home/airflow/.local/lib/python3.7/site-packages/airflow/example_dags/example_dag_decorator.py for tasks to queue
[2022-07-23 04:40:50,464] {logging_mixin.py:115} INFO - [2022-07-23 04:40:50,464] {dagbag.py:508} INFO - Filling up the DagBag from /home/airflow/.local/lib/python3.7/site-packages/airflow/example_dags/example_dag_decorator.py
[2022-07-23 04:40:50,481] {processor.py:651} INFO - DAG(s) dict_keys(['example_dag_decorator']) retrieved from /home/airflow/.local/lib/python3.7/site-packages/airflow/example_dags/example_dag_decorator.py
[2022-07-23 04:40:50,644] {logging_mixin.py:115} INFO - [2022-07-23 04:40:50,644] {dag.py:2420} INFO - Sync 1 DAGs
[2022-07-23 04:40:50,660] {logging_mixin.py:115} INFO - [2022-07-23 04:40:50,659] {dag.py:2972} INFO - Setting next_dagrun for example_dag_decorator to None, run_after=None
[2022-07-23 04:40:50,675] {processor.py:161} INFO - Processing /home/airflow/.local/lib/python3.7/site-packages/airflow/example_dags/example_dag_decorator.py took 0.215 seconds
[2022-07-23 04:41:20,717] {processor.py:153} INFO - Started process (PID=373) to work on /home/airflow/.local/lib/python3.7/site-packages/airflow/example_dags/example_dag_decorator.py
[2022-07-23 04:41:20,717] {processor.py:641} INFO - Processing file /home/airflow/.local/lib/python3.7/site-packages/airflow/example_dags/example_dag_decorator.py for tasks to queue
[2022-07-23 04:41:20,718] {logging_mixin.py:115} INFO - [2022-07-23 04:41:20,718] {dagbag.py:508} INFO - Filling up the DagBag from /home/airflow/.local/lib/python3.7/site-packages/airflow/example_dags/example_dag_decorator.py
[2022-07-23 04:41:20,735] {processor.py:651} INFO - DAG(s) dict_keys(['example_dag_decorator']) retrieved from /home/airflow/.local/lib/python3.7/site-packages/airflow/example_dags/example_dag_decorator.py
[2022-07-23 04:41:20,891] {logging_mixin.py:115} INFO - [2022-07-23 04:41:20,891] {dag.py:2420} INFO - Sync 1 DAGs
[2022-07-23 04:41:20,906] {logging_mixin.py:115} INFO - [2022-07-23 04:41:20,906] {dag.py:2972} INFO - Setting next_dagrun for example_dag_decorator to None, run_after=None
[2022-07-23 04:41:20,922] {processor.py:161} INFO - Processing /home/airflow/.local/lib/python3.7/site-packages/airflow/example_dags/example_dag_decorator.py took 0.207 seconds
[2022-07-23 04:41:51,807] {processor.py:153} INFO - Started process (PID=436) to work on /home/airflow/.local/lib/python3.7/site-packages/airflow/example_dags/example_dag_decorator.py
[2022-07-23 04:41:51,808] {processor.py:641} INFO - Processing file /home/airflow/.local/lib/python3.7/site-packages/airflow/example_dags/example_dag_decorator.py for tasks to queue
[2022-07-23 04:41:51,808] {logging_mixin.py:115} INFO - [2022-07-23 04:41:51,808] {dagbag.py:508} INFO - Filling up the DagBag from /home/airflow/.local/lib/python3.7/site-packages/airflow/example_dags/example_dag_decorator.py
[2022-07-23 04:41:51,826] {processor.py:651} INFO - DAG(s) dict_keys(['example_dag_decorator']) retrieved from /home/airflow/.local/lib/python3.7/site-packages/airflow/example_dags/example_dag_decorator.py
[2022-07-23 04:41:51,975] {logging_mixin.py:115} INFO - [2022-07-23 04:41:51,975] {dag.py:2420} INFO - Sync 1 DAGs
[2022-07-23 04:41:51,990] {logging_mixin.py:115} INFO - [2022-07-23 04:41:51,990] {dag.py:2972} INFO - Setting next_dagrun for example_dag_decorator to None, run_after=None
[2022-07-23 04:41:52,005] {processor.py:161} INFO - Processing /home/airflow/.local/lib/python3.7/site-packages/airflow/example_dags/example_dag_decorator.py took 0.199 seconds
[2022-07-23 04:42:22,307] {processor.py:153} INFO - Started process (PID=495) to work on /home/airflow/.local/lib/python3.7/site-packages/airflow/example_dags/example_dag_decorator.py
[2022-07-23 04:42:22,308] {processor.py:641} INFO - Processing file /home/airflow/.local/lib/python3.7/site-packages/airflow/example_dags/example_dag_decorator.py for tasks to queue
[2022-07-23 04:42:22,308] {logging_mixin.py:115} INFO - [2022-07-23 04:42:22,308] {dagbag.py:508} INFO - Filling up the DagBag from /home/airflow/.local/lib/python3.7/site-packages/airflow/example_dags/example_dag_decorator.py
[2022-07-23 04:42:22,326] {processor.py:651} INFO - DAG(s) dict_keys(['example_dag_decorator']) retrieved from /home/airflow/.local/lib/python3.7/site-packages/airflow/example_dags/example_dag_decorator.py
[2022-07-23 04:42:22,346] {logging_mixin.py:115} INFO - [2022-07-23 04:42:22,346] {dag.py:2420} INFO - Sync 1 DAGs
[2022-07-23 04:42:22,363] {logging_mixin.py:115} INFO - [2022-07-23 04:42:22,363] {dag.py:2972} INFO - Setting next_dagrun for example_dag_decorator to None, run_after=None
[2022-07-23 04:42:22,379] {processor.py:161} INFO - Processing /home/airflow/.local/lib/python3.7/site-packages/airflow/example_dags/example_dag_decorator.py took 0.074 seconds
[2022-07-23 04:42:53,164] {processor.py:153} INFO - Started process (PID=550) to work on /home/airflow/.local/lib/python3.7/site-packages/airflow/example_dags/example_dag_decorator.py
[2022-07-23 04:42:53,165] {processor.py:641} INFO - Processing file /home/airflow/.local/lib/python3.7/site-packages/airflow/example_dags/example_dag_decorator.py for tasks to queue
[2022-07-23 04:42:53,166] {logging_mixin.py:115} INFO - [2022-07-23 04:42:53,166] {dagbag.py:508} INFO - Filling up the DagBag from /home/airflow/.local/lib/python3.7/site-packages/airflow/example_dags/example_dag_decorator.py
[2022-07-23 04:42:53,184] {processor.py:651} INFO - DAG(s) dict_keys(['example_dag_decorator']) retrieved from /home/airflow/.local/lib/python3.7/site-packages/airflow/example_dags/example_dag_decorator.py
[2022-07-23 04:42:53,205] {logging_mixin.py:115} INFO - [2022-07-23 04:42:53,205] {dag.py:2420} INFO - Sync 1 DAGs
[2022-07-23 04:42:53,223] {logging_mixin.py:115} INFO - [2022-07-23 04:42:53,223] {dag.py:2972} INFO - Setting next_dagrun for example_dag_decorator to None, run_after=None
[2022-07-23 04:42:53,239] {processor.py:161} INFO - Processing /home/airflow/.local/lib/python3.7/site-packages/airflow/example_dags/example_dag_decorator.py took 0.078 seconds
[2022-07-23 04:43:23,306] {processor.py:153} INFO - Started process (PID=611) to work on /home/airflow/.local/lib/python3.7/site-packages/airflow/example_dags/example_dag_decorator.py
[2022-07-23 04:43:23,307] {processor.py:641} INFO - Processing file /home/airflow/.local/lib/python3.7/site-packages/airflow/example_dags/example_dag_decorator.py for tasks to queue
[2022-07-23 04:43:23,307] {logging_mixin.py:115} INFO - [2022-07-23 04:43:23,307] {dagbag.py:508} INFO - Filling up the DagBag from /home/airflow/.local/lib/python3.7/site-packages/airflow/example_dags/example_dag_decorator.py
[2022-07-23 04:43:23,328] {processor.py:651} INFO - DAG(s) dict_keys(['example_dag_decorator']) retrieved from /home/airflow/.local/lib/python3.7/site-packages/airflow/example_dags/example_dag_decorator.py
[2022-07-23 04:43:23,351] {logging_mixin.py:115} INFO - [2022-07-23 04:43:23,351] {dag.py:2420} INFO - Sync 1 DAGs
[2022-07-23 04:43:23,370] {logging_mixin.py:115} INFO - [2022-07-23 04:43:23,370] {dag.py:2972} INFO - Setting next_dagrun for example_dag_decorator to None, run_after=None
[2022-07-23 04:43:23,386] {processor.py:161} INFO - Processing /home/airflow/.local/lib/python3.7/site-packages/airflow/example_dags/example_dag_decorator.py took 0.082 seconds
[2022-07-23 04:43:54,006] {processor.py:153} INFO - Started process (PID=672) to work on /home/airflow/.local/lib/python3.7/site-packages/airflow/example_dags/example_dag_decorator.py
[2022-07-23 04:43:54,006] {processor.py:641} INFO - Processing file /home/airflow/.local/lib/python3.7/site-packages/airflow/example_dags/example_dag_decorator.py for tasks to queue
[2022-07-23 04:43:54,007] {logging_mixin.py:115} INFO - [2022-07-23 04:43:54,007] {dagbag.py:508} INFO - Filling up the DagBag from /home/airflow/.local/lib/python3.7/site-packages/airflow/example_dags/example_dag_decorator.py
[2022-07-23 04:43:54,024] {processor.py:651} INFO - DAG(s) dict_keys(['example_dag_decorator']) retrieved from /home/airflow/.local/lib/python3.7/site-packages/airflow/example_dags/example_dag_decorator.py
[2022-07-23 04:43:54,179] {logging_mixin.py:115} INFO - [2022-07-23 04:43:54,179] {dag.py:2420} INFO - Sync 1 DAGs
[2022-07-23 04:43:54,194] {logging_mixin.py:115} INFO - [2022-07-23 04:43:54,194] {dag.py:2972} INFO - Setting next_dagrun for example_dag_decorator to None, run_after=None
[2022-07-23 04:43:54,214] {processor.py:161} INFO - Processing /home/airflow/.local/lib/python3.7/site-packages/airflow/example_dags/example_dag_decorator.py took 0.211 seconds
[2022-07-23 04:44:24,731] {processor.py:153} INFO - Started process (PID=724) to work on /home/airflow/.local/lib/python3.7/site-packages/airflow/example_dags/example_dag_decorator.py
[2022-07-23 04:44:24,731] {processor.py:641} INFO - Processing file /home/airflow/.local/lib/python3.7/site-packages/airflow/example_dags/example_dag_decorator.py for tasks to queue
[2022-07-23 04:44:24,731] {logging_mixin.py:115} INFO - [2022-07-23 04:44:24,731] {dagbag.py:508} INFO - Filling up the DagBag from /home/airflow/.local/lib/python3.7/site-packages/airflow/example_dags/example_dag_decorator.py
[2022-07-23 04:44:24,750] {processor.py:651} INFO - DAG(s) dict_keys(['example_dag_decorator']) retrieved from /home/airflow/.local/lib/python3.7/site-packages/airflow/example_dags/example_dag_decorator.py
[2022-07-23 04:44:24,919] {logging_mixin.py:115} INFO - [2022-07-23 04:44:24,919] {dag.py:2420} INFO - Sync 1 DAGs
[2022-07-23 04:44:24,934] {logging_mixin.py:115} INFO - [2022-07-23 04:44:24,934] {dag.py:2972} INFO - Setting next_dagrun for example_dag_decorator to None, run_after=None
[2022-07-23 04:44:24,956] {processor.py:161} INFO - Processing /home/airflow/.local/lib/python3.7/site-packages/airflow/example_dags/example_dag_decorator.py took 0.228 seconds
[2022-07-23 04:44:55,487] {processor.py:153} INFO - Started process (PID=785) to work on /home/airflow/.local/lib/python3.7/site-packages/airflow/example_dags/example_dag_decorator.py
[2022-07-23 04:44:55,487] {processor.py:641} INFO - Processing file /home/airflow/.local/lib/python3.7/site-packages/airflow/example_dags/example_dag_decorator.py for tasks to queue
[2022-07-23 04:44:55,488] {logging_mixin.py:115} INFO - [2022-07-23 04:44:55,488] {dagbag.py:508} INFO - Filling up the DagBag from /home/airflow/.local/lib/python3.7/site-packages/airflow/example_dags/example_dag_decorator.py
[2022-07-23 04:44:55,506] {processor.py:651} INFO - DAG(s) dict_keys(['example_dag_decorator']) retrieved from /home/airflow/.local/lib/python3.7/site-packages/airflow/example_dags/example_dag_decorator.py
[2022-07-23 04:44:55,675] {logging_mixin.py:115} INFO - [2022-07-23 04:44:55,675] {dag.py:2420} INFO - Sync 1 DAGs
[2022-07-23 04:44:55,691] {logging_mixin.py:115} INFO - [2022-07-23 04:44:55,691] {dag.py:2972} INFO - Setting next_dagrun for example_dag_decorator to None, run_after=None
[2022-07-23 04:44:55,711] {processor.py:161} INFO - Processing /home/airflow/.local/lib/python3.7/site-packages/airflow/example_dags/example_dag_decorator.py took 0.226 seconds
[2022-07-23 04:45:26,250] {processor.py:153} INFO - Started process (PID=846) to work on /home/airflow/.local/lib/python3.7/site-packages/airflow/example_dags/example_dag_decorator.py
[2022-07-23 04:45:26,251] {processor.py:641} INFO - Processing file /home/airflow/.local/lib/python3.7/site-packages/airflow/example_dags/example_dag_decorator.py for tasks to queue
[2022-07-23 04:45:26,251] {logging_mixin.py:115} INFO - [2022-07-23 04:45:26,251] {dagbag.py:508} INFO - Filling up the DagBag from /home/airflow/.local/lib/python3.7/site-packages/airflow/example_dags/example_dag_decorator.py
[2022-07-23 04:45:26,271] {processor.py:651} INFO - DAG(s) dict_keys(['example_dag_decorator']) retrieved from /home/airflow/.local/lib/python3.7/site-packages/airflow/example_dags/example_dag_decorator.py
[2022-07-23 04:45:26,292] {logging_mixin.py:115} INFO - [2022-07-23 04:45:26,292] {dag.py:2420} INFO - Sync 1 DAGs
[2022-07-23 04:45:26,311] {logging_mixin.py:115} INFO - [2022-07-23 04:45:26,311] {dag.py:2972} INFO - Setting next_dagrun for example_dag_decorator to None, run_after=None
[2022-07-23 04:45:26,326] {processor.py:161} INFO - Processing /home/airflow/.local/lib/python3.7/site-packages/airflow/example_dags/example_dag_decorator.py took 0.078 seconds
[2022-07-23 04:45:56,960] {processor.py:153} INFO - Started process (PID=898) to work on /home/airflow/.local/lib/python3.7/site-packages/airflow/example_dags/example_dag_decorator.py
[2022-07-23 04:45:56,961] {processor.py:641} INFO - Processing file /home/airflow/.local/lib/python3.7/site-packages/airflow/example_dags/example_dag_decorator.py for tasks to queue
[2022-07-23 04:45:56,961] {logging_mixin.py:115} INFO - [2022-07-23 04:45:56,961] {dagbag.py:508} INFO - Filling up the DagBag from /home/airflow/.local/lib/python3.7/site-packages/airflow/example_dags/example_dag_decorator.py
[2022-07-23 04:45:56,980] {processor.py:651} INFO - DAG(s) dict_keys(['example_dag_decorator']) retrieved from /home/airflow/.local/lib/python3.7/site-packages/airflow/example_dags/example_dag_decorator.py
[2022-07-23 04:45:57,140] {logging_mixin.py:115} INFO - [2022-07-23 04:45:57,140] {dag.py:2420} INFO - Sync 1 DAGs
[2022-07-23 04:45:57,156] {logging_mixin.py:115} INFO - [2022-07-23 04:45:57,156] {dag.py:2972} INFO - Setting next_dagrun for example_dag_decorator to None, run_after=None
[2022-07-23 04:45:57,179] {processor.py:161} INFO - Processing /home/airflow/.local/lib/python3.7/site-packages/airflow/example_dags/example_dag_decorator.py took 0.222 seconds
[2022-07-23 04:46:28,089] {processor.py:153} INFO - Started process (PID=959) to work on /home/airflow/.local/lib/python3.7/site-packages/airflow/example_dags/example_dag_decorator.py
[2022-07-23 04:46:28,090] {processor.py:641} INFO - Processing file /home/airflow/.local/lib/python3.7/site-packages/airflow/example_dags/example_dag_decorator.py for tasks to queue
[2022-07-23 04:46:28,090] {logging_mixin.py:115} INFO - [2022-07-23 04:46:28,090] {dagbag.py:508} INFO - Filling up the DagBag from /home/airflow/.local/lib/python3.7/site-packages/airflow/example_dags/example_dag_decorator.py
[2022-07-23 04:46:28,109] {processor.py:651} INFO - DAG(s) dict_keys(['example_dag_decorator']) retrieved from /home/airflow/.local/lib/python3.7/site-packages/airflow/example_dags/example_dag_decorator.py
[2022-07-23 04:46:28,142] {logging_mixin.py:115} INFO - [2022-07-23 04:46:28,142] {dag.py:2420} INFO - Sync 1 DAGs
[2022-07-23 04:46:28,162] {logging_mixin.py:115} INFO - [2022-07-23 04:46:28,162] {dag.py:2972} INFO - Setting next_dagrun for example_dag_decorator to None, run_after=None
[2022-07-23 04:46:28,178] {processor.py:161} INFO - Processing /home/airflow/.local/lib/python3.7/site-packages/airflow/example_dags/example_dag_decorator.py took 0.091 seconds
[2022-07-23 04:46:58,931] {processor.py:153} INFO - Started process (PID=1020) to work on /home/airflow/.local/lib/python3.7/site-packages/airflow/example_dags/example_dag_decorator.py
[2022-07-23 04:46:58,932] {processor.py:641} INFO - Processing file /home/airflow/.local/lib/python3.7/site-packages/airflow/example_dags/example_dag_decorator.py for tasks to queue
[2022-07-23 04:46:58,932] {logging_mixin.py:115} INFO - [2022-07-23 04:46:58,932] {dagbag.py:508} INFO - Filling up the DagBag from /home/airflow/.local/lib/python3.7/site-packages/airflow/example_dags/example_dag_decorator.py
[2022-07-23 04:46:58,950] {processor.py:651} INFO - DAG(s) dict_keys(['example_dag_decorator']) retrieved from /home/airflow/.local/lib/python3.7/site-packages/airflow/example_dags/example_dag_decorator.py
[2022-07-23 04:46:59,115] {logging_mixin.py:115} INFO - [2022-07-23 04:46:59,115] {dag.py:2420} INFO - Sync 1 DAGs
[2022-07-23 04:46:59,134] {logging_mixin.py:115} INFO - [2022-07-23 04:46:59,134] {dag.py:2972} INFO - Setting next_dagrun for example_dag_decorator to None, run_after=None
[2022-07-23 04:46:59,152] {processor.py:161} INFO - Processing /home/airflow/.local/lib/python3.7/site-packages/airflow/example_dags/example_dag_decorator.py took 0.224 seconds
[2022-07-23 04:47:29,791] {processor.py:153} INFO - Started process (PID=1081) to work on /home/airflow/.local/lib/python3.7/site-packages/airflow/example_dags/example_dag_decorator.py
[2022-07-23 04:47:29,792] {processor.py:641} INFO - Processing file /home/airflow/.local/lib/python3.7/site-packages/airflow/example_dags/example_dag_decorator.py for tasks to queue
[2022-07-23 04:47:29,792] {logging_mixin.py:115} INFO - [2022-07-23 04:47:29,792] {dagbag.py:508} INFO - Filling up the DagBag from /home/airflow/.local/lib/python3.7/site-packages/airflow/example_dags/example_dag_decorator.py
[2022-07-23 04:47:29,811] {processor.py:651} INFO - DAG(s) dict_keys(['example_dag_decorator']) retrieved from /home/airflow/.local/lib/python3.7/site-packages/airflow/example_dags/example_dag_decorator.py
[2022-07-23 04:47:29,835] {logging_mixin.py:115} INFO - [2022-07-23 04:47:29,835] {dag.py:2420} INFO - Sync 1 DAGs
[2022-07-23 04:47:29,855] {logging_mixin.py:115} INFO - [2022-07-23 04:47:29,855] {dag.py:2972} INFO - Setting next_dagrun for example_dag_decorator to None, run_after=None
[2022-07-23 04:47:29,879] {processor.py:161} INFO - Processing /home/airflow/.local/lib/python3.7/site-packages/airflow/example_dags/example_dag_decorator.py took 0.090 seconds
[2022-07-23 04:47:59,922] {processor.py:153} INFO - Started process (PID=1133) to work on /home/airflow/.local/lib/python3.7/site-packages/airflow/example_dags/example_dag_decorator.py
[2022-07-23 04:47:59,923] {processor.py:641} INFO - Processing file /home/airflow/.local/lib/python3.7/site-packages/airflow/example_dags/example_dag_decorator.py for tasks to queue
[2022-07-23 04:47:59,923] {logging_mixin.py:115} INFO - [2022-07-23 04:47:59,923] {dagbag.py:508} INFO - Filling up the DagBag from /home/airflow/.local/lib/python3.7/site-packages/airflow/example_dags/example_dag_decorator.py
[2022-07-23 04:47:59,943] {processor.py:651} INFO - DAG(s) dict_keys(['example_dag_decorator']) retrieved from /home/airflow/.local/lib/python3.7/site-packages/airflow/example_dags/example_dag_decorator.py
[2022-07-23 04:47:59,965] {logging_mixin.py:115} INFO - [2022-07-23 04:47:59,965] {dag.py:2420} INFO - Sync 1 DAGs
[2022-07-23 04:47:59,987] {logging_mixin.py:115} INFO - [2022-07-23 04:47:59,987] {dag.py:2972} INFO - Setting next_dagrun for example_dag_decorator to None, run_after=None
[2022-07-23 04:48:00,009] {processor.py:161} INFO - Processing /home/airflow/.local/lib/python3.7/site-packages/airflow/example_dags/example_dag_decorator.py took 0.089 seconds
[2022-07-23 04:48:30,112] {processor.py:153} INFO - Started process (PID=1194) to work on /home/airflow/.local/lib/python3.7/site-packages/airflow/example_dags/example_dag_decorator.py
[2022-07-23 04:48:30,112] {processor.py:641} INFO - Processing file /home/airflow/.local/lib/python3.7/site-packages/airflow/example_dags/example_dag_decorator.py for tasks to queue
[2022-07-23 04:48:30,113] {logging_mixin.py:115} INFO - [2022-07-23 04:48:30,113] {dagbag.py:508} INFO - Filling up the DagBag from /home/airflow/.local/lib/python3.7/site-packages/airflow/example_dags/example_dag_decorator.py
[2022-07-23 04:48:30,136] {processor.py:651} INFO - DAG(s) dict_keys(['example_dag_decorator']) retrieved from /home/airflow/.local/lib/python3.7/site-packages/airflow/example_dags/example_dag_decorator.py
[2022-07-23 04:48:30,339] {logging_mixin.py:115} INFO - [2022-07-23 04:48:30,338] {dag.py:2420} INFO - Sync 1 DAGs
[2022-07-23 04:48:30,360] {logging_mixin.py:115} INFO - [2022-07-23 04:48:30,360] {dag.py:2972} INFO - Setting next_dagrun for example_dag_decorator to None, run_after=None
[2022-07-23 04:48:30,392] {processor.py:161} INFO - Processing /home/airflow/.local/lib/python3.7/site-packages/airflow/example_dags/example_dag_decorator.py took 0.283 seconds
[2022-07-23 04:49:00,479] {processor.py:153} INFO - Started process (PID=1248) to work on /home/airflow/.local/lib/python3.7/site-packages/airflow/example_dags/example_dag_decorator.py
[2022-07-23 04:49:00,480] {processor.py:641} INFO - Processing file /home/airflow/.local/lib/python3.7/site-packages/airflow/example_dags/example_dag_decorator.py for tasks to queue
[2022-07-23 04:49:00,480] {logging_mixin.py:115} INFO - [2022-07-23 04:49:00,480] {dagbag.py:508} INFO - Filling up the DagBag from /home/airflow/.local/lib/python3.7/site-packages/airflow/example_dags/example_dag_decorator.py
[2022-07-23 04:49:00,498] {processor.py:651} INFO - DAG(s) dict_keys(['example_dag_decorator']) retrieved from /home/airflow/.local/lib/python3.7/site-packages/airflow/example_dags/example_dag_decorator.py
[2022-07-23 04:49:00,673] {logging_mixin.py:115} INFO - [2022-07-23 04:49:00,672] {dag.py:2420} INFO - Sync 1 DAGs
[2022-07-23 04:49:00,689] {logging_mixin.py:115} INFO - [2022-07-23 04:49:00,689] {dag.py:2972} INFO - Setting next_dagrun for example_dag_decorator to None, run_after=None
[2022-07-23 04:49:00,705] {processor.py:161} INFO - Processing /home/airflow/.local/lib/python3.7/site-packages/airflow/example_dags/example_dag_decorator.py took 0.229 seconds
[2022-07-23 04:49:31,377] {processor.py:153} INFO - Started process (PID=1307) to work on /home/airflow/.local/lib/python3.7/site-packages/airflow/example_dags/example_dag_decorator.py
[2022-07-23 04:49:31,378] {processor.py:641} INFO - Processing file /home/airflow/.local/lib/python3.7/site-packages/airflow/example_dags/example_dag_decorator.py for tasks to queue
[2022-07-23 04:49:31,378] {logging_mixin.py:115} INFO - [2022-07-23 04:49:31,378] {dagbag.py:508} INFO - Filling up the DagBag from /home/airflow/.local/lib/python3.7/site-packages/airflow/example_dags/example_dag_decorator.py
[2022-07-23 04:49:31,395] {processor.py:651} INFO - DAG(s) dict_keys(['example_dag_decorator']) retrieved from /home/airflow/.local/lib/python3.7/site-packages/airflow/example_dags/example_dag_decorator.py
[2022-07-23 04:49:31,549] {logging_mixin.py:115} INFO - [2022-07-23 04:49:31,549] {dag.py:2420} INFO - Sync 1 DAGs
[2022-07-23 04:49:31,564] {logging_mixin.py:115} INFO - [2022-07-23 04:49:31,564] {dag.py:2972} INFO - Setting next_dagrun for example_dag_decorator to None, run_after=None
[2022-07-23 04:49:31,580] {processor.py:161} INFO - Processing /home/airflow/.local/lib/python3.7/site-packages/airflow/example_dags/example_dag_decorator.py took 0.205 seconds
[2022-07-23 04:50:01,925] {processor.py:153} INFO - Started process (PID=1369) to work on /home/airflow/.local/lib/python3.7/site-packages/airflow/example_dags/example_dag_decorator.py
[2022-07-23 04:50:01,926] {processor.py:641} INFO - Processing file /home/airflow/.local/lib/python3.7/site-packages/airflow/example_dags/example_dag_decorator.py for tasks to queue
[2022-07-23 04:50:01,926] {logging_mixin.py:115} INFO - [2022-07-23 04:50:01,926] {dagbag.py:508} INFO - Filling up the DagBag from /home/airflow/.local/lib/python3.7/site-packages/airflow/example_dags/example_dag_decorator.py
[2022-07-23 04:50:01,945] {processor.py:651} INFO - DAG(s) dict_keys(['example_dag_decorator']) retrieved from /home/airflow/.local/lib/python3.7/site-packages/airflow/example_dags/example_dag_decorator.py
[2022-07-23 04:50:02,114] {logging_mixin.py:115} INFO - [2022-07-23 04:50:02,114] {dag.py:2420} INFO - Sync 1 DAGs
[2022-07-23 04:50:02,134] {logging_mixin.py:115} INFO - [2022-07-23 04:50:02,134] {dag.py:2972} INFO - Setting next_dagrun for example_dag_decorator to None, run_after=None
[2022-07-23 04:50:02,152] {processor.py:161} INFO - Processing /home/airflow/.local/lib/python3.7/site-packages/airflow/example_dags/example_dag_decorator.py took 0.229 seconds
[2022-07-23 04:50:32,526] {processor.py:153} INFO - Started process (PID=1430) to work on /home/airflow/.local/lib/python3.7/site-packages/airflow/example_dags/example_dag_decorator.py
[2022-07-23 04:50:32,526] {processor.py:641} INFO - Processing file /home/airflow/.local/lib/python3.7/site-packages/airflow/example_dags/example_dag_decorator.py for tasks to queue
[2022-07-23 04:50:32,527] {logging_mixin.py:115} INFO - [2022-07-23 04:50:32,527] {dagbag.py:508} INFO - Filling up the DagBag from /home/airflow/.local/lib/python3.7/site-packages/airflow/example_dags/example_dag_decorator.py
[2022-07-23 04:50:32,546] {processor.py:651} INFO - DAG(s) dict_keys(['example_dag_decorator']) retrieved from /home/airflow/.local/lib/python3.7/site-packages/airflow/example_dags/example_dag_decorator.py
[2022-07-23 04:50:32,567] {logging_mixin.py:115} INFO - [2022-07-23 04:50:32,567] {dag.py:2420} INFO - Sync 1 DAGs
[2022-07-23 04:50:32,584] {logging_mixin.py:115} INFO - [2022-07-23 04:50:32,584] {dag.py:2972} INFO - Setting next_dagrun for example_dag_decorator to None, run_after=None
[2022-07-23 04:50:32,739] {processor.py:161} INFO - Processing /home/airflow/.local/lib/python3.7/site-packages/airflow/example_dags/example_dag_decorator.py took 0.216 seconds
[2022-07-23 04:51:03,515] {processor.py:153} INFO - Started process (PID=1482) to work on /home/airflow/.local/lib/python3.7/site-packages/airflow/example_dags/example_dag_decorator.py
[2022-07-23 04:51:03,516] {processor.py:641} INFO - Processing file /home/airflow/.local/lib/python3.7/site-packages/airflow/example_dags/example_dag_decorator.py for tasks to queue
[2022-07-23 04:51:03,517] {logging_mixin.py:115} INFO - [2022-07-23 04:51:03,517] {dagbag.py:508} INFO - Filling up the DagBag from /home/airflow/.local/lib/python3.7/site-packages/airflow/example_dags/example_dag_decorator.py
[2022-07-23 04:51:03,539] {processor.py:651} INFO - DAG(s) dict_keys(['example_dag_decorator']) retrieved from /home/airflow/.local/lib/python3.7/site-packages/airflow/example_dags/example_dag_decorator.py
[2022-07-23 04:51:03,723] {logging_mixin.py:115} INFO - [2022-07-23 04:51:03,723] {dag.py:2420} INFO - Sync 1 DAGs
[2022-07-23 04:51:03,746] {logging_mixin.py:115} INFO - [2022-07-23 04:51:03,746] {dag.py:2972} INFO - Setting next_dagrun for example_dag_decorator to None, run_after=None
[2022-07-23 04:51:03,766] {processor.py:161} INFO - Processing /home/airflow/.local/lib/python3.7/site-packages/airflow/example_dags/example_dag_decorator.py took 0.253 seconds
[2022-07-23 04:51:33,843] {processor.py:153} INFO - Started process (PID=1545) to work on /home/airflow/.local/lib/python3.7/site-packages/airflow/example_dags/example_dag_decorator.py
[2022-07-23 04:51:33,844] {processor.py:641} INFO - Processing file /home/airflow/.local/lib/python3.7/site-packages/airflow/example_dags/example_dag_decorator.py for tasks to queue
[2022-07-23 04:51:33,844] {logging_mixin.py:115} INFO - [2022-07-23 04:51:33,844] {dagbag.py:508} INFO - Filling up the DagBag from /home/airflow/.local/lib/python3.7/site-packages/airflow/example_dags/example_dag_decorator.py
[2022-07-23 04:51:33,865] {processor.py:651} INFO - DAG(s) dict_keys(['example_dag_decorator']) retrieved from /home/airflow/.local/lib/python3.7/site-packages/airflow/example_dags/example_dag_decorator.py
[2022-07-23 04:51:33,887] {logging_mixin.py:115} INFO - [2022-07-23 04:51:33,887] {dag.py:2420} INFO - Sync 1 DAGs
[2022-07-23 04:51:33,907] {logging_mixin.py:115} INFO - [2022-07-23 04:51:33,907] {dag.py:2972} INFO - Setting next_dagrun for example_dag_decorator to None, run_after=None
[2022-07-23 04:51:34,031] {processor.py:161} INFO - Processing /home/airflow/.local/lib/python3.7/site-packages/airflow/example_dags/example_dag_decorator.py took 0.190 seconds
[2022-07-23 04:52:04,886] {processor.py:153} INFO - Started process (PID=1605) to work on /home/airflow/.local/lib/python3.7/site-packages/airflow/example_dags/example_dag_decorator.py
[2022-07-23 04:52:04,887] {processor.py:641} INFO - Processing file /home/airflow/.local/lib/python3.7/site-packages/airflow/example_dags/example_dag_decorator.py for tasks to queue
[2022-07-23 04:52:04,887] {logging_mixin.py:115} INFO - [2022-07-23 04:52:04,887] {dagbag.py:508} INFO - Filling up the DagBag from /home/airflow/.local/lib/python3.7/site-packages/airflow/example_dags/example_dag_decorator.py
[2022-07-23 04:52:04,910] {processor.py:651} INFO - DAG(s) dict_keys(['example_dag_decorator']) retrieved from /home/airflow/.local/lib/python3.7/site-packages/airflow/example_dags/example_dag_decorator.py
[2022-07-23 04:52:04,935] {logging_mixin.py:115} INFO - [2022-07-23 04:52:04,935] {dag.py:2420} INFO - Sync 1 DAGs
[2022-07-23 04:52:04,957] {logging_mixin.py:115} INFO - [2022-07-23 04:52:04,957] {dag.py:2972} INFO - Setting next_dagrun for example_dag_decorator to None, run_after=None
[2022-07-23 04:52:05,120] {processor.py:161} INFO - Processing /home/airflow/.local/lib/python3.7/site-packages/airflow/example_dags/example_dag_decorator.py took 0.236 seconds
[2022-07-23 04:52:35,196] {processor.py:153} INFO - Started process (PID=1660) to work on /home/airflow/.local/lib/python3.7/site-packages/airflow/example_dags/example_dag_decorator.py
[2022-07-23 04:52:35,197] {processor.py:641} INFO - Processing file /home/airflow/.local/lib/python3.7/site-packages/airflow/example_dags/example_dag_decorator.py for tasks to queue
[2022-07-23 04:52:35,197] {logging_mixin.py:115} INFO - [2022-07-23 04:52:35,197] {dagbag.py:508} INFO - Filling up the DagBag from /home/airflow/.local/lib/python3.7/site-packages/airflow/example_dags/example_dag_decorator.py
[2022-07-23 04:52:35,215] {processor.py:651} INFO - DAG(s) dict_keys(['example_dag_decorator']) retrieved from /home/airflow/.local/lib/python3.7/site-packages/airflow/example_dags/example_dag_decorator.py
[2022-07-23 04:52:35,387] {logging_mixin.py:115} INFO - [2022-07-23 04:52:35,386] {dag.py:2420} INFO - Sync 1 DAGs
[2022-07-23 04:52:35,404] {logging_mixin.py:115} INFO - [2022-07-23 04:52:35,404] {dag.py:2972} INFO - Setting next_dagrun for example_dag_decorator to None, run_after=None
[2022-07-23 04:52:35,420] {processor.py:161} INFO - Processing /home/airflow/.local/lib/python3.7/site-packages/airflow/example_dags/example_dag_decorator.py took 0.226 seconds
[2022-07-23 04:53:06,336] {processor.py:153} INFO - Started process (PID=1721) to work on /home/airflow/.local/lib/python3.7/site-packages/airflow/example_dags/example_dag_decorator.py
[2022-07-23 04:53:06,337] {processor.py:641} INFO - Processing file /home/airflow/.local/lib/python3.7/site-packages/airflow/example_dags/example_dag_decorator.py for tasks to queue
[2022-07-23 04:53:06,337] {logging_mixin.py:115} INFO - [2022-07-23 04:53:06,337] {dagbag.py:508} INFO - Filling up the DagBag from /home/airflow/.local/lib/python3.7/site-packages/airflow/example_dags/example_dag_decorator.py
[2022-07-23 04:53:06,361] {processor.py:651} INFO - DAG(s) dict_keys(['example_dag_decorator']) retrieved from /home/airflow/.local/lib/python3.7/site-packages/airflow/example_dags/example_dag_decorator.py
[2022-07-23 04:53:06,547] {logging_mixin.py:115} INFO - [2022-07-23 04:53:06,547] {dag.py:2420} INFO - Sync 1 DAGs
[2022-07-23 04:53:06,564] {logging_mixin.py:115} INFO - [2022-07-23 04:53:06,564] {dag.py:2972} INFO - Setting next_dagrun for example_dag_decorator to None, run_after=None
[2022-07-23 04:53:06,581] {processor.py:161} INFO - Processing /home/airflow/.local/lib/python3.7/site-packages/airflow/example_dags/example_dag_decorator.py took 0.247 seconds
[2022-07-23 04:53:37,448] {processor.py:153} INFO - Started process (PID=1783) to work on /home/airflow/.local/lib/python3.7/site-packages/airflow/example_dags/example_dag_decorator.py
[2022-07-23 04:53:37,448] {processor.py:641} INFO - Processing file /home/airflow/.local/lib/python3.7/site-packages/airflow/example_dags/example_dag_decorator.py for tasks to queue
[2022-07-23 04:53:37,449] {logging_mixin.py:115} INFO - [2022-07-23 04:53:37,448] {dagbag.py:508} INFO - Filling up the DagBag from /home/airflow/.local/lib/python3.7/site-packages/airflow/example_dags/example_dag_decorator.py
[2022-07-23 04:53:37,468] {processor.py:651} INFO - DAG(s) dict_keys(['example_dag_decorator']) retrieved from /home/airflow/.local/lib/python3.7/site-packages/airflow/example_dags/example_dag_decorator.py
[2022-07-23 04:53:37,488] {logging_mixin.py:115} INFO - [2022-07-23 04:53:37,488] {dag.py:2420} INFO - Sync 1 DAGs
[2022-07-23 04:53:37,506] {logging_mixin.py:115} INFO - [2022-07-23 04:53:37,506] {dag.py:2972} INFO - Setting next_dagrun for example_dag_decorator to None, run_after=None
[2022-07-23 04:53:37,627] {processor.py:161} INFO - Processing /home/airflow/.local/lib/python3.7/site-packages/airflow/example_dags/example_dag_decorator.py took 0.181 seconds
[2022-07-23 04:54:08,116] {processor.py:153} INFO - Started process (PID=1835) to work on /home/airflow/.local/lib/python3.7/site-packages/airflow/example_dags/example_dag_decorator.py
[2022-07-23 04:54:08,117] {processor.py:641} INFO - Processing file /home/airflow/.local/lib/python3.7/site-packages/airflow/example_dags/example_dag_decorator.py for tasks to queue
[2022-07-23 04:54:08,117] {logging_mixin.py:115} INFO - [2022-07-23 04:54:08,117] {dagbag.py:508} INFO - Filling up the DagBag from /home/airflow/.local/lib/python3.7/site-packages/airflow/example_dags/example_dag_decorator.py
[2022-07-23 04:54:08,138] {processor.py:651} INFO - DAG(s) dict_keys(['example_dag_decorator']) retrieved from /home/airflow/.local/lib/python3.7/site-packages/airflow/example_dags/example_dag_decorator.py
[2022-07-23 04:54:08,301] {logging_mixin.py:115} INFO - [2022-07-23 04:54:08,301] {dag.py:2420} INFO - Sync 1 DAGs
[2022-07-23 04:54:08,316] {logging_mixin.py:115} INFO - [2022-07-23 04:54:08,316] {dag.py:2972} INFO - Setting next_dagrun for example_dag_decorator to None, run_after=None
[2022-07-23 04:54:08,332] {processor.py:161} INFO - Processing /home/airflow/.local/lib/python3.7/site-packages/airflow/example_dags/example_dag_decorator.py took 0.219 seconds
[2022-07-23 04:54:38,932] {processor.py:153} INFO - Started process (PID=1896) to work on /home/airflow/.local/lib/python3.7/site-packages/airflow/example_dags/example_dag_decorator.py
[2022-07-23 04:54:38,932] {processor.py:641} INFO - Processing file /home/airflow/.local/lib/python3.7/site-packages/airflow/example_dags/example_dag_decorator.py for tasks to queue
[2022-07-23 04:54:38,933] {logging_mixin.py:115} INFO - [2022-07-23 04:54:38,933] {dagbag.py:508} INFO - Filling up the DagBag from /home/airflow/.local/lib/python3.7/site-packages/airflow/example_dags/example_dag_decorator.py
[2022-07-23 04:54:38,951] {processor.py:651} INFO - DAG(s) dict_keys(['example_dag_decorator']) retrieved from /home/airflow/.local/lib/python3.7/site-packages/airflow/example_dags/example_dag_decorator.py
[2022-07-23 04:54:38,973] {logging_mixin.py:115} INFO - [2022-07-23 04:54:38,973] {dag.py:2420} INFO - Sync 1 DAGs
[2022-07-23 04:54:38,991] {logging_mixin.py:115} INFO - [2022-07-23 04:54:38,991] {dag.py:2972} INFO - Setting next_dagrun for example_dag_decorator to None, run_after=None
[2022-07-23 04:54:39,106] {processor.py:161} INFO - Processing /home/airflow/.local/lib/python3.7/site-packages/airflow/example_dags/example_dag_decorator.py took 0.176 seconds
[2022-07-23 04:55:09,798] {processor.py:153} INFO - Started process (PID=1957) to work on /home/airflow/.local/lib/python3.7/site-packages/airflow/example_dags/example_dag_decorator.py
[2022-07-23 04:55:09,798] {processor.py:641} INFO - Processing file /home/airflow/.local/lib/python3.7/site-packages/airflow/example_dags/example_dag_decorator.py for tasks to queue
[2022-07-23 04:55:09,799] {logging_mixin.py:115} INFO - [2022-07-23 04:55:09,799] {dagbag.py:508} INFO - Filling up the DagBag from /home/airflow/.local/lib/python3.7/site-packages/airflow/example_dags/example_dag_decorator.py
[2022-07-23 04:55:09,817] {processor.py:651} INFO - DAG(s) dict_keys(['example_dag_decorator']) retrieved from /home/airflow/.local/lib/python3.7/site-packages/airflow/example_dags/example_dag_decorator.py
[2022-07-23 04:55:09,837] {logging_mixin.py:115} INFO - [2022-07-23 04:55:09,837] {dag.py:2420} INFO - Sync 1 DAGs
[2022-07-23 04:55:09,856] {logging_mixin.py:115} INFO - [2022-07-23 04:55:09,856] {dag.py:2972} INFO - Setting next_dagrun for example_dag_decorator to None, run_after=None
[2022-07-23 04:55:09,973] {processor.py:161} INFO - Processing /home/airflow/.local/lib/python3.7/site-packages/airflow/example_dags/example_dag_decorator.py took 0.177 seconds
[2022-07-23 04:55:40,104] {processor.py:153} INFO - Started process (PID=2010) to work on /home/airflow/.local/lib/python3.7/site-packages/airflow/example_dags/example_dag_decorator.py
[2022-07-23 04:55:40,105] {processor.py:641} INFO - Processing file /home/airflow/.local/lib/python3.7/site-packages/airflow/example_dags/example_dag_decorator.py for tasks to queue
[2022-07-23 04:55:40,106] {logging_mixin.py:115} INFO - [2022-07-23 04:55:40,105] {dagbag.py:508} INFO - Filling up the DagBag from /home/airflow/.local/lib/python3.7/site-packages/airflow/example_dags/example_dag_decorator.py
[2022-07-23 04:55:40,129] {processor.py:651} INFO - DAG(s) dict_keys(['example_dag_decorator']) retrieved from /home/airflow/.local/lib/python3.7/site-packages/airflow/example_dags/example_dag_decorator.py
[2022-07-23 04:55:40,318] {logging_mixin.py:115} INFO - [2022-07-23 04:55:40,318] {dag.py:2420} INFO - Sync 1 DAGs
[2022-07-23 04:55:40,337] {logging_mixin.py:115} INFO - [2022-07-23 04:55:40,337] {dag.py:2972} INFO - Setting next_dagrun for example_dag_decorator to None, run_after=None
[2022-07-23 04:55:40,355] {processor.py:161} INFO - Processing /home/airflow/.local/lib/python3.7/site-packages/airflow/example_dags/example_dag_decorator.py took 0.254 seconds
[2022-07-23 04:56:10,418] {processor.py:153} INFO - Started process (PID=2073) to work on /home/airflow/.local/lib/python3.7/site-packages/airflow/example_dags/example_dag_decorator.py
[2022-07-23 04:56:10,418] {processor.py:641} INFO - Processing file /home/airflow/.local/lib/python3.7/site-packages/airflow/example_dags/example_dag_decorator.py for tasks to queue
[2022-07-23 04:56:10,419] {logging_mixin.py:115} INFO - [2022-07-23 04:56:10,419] {dagbag.py:508} INFO - Filling up the DagBag from /home/airflow/.local/lib/python3.7/site-packages/airflow/example_dags/example_dag_decorator.py
[2022-07-23 04:56:10,439] {processor.py:651} INFO - DAG(s) dict_keys(['example_dag_decorator']) retrieved from /home/airflow/.local/lib/python3.7/site-packages/airflow/example_dags/example_dag_decorator.py
[2022-07-23 04:56:10,636] {logging_mixin.py:115} INFO - [2022-07-23 04:56:10,636] {dag.py:2420} INFO - Sync 1 DAGs
[2022-07-23 04:56:10,651] {logging_mixin.py:115} INFO - [2022-07-23 04:56:10,651] {dag.py:2972} INFO - Setting next_dagrun for example_dag_decorator to None, run_after=None
[2022-07-23 04:56:10,667] {processor.py:161} INFO - Processing /home/airflow/.local/lib/python3.7/site-packages/airflow/example_dags/example_dag_decorator.py took 0.252 seconds
[2022-07-23 04:56:41,588] {processor.py:153} INFO - Started process (PID=2134) to work on /home/airflow/.local/lib/python3.7/site-packages/airflow/example_dags/example_dag_decorator.py
[2022-07-23 04:56:41,589] {processor.py:641} INFO - Processing file /home/airflow/.local/lib/python3.7/site-packages/airflow/example_dags/example_dag_decorator.py for tasks to queue
[2022-07-23 04:56:41,589] {logging_mixin.py:115} INFO - [2022-07-23 04:56:41,589] {dagbag.py:508} INFO - Filling up the DagBag from /home/airflow/.local/lib/python3.7/site-packages/airflow/example_dags/example_dag_decorator.py
[2022-07-23 04:56:41,609] {processor.py:651} INFO - DAG(s) dict_keys(['example_dag_decorator']) retrieved from /home/airflow/.local/lib/python3.7/site-packages/airflow/example_dags/example_dag_decorator.py
[2022-07-23 04:56:41,778] {logging_mixin.py:115} INFO - [2022-07-23 04:56:41,778] {dag.py:2420} INFO - Sync 1 DAGs
[2022-07-23 04:56:41,793] {logging_mixin.py:115} INFO - [2022-07-23 04:56:41,793] {dag.py:2972} INFO - Setting next_dagrun for example_dag_decorator to None, run_after=None
[2022-07-23 04:56:41,807] {processor.py:161} INFO - Processing /home/airflow/.local/lib/python3.7/site-packages/airflow/example_dags/example_dag_decorator.py took 0.222 seconds
[2022-07-23 04:57:11,904] {processor.py:153} INFO - Started process (PID=2188) to work on /home/airflow/.local/lib/python3.7/site-packages/airflow/example_dags/example_dag_decorator.py
[2022-07-23 04:57:11,904] {processor.py:641} INFO - Processing file /home/airflow/.local/lib/python3.7/site-packages/airflow/example_dags/example_dag_decorator.py for tasks to queue
[2022-07-23 04:57:11,905] {logging_mixin.py:115} INFO - [2022-07-23 04:57:11,905] {dagbag.py:508} INFO - Filling up the DagBag from /home/airflow/.local/lib/python3.7/site-packages/airflow/example_dags/example_dag_decorator.py
[2022-07-23 04:57:11,925] {processor.py:651} INFO - DAG(s) dict_keys(['example_dag_decorator']) retrieved from /home/airflow/.local/lib/python3.7/site-packages/airflow/example_dags/example_dag_decorator.py
[2022-07-23 04:57:12,103] {logging_mixin.py:115} INFO - [2022-07-23 04:57:12,103] {dag.py:2420} INFO - Sync 1 DAGs
[2022-07-23 04:57:12,119] {logging_mixin.py:115} INFO - [2022-07-23 04:57:12,119] {dag.py:2972} INFO - Setting next_dagrun for example_dag_decorator to None, run_after=None
[2022-07-23 04:57:12,137] {processor.py:161} INFO - Processing /home/airflow/.local/lib/python3.7/site-packages/airflow/example_dags/example_dag_decorator.py took 0.235 seconds
[2022-07-23 04:57:42,175] {processor.py:153} INFO - Started process (PID=2250) to work on /home/airflow/.local/lib/python3.7/site-packages/airflow/example_dags/example_dag_decorator.py
[2022-07-23 04:57:42,175] {processor.py:641} INFO - Processing file /home/airflow/.local/lib/python3.7/site-packages/airflow/example_dags/example_dag_decorator.py for tasks to queue
[2022-07-23 04:57:42,175] {logging_mixin.py:115} INFO - [2022-07-23 04:57:42,175] {dagbag.py:508} INFO - Filling up the DagBag from /home/airflow/.local/lib/python3.7/site-packages/airflow/example_dags/example_dag_decorator.py
[2022-07-23 04:57:42,196] {processor.py:651} INFO - DAG(s) dict_keys(['example_dag_decorator']) retrieved from /home/airflow/.local/lib/python3.7/site-packages/airflow/example_dags/example_dag_decorator.py
[2022-07-23 04:57:42,371] {logging_mixin.py:115} INFO - [2022-07-23 04:57:42,371] {dag.py:2420} INFO - Sync 1 DAGs
[2022-07-23 04:57:42,392] {logging_mixin.py:115} INFO - [2022-07-23 04:57:42,392] {dag.py:2972} INFO - Setting next_dagrun for example_dag_decorator to None, run_after=None
[2022-07-23 04:57:42,412] {processor.py:161} INFO - Processing /home/airflow/.local/lib/python3.7/site-packages/airflow/example_dags/example_dag_decorator.py took 0.239 seconds
[2022-07-23 04:58:13,257] {processor.py:153} INFO - Started process (PID=2311) to work on /home/airflow/.local/lib/python3.7/site-packages/airflow/example_dags/example_dag_decorator.py
[2022-07-23 04:58:13,258] {processor.py:641} INFO - Processing file /home/airflow/.local/lib/python3.7/site-packages/airflow/example_dags/example_dag_decorator.py for tasks to queue
[2022-07-23 04:58:13,259] {logging_mixin.py:115} INFO - [2022-07-23 04:58:13,259] {dagbag.py:508} INFO - Filling up the DagBag from /home/airflow/.local/lib/python3.7/site-packages/airflow/example_dags/example_dag_decorator.py
[2022-07-23 04:58:13,280] {processor.py:651} INFO - DAG(s) dict_keys(['example_dag_decorator']) retrieved from /home/airflow/.local/lib/python3.7/site-packages/airflow/example_dags/example_dag_decorator.py
[2022-07-23 04:58:13,304] {logging_mixin.py:115} INFO - [2022-07-23 04:58:13,303] {dag.py:2420} INFO - Sync 1 DAGs
[2022-07-23 04:58:13,327] {logging_mixin.py:115} INFO - [2022-07-23 04:58:13,327] {dag.py:2972} INFO - Setting next_dagrun for example_dag_decorator to None, run_after=None
[2022-07-23 04:58:13,464] {processor.py:161} INFO - Processing /home/airflow/.local/lib/python3.7/site-packages/airflow/example_dags/example_dag_decorator.py took 0.209 seconds
[2022-07-23 04:58:44,049] {processor.py:153} INFO - Started process (PID=2372) to work on /home/airflow/.local/lib/python3.7/site-packages/airflow/example_dags/example_dag_decorator.py
[2022-07-23 04:58:44,049] {processor.py:641} INFO - Processing file /home/airflow/.local/lib/python3.7/site-packages/airflow/example_dags/example_dag_decorator.py for tasks to queue
[2022-07-23 04:58:44,050] {logging_mixin.py:115} INFO - [2022-07-23 04:58:44,050] {dagbag.py:508} INFO - Filling up the DagBag from /home/airflow/.local/lib/python3.7/site-packages/airflow/example_dags/example_dag_decorator.py
[2022-07-23 04:58:44,070] {processor.py:651} INFO - DAG(s) dict_keys(['example_dag_decorator']) retrieved from /home/airflow/.local/lib/python3.7/site-packages/airflow/example_dags/example_dag_decorator.py
[2022-07-23 04:58:44,289] {logging_mixin.py:115} INFO - [2022-07-23 04:58:44,289] {dag.py:2420} INFO - Sync 1 DAGs
[2022-07-23 04:58:44,314] {logging_mixin.py:115} INFO - [2022-07-23 04:58:44,314] {dag.py:2972} INFO - Setting next_dagrun for example_dag_decorator to None, run_after=None
[2022-07-23 04:58:44,333] {processor.py:161} INFO - Processing /home/airflow/.local/lib/python3.7/site-packages/airflow/example_dags/example_dag_decorator.py took 0.287 seconds
[2022-07-23 04:59:14,975] {processor.py:153} INFO - Started process (PID=2424) to work on /home/airflow/.local/lib/python3.7/site-packages/airflow/example_dags/example_dag_decorator.py
[2022-07-23 04:59:14,976] {processor.py:641} INFO - Processing file /home/airflow/.local/lib/python3.7/site-packages/airflow/example_dags/example_dag_decorator.py for tasks to queue
[2022-07-23 04:59:14,976] {logging_mixin.py:115} INFO - [2022-07-23 04:59:14,976] {dagbag.py:508} INFO - Filling up the DagBag from /home/airflow/.local/lib/python3.7/site-packages/airflow/example_dags/example_dag_decorator.py
[2022-07-23 04:59:14,993] {processor.py:651} INFO - DAG(s) dict_keys(['example_dag_decorator']) retrieved from /home/airflow/.local/lib/python3.7/site-packages/airflow/example_dags/example_dag_decorator.py
[2022-07-23 04:59:15,148] {logging_mixin.py:115} INFO - [2022-07-23 04:59:15,148] {dag.py:2420} INFO - Sync 1 DAGs
[2022-07-23 04:59:15,163] {logging_mixin.py:115} INFO - [2022-07-23 04:59:15,163] {dag.py:2972} INFO - Setting next_dagrun for example_dag_decorator to None, run_after=None
[2022-07-23 04:59:15,180] {processor.py:161} INFO - Processing /home/airflow/.local/lib/python3.7/site-packages/airflow/example_dags/example_dag_decorator.py took 0.207 seconds
[2022-07-23 04:59:45,927] {processor.py:153} INFO - Started process (PID=2486) to work on /home/airflow/.local/lib/python3.7/site-packages/airflow/example_dags/example_dag_decorator.py
[2022-07-23 04:59:45,927] {processor.py:641} INFO - Processing file /home/airflow/.local/lib/python3.7/site-packages/airflow/example_dags/example_dag_decorator.py for tasks to queue
[2022-07-23 04:59:45,928] {logging_mixin.py:115} INFO - [2022-07-23 04:59:45,928] {dagbag.py:508} INFO - Filling up the DagBag from /home/airflow/.local/lib/python3.7/site-packages/airflow/example_dags/example_dag_decorator.py
[2022-07-23 04:59:45,946] {processor.py:651} INFO - DAG(s) dict_keys(['example_dag_decorator']) retrieved from /home/airflow/.local/lib/python3.7/site-packages/airflow/example_dags/example_dag_decorator.py
[2022-07-23 04:59:45,969] {logging_mixin.py:115} INFO - [2022-07-23 04:59:45,969] {dag.py:2420} INFO - Sync 1 DAGs
[2022-07-23 04:59:46,105] {logging_mixin.py:115} INFO - [2022-07-23 04:59:46,105] {dag.py:2972} INFO - Setting next_dagrun for example_dag_decorator to None, run_after=None
[2022-07-23 04:59:46,121] {processor.py:161} INFO - Processing /home/airflow/.local/lib/python3.7/site-packages/airflow/example_dags/example_dag_decorator.py took 0.197 seconds
[2022-07-23 05:00:16,797] {processor.py:153} INFO - Started process (PID=2547) to work on /home/airflow/.local/lib/python3.7/site-packages/airflow/example_dags/example_dag_decorator.py
[2022-07-23 05:00:16,798] {processor.py:641} INFO - Processing file /home/airflow/.local/lib/python3.7/site-packages/airflow/example_dags/example_dag_decorator.py for tasks to queue
[2022-07-23 05:00:16,798] {logging_mixin.py:115} INFO - [2022-07-23 05:00:16,798] {dagbag.py:508} INFO - Filling up the DagBag from /home/airflow/.local/lib/python3.7/site-packages/airflow/example_dags/example_dag_decorator.py
[2022-07-23 05:00:16,817] {processor.py:651} INFO - DAG(s) dict_keys(['example_dag_decorator']) retrieved from /home/airflow/.local/lib/python3.7/site-packages/airflow/example_dags/example_dag_decorator.py
[2022-07-23 05:00:16,991] {logging_mixin.py:115} INFO - [2022-07-23 05:00:16,991] {dag.py:2420} INFO - Sync 1 DAGs
[2022-07-23 05:00:17,007] {logging_mixin.py:115} INFO - [2022-07-23 05:00:17,007] {dag.py:2972} INFO - Setting next_dagrun for example_dag_decorator to None, run_after=None
[2022-07-23 05:00:17,026] {processor.py:161} INFO - Processing /home/airflow/.local/lib/python3.7/site-packages/airflow/example_dags/example_dag_decorator.py took 0.232 seconds
[2022-07-23 05:00:47,392] {processor.py:153} INFO - Started process (PID=2599) to work on /home/airflow/.local/lib/python3.7/site-packages/airflow/example_dags/example_dag_decorator.py
[2022-07-23 05:00:47,392] {processor.py:641} INFO - Processing file /home/airflow/.local/lib/python3.7/site-packages/airflow/example_dags/example_dag_decorator.py for tasks to queue
[2022-07-23 05:00:47,393] {logging_mixin.py:115} INFO - [2022-07-23 05:00:47,393] {dagbag.py:508} INFO - Filling up the DagBag from /home/airflow/.local/lib/python3.7/site-packages/airflow/example_dags/example_dag_decorator.py
[2022-07-23 05:00:47,411] {processor.py:651} INFO - DAG(s) dict_keys(['example_dag_decorator']) retrieved from /home/airflow/.local/lib/python3.7/site-packages/airflow/example_dags/example_dag_decorator.py
[2022-07-23 05:00:47,430] {logging_mixin.py:115} INFO - [2022-07-23 05:00:47,430] {dag.py:2420} INFO - Sync 1 DAGs
[2022-07-23 05:00:47,545] {logging_mixin.py:115} INFO - [2022-07-23 05:00:47,545] {dag.py:2972} INFO - Setting next_dagrun for example_dag_decorator to None, run_after=None
[2022-07-23 05:00:47,560] {processor.py:161} INFO - Processing /home/airflow/.local/lib/python3.7/site-packages/airflow/example_dags/example_dag_decorator.py took 0.170 seconds
[2022-07-23 05:01:18,013] {processor.py:153} INFO - Started process (PID=2660) to work on /home/airflow/.local/lib/python3.7/site-packages/airflow/example_dags/example_dag_decorator.py
[2022-07-23 05:01:18,013] {processor.py:641} INFO - Processing file /home/airflow/.local/lib/python3.7/site-packages/airflow/example_dags/example_dag_decorator.py for tasks to queue
[2022-07-23 05:01:18,014] {logging_mixin.py:115} INFO - [2022-07-23 05:01:18,014] {dagbag.py:508} INFO - Filling up the DagBag from /home/airflow/.local/lib/python3.7/site-packages/airflow/example_dags/example_dag_decorator.py
[2022-07-23 05:01:18,032] {processor.py:651} INFO - DAG(s) dict_keys(['example_dag_decorator']) retrieved from /home/airflow/.local/lib/python3.7/site-packages/airflow/example_dags/example_dag_decorator.py
[2022-07-23 05:01:18,187] {logging_mixin.py:115} INFO - [2022-07-23 05:01:18,187] {dag.py:2420} INFO - Sync 1 DAGs
[2022-07-23 05:01:18,202] {logging_mixin.py:115} INFO - [2022-07-23 05:01:18,202] {dag.py:2972} INFO - Setting next_dagrun for example_dag_decorator to None, run_after=None
[2022-07-23 05:01:18,219] {processor.py:161} INFO - Processing /home/airflow/.local/lib/python3.7/site-packages/airflow/example_dags/example_dag_decorator.py took 0.209 seconds
[2022-07-23 05:01:48,722] {processor.py:153} INFO - Started process (PID=2721) to work on /home/airflow/.local/lib/python3.7/site-packages/airflow/example_dags/example_dag_decorator.py
[2022-07-23 05:01:48,722] {processor.py:641} INFO - Processing file /home/airflow/.local/lib/python3.7/site-packages/airflow/example_dags/example_dag_decorator.py for tasks to queue
[2022-07-23 05:01:48,723] {logging_mixin.py:115} INFO - [2022-07-23 05:01:48,723] {dagbag.py:508} INFO - Filling up the DagBag from /home/airflow/.local/lib/python3.7/site-packages/airflow/example_dags/example_dag_decorator.py
[2022-07-23 05:01:48,747] {processor.py:651} INFO - DAG(s) dict_keys(['example_dag_decorator']) retrieved from /home/airflow/.local/lib/python3.7/site-packages/airflow/example_dags/example_dag_decorator.py
[2022-07-23 05:01:48,771] {logging_mixin.py:115} INFO - [2022-07-23 05:01:48,771] {dag.py:2420} INFO - Sync 1 DAGs
[2022-07-23 05:01:48,913] {logging_mixin.py:115} INFO - [2022-07-23 05:01:48,913] {dag.py:2972} INFO - Setting next_dagrun for example_dag_decorator to None, run_after=None
[2022-07-23 05:01:48,929] {processor.py:161} INFO - Processing /home/airflow/.local/lib/python3.7/site-packages/airflow/example_dags/example_dag_decorator.py took 0.210 seconds
[2022-07-23 05:02:19,430] {processor.py:153} INFO - Started process (PID=2773) to work on /home/airflow/.local/lib/python3.7/site-packages/airflow/example_dags/example_dag_decorator.py
[2022-07-23 05:02:19,431] {processor.py:641} INFO - Processing file /home/airflow/.local/lib/python3.7/site-packages/airflow/example_dags/example_dag_decorator.py for tasks to queue
[2022-07-23 05:02:19,431] {logging_mixin.py:115} INFO - [2022-07-23 05:02:19,431] {dagbag.py:508} INFO - Filling up the DagBag from /home/airflow/.local/lib/python3.7/site-packages/airflow/example_dags/example_dag_decorator.py
[2022-07-23 05:02:19,450] {processor.py:651} INFO - DAG(s) dict_keys(['example_dag_decorator']) retrieved from /home/airflow/.local/lib/python3.7/site-packages/airflow/example_dags/example_dag_decorator.py
[2022-07-23 05:02:19,476] {logging_mixin.py:115} INFO - [2022-07-23 05:02:19,476] {dag.py:2420} INFO - Sync 1 DAGs
[2022-07-23 05:02:19,593] {logging_mixin.py:115} INFO - [2022-07-23 05:02:19,593] {dag.py:2972} INFO - Setting next_dagrun for example_dag_decorator to None, run_after=None
[2022-07-23 05:02:19,608] {processor.py:161} INFO - Processing /home/airflow/.local/lib/python3.7/site-packages/airflow/example_dags/example_dag_decorator.py took 0.180 seconds
[2022-07-23 05:02:50,365] {processor.py:153} INFO - Started process (PID=2835) to work on /home/airflow/.local/lib/python3.7/site-packages/airflow/example_dags/example_dag_decorator.py
[2022-07-23 05:02:50,366] {processor.py:641} INFO - Processing file /home/airflow/.local/lib/python3.7/site-packages/airflow/example_dags/example_dag_decorator.py for tasks to queue
[2022-07-23 05:02:50,366] {logging_mixin.py:115} INFO - [2022-07-23 05:02:50,366] {dagbag.py:508} INFO - Filling up the DagBag from /home/airflow/.local/lib/python3.7/site-packages/airflow/example_dags/example_dag_decorator.py
[2022-07-23 05:02:50,385] {processor.py:651} INFO - DAG(s) dict_keys(['example_dag_decorator']) retrieved from /home/airflow/.local/lib/python3.7/site-packages/airflow/example_dags/example_dag_decorator.py
[2022-07-23 05:02:50,406] {logging_mixin.py:115} INFO - [2022-07-23 05:02:50,406] {dag.py:2420} INFO - Sync 1 DAGs
[2022-07-23 05:02:50,531] {logging_mixin.py:115} INFO - [2022-07-23 05:02:50,531] {dag.py:2972} INFO - Setting next_dagrun for example_dag_decorator to None, run_after=None
[2022-07-23 05:02:50,547] {processor.py:161} INFO - Processing /home/airflow/.local/lib/python3.7/site-packages/airflow/example_dags/example_dag_decorator.py took 0.184 seconds
[2022-07-23 05:03:21,245] {processor.py:153} INFO - Started process (PID=2896) to work on /home/airflow/.local/lib/python3.7/site-packages/airflow/example_dags/example_dag_decorator.py
[2022-07-23 05:03:21,245] {processor.py:641} INFO - Processing file /home/airflow/.local/lib/python3.7/site-packages/airflow/example_dags/example_dag_decorator.py for tasks to queue
[2022-07-23 05:03:21,246] {logging_mixin.py:115} INFO - [2022-07-23 05:03:21,246] {dagbag.py:508} INFO - Filling up the DagBag from /home/airflow/.local/lib/python3.7/site-packages/airflow/example_dags/example_dag_decorator.py
[2022-07-23 05:03:21,265] {processor.py:651} INFO - DAG(s) dict_keys(['example_dag_decorator']) retrieved from /home/airflow/.local/lib/python3.7/site-packages/airflow/example_dags/example_dag_decorator.py
[2022-07-23 05:03:21,441] {logging_mixin.py:115} INFO - [2022-07-23 05:03:21,441] {dag.py:2420} INFO - Sync 1 DAGs
[2022-07-23 05:03:21,459] {logging_mixin.py:115} INFO - [2022-07-23 05:03:21,458] {dag.py:2972} INFO - Setting next_dagrun for example_dag_decorator to None, run_after=None
[2022-07-23 05:03:21,478] {processor.py:161} INFO - Processing /home/airflow/.local/lib/python3.7/site-packages/airflow/example_dags/example_dag_decorator.py took 0.235 seconds
[2022-07-23 05:03:52,181] {processor.py:153} INFO - Started process (PID=2957) to work on /home/airflow/.local/lib/python3.7/site-packages/airflow/example_dags/example_dag_decorator.py
[2022-07-23 05:03:52,182] {processor.py:641} INFO - Processing file /home/airflow/.local/lib/python3.7/site-packages/airflow/example_dags/example_dag_decorator.py for tasks to queue
[2022-07-23 05:03:52,182] {logging_mixin.py:115} INFO - [2022-07-23 05:03:52,182] {dagbag.py:508} INFO - Filling up the DagBag from /home/airflow/.local/lib/python3.7/site-packages/airflow/example_dags/example_dag_decorator.py
[2022-07-23 05:03:52,227] {processor.py:651} INFO - DAG(s) dict_keys(['example_dag_decorator']) retrieved from /home/airflow/.local/lib/python3.7/site-packages/airflow/example_dags/example_dag_decorator.py
[2022-07-23 05:03:52,418] {logging_mixin.py:115} INFO - [2022-07-23 05:03:52,418] {dag.py:2420} INFO - Sync 1 DAGs
[2022-07-23 05:03:52,436] {logging_mixin.py:115} INFO - [2022-07-23 05:03:52,436] {dag.py:2972} INFO - Setting next_dagrun for example_dag_decorator to None, run_after=None
[2022-07-23 05:03:52,455] {processor.py:161} INFO - Processing /home/airflow/.local/lib/python3.7/site-packages/airflow/example_dags/example_dag_decorator.py took 0.277 seconds
[2022-07-23 05:04:23,035] {processor.py:153} INFO - Started process (PID=3009) to work on /home/airflow/.local/lib/python3.7/site-packages/airflow/example_dags/example_dag_decorator.py
[2022-07-23 05:04:23,036] {processor.py:641} INFO - Processing file /home/airflow/.local/lib/python3.7/site-packages/airflow/example_dags/example_dag_decorator.py for tasks to queue
[2022-07-23 05:04:23,037] {logging_mixin.py:115} INFO - [2022-07-23 05:04:23,037] {dagbag.py:508} INFO - Filling up the DagBag from /home/airflow/.local/lib/python3.7/site-packages/airflow/example_dags/example_dag_decorator.py
[2022-07-23 05:04:23,062] {processor.py:651} INFO - DAG(s) dict_keys(['example_dag_decorator']) retrieved from /home/airflow/.local/lib/python3.7/site-packages/airflow/example_dags/example_dag_decorator.py
[2022-07-23 05:04:23,089] {logging_mixin.py:115} INFO - [2022-07-23 05:04:23,089] {dag.py:2420} INFO - Sync 1 DAGs
[2022-07-23 05:04:23,228] {logging_mixin.py:115} INFO - [2022-07-23 05:04:23,228] {dag.py:2972} INFO - Setting next_dagrun for example_dag_decorator to None, run_after=None
[2022-07-23 05:04:23,245] {processor.py:161} INFO - Processing /home/airflow/.local/lib/python3.7/site-packages/airflow/example_dags/example_dag_decorator.py took 0.213 seconds
[2022-07-23 05:04:53,901] {processor.py:153} INFO - Started process (PID=3070) to work on /home/airflow/.local/lib/python3.7/site-packages/airflow/example_dags/example_dag_decorator.py
[2022-07-23 05:04:53,902] {processor.py:641} INFO - Processing file /home/airflow/.local/lib/python3.7/site-packages/airflow/example_dags/example_dag_decorator.py for tasks to queue
[2022-07-23 05:04:53,903] {logging_mixin.py:115} INFO - [2022-07-23 05:04:53,902] {dagbag.py:508} INFO - Filling up the DagBag from /home/airflow/.local/lib/python3.7/site-packages/airflow/example_dags/example_dag_decorator.py
[2022-07-23 05:04:53,930] {processor.py:651} INFO - DAG(s) dict_keys(['example_dag_decorator']) retrieved from /home/airflow/.local/lib/python3.7/site-packages/airflow/example_dags/example_dag_decorator.py
[2022-07-23 05:04:53,958] {logging_mixin.py:115} INFO - [2022-07-23 05:04:53,958] {dag.py:2420} INFO - Sync 1 DAGs
[2022-07-23 05:04:54,075] {logging_mixin.py:115} INFO - [2022-07-23 05:04:54,075] {dag.py:2972} INFO - Setting next_dagrun for example_dag_decorator to None, run_after=None
[2022-07-23 05:04:54,092] {processor.py:161} INFO - Processing /home/airflow/.local/lib/python3.7/site-packages/airflow/example_dags/example_dag_decorator.py took 0.194 seconds
[2022-07-23 05:05:24,250] {processor.py:153} INFO - Started process (PID=3131) to work on /home/airflow/.local/lib/python3.7/site-packages/airflow/example_dags/example_dag_decorator.py
[2022-07-23 05:05:24,250] {processor.py:641} INFO - Processing file /home/airflow/.local/lib/python3.7/site-packages/airflow/example_dags/example_dag_decorator.py for tasks to queue
[2022-07-23 05:05:24,251] {logging_mixin.py:115} INFO - [2022-07-23 05:05:24,250] {dagbag.py:508} INFO - Filling up the DagBag from /home/airflow/.local/lib/python3.7/site-packages/airflow/example_dags/example_dag_decorator.py
[2022-07-23 05:05:24,270] {processor.py:651} INFO - DAG(s) dict_keys(['example_dag_decorator']) retrieved from /home/airflow/.local/lib/python3.7/site-packages/airflow/example_dags/example_dag_decorator.py
[2022-07-23 05:05:24,297] {logging_mixin.py:115} INFO - [2022-07-23 05:05:24,297] {dag.py:2420} INFO - Sync 1 DAGs
[2022-07-23 05:05:24,451] {logging_mixin.py:115} INFO - [2022-07-23 05:05:24,451] {dag.py:2972} INFO - Setting next_dagrun for example_dag_decorator to None, run_after=None
[2022-07-23 05:05:24,473] {processor.py:161} INFO - Processing /home/airflow/.local/lib/python3.7/site-packages/airflow/example_dags/example_dag_decorator.py took 0.226 seconds
[2022-07-23 05:05:54,810] {processor.py:153} INFO - Started process (PID=3183) to work on /home/airflow/.local/lib/python3.7/site-packages/airflow/example_dags/example_dag_decorator.py
[2022-07-23 05:05:54,812] {processor.py:641} INFO - Processing file /home/airflow/.local/lib/python3.7/site-packages/airflow/example_dags/example_dag_decorator.py for tasks to queue
[2022-07-23 05:05:54,812] {logging_mixin.py:115} INFO - [2022-07-23 05:05:54,812] {dagbag.py:508} INFO - Filling up the DagBag from /home/airflow/.local/lib/python3.7/site-packages/airflow/example_dags/example_dag_decorator.py
[2022-07-23 05:05:54,835] {processor.py:651} INFO - DAG(s) dict_keys(['example_dag_decorator']) retrieved from /home/airflow/.local/lib/python3.7/site-packages/airflow/example_dags/example_dag_decorator.py
[2022-07-23 05:05:55,091] {logging_mixin.py:115} INFO - [2022-07-23 05:05:55,091] {dag.py:2420} INFO - Sync 1 DAGs
[2022-07-23 05:05:55,114] {logging_mixin.py:115} INFO - [2022-07-23 05:05:55,114] {dag.py:2972} INFO - Setting next_dagrun for example_dag_decorator to None, run_after=None
[2022-07-23 05:05:55,137] {processor.py:161} INFO - Processing /home/airflow/.local/lib/python3.7/site-packages/airflow/example_dags/example_dag_decorator.py took 0.330 seconds
[2022-07-23 05:06:25,289] {processor.py:153} INFO - Started process (PID=3245) to work on /home/airflow/.local/lib/python3.7/site-packages/airflow/example_dags/example_dag_decorator.py
[2022-07-23 05:06:25,289] {processor.py:641} INFO - Processing file /home/airflow/.local/lib/python3.7/site-packages/airflow/example_dags/example_dag_decorator.py for tasks to queue
[2022-07-23 05:06:25,290] {logging_mixin.py:115} INFO - [2022-07-23 05:06:25,290] {dagbag.py:508} INFO - Filling up the DagBag from /home/airflow/.local/lib/python3.7/site-packages/airflow/example_dags/example_dag_decorator.py
[2022-07-23 05:06:25,311] {processor.py:651} INFO - DAG(s) dict_keys(['example_dag_decorator']) retrieved from /home/airflow/.local/lib/python3.7/site-packages/airflow/example_dags/example_dag_decorator.py
[2022-07-23 05:06:25,526] {logging_mixin.py:115} INFO - [2022-07-23 05:06:25,526] {dag.py:2420} INFO - Sync 1 DAGs
[2022-07-23 05:06:25,551] {logging_mixin.py:115} INFO - [2022-07-23 05:06:25,550] {dag.py:2972} INFO - Setting next_dagrun for example_dag_decorator to None, run_after=None
[2022-07-23 05:06:25,570] {processor.py:161} INFO - Processing /home/airflow/.local/lib/python3.7/site-packages/airflow/example_dags/example_dag_decorator.py took 0.284 seconds
[2022-07-23 05:06:55,680] {processor.py:153} INFO - Started process (PID=3297) to work on /home/airflow/.local/lib/python3.7/site-packages/airflow/example_dags/example_dag_decorator.py
[2022-07-23 05:06:55,681] {processor.py:641} INFO - Processing file /home/airflow/.local/lib/python3.7/site-packages/airflow/example_dags/example_dag_decorator.py for tasks to queue
[2022-07-23 05:06:55,681] {logging_mixin.py:115} INFO - [2022-07-23 05:06:55,681] {dagbag.py:508} INFO - Filling up the DagBag from /home/airflow/.local/lib/python3.7/site-packages/airflow/example_dags/example_dag_decorator.py
[2022-07-23 05:06:55,702] {processor.py:651} INFO - DAG(s) dict_keys(['example_dag_decorator']) retrieved from /home/airflow/.local/lib/python3.7/site-packages/airflow/example_dags/example_dag_decorator.py
[2022-07-23 05:06:55,873] {logging_mixin.py:115} INFO - [2022-07-23 05:06:55,873] {dag.py:2420} INFO - Sync 1 DAGs
[2022-07-23 05:06:55,891] {logging_mixin.py:115} INFO - [2022-07-23 05:06:55,891] {dag.py:2972} INFO - Setting next_dagrun for example_dag_decorator to None, run_after=None
[2022-07-23 05:06:55,911] {processor.py:161} INFO - Processing /home/airflow/.local/lib/python3.7/site-packages/airflow/example_dags/example_dag_decorator.py took 0.233 seconds
[2022-07-23 05:07:26,219] {processor.py:153} INFO - Started process (PID=3358) to work on /home/airflow/.local/lib/python3.7/site-packages/airflow/example_dags/example_dag_decorator.py
[2022-07-23 05:07:26,220] {processor.py:641} INFO - Processing file /home/airflow/.local/lib/python3.7/site-packages/airflow/example_dags/example_dag_decorator.py for tasks to queue
[2022-07-23 05:07:26,221] {logging_mixin.py:115} INFO - [2022-07-23 05:07:26,220] {dagbag.py:508} INFO - Filling up the DagBag from /home/airflow/.local/lib/python3.7/site-packages/airflow/example_dags/example_dag_decorator.py
[2022-07-23 05:07:26,241] {processor.py:651} INFO - DAG(s) dict_keys(['example_dag_decorator']) retrieved from /home/airflow/.local/lib/python3.7/site-packages/airflow/example_dags/example_dag_decorator.py
[2022-07-23 05:07:26,264] {logging_mixin.py:115} INFO - [2022-07-23 05:07:26,264] {dag.py:2420} INFO - Sync 1 DAGs
[2022-07-23 05:07:26,397] {logging_mixin.py:115} INFO - [2022-07-23 05:07:26,397] {dag.py:2972} INFO - Setting next_dagrun for example_dag_decorator to None, run_after=None
[2022-07-23 05:07:26,416] {processor.py:161} INFO - Processing /home/airflow/.local/lib/python3.7/site-packages/airflow/example_dags/example_dag_decorator.py took 0.199 seconds
[2022-07-23 05:07:57,048] {processor.py:153} INFO - Started process (PID=3419) to work on /home/airflow/.local/lib/python3.7/site-packages/airflow/example_dags/example_dag_decorator.py
[2022-07-23 05:07:57,049] {processor.py:641} INFO - Processing file /home/airflow/.local/lib/python3.7/site-packages/airflow/example_dags/example_dag_decorator.py for tasks to queue
[2022-07-23 05:07:57,050] {logging_mixin.py:115} INFO - [2022-07-23 05:07:57,049] {dagbag.py:508} INFO - Filling up the DagBag from /home/airflow/.local/lib/python3.7/site-packages/airflow/example_dags/example_dag_decorator.py
[2022-07-23 05:07:57,071] {processor.py:651} INFO - DAG(s) dict_keys(['example_dag_decorator']) retrieved from /home/airflow/.local/lib/python3.7/site-packages/airflow/example_dags/example_dag_decorator.py
[2022-07-23 05:07:57,099] {logging_mixin.py:115} INFO - [2022-07-23 05:07:57,099] {dag.py:2420} INFO - Sync 1 DAGs
[2022-07-23 05:07:57,257] {logging_mixin.py:115} INFO - [2022-07-23 05:07:57,257] {dag.py:2972} INFO - Setting next_dagrun for example_dag_decorator to None, run_after=None
[2022-07-23 05:07:57,276] {processor.py:161} INFO - Processing /home/airflow/.local/lib/python3.7/site-packages/airflow/example_dags/example_dag_decorator.py took 0.230 seconds
[2022-07-23 05:08:27,378] {processor.py:153} INFO - Started process (PID=3471) to work on /home/airflow/.local/lib/python3.7/site-packages/airflow/example_dags/example_dag_decorator.py
[2022-07-23 05:08:27,379] {processor.py:641} INFO - Processing file /home/airflow/.local/lib/python3.7/site-packages/airflow/example_dags/example_dag_decorator.py for tasks to queue
[2022-07-23 05:08:27,379] {logging_mixin.py:115} INFO - [2022-07-23 05:08:27,379] {dagbag.py:508} INFO - Filling up the DagBag from /home/airflow/.local/lib/python3.7/site-packages/airflow/example_dags/example_dag_decorator.py
[2022-07-23 05:08:27,398] {processor.py:651} INFO - DAG(s) dict_keys(['example_dag_decorator']) retrieved from /home/airflow/.local/lib/python3.7/site-packages/airflow/example_dags/example_dag_decorator.py
[2022-07-23 05:08:27,603] {logging_mixin.py:115} INFO - [2022-07-23 05:08:27,603] {dag.py:2420} INFO - Sync 1 DAGs
[2022-07-23 05:08:27,626] {logging_mixin.py:115} INFO - [2022-07-23 05:08:27,626] {dag.py:2972} INFO - Setting next_dagrun for example_dag_decorator to None, run_after=None
[2022-07-23 05:08:27,648] {processor.py:161} INFO - Processing /home/airflow/.local/lib/python3.7/site-packages/airflow/example_dags/example_dag_decorator.py took 0.272 seconds
[2022-07-23 05:08:57,977] {processor.py:153} INFO - Started process (PID=3532) to work on /home/airflow/.local/lib/python3.7/site-packages/airflow/example_dags/example_dag_decorator.py
[2022-07-23 05:08:57,978] {processor.py:641} INFO - Processing file /home/airflow/.local/lib/python3.7/site-packages/airflow/example_dags/example_dag_decorator.py for tasks to queue
[2022-07-23 05:08:57,978] {logging_mixin.py:115} INFO - [2022-07-23 05:08:57,978] {dagbag.py:508} INFO - Filling up the DagBag from /home/airflow/.local/lib/python3.7/site-packages/airflow/example_dags/example_dag_decorator.py
[2022-07-23 05:08:57,997] {processor.py:651} INFO - DAG(s) dict_keys(['example_dag_decorator']) retrieved from /home/airflow/.local/lib/python3.7/site-packages/airflow/example_dags/example_dag_decorator.py
[2022-07-23 05:08:58,214] {logging_mixin.py:115} INFO - [2022-07-23 05:08:58,214] {dag.py:2420} INFO - Sync 1 DAGs
[2022-07-23 05:08:58,247] {logging_mixin.py:115} INFO - [2022-07-23 05:08:58,247] {dag.py:2972} INFO - Setting next_dagrun for example_dag_decorator to None, run_after=None
[2022-07-23 05:08:58,271] {processor.py:161} INFO - Processing /home/airflow/.local/lib/python3.7/site-packages/airflow/example_dags/example_dag_decorator.py took 0.296 seconds
[2022-07-23 05:09:28,890] {processor.py:153} INFO - Started process (PID=3584) to work on /home/airflow/.local/lib/python3.7/site-packages/airflow/example_dags/example_dag_decorator.py
[2022-07-23 05:09:28,892] {processor.py:641} INFO - Processing file /home/airflow/.local/lib/python3.7/site-packages/airflow/example_dags/example_dag_decorator.py for tasks to queue
[2022-07-23 05:09:28,893] {logging_mixin.py:115} INFO - [2022-07-23 05:09:28,892] {dagbag.py:508} INFO - Filling up the DagBag from /home/airflow/.local/lib/python3.7/site-packages/airflow/example_dags/example_dag_decorator.py
[2022-07-23 05:09:28,912] {processor.py:651} INFO - DAG(s) dict_keys(['example_dag_decorator']) retrieved from /home/airflow/.local/lib/python3.7/site-packages/airflow/example_dags/example_dag_decorator.py
[2022-07-23 05:09:29,090] {logging_mixin.py:115} INFO - [2022-07-23 05:09:29,090] {dag.py:2420} INFO - Sync 1 DAGs
[2022-07-23 05:09:29,108] {logging_mixin.py:115} INFO - [2022-07-23 05:09:29,108] {dag.py:2972} INFO - Setting next_dagrun for example_dag_decorator to None, run_after=None
[2022-07-23 05:09:29,125] {processor.py:161} INFO - Processing /home/airflow/.local/lib/python3.7/site-packages/airflow/example_dags/example_dag_decorator.py took 0.237 seconds
[2022-07-23 05:09:59,366] {processor.py:153} INFO - Started process (PID=3645) to work on /home/airflow/.local/lib/python3.7/site-packages/airflow/example_dags/example_dag_decorator.py
[2022-07-23 05:09:59,367] {processor.py:641} INFO - Processing file /home/airflow/.local/lib/python3.7/site-packages/airflow/example_dags/example_dag_decorator.py for tasks to queue
[2022-07-23 05:09:59,367] {logging_mixin.py:115} INFO - [2022-07-23 05:09:59,367] {dagbag.py:508} INFO - Filling up the DagBag from /home/airflow/.local/lib/python3.7/site-packages/airflow/example_dags/example_dag_decorator.py
[2022-07-23 05:09:59,388] {processor.py:651} INFO - DAG(s) dict_keys(['example_dag_decorator']) retrieved from /home/airflow/.local/lib/python3.7/site-packages/airflow/example_dags/example_dag_decorator.py
[2022-07-23 05:09:59,560] {logging_mixin.py:115} INFO - [2022-07-23 05:09:59,560] {dag.py:2420} INFO - Sync 1 DAGs
[2022-07-23 05:09:59,577] {logging_mixin.py:115} INFO - [2022-07-23 05:09:59,577] {dag.py:2972} INFO - Setting next_dagrun for example_dag_decorator to None, run_after=None
[2022-07-23 05:09:59,595] {processor.py:161} INFO - Processing /home/airflow/.local/lib/python3.7/site-packages/airflow/example_dags/example_dag_decorator.py took 0.232 seconds
[2022-07-23 05:10:29,687] {processor.py:153} INFO - Started process (PID=3707) to work on /home/airflow/.local/lib/python3.7/site-packages/airflow/example_dags/example_dag_decorator.py
[2022-07-23 05:10:29,688] {processor.py:641} INFO - Processing file /home/airflow/.local/lib/python3.7/site-packages/airflow/example_dags/example_dag_decorator.py for tasks to queue
[2022-07-23 05:10:29,688] {logging_mixin.py:115} INFO - [2022-07-23 05:10:29,688] {dagbag.py:508} INFO - Filling up the DagBag from /home/airflow/.local/lib/python3.7/site-packages/airflow/example_dags/example_dag_decorator.py
[2022-07-23 05:10:29,707] {processor.py:651} INFO - DAG(s) dict_keys(['example_dag_decorator']) retrieved from /home/airflow/.local/lib/python3.7/site-packages/airflow/example_dags/example_dag_decorator.py
[2022-07-23 05:10:29,885] {logging_mixin.py:115} INFO - [2022-07-23 05:10:29,885] {dag.py:2420} INFO - Sync 1 DAGs
[2022-07-23 05:10:29,903] {logging_mixin.py:115} INFO - [2022-07-23 05:10:29,903] {dag.py:2972} INFO - Setting next_dagrun for example_dag_decorator to None, run_after=None
[2022-07-23 05:10:29,927] {processor.py:161} INFO - Processing /home/airflow/.local/lib/python3.7/site-packages/airflow/example_dags/example_dag_decorator.py took 0.243 seconds
[2022-07-23 05:11:00,127] {processor.py:153} INFO - Started process (PID=3759) to work on /home/airflow/.local/lib/python3.7/site-packages/airflow/example_dags/example_dag_decorator.py
[2022-07-23 05:11:00,128] {processor.py:641} INFO - Processing file /home/airflow/.local/lib/python3.7/site-packages/airflow/example_dags/example_dag_decorator.py for tasks to queue
[2022-07-23 05:11:00,128] {logging_mixin.py:115} INFO - [2022-07-23 05:11:00,128] {dagbag.py:508} INFO - Filling up the DagBag from /home/airflow/.local/lib/python3.7/site-packages/airflow/example_dags/example_dag_decorator.py
[2022-07-23 05:11:00,146] {processor.py:651} INFO - DAG(s) dict_keys(['example_dag_decorator']) retrieved from /home/airflow/.local/lib/python3.7/site-packages/airflow/example_dags/example_dag_decorator.py
[2022-07-23 05:11:00,313] {logging_mixin.py:115} INFO - [2022-07-23 05:11:00,313] {dag.py:2420} INFO - Sync 1 DAGs
[2022-07-23 05:11:00,330] {logging_mixin.py:115} INFO - [2022-07-23 05:11:00,330] {dag.py:2972} INFO - Setting next_dagrun for example_dag_decorator to None, run_after=None
[2022-07-23 05:11:00,350] {processor.py:161} INFO - Processing /home/airflow/.local/lib/python3.7/site-packages/airflow/example_dags/example_dag_decorator.py took 0.226 seconds
[2022-07-23 05:11:30,431] {processor.py:153} INFO - Started process (PID=3820) to work on /home/airflow/.local/lib/python3.7/site-packages/airflow/example_dags/example_dag_decorator.py
[2022-07-23 05:11:30,432] {processor.py:641} INFO - Processing file /home/airflow/.local/lib/python3.7/site-packages/airflow/example_dags/example_dag_decorator.py for tasks to queue
[2022-07-23 05:11:30,432] {logging_mixin.py:115} INFO - [2022-07-23 05:11:30,432] {dagbag.py:508} INFO - Filling up the DagBag from /home/airflow/.local/lib/python3.7/site-packages/airflow/example_dags/example_dag_decorator.py
[2022-07-23 05:11:30,451] {processor.py:651} INFO - DAG(s) dict_keys(['example_dag_decorator']) retrieved from /home/airflow/.local/lib/python3.7/site-packages/airflow/example_dags/example_dag_decorator.py
[2022-07-23 05:11:30,615] {logging_mixin.py:115} INFO - [2022-07-23 05:11:30,615] {dag.py:2420} INFO - Sync 1 DAGs
[2022-07-23 05:11:30,631] {logging_mixin.py:115} INFO - [2022-07-23 05:11:30,631] {dag.py:2972} INFO - Setting next_dagrun for example_dag_decorator to None, run_after=None
[2022-07-23 05:11:30,647] {processor.py:161} INFO - Processing /home/airflow/.local/lib/python3.7/site-packages/airflow/example_dags/example_dag_decorator.py took 0.218 seconds
[2022-07-23 05:12:00,770] {processor.py:153} INFO - Started process (PID=3881) to work on /home/airflow/.local/lib/python3.7/site-packages/airflow/example_dags/example_dag_decorator.py
[2022-07-23 05:12:00,771] {processor.py:641} INFO - Processing file /home/airflow/.local/lib/python3.7/site-packages/airflow/example_dags/example_dag_decorator.py for tasks to queue
[2022-07-23 05:12:00,771] {logging_mixin.py:115} INFO - [2022-07-23 05:12:00,771] {dagbag.py:508} INFO - Filling up the DagBag from /home/airflow/.local/lib/python3.7/site-packages/airflow/example_dags/example_dag_decorator.py
[2022-07-23 05:12:00,790] {processor.py:651} INFO - DAG(s) dict_keys(['example_dag_decorator']) retrieved from /home/airflow/.local/lib/python3.7/site-packages/airflow/example_dags/example_dag_decorator.py
[2022-07-23 05:12:00,969] {logging_mixin.py:115} INFO - [2022-07-23 05:12:00,969] {dag.py:2420} INFO - Sync 1 DAGs
[2022-07-23 05:12:00,986] {logging_mixin.py:115} INFO - [2022-07-23 05:12:00,986] {dag.py:2972} INFO - Setting next_dagrun for example_dag_decorator to None, run_after=None
[2022-07-23 05:12:01,004] {processor.py:161} INFO - Processing /home/airflow/.local/lib/python3.7/site-packages/airflow/example_dags/example_dag_decorator.py took 0.236 seconds
[2022-07-23 05:12:31,042] {processor.py:153} INFO - Started process (PID=3933) to work on /home/airflow/.local/lib/python3.7/site-packages/airflow/example_dags/example_dag_decorator.py
[2022-07-23 05:12:31,043] {processor.py:641} INFO - Processing file /home/airflow/.local/lib/python3.7/site-packages/airflow/example_dags/example_dag_decorator.py for tasks to queue
[2022-07-23 05:12:31,043] {logging_mixin.py:115} INFO - [2022-07-23 05:12:31,043] {dagbag.py:508} INFO - Filling up the DagBag from /home/airflow/.local/lib/python3.7/site-packages/airflow/example_dags/example_dag_decorator.py
[2022-07-23 05:12:31,061] {processor.py:651} INFO - DAG(s) dict_keys(['example_dag_decorator']) retrieved from /home/airflow/.local/lib/python3.7/site-packages/airflow/example_dags/example_dag_decorator.py
[2022-07-23 05:12:31,212] {logging_mixin.py:115} INFO - [2022-07-23 05:12:31,212] {dag.py:2420} INFO - Sync 1 DAGs
[2022-07-23 05:12:31,228] {logging_mixin.py:115} INFO - [2022-07-23 05:12:31,228] {dag.py:2972} INFO - Setting next_dagrun for example_dag_decorator to None, run_after=None
[2022-07-23 05:12:31,246] {processor.py:161} INFO - Processing /home/airflow/.local/lib/python3.7/site-packages/airflow/example_dags/example_dag_decorator.py took 0.207 seconds
[2022-07-23 05:13:01,296] {processor.py:153} INFO - Started process (PID=3994) to work on /home/airflow/.local/lib/python3.7/site-packages/airflow/example_dags/example_dag_decorator.py
[2022-07-23 05:13:01,297] {processor.py:641} INFO - Processing file /home/airflow/.local/lib/python3.7/site-packages/airflow/example_dags/example_dag_decorator.py for tasks to queue
[2022-07-23 05:13:01,297] {logging_mixin.py:115} INFO - [2022-07-23 05:13:01,297] {dagbag.py:508} INFO - Filling up the DagBag from /home/airflow/.local/lib/python3.7/site-packages/airflow/example_dags/example_dag_decorator.py
[2022-07-23 05:13:01,322] {processor.py:651} INFO - DAG(s) dict_keys(['example_dag_decorator']) retrieved from /home/airflow/.local/lib/python3.7/site-packages/airflow/example_dags/example_dag_decorator.py
[2022-07-23 05:13:01,521] {logging_mixin.py:115} INFO - [2022-07-23 05:13:01,521] {dag.py:2420} INFO - Sync 1 DAGs
[2022-07-23 05:13:01,538] {logging_mixin.py:115} INFO - [2022-07-23 05:13:01,538] {dag.py:2972} INFO - Setting next_dagrun for example_dag_decorator to None, run_after=None
[2022-07-23 05:13:01,556] {processor.py:161} INFO - Processing /home/airflow/.local/lib/python3.7/site-packages/airflow/example_dags/example_dag_decorator.py took 0.263 seconds
[2022-07-23 05:13:31,605] {processor.py:153} INFO - Started process (PID=4055) to work on /home/airflow/.local/lib/python3.7/site-packages/airflow/example_dags/example_dag_decorator.py
[2022-07-23 05:13:31,606] {processor.py:641} INFO - Processing file /home/airflow/.local/lib/python3.7/site-packages/airflow/example_dags/example_dag_decorator.py for tasks to queue
[2022-07-23 05:13:31,606] {logging_mixin.py:115} INFO - [2022-07-23 05:13:31,606] {dagbag.py:508} INFO - Filling up the DagBag from /home/airflow/.local/lib/python3.7/site-packages/airflow/example_dags/example_dag_decorator.py
[2022-07-23 05:13:31,625] {processor.py:651} INFO - DAG(s) dict_keys(['example_dag_decorator']) retrieved from /home/airflow/.local/lib/python3.7/site-packages/airflow/example_dags/example_dag_decorator.py
[2022-07-23 05:13:31,791] {logging_mixin.py:115} INFO - [2022-07-23 05:13:31,791] {dag.py:2420} INFO - Sync 1 DAGs
[2022-07-23 05:13:31,806] {logging_mixin.py:115} INFO - [2022-07-23 05:13:31,806] {dag.py:2972} INFO - Setting next_dagrun for example_dag_decorator to None, run_after=None
[2022-07-23 05:13:31,852] {processor.py:161} INFO - Processing /home/airflow/.local/lib/python3.7/site-packages/airflow/example_dags/example_dag_decorator.py took 0.250 seconds
[2022-07-23 05:14:02,260] {processor.py:153} INFO - Started process (PID=4107) to work on /home/airflow/.local/lib/python3.7/site-packages/airflow/example_dags/example_dag_decorator.py
[2022-07-23 05:14:02,260] {processor.py:641} INFO - Processing file /home/airflow/.local/lib/python3.7/site-packages/airflow/example_dags/example_dag_decorator.py for tasks to queue
[2022-07-23 05:14:02,261] {logging_mixin.py:115} INFO - [2022-07-23 05:14:02,261] {dagbag.py:508} INFO - Filling up the DagBag from /home/airflow/.local/lib/python3.7/site-packages/airflow/example_dags/example_dag_decorator.py
[2022-07-23 05:14:02,279] {processor.py:651} INFO - DAG(s) dict_keys(['example_dag_decorator']) retrieved from /home/airflow/.local/lib/python3.7/site-packages/airflow/example_dags/example_dag_decorator.py
[2022-07-23 05:14:02,441] {logging_mixin.py:115} INFO - [2022-07-23 05:14:02,441] {dag.py:2420} INFO - Sync 1 DAGs
[2022-07-23 05:14:02,456] {logging_mixin.py:115} INFO - [2022-07-23 05:14:02,456] {dag.py:2972} INFO - Setting next_dagrun for example_dag_decorator to None, run_after=None
[2022-07-23 05:14:02,472] {processor.py:161} INFO - Processing /home/airflow/.local/lib/python3.7/site-packages/airflow/example_dags/example_dag_decorator.py took 0.215 seconds
[2022-07-23 05:14:32,532] {processor.py:153} INFO - Started process (PID=4169) to work on /home/airflow/.local/lib/python3.7/site-packages/airflow/example_dags/example_dag_decorator.py
[2022-07-23 05:14:32,532] {processor.py:641} INFO - Processing file /home/airflow/.local/lib/python3.7/site-packages/airflow/example_dags/example_dag_decorator.py for tasks to queue
[2022-07-23 05:14:32,533] {logging_mixin.py:115} INFO - [2022-07-23 05:14:32,533] {dagbag.py:508} INFO - Filling up the DagBag from /home/airflow/.local/lib/python3.7/site-packages/airflow/example_dags/example_dag_decorator.py
[2022-07-23 05:14:32,552] {processor.py:651} INFO - DAG(s) dict_keys(['example_dag_decorator']) retrieved from /home/airflow/.local/lib/python3.7/site-packages/airflow/example_dags/example_dag_decorator.py
[2022-07-23 05:14:32,720] {logging_mixin.py:115} INFO - [2022-07-23 05:14:32,720] {dag.py:2420} INFO - Sync 1 DAGs
[2022-07-23 05:14:32,735] {logging_mixin.py:115} INFO - [2022-07-23 05:14:32,735] {dag.py:2972} INFO - Setting next_dagrun for example_dag_decorator to None, run_after=None
[2022-07-23 05:14:32,754] {processor.py:161} INFO - Processing /home/airflow/.local/lib/python3.7/site-packages/airflow/example_dags/example_dag_decorator.py took 0.225 seconds
