[2022-07-23 04:38:47,377] {processor.py:153} INFO - Started process (PID=80) to work on /home/airflow/.local/lib/python3.7/site-packages/airflow/example_dags/example_complex.py
[2022-07-23 04:38:47,377] {processor.py:641} INFO - Processing file /home/airflow/.local/lib/python3.7/site-packages/airflow/example_dags/example_complex.py for tasks to queue
[2022-07-23 04:38:47,378] {logging_mixin.py:115} INFO - [2022-07-23 04:38:47,378] {dagbag.py:508} INFO - Filling up the DagBag from /home/airflow/.local/lib/python3.7/site-packages/airflow/example_dags/example_complex.py
[2022-07-23 04:38:47,390] {processor.py:651} INFO - DAG(s) dict_keys(['example_complex']) retrieved from /home/airflow/.local/lib/python3.7/site-packages/airflow/example_dags/example_complex.py
[2022-07-23 04:38:47,686] {logging_mixin.py:115} INFO - [2022-07-23 04:38:47,685] {manager.py:508} INFO - Created Permission View: can read on DAG:example_complex
[2022-07-23 04:38:47,732] {logging_mixin.py:115} INFO - [2022-07-23 04:38:47,732] {manager.py:508} INFO - Created Permission View: can delete on DAG:example_complex
[2022-07-23 04:38:47,745] {logging_mixin.py:115} INFO - [2022-07-23 04:38:47,745] {manager.py:508} INFO - Created Permission View: can edit on DAG:example_complex
[2022-07-23 04:38:47,745] {logging_mixin.py:115} INFO - [2022-07-23 04:38:47,745] {dag.py:2420} INFO - Sync 1 DAGs
[2022-07-23 04:38:47,754] {logging_mixin.py:115} INFO - [2022-07-23 04:38:47,754] {dag.py:2439} INFO - Creating ORM DAG for example_complex
[2022-07-23 04:38:47,766] {logging_mixin.py:115} INFO - [2022-07-23 04:38:47,765] {dag.py:2972} INFO - Setting next_dagrun for example_complex to None, run_after=None
[2022-07-23 04:38:47,795] {processor.py:161} INFO - Processing /home/airflow/.local/lib/python3.7/site-packages/airflow/example_dags/example_complex.py took 0.420 seconds
[2022-07-23 04:39:18,838] {processor.py:153} INFO - Started process (PID=132) to work on /home/airflow/.local/lib/python3.7/site-packages/airflow/example_dags/example_complex.py
[2022-07-23 04:39:18,838] {processor.py:641} INFO - Processing file /home/airflow/.local/lib/python3.7/site-packages/airflow/example_dags/example_complex.py for tasks to queue
[2022-07-23 04:39:18,839] {logging_mixin.py:115} INFO - [2022-07-23 04:39:18,839] {dagbag.py:508} INFO - Filling up the DagBag from /home/airflow/.local/lib/python3.7/site-packages/airflow/example_dags/example_complex.py
[2022-07-23 04:39:18,850] {processor.py:651} INFO - DAG(s) dict_keys(['example_complex']) retrieved from /home/airflow/.local/lib/python3.7/site-packages/airflow/example_dags/example_complex.py
[2022-07-23 04:39:18,877] {logging_mixin.py:115} INFO - [2022-07-23 04:39:18,877] {dag.py:2420} INFO - Sync 1 DAGs
[2022-07-23 04:39:18,897] {logging_mixin.py:115} INFO - [2022-07-23 04:39:18,897] {dag.py:2972} INFO - Setting next_dagrun for example_complex to None, run_after=None
[2022-07-23 04:39:18,913] {processor.py:161} INFO - Processing /home/airflow/.local/lib/python3.7/site-packages/airflow/example_dags/example_complex.py took 0.078 seconds
[2022-07-23 04:39:48,943] {processor.py:153} INFO - Started process (PID=193) to work on /home/airflow/.local/lib/python3.7/site-packages/airflow/example_dags/example_complex.py
[2022-07-23 04:39:48,943] {processor.py:641} INFO - Processing file /home/airflow/.local/lib/python3.7/site-packages/airflow/example_dags/example_complex.py for tasks to queue
[2022-07-23 04:39:48,944] {logging_mixin.py:115} INFO - [2022-07-23 04:39:48,943] {dagbag.py:508} INFO - Filling up the DagBag from /home/airflow/.local/lib/python3.7/site-packages/airflow/example_dags/example_complex.py
[2022-07-23 04:39:48,955] {processor.py:651} INFO - DAG(s) dict_keys(['example_complex']) retrieved from /home/airflow/.local/lib/python3.7/site-packages/airflow/example_dags/example_complex.py
[2022-07-23 04:39:48,981] {logging_mixin.py:115} INFO - [2022-07-23 04:39:48,981] {dag.py:2420} INFO - Sync 1 DAGs
[2022-07-23 04:39:48,999] {logging_mixin.py:115} INFO - [2022-07-23 04:39:48,999] {dag.py:2972} INFO - Setting next_dagrun for example_complex to None, run_after=None
[2022-07-23 04:39:49,013] {processor.py:161} INFO - Processing /home/airflow/.local/lib/python3.7/site-packages/airflow/example_dags/example_complex.py took 0.072 seconds
[2022-07-23 04:40:19,107] {processor.py:153} INFO - Started process (PID=254) to work on /home/airflow/.local/lib/python3.7/site-packages/airflow/example_dags/example_complex.py
[2022-07-23 04:40:19,107] {processor.py:641} INFO - Processing file /home/airflow/.local/lib/python3.7/site-packages/airflow/example_dags/example_complex.py for tasks to queue
[2022-07-23 04:40:19,108] {logging_mixin.py:115} INFO - [2022-07-23 04:40:19,108] {dagbag.py:508} INFO - Filling up the DagBag from /home/airflow/.local/lib/python3.7/site-packages/airflow/example_dags/example_complex.py
[2022-07-23 04:40:19,119] {processor.py:651} INFO - DAG(s) dict_keys(['example_complex']) retrieved from /home/airflow/.local/lib/python3.7/site-packages/airflow/example_dags/example_complex.py
[2022-07-23 04:40:19,143] {logging_mixin.py:115} INFO - [2022-07-23 04:40:19,143] {dag.py:2420} INFO - Sync 1 DAGs
[2022-07-23 04:40:19,160] {logging_mixin.py:115} INFO - [2022-07-23 04:40:19,160] {dag.py:2972} INFO - Setting next_dagrun for example_complex to None, run_after=None
[2022-07-23 04:40:19,175] {processor.py:161} INFO - Processing /home/airflow/.local/lib/python3.7/site-packages/airflow/example_dags/example_complex.py took 0.070 seconds
[2022-07-23 04:40:49,205] {processor.py:153} INFO - Started process (PID=306) to work on /home/airflow/.local/lib/python3.7/site-packages/airflow/example_dags/example_complex.py
[2022-07-23 04:40:49,206] {processor.py:641} INFO - Processing file /home/airflow/.local/lib/python3.7/site-packages/airflow/example_dags/example_complex.py for tasks to queue
[2022-07-23 04:40:49,206] {logging_mixin.py:115} INFO - [2022-07-23 04:40:49,206] {dagbag.py:508} INFO - Filling up the DagBag from /home/airflow/.local/lib/python3.7/site-packages/airflow/example_dags/example_complex.py
[2022-07-23 04:40:49,217] {processor.py:651} INFO - DAG(s) dict_keys(['example_complex']) retrieved from /home/airflow/.local/lib/python3.7/site-packages/airflow/example_dags/example_complex.py
[2022-07-23 04:40:49,243] {logging_mixin.py:115} INFO - [2022-07-23 04:40:49,242] {dag.py:2420} INFO - Sync 1 DAGs
[2022-07-23 04:40:49,261] {logging_mixin.py:115} INFO - [2022-07-23 04:40:49,261] {dag.py:2972} INFO - Setting next_dagrun for example_complex to None, run_after=None
[2022-07-23 04:40:49,279] {processor.py:161} INFO - Processing /home/airflow/.local/lib/python3.7/site-packages/airflow/example_dags/example_complex.py took 0.076 seconds
[2022-07-23 04:41:19,327] {processor.py:153} INFO - Started process (PID=367) to work on /home/airflow/.local/lib/python3.7/site-packages/airflow/example_dags/example_complex.py
[2022-07-23 04:41:19,328] {processor.py:641} INFO - Processing file /home/airflow/.local/lib/python3.7/site-packages/airflow/example_dags/example_complex.py for tasks to queue
[2022-07-23 04:41:19,328] {logging_mixin.py:115} INFO - [2022-07-23 04:41:19,328] {dagbag.py:508} INFO - Filling up the DagBag from /home/airflow/.local/lib/python3.7/site-packages/airflow/example_dags/example_complex.py
[2022-07-23 04:41:19,339] {processor.py:651} INFO - DAG(s) dict_keys(['example_complex']) retrieved from /home/airflow/.local/lib/python3.7/site-packages/airflow/example_dags/example_complex.py
[2022-07-23 04:41:19,363] {logging_mixin.py:115} INFO - [2022-07-23 04:41:19,363] {dag.py:2420} INFO - Sync 1 DAGs
[2022-07-23 04:41:19,380] {logging_mixin.py:115} INFO - [2022-07-23 04:41:19,380] {dag.py:2972} INFO - Setting next_dagrun for example_complex to None, run_after=None
[2022-07-23 04:41:19,395] {processor.py:161} INFO - Processing /home/airflow/.local/lib/python3.7/site-packages/airflow/example_dags/example_complex.py took 0.070 seconds
[2022-07-23 04:41:49,453] {processor.py:153} INFO - Started process (PID=429) to work on /home/airflow/.local/lib/python3.7/site-packages/airflow/example_dags/example_complex.py
[2022-07-23 04:41:49,453] {processor.py:641} INFO - Processing file /home/airflow/.local/lib/python3.7/site-packages/airflow/example_dags/example_complex.py for tasks to queue
[2022-07-23 04:41:49,454] {logging_mixin.py:115} INFO - [2022-07-23 04:41:49,454] {dagbag.py:508} INFO - Filling up the DagBag from /home/airflow/.local/lib/python3.7/site-packages/airflow/example_dags/example_complex.py
[2022-07-23 04:41:49,467] {processor.py:651} INFO - DAG(s) dict_keys(['example_complex']) retrieved from /home/airflow/.local/lib/python3.7/site-packages/airflow/example_dags/example_complex.py
[2022-07-23 04:41:49,496] {logging_mixin.py:115} INFO - [2022-07-23 04:41:49,496] {dag.py:2420} INFO - Sync 1 DAGs
[2022-07-23 04:41:49,516] {logging_mixin.py:115} INFO - [2022-07-23 04:41:49,516] {dag.py:2972} INFO - Setting next_dagrun for example_complex to None, run_after=None
[2022-07-23 04:41:49,533] {processor.py:161} INFO - Processing /home/airflow/.local/lib/python3.7/site-packages/airflow/example_dags/example_complex.py took 0.082 seconds
[2022-07-23 04:42:20,045] {processor.py:153} INFO - Started process (PID=481) to work on /home/airflow/.local/lib/python3.7/site-packages/airflow/example_dags/example_complex.py
[2022-07-23 04:42:20,045] {processor.py:641} INFO - Processing file /home/airflow/.local/lib/python3.7/site-packages/airflow/example_dags/example_complex.py for tasks to queue
[2022-07-23 04:42:20,046] {logging_mixin.py:115} INFO - [2022-07-23 04:42:20,046] {dagbag.py:508} INFO - Filling up the DagBag from /home/airflow/.local/lib/python3.7/site-packages/airflow/example_dags/example_complex.py
[2022-07-23 04:42:20,057] {processor.py:651} INFO - DAG(s) dict_keys(['example_complex']) retrieved from /home/airflow/.local/lib/python3.7/site-packages/airflow/example_dags/example_complex.py
[2022-07-23 04:42:20,084] {logging_mixin.py:115} INFO - [2022-07-23 04:42:20,084] {dag.py:2420} INFO - Sync 1 DAGs
[2022-07-23 04:42:20,102] {logging_mixin.py:115} INFO - [2022-07-23 04:42:20,102] {dag.py:2972} INFO - Setting next_dagrun for example_complex to None, run_after=None
[2022-07-23 04:42:20,117] {processor.py:161} INFO - Processing /home/airflow/.local/lib/python3.7/site-packages/airflow/example_dags/example_complex.py took 0.074 seconds
[2022-07-23 04:42:50,876] {processor.py:153} INFO - Started process (PID=543) to work on /home/airflow/.local/lib/python3.7/site-packages/airflow/example_dags/example_complex.py
[2022-07-23 04:42:50,877] {processor.py:641} INFO - Processing file /home/airflow/.local/lib/python3.7/site-packages/airflow/example_dags/example_complex.py for tasks to queue
[2022-07-23 04:42:50,877] {logging_mixin.py:115} INFO - [2022-07-23 04:42:50,877] {dagbag.py:508} INFO - Filling up the DagBag from /home/airflow/.local/lib/python3.7/site-packages/airflow/example_dags/example_complex.py
[2022-07-23 04:42:50,888] {processor.py:651} INFO - DAG(s) dict_keys(['example_complex']) retrieved from /home/airflow/.local/lib/python3.7/site-packages/airflow/example_dags/example_complex.py
[2022-07-23 04:42:50,917] {logging_mixin.py:115} INFO - [2022-07-23 04:42:50,917] {dag.py:2420} INFO - Sync 1 DAGs
[2022-07-23 04:42:50,938] {logging_mixin.py:115} INFO - [2022-07-23 04:42:50,938] {dag.py:2972} INFO - Setting next_dagrun for example_complex to None, run_after=None
[2022-07-23 04:42:50,957] {processor.py:161} INFO - Processing /home/airflow/.local/lib/python3.7/site-packages/airflow/example_dags/example_complex.py took 0.083 seconds
[2022-07-23 04:43:21,030] {processor.py:153} INFO - Started process (PID=604) to work on /home/airflow/.local/lib/python3.7/site-packages/airflow/example_dags/example_complex.py
[2022-07-23 04:43:21,030] {processor.py:641} INFO - Processing file /home/airflow/.local/lib/python3.7/site-packages/airflow/example_dags/example_complex.py for tasks to queue
[2022-07-23 04:43:21,031] {logging_mixin.py:115} INFO - [2022-07-23 04:43:21,031] {dagbag.py:508} INFO - Filling up the DagBag from /home/airflow/.local/lib/python3.7/site-packages/airflow/example_dags/example_complex.py
[2022-07-23 04:43:21,043] {processor.py:651} INFO - DAG(s) dict_keys(['example_complex']) retrieved from /home/airflow/.local/lib/python3.7/site-packages/airflow/example_dags/example_complex.py
[2022-07-23 04:43:21,068] {logging_mixin.py:115} INFO - [2022-07-23 04:43:21,067] {dag.py:2420} INFO - Sync 1 DAGs
[2022-07-23 04:43:21,087] {logging_mixin.py:115} INFO - [2022-07-23 04:43:21,087] {dag.py:2972} INFO - Setting next_dagrun for example_complex to None, run_after=None
[2022-07-23 04:43:21,110] {processor.py:161} INFO - Processing /home/airflow/.local/lib/python3.7/site-packages/airflow/example_dags/example_complex.py took 0.083 seconds
[2022-07-23 04:43:51,756] {processor.py:153} INFO - Started process (PID=656) to work on /home/airflow/.local/lib/python3.7/site-packages/airflow/example_dags/example_complex.py
[2022-07-23 04:43:51,756] {processor.py:641} INFO - Processing file /home/airflow/.local/lib/python3.7/site-packages/airflow/example_dags/example_complex.py for tasks to queue
[2022-07-23 04:43:51,757] {logging_mixin.py:115} INFO - [2022-07-23 04:43:51,757] {dagbag.py:508} INFO - Filling up the DagBag from /home/airflow/.local/lib/python3.7/site-packages/airflow/example_dags/example_complex.py
[2022-07-23 04:43:51,768] {processor.py:651} INFO - DAG(s) dict_keys(['example_complex']) retrieved from /home/airflow/.local/lib/python3.7/site-packages/airflow/example_dags/example_complex.py
[2022-07-23 04:43:51,793] {logging_mixin.py:115} INFO - [2022-07-23 04:43:51,793] {dag.py:2420} INFO - Sync 1 DAGs
[2022-07-23 04:43:51,810] {logging_mixin.py:115} INFO - [2022-07-23 04:43:51,810] {dag.py:2972} INFO - Setting next_dagrun for example_complex to None, run_after=None
[2022-07-23 04:43:51,831] {processor.py:161} INFO - Processing /home/airflow/.local/lib/python3.7/site-packages/airflow/example_dags/example_complex.py took 0.078 seconds
[2022-07-23 04:44:22,455] {processor.py:153} INFO - Started process (PID=717) to work on /home/airflow/.local/lib/python3.7/site-packages/airflow/example_dags/example_complex.py
[2022-07-23 04:44:22,456] {processor.py:641} INFO - Processing file /home/airflow/.local/lib/python3.7/site-packages/airflow/example_dags/example_complex.py for tasks to queue
[2022-07-23 04:44:22,456] {logging_mixin.py:115} INFO - [2022-07-23 04:44:22,456] {dagbag.py:508} INFO - Filling up the DagBag from /home/airflow/.local/lib/python3.7/site-packages/airflow/example_dags/example_complex.py
[2022-07-23 04:44:22,468] {processor.py:651} INFO - DAG(s) dict_keys(['example_complex']) retrieved from /home/airflow/.local/lib/python3.7/site-packages/airflow/example_dags/example_complex.py
[2022-07-23 04:44:22,493] {logging_mixin.py:115} INFO - [2022-07-23 04:44:22,493] {dag.py:2420} INFO - Sync 1 DAGs
[2022-07-23 04:44:22,511] {logging_mixin.py:115} INFO - [2022-07-23 04:44:22,511] {dag.py:2972} INFO - Setting next_dagrun for example_complex to None, run_after=None
[2022-07-23 04:44:22,535] {processor.py:161} INFO - Processing /home/airflow/.local/lib/python3.7/site-packages/airflow/example_dags/example_complex.py took 0.082 seconds
[2022-07-23 04:44:53,200] {processor.py:153} INFO - Started process (PID=778) to work on /home/airflow/.local/lib/python3.7/site-packages/airflow/example_dags/example_complex.py
[2022-07-23 04:44:53,201] {processor.py:641} INFO - Processing file /home/airflow/.local/lib/python3.7/site-packages/airflow/example_dags/example_complex.py for tasks to queue
[2022-07-23 04:44:53,201] {logging_mixin.py:115} INFO - [2022-07-23 04:44:53,201] {dagbag.py:508} INFO - Filling up the DagBag from /home/airflow/.local/lib/python3.7/site-packages/airflow/example_dags/example_complex.py
[2022-07-23 04:44:53,212] {processor.py:651} INFO - DAG(s) dict_keys(['example_complex']) retrieved from /home/airflow/.local/lib/python3.7/site-packages/airflow/example_dags/example_complex.py
[2022-07-23 04:44:53,238] {logging_mixin.py:115} INFO - [2022-07-23 04:44:53,238] {dag.py:2420} INFO - Sync 1 DAGs
[2022-07-23 04:44:53,255] {logging_mixin.py:115} INFO - [2022-07-23 04:44:53,255] {dag.py:2972} INFO - Setting next_dagrun for example_complex to None, run_after=None
[2022-07-23 04:44:53,272] {processor.py:161} INFO - Processing /home/airflow/.local/lib/python3.7/site-packages/airflow/example_dags/example_complex.py took 0.074 seconds
[2022-07-23 04:45:23,745] {processor.py:153} INFO - Started process (PID=830) to work on /home/airflow/.local/lib/python3.7/site-packages/airflow/example_dags/example_complex.py
[2022-07-23 04:45:23,746] {processor.py:641} INFO - Processing file /home/airflow/.local/lib/python3.7/site-packages/airflow/example_dags/example_complex.py for tasks to queue
[2022-07-23 04:45:23,746] {logging_mixin.py:115} INFO - [2022-07-23 04:45:23,746] {dagbag.py:508} INFO - Filling up the DagBag from /home/airflow/.local/lib/python3.7/site-packages/airflow/example_dags/example_complex.py
[2022-07-23 04:45:23,758] {processor.py:651} INFO - DAG(s) dict_keys(['example_complex']) retrieved from /home/airflow/.local/lib/python3.7/site-packages/airflow/example_dags/example_complex.py
[2022-07-23 04:45:23,783] {logging_mixin.py:115} INFO - [2022-07-23 04:45:23,783] {dag.py:2420} INFO - Sync 1 DAGs
[2022-07-23 04:45:23,801] {logging_mixin.py:115} INFO - [2022-07-23 04:45:23,801] {dag.py:2972} INFO - Setting next_dagrun for example_complex to None, run_after=None
[2022-07-23 04:45:23,828] {processor.py:161} INFO - Processing /home/airflow/.local/lib/python3.7/site-packages/airflow/example_dags/example_complex.py took 0.085 seconds
[2022-07-23 04:45:54,664] {processor.py:153} INFO - Started process (PID=891) to work on /home/airflow/.local/lib/python3.7/site-packages/airflow/example_dags/example_complex.py
[2022-07-23 04:45:54,664] {processor.py:641} INFO - Processing file /home/airflow/.local/lib/python3.7/site-packages/airflow/example_dags/example_complex.py for tasks to queue
[2022-07-23 04:45:54,665] {logging_mixin.py:115} INFO - [2022-07-23 04:45:54,665] {dagbag.py:508} INFO - Filling up the DagBag from /home/airflow/.local/lib/python3.7/site-packages/airflow/example_dags/example_complex.py
[2022-07-23 04:45:54,679] {processor.py:651} INFO - DAG(s) dict_keys(['example_complex']) retrieved from /home/airflow/.local/lib/python3.7/site-packages/airflow/example_dags/example_complex.py
[2022-07-23 04:45:54,710] {logging_mixin.py:115} INFO - [2022-07-23 04:45:54,710] {dag.py:2420} INFO - Sync 1 DAGs
[2022-07-23 04:45:54,732] {logging_mixin.py:115} INFO - [2022-07-23 04:45:54,732] {dag.py:2972} INFO - Setting next_dagrun for example_complex to None, run_after=None
[2022-07-23 04:45:54,753] {processor.py:161} INFO - Processing /home/airflow/.local/lib/python3.7/site-packages/airflow/example_dags/example_complex.py took 0.091 seconds
[2022-07-23 04:46:24,806] {processor.py:153} INFO - Started process (PID=952) to work on /home/airflow/.local/lib/python3.7/site-packages/airflow/example_dags/example_complex.py
[2022-07-23 04:46:24,807] {processor.py:641} INFO - Processing file /home/airflow/.local/lib/python3.7/site-packages/airflow/example_dags/example_complex.py for tasks to queue
[2022-07-23 04:46:24,807] {logging_mixin.py:115} INFO - [2022-07-23 04:46:24,807] {dagbag.py:508} INFO - Filling up the DagBag from /home/airflow/.local/lib/python3.7/site-packages/airflow/example_dags/example_complex.py
[2022-07-23 04:46:24,819] {processor.py:651} INFO - DAG(s) dict_keys(['example_complex']) retrieved from /home/airflow/.local/lib/python3.7/site-packages/airflow/example_dags/example_complex.py
[2022-07-23 04:46:24,844] {logging_mixin.py:115} INFO - [2022-07-23 04:46:24,844] {dag.py:2420} INFO - Sync 1 DAGs
[2022-07-23 04:46:24,861] {logging_mixin.py:115} INFO - [2022-07-23 04:46:24,861] {dag.py:2972} INFO - Setting next_dagrun for example_complex to None, run_after=None
[2022-07-23 04:46:24,885] {processor.py:161} INFO - Processing /home/airflow/.local/lib/python3.7/site-packages/airflow/example_dags/example_complex.py took 0.082 seconds
[2022-07-23 04:46:55,637] {processor.py:153} INFO - Started process (PID=1013) to work on /home/airflow/.local/lib/python3.7/site-packages/airflow/example_dags/example_complex.py
[2022-07-23 04:46:55,638] {processor.py:641} INFO - Processing file /home/airflow/.local/lib/python3.7/site-packages/airflow/example_dags/example_complex.py for tasks to queue
[2022-07-23 04:46:55,639] {logging_mixin.py:115} INFO - [2022-07-23 04:46:55,638] {dagbag.py:508} INFO - Filling up the DagBag from /home/airflow/.local/lib/python3.7/site-packages/airflow/example_dags/example_complex.py
[2022-07-23 04:46:55,650] {processor.py:651} INFO - DAG(s) dict_keys(['example_complex']) retrieved from /home/airflow/.local/lib/python3.7/site-packages/airflow/example_dags/example_complex.py
[2022-07-23 04:46:55,680] {logging_mixin.py:115} INFO - [2022-07-23 04:46:55,680] {dag.py:2420} INFO - Sync 1 DAGs
[2022-07-23 04:46:55,701] {logging_mixin.py:115} INFO - [2022-07-23 04:46:55,701] {dag.py:2972} INFO - Setting next_dagrun for example_complex to None, run_after=None
[2022-07-23 04:46:55,719] {processor.py:161} INFO - Processing /home/airflow/.local/lib/python3.7/site-packages/airflow/example_dags/example_complex.py took 0.084 seconds
[2022-07-23 04:47:26,491] {processor.py:153} INFO - Started process (PID=1065) to work on /home/airflow/.local/lib/python3.7/site-packages/airflow/example_dags/example_complex.py
[2022-07-23 04:47:26,492] {processor.py:641} INFO - Processing file /home/airflow/.local/lib/python3.7/site-packages/airflow/example_dags/example_complex.py for tasks to queue
[2022-07-23 04:47:26,492] {logging_mixin.py:115} INFO - [2022-07-23 04:47:26,492] {dagbag.py:508} INFO - Filling up the DagBag from /home/airflow/.local/lib/python3.7/site-packages/airflow/example_dags/example_complex.py
[2022-07-23 04:47:26,505] {processor.py:651} INFO - DAG(s) dict_keys(['example_complex']) retrieved from /home/airflow/.local/lib/python3.7/site-packages/airflow/example_dags/example_complex.py
[2022-07-23 04:47:26,533] {logging_mixin.py:115} INFO - [2022-07-23 04:47:26,533] {dag.py:2420} INFO - Sync 1 DAGs
[2022-07-23 04:47:26,553] {logging_mixin.py:115} INFO - [2022-07-23 04:47:26,552] {dag.py:2972} INFO - Setting next_dagrun for example_complex to None, run_after=None
[2022-07-23 04:47:26,576] {processor.py:161} INFO - Processing /home/airflow/.local/lib/python3.7/site-packages/airflow/example_dags/example_complex.py took 0.087 seconds
[2022-07-23 04:47:57,485] {processor.py:153} INFO - Started process (PID=1126) to work on /home/airflow/.local/lib/python3.7/site-packages/airflow/example_dags/example_complex.py
[2022-07-23 04:47:57,485] {processor.py:641} INFO - Processing file /home/airflow/.local/lib/python3.7/site-packages/airflow/example_dags/example_complex.py for tasks to queue
[2022-07-23 04:47:57,485] {logging_mixin.py:115} INFO - [2022-07-23 04:47:57,485] {dagbag.py:508} INFO - Filling up the DagBag from /home/airflow/.local/lib/python3.7/site-packages/airflow/example_dags/example_complex.py
[2022-07-23 04:47:57,499] {processor.py:651} INFO - DAG(s) dict_keys(['example_complex']) retrieved from /home/airflow/.local/lib/python3.7/site-packages/airflow/example_dags/example_complex.py
[2022-07-23 04:47:57,529] {logging_mixin.py:115} INFO - [2022-07-23 04:47:57,529] {dag.py:2420} INFO - Sync 1 DAGs
[2022-07-23 04:47:57,549] {logging_mixin.py:115} INFO - [2022-07-23 04:47:57,549] {dag.py:2972} INFO - Setting next_dagrun for example_complex to None, run_after=None
[2022-07-23 04:47:57,575] {processor.py:161} INFO - Processing /home/airflow/.local/lib/python3.7/site-packages/airflow/example_dags/example_complex.py took 0.093 seconds
[2022-07-23 04:48:27,744] {processor.py:153} INFO - Started process (PID=1187) to work on /home/airflow/.local/lib/python3.7/site-packages/airflow/example_dags/example_complex.py
[2022-07-23 04:48:27,745] {processor.py:641} INFO - Processing file /home/airflow/.local/lib/python3.7/site-packages/airflow/example_dags/example_complex.py for tasks to queue
[2022-07-23 04:48:27,746] {logging_mixin.py:115} INFO - [2022-07-23 04:48:27,746] {dagbag.py:508} INFO - Filling up the DagBag from /home/airflow/.local/lib/python3.7/site-packages/airflow/example_dags/example_complex.py
[2022-07-23 04:48:27,759] {processor.py:651} INFO - DAG(s) dict_keys(['example_complex']) retrieved from /home/airflow/.local/lib/python3.7/site-packages/airflow/example_dags/example_complex.py
[2022-07-23 04:48:27,812] {logging_mixin.py:115} INFO - [2022-07-23 04:48:27,812] {dag.py:2420} INFO - Sync 1 DAGs
[2022-07-23 04:48:27,838] {logging_mixin.py:115} INFO - [2022-07-23 04:48:27,838] {dag.py:2972} INFO - Setting next_dagrun for example_complex to None, run_after=None
[2022-07-23 04:48:27,858] {processor.py:161} INFO - Processing /home/airflow/.local/lib/python3.7/site-packages/airflow/example_dags/example_complex.py took 0.121 seconds
[2022-07-23 04:48:58,080] {processor.py:153} INFO - Started process (PID=1239) to work on /home/airflow/.local/lib/python3.7/site-packages/airflow/example_dags/example_complex.py
[2022-07-23 04:48:58,081] {processor.py:641} INFO - Processing file /home/airflow/.local/lib/python3.7/site-packages/airflow/example_dags/example_complex.py for tasks to queue
[2022-07-23 04:48:58,081] {logging_mixin.py:115} INFO - [2022-07-23 04:48:58,081] {dagbag.py:508} INFO - Filling up the DagBag from /home/airflow/.local/lib/python3.7/site-packages/airflow/example_dags/example_complex.py
[2022-07-23 04:48:58,096] {processor.py:651} INFO - DAG(s) dict_keys(['example_complex']) retrieved from /home/airflow/.local/lib/python3.7/site-packages/airflow/example_dags/example_complex.py
[2022-07-23 04:48:58,128] {logging_mixin.py:115} INFO - [2022-07-23 04:48:58,128] {dag.py:2420} INFO - Sync 1 DAGs
[2022-07-23 04:48:58,150] {logging_mixin.py:115} INFO - [2022-07-23 04:48:58,149] {dag.py:2972} INFO - Setting next_dagrun for example_complex to None, run_after=None
[2022-07-23 04:48:58,168] {processor.py:161} INFO - Processing /home/airflow/.local/lib/python3.7/site-packages/airflow/example_dags/example_complex.py took 0.091 seconds
[2022-07-23 04:49:29,071] {processor.py:153} INFO - Started process (PID=1300) to work on /home/airflow/.local/lib/python3.7/site-packages/airflow/example_dags/example_complex.py
[2022-07-23 04:49:29,071] {processor.py:641} INFO - Processing file /home/airflow/.local/lib/python3.7/site-packages/airflow/example_dags/example_complex.py for tasks to queue
[2022-07-23 04:49:29,072] {logging_mixin.py:115} INFO - [2022-07-23 04:49:29,072] {dagbag.py:508} INFO - Filling up the DagBag from /home/airflow/.local/lib/python3.7/site-packages/airflow/example_dags/example_complex.py
[2022-07-23 04:49:29,084] {processor.py:651} INFO - DAG(s) dict_keys(['example_complex']) retrieved from /home/airflow/.local/lib/python3.7/site-packages/airflow/example_dags/example_complex.py
[2022-07-23 04:49:29,109] {logging_mixin.py:115} INFO - [2022-07-23 04:49:29,109] {dag.py:2420} INFO - Sync 1 DAGs
[2022-07-23 04:49:29,126] {logging_mixin.py:115} INFO - [2022-07-23 04:49:29,126] {dag.py:2972} INFO - Setting next_dagrun for example_complex to None, run_after=None
[2022-07-23 04:49:29,141] {processor.py:161} INFO - Processing /home/airflow/.local/lib/python3.7/site-packages/airflow/example_dags/example_complex.py took 0.073 seconds
[2022-07-23 04:49:59,629] {processor.py:153} INFO - Started process (PID=1362) to work on /home/airflow/.local/lib/python3.7/site-packages/airflow/example_dags/example_complex.py
[2022-07-23 04:49:59,630] {processor.py:641} INFO - Processing file /home/airflow/.local/lib/python3.7/site-packages/airflow/example_dags/example_complex.py for tasks to queue
[2022-07-23 04:49:59,630] {logging_mixin.py:115} INFO - [2022-07-23 04:49:59,630] {dagbag.py:508} INFO - Filling up the DagBag from /home/airflow/.local/lib/python3.7/site-packages/airflow/example_dags/example_complex.py
[2022-07-23 04:49:59,642] {processor.py:651} INFO - DAG(s) dict_keys(['example_complex']) retrieved from /home/airflow/.local/lib/python3.7/site-packages/airflow/example_dags/example_complex.py
[2022-07-23 04:49:59,670] {logging_mixin.py:115} INFO - [2022-07-23 04:49:59,669] {dag.py:2420} INFO - Sync 1 DAGs
[2022-07-23 04:49:59,689] {logging_mixin.py:115} INFO - [2022-07-23 04:49:59,689] {dag.py:2972} INFO - Setting next_dagrun for example_complex to None, run_after=None
[2022-07-23 04:49:59,705] {processor.py:161} INFO - Processing /home/airflow/.local/lib/python3.7/site-packages/airflow/example_dags/example_complex.py took 0.079 seconds
[2022-07-23 04:50:30,244] {processor.py:153} INFO - Started process (PID=1414) to work on /home/airflow/.local/lib/python3.7/site-packages/airflow/example_dags/example_complex.py
[2022-07-23 04:50:30,245] {processor.py:641} INFO - Processing file /home/airflow/.local/lib/python3.7/site-packages/airflow/example_dags/example_complex.py for tasks to queue
[2022-07-23 04:50:30,245] {logging_mixin.py:115} INFO - [2022-07-23 04:50:30,245] {dagbag.py:508} INFO - Filling up the DagBag from /home/airflow/.local/lib/python3.7/site-packages/airflow/example_dags/example_complex.py
[2022-07-23 04:50:30,259] {processor.py:651} INFO - DAG(s) dict_keys(['example_complex']) retrieved from /home/airflow/.local/lib/python3.7/site-packages/airflow/example_dags/example_complex.py
[2022-07-23 04:50:30,286] {logging_mixin.py:115} INFO - [2022-07-23 04:50:30,286] {dag.py:2420} INFO - Sync 1 DAGs
[2022-07-23 04:50:30,306] {logging_mixin.py:115} INFO - [2022-07-23 04:50:30,306] {dag.py:2972} INFO - Setting next_dagrun for example_complex to None, run_after=None
[2022-07-23 04:50:30,325] {processor.py:161} INFO - Processing /home/airflow/.local/lib/python3.7/site-packages/airflow/example_dags/example_complex.py took 0.083 seconds
[2022-07-23 04:51:01,122] {processor.py:153} INFO - Started process (PID=1475) to work on /home/airflow/.local/lib/python3.7/site-packages/airflow/example_dags/example_complex.py
[2022-07-23 04:51:01,123] {processor.py:641} INFO - Processing file /home/airflow/.local/lib/python3.7/site-packages/airflow/example_dags/example_complex.py for tasks to queue
[2022-07-23 04:51:01,124] {logging_mixin.py:115} INFO - [2022-07-23 04:51:01,123] {dagbag.py:508} INFO - Filling up the DagBag from /home/airflow/.local/lib/python3.7/site-packages/airflow/example_dags/example_complex.py
[2022-07-23 04:51:01,140] {processor.py:651} INFO - DAG(s) dict_keys(['example_complex']) retrieved from /home/airflow/.local/lib/python3.7/site-packages/airflow/example_dags/example_complex.py
[2022-07-23 04:51:01,172] {logging_mixin.py:115} INFO - [2022-07-23 04:51:01,172] {dag.py:2420} INFO - Sync 1 DAGs
[2022-07-23 04:51:01,196] {logging_mixin.py:115} INFO - [2022-07-23 04:51:01,196] {dag.py:2972} INFO - Setting next_dagrun for example_complex to None, run_after=None
[2022-07-23 04:51:01,215] {processor.py:161} INFO - Processing /home/airflow/.local/lib/python3.7/site-packages/airflow/example_dags/example_complex.py took 0.095 seconds
[2022-07-23 04:51:31,274] {processor.py:153} INFO - Started process (PID=1536) to work on /home/airflow/.local/lib/python3.7/site-packages/airflow/example_dags/example_complex.py
[2022-07-23 04:51:31,275] {processor.py:641} INFO - Processing file /home/airflow/.local/lib/python3.7/site-packages/airflow/example_dags/example_complex.py for tasks to queue
[2022-07-23 04:51:31,275] {logging_mixin.py:115} INFO - [2022-07-23 04:51:31,275] {dagbag.py:508} INFO - Filling up the DagBag from /home/airflow/.local/lib/python3.7/site-packages/airflow/example_dags/example_complex.py
[2022-07-23 04:51:31,292] {processor.py:651} INFO - DAG(s) dict_keys(['example_complex']) retrieved from /home/airflow/.local/lib/python3.7/site-packages/airflow/example_dags/example_complex.py
[2022-07-23 04:51:31,321] {logging_mixin.py:115} INFO - [2022-07-23 04:51:31,321] {dag.py:2420} INFO - Sync 1 DAGs
[2022-07-23 04:51:31,345] {logging_mixin.py:115} INFO - [2022-07-23 04:51:31,345] {dag.py:2972} INFO - Setting next_dagrun for example_complex to None, run_after=None
[2022-07-23 04:51:31,364] {processor.py:161} INFO - Processing /home/airflow/.local/lib/python3.7/site-packages/airflow/example_dags/example_complex.py took 0.092 seconds
[2022-07-23 04:52:01,398] {processor.py:153} INFO - Started process (PID=1587) to work on /home/airflow/.local/lib/python3.7/site-packages/airflow/example_dags/example_complex.py
[2022-07-23 04:52:01,399] {processor.py:641} INFO - Processing file /home/airflow/.local/lib/python3.7/site-packages/airflow/example_dags/example_complex.py for tasks to queue
[2022-07-23 04:52:01,399] {logging_mixin.py:115} INFO - [2022-07-23 04:52:01,399] {dagbag.py:508} INFO - Filling up the DagBag from /home/airflow/.local/lib/python3.7/site-packages/airflow/example_dags/example_complex.py
[2022-07-23 04:52:01,411] {processor.py:651} INFO - DAG(s) dict_keys(['example_complex']) retrieved from /home/airflow/.local/lib/python3.7/site-packages/airflow/example_dags/example_complex.py
[2022-07-23 04:52:01,438] {logging_mixin.py:115} INFO - [2022-07-23 04:52:01,438] {dag.py:2420} INFO - Sync 1 DAGs
[2022-07-23 04:52:01,459] {logging_mixin.py:115} INFO - [2022-07-23 04:52:01,459] {dag.py:2972} INFO - Setting next_dagrun for example_complex to None, run_after=None
[2022-07-23 04:52:01,475] {processor.py:161} INFO - Processing /home/airflow/.local/lib/python3.7/site-packages/airflow/example_dags/example_complex.py took 0.080 seconds
[2022-07-23 04:52:31,512] {processor.py:153} INFO - Started process (PID=1649) to work on /home/airflow/.local/lib/python3.7/site-packages/airflow/example_dags/example_complex.py
[2022-07-23 04:52:31,512] {processor.py:641} INFO - Processing file /home/airflow/.local/lib/python3.7/site-packages/airflow/example_dags/example_complex.py for tasks to queue
[2022-07-23 04:52:31,512] {logging_mixin.py:115} INFO - [2022-07-23 04:52:31,512] {dagbag.py:508} INFO - Filling up the DagBag from /home/airflow/.local/lib/python3.7/site-packages/airflow/example_dags/example_complex.py
[2022-07-23 04:52:31,524] {processor.py:651} INFO - DAG(s) dict_keys(['example_complex']) retrieved from /home/airflow/.local/lib/python3.7/site-packages/airflow/example_dags/example_complex.py
[2022-07-23 04:52:31,558] {logging_mixin.py:115} INFO - [2022-07-23 04:52:31,558] {dag.py:2420} INFO - Sync 1 DAGs
[2022-07-23 04:52:31,585] {logging_mixin.py:115} INFO - [2022-07-23 04:52:31,585] {dag.py:2972} INFO - Setting next_dagrun for example_complex to None, run_after=None
[2022-07-23 04:52:31,604] {processor.py:161} INFO - Processing /home/airflow/.local/lib/python3.7/site-packages/airflow/example_dags/example_complex.py took 0.095 seconds
[2022-07-23 04:53:01,690] {processor.py:153} INFO - Started process (PID=1710) to work on /home/airflow/.local/lib/python3.7/site-packages/airflow/example_dags/example_complex.py
[2022-07-23 04:53:01,691] {processor.py:641} INFO - Processing file /home/airflow/.local/lib/python3.7/site-packages/airflow/example_dags/example_complex.py for tasks to queue
[2022-07-23 04:53:01,691] {logging_mixin.py:115} INFO - [2022-07-23 04:53:01,691] {dagbag.py:508} INFO - Filling up the DagBag from /home/airflow/.local/lib/python3.7/site-packages/airflow/example_dags/example_complex.py
[2022-07-23 04:53:01,703] {processor.py:651} INFO - DAG(s) dict_keys(['example_complex']) retrieved from /home/airflow/.local/lib/python3.7/site-packages/airflow/example_dags/example_complex.py
[2022-07-23 04:53:01,744] {logging_mixin.py:115} INFO - [2022-07-23 04:53:01,744] {dag.py:2420} INFO - Sync 1 DAGs
[2022-07-23 04:53:01,762] {logging_mixin.py:115} INFO - [2022-07-23 04:53:01,762] {dag.py:2972} INFO - Setting next_dagrun for example_complex to None, run_after=None
[2022-07-23 04:53:01,779] {processor.py:161} INFO - Processing /home/airflow/.local/lib/python3.7/site-packages/airflow/example_dags/example_complex.py took 0.091 seconds
[2022-07-23 04:53:31,980] {processor.py:153} INFO - Started process (PID=1762) to work on /home/airflow/.local/lib/python3.7/site-packages/airflow/example_dags/example_complex.py
[2022-07-23 04:53:31,980] {processor.py:641} INFO - Processing file /home/airflow/.local/lib/python3.7/site-packages/airflow/example_dags/example_complex.py for tasks to queue
[2022-07-23 04:53:31,981] {logging_mixin.py:115} INFO - [2022-07-23 04:53:31,981] {dagbag.py:508} INFO - Filling up the DagBag from /home/airflow/.local/lib/python3.7/site-packages/airflow/example_dags/example_complex.py
[2022-07-23 04:53:31,992] {processor.py:651} INFO - DAG(s) dict_keys(['example_complex']) retrieved from /home/airflow/.local/lib/python3.7/site-packages/airflow/example_dags/example_complex.py
[2022-07-23 04:53:32,018] {logging_mixin.py:115} INFO - [2022-07-23 04:53:32,018] {dag.py:2420} INFO - Sync 1 DAGs
[2022-07-23 04:53:32,035] {logging_mixin.py:115} INFO - [2022-07-23 04:53:32,035] {dag.py:2972} INFO - Setting next_dagrun for example_complex to None, run_after=None
[2022-07-23 04:53:32,049] {processor.py:161} INFO - Processing /home/airflow/.local/lib/python3.7/site-packages/airflow/example_dags/example_complex.py took 0.071 seconds
[2022-07-23 04:54:02,551] {processor.py:153} INFO - Started process (PID=1823) to work on /home/airflow/.local/lib/python3.7/site-packages/airflow/example_dags/example_complex.py
[2022-07-23 04:54:02,551] {processor.py:641} INFO - Processing file /home/airflow/.local/lib/python3.7/site-packages/airflow/example_dags/example_complex.py for tasks to queue
[2022-07-23 04:54:02,551] {logging_mixin.py:115} INFO - [2022-07-23 04:54:02,551] {dagbag.py:508} INFO - Filling up the DagBag from /home/airflow/.local/lib/python3.7/site-packages/airflow/example_dags/example_complex.py
[2022-07-23 04:54:02,562] {processor.py:651} INFO - DAG(s) dict_keys(['example_complex']) retrieved from /home/airflow/.local/lib/python3.7/site-packages/airflow/example_dags/example_complex.py
[2022-07-23 04:54:02,589] {logging_mixin.py:115} INFO - [2022-07-23 04:54:02,589] {dag.py:2420} INFO - Sync 1 DAGs
[2022-07-23 04:54:02,608] {logging_mixin.py:115} INFO - [2022-07-23 04:54:02,607] {dag.py:2972} INFO - Setting next_dagrun for example_complex to None, run_after=None
[2022-07-23 04:54:02,622] {processor.py:161} INFO - Processing /home/airflow/.local/lib/python3.7/site-packages/airflow/example_dags/example_complex.py took 0.074 seconds
[2022-07-23 04:54:33,378] {processor.py:153} INFO - Started process (PID=1884) to work on /home/airflow/.local/lib/python3.7/site-packages/airflow/example_dags/example_complex.py
[2022-07-23 04:54:33,379] {processor.py:641} INFO - Processing file /home/airflow/.local/lib/python3.7/site-packages/airflow/example_dags/example_complex.py for tasks to queue
[2022-07-23 04:54:33,379] {logging_mixin.py:115} INFO - [2022-07-23 04:54:33,379] {dagbag.py:508} INFO - Filling up the DagBag from /home/airflow/.local/lib/python3.7/site-packages/airflow/example_dags/example_complex.py
[2022-07-23 04:54:33,391] {processor.py:651} INFO - DAG(s) dict_keys(['example_complex']) retrieved from /home/airflow/.local/lib/python3.7/site-packages/airflow/example_dags/example_complex.py
[2022-07-23 04:54:33,419] {logging_mixin.py:115} INFO - [2022-07-23 04:54:33,418] {dag.py:2420} INFO - Sync 1 DAGs
[2022-07-23 04:54:33,438] {logging_mixin.py:115} INFO - [2022-07-23 04:54:33,437] {dag.py:2972} INFO - Setting next_dagrun for example_complex to None, run_after=None
[2022-07-23 04:54:33,452] {processor.py:161} INFO - Processing /home/airflow/.local/lib/python3.7/site-packages/airflow/example_dags/example_complex.py took 0.076 seconds
[2022-07-23 04:55:04,256] {processor.py:153} INFO - Started process (PID=1936) to work on /home/airflow/.local/lib/python3.7/site-packages/airflow/example_dags/example_complex.py
[2022-07-23 04:55:04,257] {processor.py:641} INFO - Processing file /home/airflow/.local/lib/python3.7/site-packages/airflow/example_dags/example_complex.py for tasks to queue
[2022-07-23 04:55:04,257] {logging_mixin.py:115} INFO - [2022-07-23 04:55:04,257] {dagbag.py:508} INFO - Filling up the DagBag from /home/airflow/.local/lib/python3.7/site-packages/airflow/example_dags/example_complex.py
[2022-07-23 04:55:04,269] {processor.py:651} INFO - DAG(s) dict_keys(['example_complex']) retrieved from /home/airflow/.local/lib/python3.7/site-packages/airflow/example_dags/example_complex.py
[2022-07-23 04:55:04,293] {logging_mixin.py:115} INFO - [2022-07-23 04:55:04,293] {dag.py:2420} INFO - Sync 1 DAGs
[2022-07-23 04:55:04,310] {logging_mixin.py:115} INFO - [2022-07-23 04:55:04,310] {dag.py:2972} INFO - Setting next_dagrun for example_complex to None, run_after=None
[2022-07-23 04:55:04,325] {processor.py:161} INFO - Processing /home/airflow/.local/lib/python3.7/site-packages/airflow/example_dags/example_complex.py took 0.071 seconds
[2022-07-23 04:55:35,196] {processor.py:153} INFO - Started process (PID=1998) to work on /home/airflow/.local/lib/python3.7/site-packages/airflow/example_dags/example_complex.py
[2022-07-23 04:55:35,197] {processor.py:641} INFO - Processing file /home/airflow/.local/lib/python3.7/site-packages/airflow/example_dags/example_complex.py for tasks to queue
[2022-07-23 04:55:35,197] {logging_mixin.py:115} INFO - [2022-07-23 04:55:35,197] {dagbag.py:508} INFO - Filling up the DagBag from /home/airflow/.local/lib/python3.7/site-packages/airflow/example_dags/example_complex.py
[2022-07-23 04:55:35,211] {processor.py:651} INFO - DAG(s) dict_keys(['example_complex']) retrieved from /home/airflow/.local/lib/python3.7/site-packages/airflow/example_dags/example_complex.py
[2022-07-23 04:55:35,240] {logging_mixin.py:115} INFO - [2022-07-23 04:55:35,239] {dag.py:2420} INFO - Sync 1 DAGs
[2022-07-23 04:55:35,259] {logging_mixin.py:115} INFO - [2022-07-23 04:55:35,259] {dag.py:2972} INFO - Setting next_dagrun for example_complex to None, run_after=None
[2022-07-23 04:55:35,276] {processor.py:161} INFO - Processing /home/airflow/.local/lib/python3.7/site-packages/airflow/example_dags/example_complex.py took 0.082 seconds
[2022-07-23 04:56:05,503] {processor.py:153} INFO - Started process (PID=2059) to work on /home/airflow/.local/lib/python3.7/site-packages/airflow/example_dags/example_complex.py
[2022-07-23 04:56:05,504] {processor.py:641} INFO - Processing file /home/airflow/.local/lib/python3.7/site-packages/airflow/example_dags/example_complex.py for tasks to queue
[2022-07-23 04:56:05,504] {logging_mixin.py:115} INFO - [2022-07-23 04:56:05,504] {dagbag.py:508} INFO - Filling up the DagBag from /home/airflow/.local/lib/python3.7/site-packages/airflow/example_dags/example_complex.py
[2022-07-23 04:56:05,516] {processor.py:651} INFO - DAG(s) dict_keys(['example_complex']) retrieved from /home/airflow/.local/lib/python3.7/site-packages/airflow/example_dags/example_complex.py
[2022-07-23 04:56:05,551] {logging_mixin.py:115} INFO - [2022-07-23 04:56:05,551] {dag.py:2420} INFO - Sync 1 DAGs
[2022-07-23 04:56:05,573] {logging_mixin.py:115} INFO - [2022-07-23 04:56:05,573] {dag.py:2972} INFO - Setting next_dagrun for example_complex to None, run_after=None
[2022-07-23 04:56:05,591] {processor.py:161} INFO - Processing /home/airflow/.local/lib/python3.7/site-packages/airflow/example_dags/example_complex.py took 0.091 seconds
[2022-07-23 04:56:35,812] {processor.py:153} INFO - Started process (PID=2111) to work on /home/airflow/.local/lib/python3.7/site-packages/airflow/example_dags/example_complex.py
[2022-07-23 04:56:35,812] {processor.py:641} INFO - Processing file /home/airflow/.local/lib/python3.7/site-packages/airflow/example_dags/example_complex.py for tasks to queue
[2022-07-23 04:56:35,812] {logging_mixin.py:115} INFO - [2022-07-23 04:56:35,812] {dagbag.py:508} INFO - Filling up the DagBag from /home/airflow/.local/lib/python3.7/site-packages/airflow/example_dags/example_complex.py
[2022-07-23 04:56:35,824] {processor.py:651} INFO - DAG(s) dict_keys(['example_complex']) retrieved from /home/airflow/.local/lib/python3.7/site-packages/airflow/example_dags/example_complex.py
[2022-07-23 04:56:35,851] {logging_mixin.py:115} INFO - [2022-07-23 04:56:35,851] {dag.py:2420} INFO - Sync 1 DAGs
[2022-07-23 04:56:35,871] {logging_mixin.py:115} INFO - [2022-07-23 04:56:35,870] {dag.py:2972} INFO - Setting next_dagrun for example_complex to None, run_after=None
[2022-07-23 04:56:35,886] {processor.py:161} INFO - Processing /home/airflow/.local/lib/python3.7/site-packages/airflow/example_dags/example_complex.py took 0.077 seconds
[2022-07-23 04:57:05,921] {processor.py:153} INFO - Started process (PID=2172) to work on /home/airflow/.local/lib/python3.7/site-packages/airflow/example_dags/example_complex.py
[2022-07-23 04:57:05,921] {processor.py:641} INFO - Processing file /home/airflow/.local/lib/python3.7/site-packages/airflow/example_dags/example_complex.py for tasks to queue
[2022-07-23 04:57:05,922] {logging_mixin.py:115} INFO - [2022-07-23 04:57:05,922] {dagbag.py:508} INFO - Filling up the DagBag from /home/airflow/.local/lib/python3.7/site-packages/airflow/example_dags/example_complex.py
[2022-07-23 04:57:05,933] {processor.py:651} INFO - DAG(s) dict_keys(['example_complex']) retrieved from /home/airflow/.local/lib/python3.7/site-packages/airflow/example_dags/example_complex.py
[2022-07-23 04:57:05,960] {logging_mixin.py:115} INFO - [2022-07-23 04:57:05,960] {dag.py:2420} INFO - Sync 1 DAGs
[2022-07-23 04:57:05,979] {logging_mixin.py:115} INFO - [2022-07-23 04:57:05,979] {dag.py:2972} INFO - Setting next_dagrun for example_complex to None, run_after=None
[2022-07-23 04:57:05,994] {processor.py:161} INFO - Processing /home/airflow/.local/lib/python3.7/site-packages/airflow/example_dags/example_complex.py took 0.075 seconds
[2022-07-23 04:57:36,059] {processor.py:153} INFO - Started process (PID=2233) to work on /home/airflow/.local/lib/python3.7/site-packages/airflow/example_dags/example_complex.py
[2022-07-23 04:57:36,060] {processor.py:641} INFO - Processing file /home/airflow/.local/lib/python3.7/site-packages/airflow/example_dags/example_complex.py for tasks to queue
[2022-07-23 04:57:36,060] {logging_mixin.py:115} INFO - [2022-07-23 04:57:36,060] {dagbag.py:508} INFO - Filling up the DagBag from /home/airflow/.local/lib/python3.7/site-packages/airflow/example_dags/example_complex.py
[2022-07-23 04:57:36,073] {processor.py:651} INFO - DAG(s) dict_keys(['example_complex']) retrieved from /home/airflow/.local/lib/python3.7/site-packages/airflow/example_dags/example_complex.py
[2022-07-23 04:57:36,100] {logging_mixin.py:115} INFO - [2022-07-23 04:57:36,100] {dag.py:2420} INFO - Sync 1 DAGs
[2022-07-23 04:57:36,120] {logging_mixin.py:115} INFO - [2022-07-23 04:57:36,120] {dag.py:2972} INFO - Setting next_dagrun for example_complex to None, run_after=None
[2022-07-23 04:57:36,134] {processor.py:161} INFO - Processing /home/airflow/.local/lib/python3.7/site-packages/airflow/example_dags/example_complex.py took 0.078 seconds
[2022-07-23 04:58:06,326] {processor.py:153} INFO - Started process (PID=2285) to work on /home/airflow/.local/lib/python3.7/site-packages/airflow/example_dags/example_complex.py
[2022-07-23 04:58:06,326] {processor.py:641} INFO - Processing file /home/airflow/.local/lib/python3.7/site-packages/airflow/example_dags/example_complex.py for tasks to queue
[2022-07-23 04:58:06,327] {logging_mixin.py:115} INFO - [2022-07-23 04:58:06,326] {dagbag.py:508} INFO - Filling up the DagBag from /home/airflow/.local/lib/python3.7/site-packages/airflow/example_dags/example_complex.py
[2022-07-23 04:58:06,338] {processor.py:651} INFO - DAG(s) dict_keys(['example_complex']) retrieved from /home/airflow/.local/lib/python3.7/site-packages/airflow/example_dags/example_complex.py
[2022-07-23 04:58:06,367] {logging_mixin.py:115} INFO - [2022-07-23 04:58:06,367] {dag.py:2420} INFO - Sync 1 DAGs
[2022-07-23 04:58:06,386] {logging_mixin.py:115} INFO - [2022-07-23 04:58:06,386] {dag.py:2972} INFO - Setting next_dagrun for example_complex to None, run_after=None
[2022-07-23 04:58:06,404] {processor.py:161} INFO - Processing /home/airflow/.local/lib/python3.7/site-packages/airflow/example_dags/example_complex.py took 0.081 seconds
[2022-07-23 04:58:37,225] {processor.py:153} INFO - Started process (PID=2346) to work on /home/airflow/.local/lib/python3.7/site-packages/airflow/example_dags/example_complex.py
[2022-07-23 04:58:37,226] {processor.py:641} INFO - Processing file /home/airflow/.local/lib/python3.7/site-packages/airflow/example_dags/example_complex.py for tasks to queue
[2022-07-23 04:58:37,226] {logging_mixin.py:115} INFO - [2022-07-23 04:58:37,226] {dagbag.py:508} INFO - Filling up the DagBag from /home/airflow/.local/lib/python3.7/site-packages/airflow/example_dags/example_complex.py
[2022-07-23 04:58:37,241] {processor.py:651} INFO - DAG(s) dict_keys(['example_complex']) retrieved from /home/airflow/.local/lib/python3.7/site-packages/airflow/example_dags/example_complex.py
[2022-07-23 04:58:37,273] {logging_mixin.py:115} INFO - [2022-07-23 04:58:37,273] {dag.py:2420} INFO - Sync 1 DAGs
[2022-07-23 04:58:37,294] {logging_mixin.py:115} INFO - [2022-07-23 04:58:37,294] {dag.py:2972} INFO - Setting next_dagrun for example_complex to None, run_after=None
[2022-07-23 04:58:37,310] {processor.py:161} INFO - Processing /home/airflow/.local/lib/python3.7/site-packages/airflow/example_dags/example_complex.py took 0.087 seconds
[2022-07-23 04:59:08,110] {processor.py:153} INFO - Started process (PID=2407) to work on /home/airflow/.local/lib/python3.7/site-packages/airflow/example_dags/example_complex.py
[2022-07-23 04:59:08,111] {processor.py:641} INFO - Processing file /home/airflow/.local/lib/python3.7/site-packages/airflow/example_dags/example_complex.py for tasks to queue
[2022-07-23 04:59:08,111] {logging_mixin.py:115} INFO - [2022-07-23 04:59:08,111] {dagbag.py:508} INFO - Filling up the DagBag from /home/airflow/.local/lib/python3.7/site-packages/airflow/example_dags/example_complex.py
[2022-07-23 04:59:08,123] {processor.py:651} INFO - DAG(s) dict_keys(['example_complex']) retrieved from /home/airflow/.local/lib/python3.7/site-packages/airflow/example_dags/example_complex.py
[2022-07-23 04:59:08,149] {logging_mixin.py:115} INFO - [2022-07-23 04:59:08,148] {dag.py:2420} INFO - Sync 1 DAGs
[2022-07-23 04:59:08,167] {logging_mixin.py:115} INFO - [2022-07-23 04:59:08,167] {dag.py:2972} INFO - Setting next_dagrun for example_complex to None, run_after=None
[2022-07-23 04:59:08,182] {processor.py:161} INFO - Processing /home/airflow/.local/lib/python3.7/site-packages/airflow/example_dags/example_complex.py took 0.074 seconds
[2022-07-23 04:59:39,059] {processor.py:153} INFO - Started process (PID=2460) to work on /home/airflow/.local/lib/python3.7/site-packages/airflow/example_dags/example_complex.py
[2022-07-23 04:59:39,060] {processor.py:641} INFO - Processing file /home/airflow/.local/lib/python3.7/site-packages/airflow/example_dags/example_complex.py for tasks to queue
[2022-07-23 04:59:39,060] {logging_mixin.py:115} INFO - [2022-07-23 04:59:39,060] {dagbag.py:508} INFO - Filling up the DagBag from /home/airflow/.local/lib/python3.7/site-packages/airflow/example_dags/example_complex.py
[2022-07-23 04:59:39,073] {processor.py:651} INFO - DAG(s) dict_keys(['example_complex']) retrieved from /home/airflow/.local/lib/python3.7/site-packages/airflow/example_dags/example_complex.py
[2022-07-23 04:59:39,098] {logging_mixin.py:115} INFO - [2022-07-23 04:59:39,098] {dag.py:2420} INFO - Sync 1 DAGs
[2022-07-23 04:59:39,116] {logging_mixin.py:115} INFO - [2022-07-23 04:59:39,116] {dag.py:2972} INFO - Setting next_dagrun for example_complex to None, run_after=None
[2022-07-23 04:59:39,131] {processor.py:161} INFO - Processing /home/airflow/.local/lib/python3.7/site-packages/airflow/example_dags/example_complex.py took 0.074 seconds
[2022-07-23 05:00:09,921] {processor.py:153} INFO - Started process (PID=2521) to work on /home/airflow/.local/lib/python3.7/site-packages/airflow/example_dags/example_complex.py
[2022-07-23 05:00:09,922] {processor.py:641} INFO - Processing file /home/airflow/.local/lib/python3.7/site-packages/airflow/example_dags/example_complex.py for tasks to queue
[2022-07-23 05:00:09,923] {logging_mixin.py:115} INFO - [2022-07-23 05:00:09,922] {dagbag.py:508} INFO - Filling up the DagBag from /home/airflow/.local/lib/python3.7/site-packages/airflow/example_dags/example_complex.py
[2022-07-23 05:00:09,941] {processor.py:651} INFO - DAG(s) dict_keys(['example_complex']) retrieved from /home/airflow/.local/lib/python3.7/site-packages/airflow/example_dags/example_complex.py
[2022-07-23 05:00:09,977] {logging_mixin.py:115} INFO - [2022-07-23 05:00:09,977] {dag.py:2420} INFO - Sync 1 DAGs
[2022-07-23 05:00:10,005] {logging_mixin.py:115} INFO - [2022-07-23 05:00:10,005] {dag.py:2972} INFO - Setting next_dagrun for example_complex to None, run_after=None
[2022-07-23 05:00:10,035] {processor.py:161} INFO - Processing /home/airflow/.local/lib/python3.7/site-packages/airflow/example_dags/example_complex.py took 0.117 seconds
[2022-07-23 05:00:40,715] {processor.py:153} INFO - Started process (PID=2582) to work on /home/airflow/.local/lib/python3.7/site-packages/airflow/example_dags/example_complex.py
[2022-07-23 05:00:40,716] {processor.py:641} INFO - Processing file /home/airflow/.local/lib/python3.7/site-packages/airflow/example_dags/example_complex.py for tasks to queue
[2022-07-23 05:00:40,716] {logging_mixin.py:115} INFO - [2022-07-23 05:00:40,716] {dagbag.py:508} INFO - Filling up the DagBag from /home/airflow/.local/lib/python3.7/site-packages/airflow/example_dags/example_complex.py
[2022-07-23 05:00:40,728] {processor.py:651} INFO - DAG(s) dict_keys(['example_complex']) retrieved from /home/airflow/.local/lib/python3.7/site-packages/airflow/example_dags/example_complex.py
[2022-07-23 05:00:40,752] {logging_mixin.py:115} INFO - [2022-07-23 05:00:40,752] {dag.py:2420} INFO - Sync 1 DAGs
[2022-07-23 05:00:40,771] {logging_mixin.py:115} INFO - [2022-07-23 05:00:40,771] {dag.py:2972} INFO - Setting next_dagrun for example_complex to None, run_after=None
[2022-07-23 05:00:40,786] {processor.py:161} INFO - Processing /home/airflow/.local/lib/python3.7/site-packages/airflow/example_dags/example_complex.py took 0.073 seconds
[2022-07-23 05:01:11,235] {processor.py:153} INFO - Started process (PID=2634) to work on /home/airflow/.local/lib/python3.7/site-packages/airflow/example_dags/example_complex.py
[2022-07-23 05:01:11,235] {processor.py:641} INFO - Processing file /home/airflow/.local/lib/python3.7/site-packages/airflow/example_dags/example_complex.py for tasks to queue
[2022-07-23 05:01:11,235] {logging_mixin.py:115} INFO - [2022-07-23 05:01:11,235] {dagbag.py:508} INFO - Filling up the DagBag from /home/airflow/.local/lib/python3.7/site-packages/airflow/example_dags/example_complex.py
[2022-07-23 05:01:11,247] {processor.py:651} INFO - DAG(s) dict_keys(['example_complex']) retrieved from /home/airflow/.local/lib/python3.7/site-packages/airflow/example_dags/example_complex.py
[2022-07-23 05:01:11,273] {logging_mixin.py:115} INFO - [2022-07-23 05:01:11,273] {dag.py:2420} INFO - Sync 1 DAGs
[2022-07-23 05:01:11,292] {logging_mixin.py:115} INFO - [2022-07-23 05:01:11,292] {dag.py:2972} INFO - Setting next_dagrun for example_complex to None, run_after=None
[2022-07-23 05:01:11,307] {processor.py:161} INFO - Processing /home/airflow/.local/lib/python3.7/site-packages/airflow/example_dags/example_complex.py took 0.075 seconds
[2022-07-23 05:01:41,900] {processor.py:153} INFO - Started process (PID=2695) to work on /home/airflow/.local/lib/python3.7/site-packages/airflow/example_dags/example_complex.py
[2022-07-23 05:01:41,900] {processor.py:641} INFO - Processing file /home/airflow/.local/lib/python3.7/site-packages/airflow/example_dags/example_complex.py for tasks to queue
[2022-07-23 05:01:41,900] {logging_mixin.py:115} INFO - [2022-07-23 05:01:41,900] {dagbag.py:508} INFO - Filling up the DagBag from /home/airflow/.local/lib/python3.7/site-packages/airflow/example_dags/example_complex.py
[2022-07-23 05:01:41,911] {processor.py:651} INFO - DAG(s) dict_keys(['example_complex']) retrieved from /home/airflow/.local/lib/python3.7/site-packages/airflow/example_dags/example_complex.py
[2022-07-23 05:01:41,935] {logging_mixin.py:115} INFO - [2022-07-23 05:01:41,935] {dag.py:2420} INFO - Sync 1 DAGs
[2022-07-23 05:01:41,952] {logging_mixin.py:115} INFO - [2022-07-23 05:01:41,952] {dag.py:2972} INFO - Setting next_dagrun for example_complex to None, run_after=None
[2022-07-23 05:01:41,969] {processor.py:161} INFO - Processing /home/airflow/.local/lib/python3.7/site-packages/airflow/example_dags/example_complex.py took 0.071 seconds
[2022-07-23 05:02:12,571] {processor.py:153} INFO - Started process (PID=2756) to work on /home/airflow/.local/lib/python3.7/site-packages/airflow/example_dags/example_complex.py
[2022-07-23 05:02:12,571] {processor.py:641} INFO - Processing file /home/airflow/.local/lib/python3.7/site-packages/airflow/example_dags/example_complex.py for tasks to queue
[2022-07-23 05:02:12,572] {logging_mixin.py:115} INFO - [2022-07-23 05:02:12,572] {dagbag.py:508} INFO - Filling up the DagBag from /home/airflow/.local/lib/python3.7/site-packages/airflow/example_dags/example_complex.py
[2022-07-23 05:02:12,583] {processor.py:651} INFO - DAG(s) dict_keys(['example_complex']) retrieved from /home/airflow/.local/lib/python3.7/site-packages/airflow/example_dags/example_complex.py
[2022-07-23 05:02:12,620] {logging_mixin.py:115} INFO - [2022-07-23 05:02:12,620] {dag.py:2420} INFO - Sync 1 DAGs
[2022-07-23 05:02:12,645] {logging_mixin.py:115} INFO - [2022-07-23 05:02:12,645] {dag.py:2972} INFO - Setting next_dagrun for example_complex to None, run_after=None
[2022-07-23 05:02:12,662] {processor.py:161} INFO - Processing /home/airflow/.local/lib/python3.7/site-packages/airflow/example_dags/example_complex.py took 0.094 seconds
[2022-07-23 05:02:43,547] {processor.py:153} INFO - Started process (PID=2818) to work on /home/airflow/.local/lib/python3.7/site-packages/airflow/example_dags/example_complex.py
[2022-07-23 05:02:43,548] {processor.py:641} INFO - Processing file /home/airflow/.local/lib/python3.7/site-packages/airflow/example_dags/example_complex.py for tasks to queue
[2022-07-23 05:02:43,548] {logging_mixin.py:115} INFO - [2022-07-23 05:02:43,548] {dagbag.py:508} INFO - Filling up the DagBag from /home/airflow/.local/lib/python3.7/site-packages/airflow/example_dags/example_complex.py
[2022-07-23 05:02:43,560] {processor.py:651} INFO - DAG(s) dict_keys(['example_complex']) retrieved from /home/airflow/.local/lib/python3.7/site-packages/airflow/example_dags/example_complex.py
[2022-07-23 05:02:43,584] {logging_mixin.py:115} INFO - [2022-07-23 05:02:43,584] {dag.py:2420} INFO - Sync 1 DAGs
[2022-07-23 05:02:43,603] {logging_mixin.py:115} INFO - [2022-07-23 05:02:43,603] {dag.py:2972} INFO - Setting next_dagrun for example_complex to None, run_after=None
[2022-07-23 05:02:43,619] {processor.py:161} INFO - Processing /home/airflow/.local/lib/python3.7/site-packages/airflow/example_dags/example_complex.py took 0.074 seconds
[2022-07-23 05:03:14,448] {processor.py:153} INFO - Started process (PID=2870) to work on /home/airflow/.local/lib/python3.7/site-packages/airflow/example_dags/example_complex.py
[2022-07-23 05:03:14,449] {processor.py:641} INFO - Processing file /home/airflow/.local/lib/python3.7/site-packages/airflow/example_dags/example_complex.py for tasks to queue
[2022-07-23 05:03:14,449] {logging_mixin.py:115} INFO - [2022-07-23 05:03:14,449] {dagbag.py:508} INFO - Filling up the DagBag from /home/airflow/.local/lib/python3.7/site-packages/airflow/example_dags/example_complex.py
[2022-07-23 05:03:14,461] {processor.py:651} INFO - DAG(s) dict_keys(['example_complex']) retrieved from /home/airflow/.local/lib/python3.7/site-packages/airflow/example_dags/example_complex.py
[2022-07-23 05:03:14,490] {logging_mixin.py:115} INFO - [2022-07-23 05:03:14,490] {dag.py:2420} INFO - Sync 1 DAGs
[2022-07-23 05:03:14,511] {logging_mixin.py:115} INFO - [2022-07-23 05:03:14,511] {dag.py:2972} INFO - Setting next_dagrun for example_complex to None, run_after=None
[2022-07-23 05:03:14,528] {processor.py:161} INFO - Processing /home/airflow/.local/lib/python3.7/site-packages/airflow/example_dags/example_complex.py took 0.083 seconds
[2022-07-23 05:03:45,245] {processor.py:153} INFO - Started process (PID=2931) to work on /home/airflow/.local/lib/python3.7/site-packages/airflow/example_dags/example_complex.py
[2022-07-23 05:03:45,245] {processor.py:641} INFO - Processing file /home/airflow/.local/lib/python3.7/site-packages/airflow/example_dags/example_complex.py for tasks to queue
[2022-07-23 05:03:45,246] {logging_mixin.py:115} INFO - [2022-07-23 05:03:45,246] {dagbag.py:508} INFO - Filling up the DagBag from /home/airflow/.local/lib/python3.7/site-packages/airflow/example_dags/example_complex.py
[2022-07-23 05:03:45,257] {processor.py:651} INFO - DAG(s) dict_keys(['example_complex']) retrieved from /home/airflow/.local/lib/python3.7/site-packages/airflow/example_dags/example_complex.py
[2022-07-23 05:03:45,283] {logging_mixin.py:115} INFO - [2022-07-23 05:03:45,283] {dag.py:2420} INFO - Sync 1 DAGs
[2022-07-23 05:03:45,300] {logging_mixin.py:115} INFO - [2022-07-23 05:03:45,300] {dag.py:2972} INFO - Setting next_dagrun for example_complex to None, run_after=None
[2022-07-23 05:03:45,314] {processor.py:161} INFO - Processing /home/airflow/.local/lib/python3.7/site-packages/airflow/example_dags/example_complex.py took 0.072 seconds
[2022-07-23 05:04:15,838] {processor.py:153} INFO - Started process (PID=2992) to work on /home/airflow/.local/lib/python3.7/site-packages/airflow/example_dags/example_complex.py
[2022-07-23 05:04:15,839] {processor.py:641} INFO - Processing file /home/airflow/.local/lib/python3.7/site-packages/airflow/example_dags/example_complex.py for tasks to queue
[2022-07-23 05:04:15,839] {logging_mixin.py:115} INFO - [2022-07-23 05:04:15,839] {dagbag.py:508} INFO - Filling up the DagBag from /home/airflow/.local/lib/python3.7/site-packages/airflow/example_dags/example_complex.py
[2022-07-23 05:04:15,852] {processor.py:651} INFO - DAG(s) dict_keys(['example_complex']) retrieved from /home/airflow/.local/lib/python3.7/site-packages/airflow/example_dags/example_complex.py
[2022-07-23 05:04:15,889] {logging_mixin.py:115} INFO - [2022-07-23 05:04:15,889] {dag.py:2420} INFO - Sync 1 DAGs
[2022-07-23 05:04:15,933] {logging_mixin.py:115} INFO - [2022-07-23 05:04:15,933] {dag.py:2972} INFO - Setting next_dagrun for example_complex to None, run_after=None
[2022-07-23 05:04:15,953] {processor.py:161} INFO - Processing /home/airflow/.local/lib/python3.7/site-packages/airflow/example_dags/example_complex.py took 0.118 seconds
[2022-07-23 05:04:46,554] {processor.py:153} INFO - Started process (PID=3044) to work on /home/airflow/.local/lib/python3.7/site-packages/airflow/example_dags/example_complex.py
[2022-07-23 05:04:46,555] {processor.py:641} INFO - Processing file /home/airflow/.local/lib/python3.7/site-packages/airflow/example_dags/example_complex.py for tasks to queue
[2022-07-23 05:04:46,555] {logging_mixin.py:115} INFO - [2022-07-23 05:04:46,555] {dagbag.py:508} INFO - Filling up the DagBag from /home/airflow/.local/lib/python3.7/site-packages/airflow/example_dags/example_complex.py
[2022-07-23 05:04:46,572] {processor.py:651} INFO - DAG(s) dict_keys(['example_complex']) retrieved from /home/airflow/.local/lib/python3.7/site-packages/airflow/example_dags/example_complex.py
[2022-07-23 05:04:46,609] {logging_mixin.py:115} INFO - [2022-07-23 05:04:46,609] {dag.py:2420} INFO - Sync 1 DAGs
[2022-07-23 05:04:46,630] {logging_mixin.py:115} INFO - [2022-07-23 05:04:46,630] {dag.py:2972} INFO - Setting next_dagrun for example_complex to None, run_after=None
[2022-07-23 05:04:46,652] {processor.py:161} INFO - Processing /home/airflow/.local/lib/python3.7/site-packages/airflow/example_dags/example_complex.py took 0.100 seconds
[2022-07-23 05:05:17,222] {processor.py:153} INFO - Started process (PID=3105) to work on /home/airflow/.local/lib/python3.7/site-packages/airflow/example_dags/example_complex.py
[2022-07-23 05:05:17,223] {processor.py:641} INFO - Processing file /home/airflow/.local/lib/python3.7/site-packages/airflow/example_dags/example_complex.py for tasks to queue
[2022-07-23 05:05:17,223] {logging_mixin.py:115} INFO - [2022-07-23 05:05:17,223] {dagbag.py:508} INFO - Filling up the DagBag from /home/airflow/.local/lib/python3.7/site-packages/airflow/example_dags/example_complex.py
[2022-07-23 05:05:17,235] {processor.py:651} INFO - DAG(s) dict_keys(['example_complex']) retrieved from /home/airflow/.local/lib/python3.7/site-packages/airflow/example_dags/example_complex.py
[2022-07-23 05:05:17,262] {logging_mixin.py:115} INFO - [2022-07-23 05:05:17,262] {dag.py:2420} INFO - Sync 1 DAGs
[2022-07-23 05:05:17,280] {logging_mixin.py:115} INFO - [2022-07-23 05:05:17,280] {dag.py:2972} INFO - Setting next_dagrun for example_complex to None, run_after=None
[2022-07-23 05:05:17,293] {processor.py:161} INFO - Processing /home/airflow/.local/lib/python3.7/site-packages/airflow/example_dags/example_complex.py took 0.073 seconds
[2022-07-23 05:05:47,789] {processor.py:153} INFO - Started process (PID=3166) to work on /home/airflow/.local/lib/python3.7/site-packages/airflow/example_dags/example_complex.py
[2022-07-23 05:05:47,790] {processor.py:641} INFO - Processing file /home/airflow/.local/lib/python3.7/site-packages/airflow/example_dags/example_complex.py for tasks to queue
[2022-07-23 05:05:47,790] {logging_mixin.py:115} INFO - [2022-07-23 05:05:47,790] {dagbag.py:508} INFO - Filling up the DagBag from /home/airflow/.local/lib/python3.7/site-packages/airflow/example_dags/example_complex.py
[2022-07-23 05:05:47,806] {processor.py:651} INFO - DAG(s) dict_keys(['example_complex']) retrieved from /home/airflow/.local/lib/python3.7/site-packages/airflow/example_dags/example_complex.py
[2022-07-23 05:05:47,837] {logging_mixin.py:115} INFO - [2022-07-23 05:05:47,837] {dag.py:2420} INFO - Sync 1 DAGs
[2022-07-23 05:05:47,860] {logging_mixin.py:115} INFO - [2022-07-23 05:05:47,859] {dag.py:2972} INFO - Setting next_dagrun for example_complex to None, run_after=None
[2022-07-23 05:05:47,878] {processor.py:161} INFO - Processing /home/airflow/.local/lib/python3.7/site-packages/airflow/example_dags/example_complex.py took 0.092 seconds
[2022-07-23 05:06:18,207] {processor.py:153} INFO - Started process (PID=3218) to work on /home/airflow/.local/lib/python3.7/site-packages/airflow/example_dags/example_complex.py
[2022-07-23 05:06:18,207] {processor.py:641} INFO - Processing file /home/airflow/.local/lib/python3.7/site-packages/airflow/example_dags/example_complex.py for tasks to queue
[2022-07-23 05:06:18,208] {logging_mixin.py:115} INFO - [2022-07-23 05:06:18,208] {dagbag.py:508} INFO - Filling up the DagBag from /home/airflow/.local/lib/python3.7/site-packages/airflow/example_dags/example_complex.py
[2022-07-23 05:06:18,222] {processor.py:651} INFO - DAG(s) dict_keys(['example_complex']) retrieved from /home/airflow/.local/lib/python3.7/site-packages/airflow/example_dags/example_complex.py
[2022-07-23 05:06:18,255] {logging_mixin.py:115} INFO - [2022-07-23 05:06:18,255] {dag.py:2420} INFO - Sync 1 DAGs
[2022-07-23 05:06:18,280] {logging_mixin.py:115} INFO - [2022-07-23 05:06:18,280] {dag.py:2972} INFO - Setting next_dagrun for example_complex to None, run_after=None
[2022-07-23 05:06:18,308] {processor.py:161} INFO - Processing /home/airflow/.local/lib/python3.7/site-packages/airflow/example_dags/example_complex.py took 0.105 seconds
[2022-07-23 05:06:48,711] {processor.py:153} INFO - Started process (PID=3280) to work on /home/airflow/.local/lib/python3.7/site-packages/airflow/example_dags/example_complex.py
[2022-07-23 05:06:48,712] {processor.py:641} INFO - Processing file /home/airflow/.local/lib/python3.7/site-packages/airflow/example_dags/example_complex.py for tasks to queue
[2022-07-23 05:06:48,712] {logging_mixin.py:115} INFO - [2022-07-23 05:06:48,712] {dagbag.py:508} INFO - Filling up the DagBag from /home/airflow/.local/lib/python3.7/site-packages/airflow/example_dags/example_complex.py
[2022-07-23 05:06:48,724] {processor.py:651} INFO - DAG(s) dict_keys(['example_complex']) retrieved from /home/airflow/.local/lib/python3.7/site-packages/airflow/example_dags/example_complex.py
[2022-07-23 05:06:48,753] {logging_mixin.py:115} INFO - [2022-07-23 05:06:48,753] {dag.py:2420} INFO - Sync 1 DAGs
[2022-07-23 05:06:48,773] {logging_mixin.py:115} INFO - [2022-07-23 05:06:48,773] {dag.py:2972} INFO - Setting next_dagrun for example_complex to None, run_after=None
[2022-07-23 05:06:48,789] {processor.py:161} INFO - Processing /home/airflow/.local/lib/python3.7/site-packages/airflow/example_dags/example_complex.py took 0.080 seconds
[2022-07-23 05:07:18,999] {processor.py:153} INFO - Started process (PID=3332) to work on /home/airflow/.local/lib/python3.7/site-packages/airflow/example_dags/example_complex.py
[2022-07-23 05:07:19,000] {processor.py:641} INFO - Processing file /home/airflow/.local/lib/python3.7/site-packages/airflow/example_dags/example_complex.py for tasks to queue
[2022-07-23 05:07:19,000] {logging_mixin.py:115} INFO - [2022-07-23 05:07:19,000] {dagbag.py:508} INFO - Filling up the DagBag from /home/airflow/.local/lib/python3.7/site-packages/airflow/example_dags/example_complex.py
[2022-07-23 05:07:19,014] {processor.py:651} INFO - DAG(s) dict_keys(['example_complex']) retrieved from /home/airflow/.local/lib/python3.7/site-packages/airflow/example_dags/example_complex.py
[2022-07-23 05:07:19,064] {logging_mixin.py:115} INFO - [2022-07-23 05:07:19,064] {dag.py:2420} INFO - Sync 1 DAGs
[2022-07-23 05:07:19,086] {logging_mixin.py:115} INFO - [2022-07-23 05:07:19,086] {dag.py:2972} INFO - Setting next_dagrun for example_complex to None, run_after=None
[2022-07-23 05:07:19,121] {processor.py:161} INFO - Processing /home/airflow/.local/lib/python3.7/site-packages/airflow/example_dags/example_complex.py took 0.124 seconds
[2022-07-23 05:07:49,707] {processor.py:153} INFO - Started process (PID=3393) to work on /home/airflow/.local/lib/python3.7/site-packages/airflow/example_dags/example_complex.py
[2022-07-23 05:07:49,707] {processor.py:641} INFO - Processing file /home/airflow/.local/lib/python3.7/site-packages/airflow/example_dags/example_complex.py for tasks to queue
[2022-07-23 05:07:49,708] {logging_mixin.py:115} INFO - [2022-07-23 05:07:49,708] {dagbag.py:508} INFO - Filling up the DagBag from /home/airflow/.local/lib/python3.7/site-packages/airflow/example_dags/example_complex.py
[2022-07-23 05:07:49,720] {processor.py:651} INFO - DAG(s) dict_keys(['example_complex']) retrieved from /home/airflow/.local/lib/python3.7/site-packages/airflow/example_dags/example_complex.py
[2022-07-23 05:07:49,751] {logging_mixin.py:115} INFO - [2022-07-23 05:07:49,751] {dag.py:2420} INFO - Sync 1 DAGs
[2022-07-23 05:07:49,772] {logging_mixin.py:115} INFO - [2022-07-23 05:07:49,772] {dag.py:2972} INFO - Setting next_dagrun for example_complex to None, run_after=None
[2022-07-23 05:07:49,791] {processor.py:161} INFO - Processing /home/airflow/.local/lib/python3.7/site-packages/airflow/example_dags/example_complex.py took 0.087 seconds
[2022-07-23 05:08:20,325] {processor.py:153} INFO - Started process (PID=3454) to work on /home/airflow/.local/lib/python3.7/site-packages/airflow/example_dags/example_complex.py
[2022-07-23 05:08:20,326] {processor.py:641} INFO - Processing file /home/airflow/.local/lib/python3.7/site-packages/airflow/example_dags/example_complex.py for tasks to queue
[2022-07-23 05:08:20,327] {logging_mixin.py:115} INFO - [2022-07-23 05:08:20,327] {dagbag.py:508} INFO - Filling up the DagBag from /home/airflow/.local/lib/python3.7/site-packages/airflow/example_dags/example_complex.py
[2022-07-23 05:08:20,340] {processor.py:651} INFO - DAG(s) dict_keys(['example_complex']) retrieved from /home/airflow/.local/lib/python3.7/site-packages/airflow/example_dags/example_complex.py
[2022-07-23 05:08:20,371] {logging_mixin.py:115} INFO - [2022-07-23 05:08:20,371] {dag.py:2420} INFO - Sync 1 DAGs
[2022-07-23 05:08:20,393] {logging_mixin.py:115} INFO - [2022-07-23 05:08:20,393] {dag.py:2972} INFO - Setting next_dagrun for example_complex to None, run_after=None
[2022-07-23 05:08:20,413] {processor.py:161} INFO - Processing /home/airflow/.local/lib/python3.7/site-packages/airflow/example_dags/example_complex.py took 0.091 seconds
[2022-07-23 05:08:51,310] {processor.py:153} INFO - Started process (PID=3506) to work on /home/airflow/.local/lib/python3.7/site-packages/airflow/example_dags/example_complex.py
[2022-07-23 05:08:51,311] {processor.py:641} INFO - Processing file /home/airflow/.local/lib/python3.7/site-packages/airflow/example_dags/example_complex.py for tasks to queue
[2022-07-23 05:08:51,311] {logging_mixin.py:115} INFO - [2022-07-23 05:08:51,311] {dagbag.py:508} INFO - Filling up the DagBag from /home/airflow/.local/lib/python3.7/site-packages/airflow/example_dags/example_complex.py
[2022-07-23 05:08:51,326] {processor.py:651} INFO - DAG(s) dict_keys(['example_complex']) retrieved from /home/airflow/.local/lib/python3.7/site-packages/airflow/example_dags/example_complex.py
[2022-07-23 05:08:51,377] {logging_mixin.py:115} INFO - [2022-07-23 05:08:51,377] {dag.py:2420} INFO - Sync 1 DAGs
[2022-07-23 05:08:51,402] {logging_mixin.py:115} INFO - [2022-07-23 05:08:51,402] {dag.py:2972} INFO - Setting next_dagrun for example_complex to None, run_after=None
[2022-07-23 05:08:51,422] {processor.py:161} INFO - Processing /home/airflow/.local/lib/python3.7/site-packages/airflow/example_dags/example_complex.py took 0.114 seconds
[2022-07-23 05:09:21,461] {processor.py:153} INFO - Started process (PID=3567) to work on /home/airflow/.local/lib/python3.7/site-packages/airflow/example_dags/example_complex.py
[2022-07-23 05:09:21,461] {processor.py:641} INFO - Processing file /home/airflow/.local/lib/python3.7/site-packages/airflow/example_dags/example_complex.py for tasks to queue
[2022-07-23 05:09:21,462] {logging_mixin.py:115} INFO - [2022-07-23 05:09:21,462] {dagbag.py:508} INFO - Filling up the DagBag from /home/airflow/.local/lib/python3.7/site-packages/airflow/example_dags/example_complex.py
[2022-07-23 05:09:21,475] {processor.py:651} INFO - DAG(s) dict_keys(['example_complex']) retrieved from /home/airflow/.local/lib/python3.7/site-packages/airflow/example_dags/example_complex.py
[2022-07-23 05:09:21,513] {logging_mixin.py:115} INFO - [2022-07-23 05:09:21,513] {dag.py:2420} INFO - Sync 1 DAGs
[2022-07-23 05:09:21,535] {logging_mixin.py:115} INFO - [2022-07-23 05:09:21,535] {dag.py:2972} INFO - Setting next_dagrun for example_complex to None, run_after=None
[2022-07-23 05:09:21,552] {processor.py:161} INFO - Processing /home/airflow/.local/lib/python3.7/site-packages/airflow/example_dags/example_complex.py took 0.094 seconds
[2022-07-23 05:09:52,237] {processor.py:153} INFO - Started process (PID=3619) to work on /home/airflow/.local/lib/python3.7/site-packages/airflow/example_dags/example_complex.py
[2022-07-23 05:09:52,243] {processor.py:641} INFO - Processing file /home/airflow/.local/lib/python3.7/site-packages/airflow/example_dags/example_complex.py for tasks to queue
[2022-07-23 05:09:52,244] {logging_mixin.py:115} INFO - [2022-07-23 05:09:52,244] {dagbag.py:508} INFO - Filling up the DagBag from /home/airflow/.local/lib/python3.7/site-packages/airflow/example_dags/example_complex.py
[2022-07-23 05:09:52,260] {processor.py:651} INFO - DAG(s) dict_keys(['example_complex']) retrieved from /home/airflow/.local/lib/python3.7/site-packages/airflow/example_dags/example_complex.py
[2022-07-23 05:09:52,306] {logging_mixin.py:115} INFO - [2022-07-23 05:09:52,305] {dag.py:2420} INFO - Sync 1 DAGs
[2022-07-23 05:09:52,333] {logging_mixin.py:115} INFO - [2022-07-23 05:09:52,333] {dag.py:2972} INFO - Setting next_dagrun for example_complex to None, run_after=None
[2022-07-23 05:09:52,355] {processor.py:161} INFO - Processing /home/airflow/.local/lib/python3.7/site-packages/airflow/example_dags/example_complex.py took 0.130 seconds
[2022-07-23 05:10:22,814] {processor.py:153} INFO - Started process (PID=3681) to work on /home/airflow/.local/lib/python3.7/site-packages/airflow/example_dags/example_complex.py
[2022-07-23 05:10:22,815] {processor.py:641} INFO - Processing file /home/airflow/.local/lib/python3.7/site-packages/airflow/example_dags/example_complex.py for tasks to queue
[2022-07-23 05:10:22,815] {logging_mixin.py:115} INFO - [2022-07-23 05:10:22,815] {dagbag.py:508} INFO - Filling up the DagBag from /home/airflow/.local/lib/python3.7/site-packages/airflow/example_dags/example_complex.py
[2022-07-23 05:10:22,827] {processor.py:651} INFO - DAG(s) dict_keys(['example_complex']) retrieved from /home/airflow/.local/lib/python3.7/site-packages/airflow/example_dags/example_complex.py
[2022-07-23 05:10:22,854] {logging_mixin.py:115} INFO - [2022-07-23 05:10:22,854] {dag.py:2420} INFO - Sync 1 DAGs
[2022-07-23 05:10:22,874] {logging_mixin.py:115} INFO - [2022-07-23 05:10:22,873] {dag.py:2972} INFO - Setting next_dagrun for example_complex to None, run_after=None
[2022-07-23 05:10:22,892] {processor.py:161} INFO - Processing /home/airflow/.local/lib/python3.7/site-packages/airflow/example_dags/example_complex.py took 0.080 seconds
[2022-07-23 05:10:53,051] {processor.py:153} INFO - Started process (PID=3742) to work on /home/airflow/.local/lib/python3.7/site-packages/airflow/example_dags/example_complex.py
[2022-07-23 05:10:53,052] {processor.py:641} INFO - Processing file /home/airflow/.local/lib/python3.7/site-packages/airflow/example_dags/example_complex.py for tasks to queue
[2022-07-23 05:10:53,052] {logging_mixin.py:115} INFO - [2022-07-23 05:10:53,052] {dagbag.py:508} INFO - Filling up the DagBag from /home/airflow/.local/lib/python3.7/site-packages/airflow/example_dags/example_complex.py
[2022-07-23 05:10:53,064] {processor.py:651} INFO - DAG(s) dict_keys(['example_complex']) retrieved from /home/airflow/.local/lib/python3.7/site-packages/airflow/example_dags/example_complex.py
[2022-07-23 05:10:53,089] {logging_mixin.py:115} INFO - [2022-07-23 05:10:53,089] {dag.py:2420} INFO - Sync 1 DAGs
[2022-07-23 05:10:53,106] {logging_mixin.py:115} INFO - [2022-07-23 05:10:53,106] {dag.py:2972} INFO - Setting next_dagrun for example_complex to None, run_after=None
[2022-07-23 05:10:53,121] {processor.py:161} INFO - Processing /home/airflow/.local/lib/python3.7/site-packages/airflow/example_dags/example_complex.py took 0.072 seconds
[2022-07-23 05:11:23,310] {processor.py:153} INFO - Started process (PID=3794) to work on /home/airflow/.local/lib/python3.7/site-packages/airflow/example_dags/example_complex.py
[2022-07-23 05:11:23,311] {processor.py:641} INFO - Processing file /home/airflow/.local/lib/python3.7/site-packages/airflow/example_dags/example_complex.py for tasks to queue
[2022-07-23 05:11:23,311] {logging_mixin.py:115} INFO - [2022-07-23 05:11:23,311] {dagbag.py:508} INFO - Filling up the DagBag from /home/airflow/.local/lib/python3.7/site-packages/airflow/example_dags/example_complex.py
[2022-07-23 05:11:23,324] {processor.py:651} INFO - DAG(s) dict_keys(['example_complex']) retrieved from /home/airflow/.local/lib/python3.7/site-packages/airflow/example_dags/example_complex.py
[2022-07-23 05:11:23,351] {logging_mixin.py:115} INFO - [2022-07-23 05:11:23,351] {dag.py:2420} INFO - Sync 1 DAGs
[2022-07-23 05:11:23,370] {logging_mixin.py:115} INFO - [2022-07-23 05:11:23,370] {dag.py:2972} INFO - Setting next_dagrun for example_complex to None, run_after=None
[2022-07-23 05:11:23,386] {processor.py:161} INFO - Processing /home/airflow/.local/lib/python3.7/site-packages/airflow/example_dags/example_complex.py took 0.079 seconds
[2022-07-23 05:11:53,625] {processor.py:153} INFO - Started process (PID=3854) to work on /home/airflow/.local/lib/python3.7/site-packages/airflow/example_dags/example_complex.py
[2022-07-23 05:11:53,626] {processor.py:641} INFO - Processing file /home/airflow/.local/lib/python3.7/site-packages/airflow/example_dags/example_complex.py for tasks to queue
[2022-07-23 05:11:53,626] {logging_mixin.py:115} INFO - [2022-07-23 05:11:53,626] {dagbag.py:508} INFO - Filling up the DagBag from /home/airflow/.local/lib/python3.7/site-packages/airflow/example_dags/example_complex.py
[2022-07-23 05:11:53,638] {processor.py:651} INFO - DAG(s) dict_keys(['example_complex']) retrieved from /home/airflow/.local/lib/python3.7/site-packages/airflow/example_dags/example_complex.py
[2022-07-23 05:11:53,663] {logging_mixin.py:115} INFO - [2022-07-23 05:11:53,663] {dag.py:2420} INFO - Sync 1 DAGs
[2022-07-23 05:11:53,682] {logging_mixin.py:115} INFO - [2022-07-23 05:11:53,682] {dag.py:2972} INFO - Setting next_dagrun for example_complex to None, run_after=None
[2022-07-23 05:11:53,700] {processor.py:161} INFO - Processing /home/airflow/.local/lib/python3.7/site-packages/airflow/example_dags/example_complex.py took 0.077 seconds
[2022-07-23 05:12:23,983] {processor.py:153} INFO - Started process (PID=3915) to work on /home/airflow/.local/lib/python3.7/site-packages/airflow/example_dags/example_complex.py
[2022-07-23 05:12:23,984] {processor.py:641} INFO - Processing file /home/airflow/.local/lib/python3.7/site-packages/airflow/example_dags/example_complex.py for tasks to queue
[2022-07-23 05:12:23,984] {logging_mixin.py:115} INFO - [2022-07-23 05:12:23,984] {dagbag.py:508} INFO - Filling up the DagBag from /home/airflow/.local/lib/python3.7/site-packages/airflow/example_dags/example_complex.py
[2022-07-23 05:12:23,996] {processor.py:651} INFO - DAG(s) dict_keys(['example_complex']) retrieved from /home/airflow/.local/lib/python3.7/site-packages/airflow/example_dags/example_complex.py
[2022-07-23 05:12:24,022] {logging_mixin.py:115} INFO - [2022-07-23 05:12:24,022] {dag.py:2420} INFO - Sync 1 DAGs
[2022-07-23 05:12:24,041] {logging_mixin.py:115} INFO - [2022-07-23 05:12:24,041] {dag.py:2972} INFO - Setting next_dagrun for example_complex to None, run_after=None
[2022-07-23 05:12:24,057] {processor.py:161} INFO - Processing /home/airflow/.local/lib/python3.7/site-packages/airflow/example_dags/example_complex.py took 0.076 seconds
[2022-07-23 05:12:54,339] {processor.py:153} INFO - Started process (PID=3968) to work on /home/airflow/.local/lib/python3.7/site-packages/airflow/example_dags/example_complex.py
[2022-07-23 05:12:54,340] {processor.py:641} INFO - Processing file /home/airflow/.local/lib/python3.7/site-packages/airflow/example_dags/example_complex.py for tasks to queue
[2022-07-23 05:12:54,340] {logging_mixin.py:115} INFO - [2022-07-23 05:12:54,340] {dagbag.py:508} INFO - Filling up the DagBag from /home/airflow/.local/lib/python3.7/site-packages/airflow/example_dags/example_complex.py
[2022-07-23 05:12:54,354] {processor.py:651} INFO - DAG(s) dict_keys(['example_complex']) retrieved from /home/airflow/.local/lib/python3.7/site-packages/airflow/example_dags/example_complex.py
[2022-07-23 05:12:54,388] {logging_mixin.py:115} INFO - [2022-07-23 05:12:54,388] {dag.py:2420} INFO - Sync 1 DAGs
[2022-07-23 05:12:54,411] {logging_mixin.py:115} INFO - [2022-07-23 05:12:54,411] {dag.py:2972} INFO - Setting next_dagrun for example_complex to None, run_after=None
[2022-07-23 05:12:54,427] {processor.py:161} INFO - Processing /home/airflow/.local/lib/python3.7/site-packages/airflow/example_dags/example_complex.py took 0.090 seconds
[2022-07-23 05:13:24,682] {processor.py:153} INFO - Started process (PID=4030) to work on /home/airflow/.local/lib/python3.7/site-packages/airflow/example_dags/example_complex.py
[2022-07-23 05:13:24,682] {processor.py:641} INFO - Processing file /home/airflow/.local/lib/python3.7/site-packages/airflow/example_dags/example_complex.py for tasks to queue
[2022-07-23 05:13:24,683] {logging_mixin.py:115} INFO - [2022-07-23 05:13:24,683] {dagbag.py:508} INFO - Filling up the DagBag from /home/airflow/.local/lib/python3.7/site-packages/airflow/example_dags/example_complex.py
[2022-07-23 05:13:24,694] {processor.py:651} INFO - DAG(s) dict_keys(['example_complex']) retrieved from /home/airflow/.local/lib/python3.7/site-packages/airflow/example_dags/example_complex.py
[2022-07-23 05:13:24,721] {logging_mixin.py:115} INFO - [2022-07-23 05:13:24,721] {dag.py:2420} INFO - Sync 1 DAGs
[2022-07-23 05:13:24,739] {logging_mixin.py:115} INFO - [2022-07-23 05:13:24,739] {dag.py:2972} INFO - Setting next_dagrun for example_complex to None, run_after=None
[2022-07-23 05:13:24,756] {processor.py:161} INFO - Processing /home/airflow/.local/lib/python3.7/site-packages/airflow/example_dags/example_complex.py took 0.076 seconds
[2022-07-23 05:13:55,095] {processor.py:153} INFO - Started process (PID=4091) to work on /home/airflow/.local/lib/python3.7/site-packages/airflow/example_dags/example_complex.py
[2022-07-23 05:13:55,096] {processor.py:641} INFO - Processing file /home/airflow/.local/lib/python3.7/site-packages/airflow/example_dags/example_complex.py for tasks to queue
[2022-07-23 05:13:55,096] {logging_mixin.py:115} INFO - [2022-07-23 05:13:55,096] {dagbag.py:508} INFO - Filling up the DagBag from /home/airflow/.local/lib/python3.7/site-packages/airflow/example_dags/example_complex.py
[2022-07-23 05:13:55,109] {processor.py:651} INFO - DAG(s) dict_keys(['example_complex']) retrieved from /home/airflow/.local/lib/python3.7/site-packages/airflow/example_dags/example_complex.py
[2022-07-23 05:13:55,136] {logging_mixin.py:115} INFO - [2022-07-23 05:13:55,135] {dag.py:2420} INFO - Sync 1 DAGs
[2022-07-23 05:13:55,156] {logging_mixin.py:115} INFO - [2022-07-23 05:13:55,156] {dag.py:2972} INFO - Setting next_dagrun for example_complex to None, run_after=None
[2022-07-23 05:13:55,283] {processor.py:161} INFO - Processing /home/airflow/.local/lib/python3.7/site-packages/airflow/example_dags/example_complex.py took 0.190 seconds
