[2022-07-23 04:38:46,344] {processor.py:153} INFO - Started process (PID=76) to work on /home/airflow/.local/lib/python3.7/site-packages/airflow/example_dags/example_branch_labels.py
[2022-07-23 04:38:46,344] {processor.py:641} INFO - Processing file /home/airflow/.local/lib/python3.7/site-packages/airflow/example_dags/example_branch_labels.py for tasks to queue
[2022-07-23 04:38:46,345] {logging_mixin.py:115} INFO - [2022-07-23 04:38:46,345] {dagbag.py:508} INFO - Filling up the DagBag from /home/airflow/.local/lib/python3.7/site-packages/airflow/example_dags/example_branch_labels.py
[2022-07-23 04:38:46,353] {processor.py:651} INFO - DAG(s) dict_keys(['example_branch_labels']) retrieved from /home/airflow/.local/lib/python3.7/site-packages/airflow/example_dags/example_branch_labels.py
[2022-07-23 04:38:46,746] {logging_mixin.py:115} INFO - [2022-07-23 04:38:46,746] {manager.py:508} INFO - Created Permission View: can read on DAG:example_branch_labels
[2022-07-23 04:38:46,764] {logging_mixin.py:115} INFO - [2022-07-23 04:38:46,764] {manager.py:508} INFO - Created Permission View: can delete on DAG:example_branch_labels
[2022-07-23 04:38:46,779] {logging_mixin.py:115} INFO - [2022-07-23 04:38:46,779] {manager.py:508} INFO - Created Permission View: can edit on DAG:example_branch_labels
[2022-07-23 04:38:46,779] {logging_mixin.py:115} INFO - [2022-07-23 04:38:46,779] {dag.py:2420} INFO - Sync 1 DAGs
[2022-07-23 04:38:46,789] {logging_mixin.py:115} INFO - [2022-07-23 04:38:46,789] {dag.py:2439} INFO - Creating ORM DAG for example_branch_labels
[2022-07-23 04:38:46,825] {logging_mixin.py:115} INFO - [2022-07-23 04:38:46,825] {dag.py:2972} INFO - Setting next_dagrun for example_branch_labels to 2022-07-22T00:00:00+00:00, run_after=2022-07-23T00:00:00+00:00
[2022-07-23 04:38:46,845] {processor.py:161} INFO - Processing /home/airflow/.local/lib/python3.7/site-packages/airflow/example_dags/example_branch_labels.py took 0.504 seconds
[2022-07-23 04:39:17,599] {processor.py:153} INFO - Started process (PID=128) to work on /home/airflow/.local/lib/python3.7/site-packages/airflow/example_dags/example_branch_labels.py
[2022-07-23 04:39:17,599] {processor.py:641} INFO - Processing file /home/airflow/.local/lib/python3.7/site-packages/airflow/example_dags/example_branch_labels.py for tasks to queue
[2022-07-23 04:39:17,600] {logging_mixin.py:115} INFO - [2022-07-23 04:39:17,600] {dagbag.py:508} INFO - Filling up the DagBag from /home/airflow/.local/lib/python3.7/site-packages/airflow/example_dags/example_branch_labels.py
[2022-07-23 04:39:17,606] {processor.py:651} INFO - DAG(s) dict_keys(['example_branch_labels']) retrieved from /home/airflow/.local/lib/python3.7/site-packages/airflow/example_dags/example_branch_labels.py
[2022-07-23 04:39:17,627] {logging_mixin.py:115} INFO - [2022-07-23 04:39:17,627] {dag.py:2420} INFO - Sync 1 DAGs
[2022-07-23 04:39:17,645] {logging_mixin.py:115} INFO - [2022-07-23 04:39:17,645] {dag.py:2972} INFO - Setting next_dagrun for example_branch_labels to 2022-07-22T00:00:00+00:00, run_after=2022-07-23T00:00:00+00:00
[2022-07-23 04:39:17,659] {processor.py:161} INFO - Processing /home/airflow/.local/lib/python3.7/site-packages/airflow/example_dags/example_branch_labels.py took 0.063 seconds
[2022-07-23 04:39:47,772] {processor.py:153} INFO - Started process (PID=189) to work on /home/airflow/.local/lib/python3.7/site-packages/airflow/example_dags/example_branch_labels.py
[2022-07-23 04:39:47,773] {processor.py:641} INFO - Processing file /home/airflow/.local/lib/python3.7/site-packages/airflow/example_dags/example_branch_labels.py for tasks to queue
[2022-07-23 04:39:47,773] {logging_mixin.py:115} INFO - [2022-07-23 04:39:47,773] {dagbag.py:508} INFO - Filling up the DagBag from /home/airflow/.local/lib/python3.7/site-packages/airflow/example_dags/example_branch_labels.py
[2022-07-23 04:39:47,779] {processor.py:651} INFO - DAG(s) dict_keys(['example_branch_labels']) retrieved from /home/airflow/.local/lib/python3.7/site-packages/airflow/example_dags/example_branch_labels.py
[2022-07-23 04:39:47,800] {logging_mixin.py:115} INFO - [2022-07-23 04:39:47,799] {dag.py:2420} INFO - Sync 1 DAGs
[2022-07-23 04:39:47,819] {logging_mixin.py:115} INFO - [2022-07-23 04:39:47,819] {dag.py:2972} INFO - Setting next_dagrun for example_branch_labels to 2022-07-22T00:00:00+00:00, run_after=2022-07-23T00:00:00+00:00
[2022-07-23 04:39:47,833] {processor.py:161} INFO - Processing /home/airflow/.local/lib/python3.7/site-packages/airflow/example_dags/example_branch_labels.py took 0.063 seconds
[2022-07-23 04:40:17,859] {processor.py:153} INFO - Started process (PID=248) to work on /home/airflow/.local/lib/python3.7/site-packages/airflow/example_dags/example_branch_labels.py
[2022-07-23 04:40:17,860] {processor.py:641} INFO - Processing file /home/airflow/.local/lib/python3.7/site-packages/airflow/example_dags/example_branch_labels.py for tasks to queue
[2022-07-23 04:40:17,860] {logging_mixin.py:115} INFO - [2022-07-23 04:40:17,860] {dagbag.py:508} INFO - Filling up the DagBag from /home/airflow/.local/lib/python3.7/site-packages/airflow/example_dags/example_branch_labels.py
[2022-07-23 04:40:17,866] {processor.py:651} INFO - DAG(s) dict_keys(['example_branch_labels']) retrieved from /home/airflow/.local/lib/python3.7/site-packages/airflow/example_dags/example_branch_labels.py
[2022-07-23 04:40:17,886] {logging_mixin.py:115} INFO - [2022-07-23 04:40:17,885] {dag.py:2420} INFO - Sync 1 DAGs
[2022-07-23 04:40:17,904] {logging_mixin.py:115} INFO - [2022-07-23 04:40:17,904] {dag.py:2972} INFO - Setting next_dagrun for example_branch_labels to 2022-07-22T00:00:00+00:00, run_after=2022-07-23T00:00:00+00:00
[2022-07-23 04:40:17,920] {processor.py:161} INFO - Processing /home/airflow/.local/lib/python3.7/site-packages/airflow/example_dags/example_branch_labels.py took 0.063 seconds
[2022-07-23 04:40:47,958] {processor.py:153} INFO - Started process (PID=302) to work on /home/airflow/.local/lib/python3.7/site-packages/airflow/example_dags/example_branch_labels.py
[2022-07-23 04:40:47,958] {processor.py:641} INFO - Processing file /home/airflow/.local/lib/python3.7/site-packages/airflow/example_dags/example_branch_labels.py for tasks to queue
[2022-07-23 04:40:47,959] {logging_mixin.py:115} INFO - [2022-07-23 04:40:47,959] {dagbag.py:508} INFO - Filling up the DagBag from /home/airflow/.local/lib/python3.7/site-packages/airflow/example_dags/example_branch_labels.py
[2022-07-23 04:40:47,965] {processor.py:651} INFO - DAG(s) dict_keys(['example_branch_labels']) retrieved from /home/airflow/.local/lib/python3.7/site-packages/airflow/example_dags/example_branch_labels.py
[2022-07-23 04:40:47,986] {logging_mixin.py:115} INFO - [2022-07-23 04:40:47,986] {dag.py:2420} INFO - Sync 1 DAGs
[2022-07-23 04:40:48,006] {logging_mixin.py:115} INFO - [2022-07-23 04:40:48,006] {dag.py:2972} INFO - Setting next_dagrun for example_branch_labels to 2022-07-22T00:00:00+00:00, run_after=2022-07-23T00:00:00+00:00
[2022-07-23 04:40:48,024] {processor.py:161} INFO - Processing /home/airflow/.local/lib/python3.7/site-packages/airflow/example_dags/example_branch_labels.py took 0.069 seconds
[2022-07-23 04:41:18,064] {processor.py:153} INFO - Started process (PID=363) to work on /home/airflow/.local/lib/python3.7/site-packages/airflow/example_dags/example_branch_labels.py
[2022-07-23 04:41:18,065] {processor.py:641} INFO - Processing file /home/airflow/.local/lib/python3.7/site-packages/airflow/example_dags/example_branch_labels.py for tasks to queue
[2022-07-23 04:41:18,065] {logging_mixin.py:115} INFO - [2022-07-23 04:41:18,065] {dagbag.py:508} INFO - Filling up the DagBag from /home/airflow/.local/lib/python3.7/site-packages/airflow/example_dags/example_branch_labels.py
[2022-07-23 04:41:18,071] {processor.py:651} INFO - DAG(s) dict_keys(['example_branch_labels']) retrieved from /home/airflow/.local/lib/python3.7/site-packages/airflow/example_dags/example_branch_labels.py
[2022-07-23 04:41:18,092] {logging_mixin.py:115} INFO - [2022-07-23 04:41:18,092] {dag.py:2420} INFO - Sync 1 DAGs
[2022-07-23 04:41:18,111] {logging_mixin.py:115} INFO - [2022-07-23 04:41:18,111] {dag.py:2972} INFO - Setting next_dagrun for example_branch_labels to 2022-07-22T00:00:00+00:00, run_after=2022-07-23T00:00:00+00:00
[2022-07-23 04:41:18,125] {processor.py:161} INFO - Processing /home/airflow/.local/lib/python3.7/site-packages/airflow/example_dags/example_branch_labels.py took 0.063 seconds
[2022-07-23 04:41:48,183] {processor.py:153} INFO - Started process (PID=416) to work on /home/airflow/.local/lib/python3.7/site-packages/airflow/example_dags/example_branch_labels.py
[2022-07-23 04:41:48,184] {processor.py:641} INFO - Processing file /home/airflow/.local/lib/python3.7/site-packages/airflow/example_dags/example_branch_labels.py for tasks to queue
[2022-07-23 04:41:48,184] {logging_mixin.py:115} INFO - [2022-07-23 04:41:48,184] {dagbag.py:508} INFO - Filling up the DagBag from /home/airflow/.local/lib/python3.7/site-packages/airflow/example_dags/example_branch_labels.py
[2022-07-23 04:41:48,190] {processor.py:651} INFO - DAG(s) dict_keys(['example_branch_labels']) retrieved from /home/airflow/.local/lib/python3.7/site-packages/airflow/example_dags/example_branch_labels.py
[2022-07-23 04:41:48,241] {logging_mixin.py:115} INFO - [2022-07-23 04:41:48,241] {dag.py:2420} INFO - Sync 1 DAGs
[2022-07-23 04:41:48,265] {logging_mixin.py:115} INFO - [2022-07-23 04:41:48,264] {dag.py:2972} INFO - Setting next_dagrun for example_branch_labels to 2022-07-22T00:00:00+00:00, run_after=2022-07-23T00:00:00+00:00
[2022-07-23 04:41:48,281] {processor.py:161} INFO - Processing /home/airflow/.local/lib/python3.7/site-packages/airflow/example_dags/example_branch_labels.py took 0.100 seconds
[2022-07-23 04:42:18,875] {processor.py:153} INFO - Started process (PID=477) to work on /home/airflow/.local/lib/python3.7/site-packages/airflow/example_dags/example_branch_labels.py
[2022-07-23 04:42:18,875] {processor.py:641} INFO - Processing file /home/airflow/.local/lib/python3.7/site-packages/airflow/example_dags/example_branch_labels.py for tasks to queue
[2022-07-23 04:42:18,876] {logging_mixin.py:115} INFO - [2022-07-23 04:42:18,876] {dagbag.py:508} INFO - Filling up the DagBag from /home/airflow/.local/lib/python3.7/site-packages/airflow/example_dags/example_branch_labels.py
[2022-07-23 04:42:18,881] {processor.py:651} INFO - DAG(s) dict_keys(['example_branch_labels']) retrieved from /home/airflow/.local/lib/python3.7/site-packages/airflow/example_dags/example_branch_labels.py
[2022-07-23 04:42:18,902] {logging_mixin.py:115} INFO - [2022-07-23 04:42:18,902] {dag.py:2420} INFO - Sync 1 DAGs
[2022-07-23 04:42:18,921] {logging_mixin.py:115} INFO - [2022-07-23 04:42:18,921] {dag.py:2972} INFO - Setting next_dagrun for example_branch_labels to 2022-07-22T00:00:00+00:00, run_after=2022-07-23T00:00:00+00:00
[2022-07-23 04:42:18,941] {processor.py:161} INFO - Processing /home/airflow/.local/lib/python3.7/site-packages/airflow/example_dags/example_branch_labels.py took 0.069 seconds
[2022-07-23 04:42:49,680] {processor.py:153} INFO - Started process (PID=539) to work on /home/airflow/.local/lib/python3.7/site-packages/airflow/example_dags/example_branch_labels.py
[2022-07-23 04:42:49,681] {processor.py:641} INFO - Processing file /home/airflow/.local/lib/python3.7/site-packages/airflow/example_dags/example_branch_labels.py for tasks to queue
[2022-07-23 04:42:49,681] {logging_mixin.py:115} INFO - [2022-07-23 04:42:49,681] {dagbag.py:508} INFO - Filling up the DagBag from /home/airflow/.local/lib/python3.7/site-packages/airflow/example_dags/example_branch_labels.py
[2022-07-23 04:42:49,688] {processor.py:651} INFO - DAG(s) dict_keys(['example_branch_labels']) retrieved from /home/airflow/.local/lib/python3.7/site-packages/airflow/example_dags/example_branch_labels.py
[2022-07-23 04:42:49,709] {logging_mixin.py:115} INFO - [2022-07-23 04:42:49,709] {dag.py:2420} INFO - Sync 1 DAGs
[2022-07-23 04:42:49,735] {logging_mixin.py:115} INFO - [2022-07-23 04:42:49,735] {dag.py:2972} INFO - Setting next_dagrun for example_branch_labels to 2022-07-22T00:00:00+00:00, run_after=2022-07-23T00:00:00+00:00
[2022-07-23 04:42:49,751] {processor.py:161} INFO - Processing /home/airflow/.local/lib/python3.7/site-packages/airflow/example_dags/example_branch_labels.py took 0.074 seconds
[2022-07-23 04:43:19,840] {processor.py:153} INFO - Started process (PID=600) to work on /home/airflow/.local/lib/python3.7/site-packages/airflow/example_dags/example_branch_labels.py
[2022-07-23 04:43:19,841] {processor.py:641} INFO - Processing file /home/airflow/.local/lib/python3.7/site-packages/airflow/example_dags/example_branch_labels.py for tasks to queue
[2022-07-23 04:43:19,841] {logging_mixin.py:115} INFO - [2022-07-23 04:43:19,841] {dagbag.py:508} INFO - Filling up the DagBag from /home/airflow/.local/lib/python3.7/site-packages/airflow/example_dags/example_branch_labels.py
[2022-07-23 04:43:19,847] {processor.py:651} INFO - DAG(s) dict_keys(['example_branch_labels']) retrieved from /home/airflow/.local/lib/python3.7/site-packages/airflow/example_dags/example_branch_labels.py
[2022-07-23 04:43:19,874] {logging_mixin.py:115} INFO - [2022-07-23 04:43:19,874] {dag.py:2420} INFO - Sync 1 DAGs
[2022-07-23 04:43:19,900] {logging_mixin.py:115} INFO - [2022-07-23 04:43:19,899] {dag.py:2972} INFO - Setting next_dagrun for example_branch_labels to 2022-07-22T00:00:00+00:00, run_after=2022-07-23T00:00:00+00:00
[2022-07-23 04:43:19,915] {processor.py:161} INFO - Processing /home/airflow/.local/lib/python3.7/site-packages/airflow/example_dags/example_branch_labels.py took 0.077 seconds
[2022-07-23 04:43:50,587] {processor.py:153} INFO - Started process (PID=652) to work on /home/airflow/.local/lib/python3.7/site-packages/airflow/example_dags/example_branch_labels.py
[2022-07-23 04:43:50,587] {processor.py:641} INFO - Processing file /home/airflow/.local/lib/python3.7/site-packages/airflow/example_dags/example_branch_labels.py for tasks to queue
[2022-07-23 04:43:50,588] {logging_mixin.py:115} INFO - [2022-07-23 04:43:50,588] {dagbag.py:508} INFO - Filling up the DagBag from /home/airflow/.local/lib/python3.7/site-packages/airflow/example_dags/example_branch_labels.py
[2022-07-23 04:43:50,593] {processor.py:651} INFO - DAG(s) dict_keys(['example_branch_labels']) retrieved from /home/airflow/.local/lib/python3.7/site-packages/airflow/example_dags/example_branch_labels.py
[2022-07-23 04:43:50,615] {logging_mixin.py:115} INFO - [2022-07-23 04:43:50,615] {dag.py:2420} INFO - Sync 1 DAGs
[2022-07-23 04:43:50,634] {logging_mixin.py:115} INFO - [2022-07-23 04:43:50,634] {dag.py:2972} INFO - Setting next_dagrun for example_branch_labels to 2022-07-22T00:00:00+00:00, run_after=2022-07-23T00:00:00+00:00
[2022-07-23 04:43:50,662] {processor.py:161} INFO - Processing /home/airflow/.local/lib/python3.7/site-packages/airflow/example_dags/example_branch_labels.py took 0.077 seconds
[2022-07-23 04:44:21,290] {processor.py:153} INFO - Started process (PID=713) to work on /home/airflow/.local/lib/python3.7/site-packages/airflow/example_dags/example_branch_labels.py
[2022-07-23 04:44:21,291] {processor.py:641} INFO - Processing file /home/airflow/.local/lib/python3.7/site-packages/airflow/example_dags/example_branch_labels.py for tasks to queue
[2022-07-23 04:44:21,291] {logging_mixin.py:115} INFO - [2022-07-23 04:44:21,291] {dagbag.py:508} INFO - Filling up the DagBag from /home/airflow/.local/lib/python3.7/site-packages/airflow/example_dags/example_branch_labels.py
[2022-07-23 04:44:21,297] {processor.py:651} INFO - DAG(s) dict_keys(['example_branch_labels']) retrieved from /home/airflow/.local/lib/python3.7/site-packages/airflow/example_dags/example_branch_labels.py
[2022-07-23 04:44:21,316] {logging_mixin.py:115} INFO - [2022-07-23 04:44:21,316] {dag.py:2420} INFO - Sync 1 DAGs
[2022-07-23 04:44:21,334] {logging_mixin.py:115} INFO - [2022-07-23 04:44:21,334] {dag.py:2972} INFO - Setting next_dagrun for example_branch_labels to 2022-07-22T00:00:00+00:00, run_after=2022-07-23T00:00:00+00:00
[2022-07-23 04:44:21,354] {processor.py:161} INFO - Processing /home/airflow/.local/lib/python3.7/site-packages/airflow/example_dags/example_branch_labels.py took 0.066 seconds
[2022-07-23 04:44:52,023] {processor.py:153} INFO - Started process (PID=774) to work on /home/airflow/.local/lib/python3.7/site-packages/airflow/example_dags/example_branch_labels.py
[2022-07-23 04:44:52,024] {processor.py:641} INFO - Processing file /home/airflow/.local/lib/python3.7/site-packages/airflow/example_dags/example_branch_labels.py for tasks to queue
[2022-07-23 04:44:52,024] {logging_mixin.py:115} INFO - [2022-07-23 04:44:52,024] {dagbag.py:508} INFO - Filling up the DagBag from /home/airflow/.local/lib/python3.7/site-packages/airflow/example_dags/example_branch_labels.py
[2022-07-23 04:44:52,030] {processor.py:651} INFO - DAG(s) dict_keys(['example_branch_labels']) retrieved from /home/airflow/.local/lib/python3.7/site-packages/airflow/example_dags/example_branch_labels.py
[2022-07-23 04:44:52,057] {logging_mixin.py:115} INFO - [2022-07-23 04:44:52,057] {dag.py:2420} INFO - Sync 1 DAGs
[2022-07-23 04:44:52,078] {logging_mixin.py:115} INFO - [2022-07-23 04:44:52,078] {dag.py:2972} INFO - Setting next_dagrun for example_branch_labels to 2022-07-22T00:00:00+00:00, run_after=2022-07-23T00:00:00+00:00
[2022-07-23 04:44:52,092] {processor.py:161} INFO - Processing /home/airflow/.local/lib/python3.7/site-packages/airflow/example_dags/example_branch_labels.py took 0.072 seconds
[2022-07-23 04:45:22,567] {processor.py:153} INFO - Started process (PID=826) to work on /home/airflow/.local/lib/python3.7/site-packages/airflow/example_dags/example_branch_labels.py
[2022-07-23 04:45:22,568] {processor.py:641} INFO - Processing file /home/airflow/.local/lib/python3.7/site-packages/airflow/example_dags/example_branch_labels.py for tasks to queue
[2022-07-23 04:45:22,568] {logging_mixin.py:115} INFO - [2022-07-23 04:45:22,568] {dagbag.py:508} INFO - Filling up the DagBag from /home/airflow/.local/lib/python3.7/site-packages/airflow/example_dags/example_branch_labels.py
[2022-07-23 04:45:22,574] {processor.py:651} INFO - DAG(s) dict_keys(['example_branch_labels']) retrieved from /home/airflow/.local/lib/python3.7/site-packages/airflow/example_dags/example_branch_labels.py
[2022-07-23 04:45:22,596] {logging_mixin.py:115} INFO - [2022-07-23 04:45:22,596] {dag.py:2420} INFO - Sync 1 DAGs
[2022-07-23 04:45:22,616] {logging_mixin.py:115} INFO - [2022-07-23 04:45:22,616] {dag.py:2972} INFO - Setting next_dagrun for example_branch_labels to 2022-07-22T00:00:00+00:00, run_after=2022-07-23T00:00:00+00:00
[2022-07-23 04:45:22,631] {processor.py:161} INFO - Processing /home/airflow/.local/lib/python3.7/site-packages/airflow/example_dags/example_branch_labels.py took 0.066 seconds
[2022-07-23 04:45:53,503] {processor.py:153} INFO - Started process (PID=887) to work on /home/airflow/.local/lib/python3.7/site-packages/airflow/example_dags/example_branch_labels.py
[2022-07-23 04:45:53,503] {processor.py:641} INFO - Processing file /home/airflow/.local/lib/python3.7/site-packages/airflow/example_dags/example_branch_labels.py for tasks to queue
[2022-07-23 04:45:53,503] {logging_mixin.py:115} INFO - [2022-07-23 04:45:53,503] {dagbag.py:508} INFO - Filling up the DagBag from /home/airflow/.local/lib/python3.7/site-packages/airflow/example_dags/example_branch_labels.py
[2022-07-23 04:45:53,509] {processor.py:651} INFO - DAG(s) dict_keys(['example_branch_labels']) retrieved from /home/airflow/.local/lib/python3.7/site-packages/airflow/example_dags/example_branch_labels.py
[2022-07-23 04:45:53,528] {logging_mixin.py:115} INFO - [2022-07-23 04:45:53,528] {dag.py:2420} INFO - Sync 1 DAGs
[2022-07-23 04:45:53,546] {logging_mixin.py:115} INFO - [2022-07-23 04:45:53,546] {dag.py:2972} INFO - Setting next_dagrun for example_branch_labels to 2022-07-22T00:00:00+00:00, run_after=2022-07-23T00:00:00+00:00
[2022-07-23 04:45:53,566] {processor.py:161} INFO - Processing /home/airflow/.local/lib/python3.7/site-packages/airflow/example_dags/example_branch_labels.py took 0.065 seconds
[2022-07-23 04:46:23,623] {processor.py:153} INFO - Started process (PID=948) to work on /home/airflow/.local/lib/python3.7/site-packages/airflow/example_dags/example_branch_labels.py
[2022-07-23 04:46:23,624] {processor.py:641} INFO - Processing file /home/airflow/.local/lib/python3.7/site-packages/airflow/example_dags/example_branch_labels.py for tasks to queue
[2022-07-23 04:46:23,624] {logging_mixin.py:115} INFO - [2022-07-23 04:46:23,624] {dagbag.py:508} INFO - Filling up the DagBag from /home/airflow/.local/lib/python3.7/site-packages/airflow/example_dags/example_branch_labels.py
[2022-07-23 04:46:23,630] {processor.py:651} INFO - DAG(s) dict_keys(['example_branch_labels']) retrieved from /home/airflow/.local/lib/python3.7/site-packages/airflow/example_dags/example_branch_labels.py
[2022-07-23 04:46:23,651] {logging_mixin.py:115} INFO - [2022-07-23 04:46:23,651] {dag.py:2420} INFO - Sync 1 DAGs
[2022-07-23 04:46:23,677] {logging_mixin.py:115} INFO - [2022-07-23 04:46:23,677] {dag.py:2972} INFO - Setting next_dagrun for example_branch_labels to 2022-07-22T00:00:00+00:00, run_after=2022-07-23T00:00:00+00:00
[2022-07-23 04:46:23,694] {processor.py:161} INFO - Processing /home/airflow/.local/lib/python3.7/site-packages/airflow/example_dags/example_branch_labels.py took 0.073 seconds
[2022-07-23 04:46:54,335] {processor.py:153} INFO - Started process (PID=1000) to work on /home/airflow/.local/lib/python3.7/site-packages/airflow/example_dags/example_branch_labels.py
[2022-07-23 04:46:54,336] {processor.py:641} INFO - Processing file /home/airflow/.local/lib/python3.7/site-packages/airflow/example_dags/example_branch_labels.py for tasks to queue
[2022-07-23 04:46:54,336] {logging_mixin.py:115} INFO - [2022-07-23 04:46:54,336] {dagbag.py:508} INFO - Filling up the DagBag from /home/airflow/.local/lib/python3.7/site-packages/airflow/example_dags/example_branch_labels.py
[2022-07-23 04:46:54,342] {processor.py:651} INFO - DAG(s) dict_keys(['example_branch_labels']) retrieved from /home/airflow/.local/lib/python3.7/site-packages/airflow/example_dags/example_branch_labels.py
[2022-07-23 04:46:54,369] {logging_mixin.py:115} INFO - [2022-07-23 04:46:54,369] {dag.py:2420} INFO - Sync 1 DAGs
[2022-07-23 04:46:54,392] {logging_mixin.py:115} INFO - [2022-07-23 04:46:54,391] {dag.py:2972} INFO - Setting next_dagrun for example_branch_labels to 2022-07-22T00:00:00+00:00, run_after=2022-07-23T00:00:00+00:00
[2022-07-23 04:46:54,441] {processor.py:161} INFO - Processing /home/airflow/.local/lib/python3.7/site-packages/airflow/example_dags/example_branch_labels.py took 0.108 seconds
[2022-07-23 04:47:25,315] {processor.py:153} INFO - Started process (PID=1061) to work on /home/airflow/.local/lib/python3.7/site-packages/airflow/example_dags/example_branch_labels.py
[2022-07-23 04:47:25,315] {processor.py:641} INFO - Processing file /home/airflow/.local/lib/python3.7/site-packages/airflow/example_dags/example_branch_labels.py for tasks to queue
[2022-07-23 04:47:25,316] {logging_mixin.py:115} INFO - [2022-07-23 04:47:25,316] {dagbag.py:508} INFO - Filling up the DagBag from /home/airflow/.local/lib/python3.7/site-packages/airflow/example_dags/example_branch_labels.py
[2022-07-23 04:47:25,322] {processor.py:651} INFO - DAG(s) dict_keys(['example_branch_labels']) retrieved from /home/airflow/.local/lib/python3.7/site-packages/airflow/example_dags/example_branch_labels.py
[2022-07-23 04:47:25,343] {logging_mixin.py:115} INFO - [2022-07-23 04:47:25,343] {dag.py:2420} INFO - Sync 1 DAGs
[2022-07-23 04:47:25,363] {logging_mixin.py:115} INFO - [2022-07-23 04:47:25,363] {dag.py:2972} INFO - Setting next_dagrun for example_branch_labels to 2022-07-22T00:00:00+00:00, run_after=2022-07-23T00:00:00+00:00
[2022-07-23 04:47:25,377] {processor.py:161} INFO - Processing /home/airflow/.local/lib/python3.7/site-packages/airflow/example_dags/example_branch_labels.py took 0.064 seconds
[2022-07-23 04:47:56,249] {processor.py:153} INFO - Started process (PID=1122) to work on /home/airflow/.local/lib/python3.7/site-packages/airflow/example_dags/example_branch_labels.py
[2022-07-23 04:47:56,250] {processor.py:641} INFO - Processing file /home/airflow/.local/lib/python3.7/site-packages/airflow/example_dags/example_branch_labels.py for tasks to queue
[2022-07-23 04:47:56,251] {logging_mixin.py:115} INFO - [2022-07-23 04:47:56,250] {dagbag.py:508} INFO - Filling up the DagBag from /home/airflow/.local/lib/python3.7/site-packages/airflow/example_dags/example_branch_labels.py
[2022-07-23 04:47:56,258] {processor.py:651} INFO - DAG(s) dict_keys(['example_branch_labels']) retrieved from /home/airflow/.local/lib/python3.7/site-packages/airflow/example_dags/example_branch_labels.py
[2022-07-23 04:47:56,287] {logging_mixin.py:115} INFO - [2022-07-23 04:47:56,286] {dag.py:2420} INFO - Sync 1 DAGs
[2022-07-23 04:47:56,312] {logging_mixin.py:115} INFO - [2022-07-23 04:47:56,312] {dag.py:2972} INFO - Setting next_dagrun for example_branch_labels to 2022-07-22T00:00:00+00:00, run_after=2022-07-23T00:00:00+00:00
[2022-07-23 04:47:56,342] {processor.py:161} INFO - Processing /home/airflow/.local/lib/python3.7/site-packages/airflow/example_dags/example_branch_labels.py took 0.096 seconds
[2022-07-23 04:48:26,467] {processor.py:153} INFO - Started process (PID=1174) to work on /home/airflow/.local/lib/python3.7/site-packages/airflow/example_dags/example_branch_labels.py
[2022-07-23 04:48:26,467] {processor.py:641} INFO - Processing file /home/airflow/.local/lib/python3.7/site-packages/airflow/example_dags/example_branch_labels.py for tasks to queue
[2022-07-23 04:48:26,468] {logging_mixin.py:115} INFO - [2022-07-23 04:48:26,468] {dagbag.py:508} INFO - Filling up the DagBag from /home/airflow/.local/lib/python3.7/site-packages/airflow/example_dags/example_branch_labels.py
[2022-07-23 04:48:26,476] {processor.py:651} INFO - DAG(s) dict_keys(['example_branch_labels']) retrieved from /home/airflow/.local/lib/python3.7/site-packages/airflow/example_dags/example_branch_labels.py
[2022-07-23 04:48:26,511] {logging_mixin.py:115} INFO - [2022-07-23 04:48:26,511] {dag.py:2420} INFO - Sync 1 DAGs
[2022-07-23 04:48:26,541] {logging_mixin.py:115} INFO - [2022-07-23 04:48:26,541] {dag.py:2972} INFO - Setting next_dagrun for example_branch_labels to 2022-07-22T00:00:00+00:00, run_after=2022-07-23T00:00:00+00:00
[2022-07-23 04:48:26,565] {processor.py:161} INFO - Processing /home/airflow/.local/lib/python3.7/site-packages/airflow/example_dags/example_branch_labels.py took 0.101 seconds
[2022-07-23 04:48:56,787] {processor.py:153} INFO - Started process (PID=1235) to work on /home/airflow/.local/lib/python3.7/site-packages/airflow/example_dags/example_branch_labels.py
[2022-07-23 04:48:56,787] {processor.py:641} INFO - Processing file /home/airflow/.local/lib/python3.7/site-packages/airflow/example_dags/example_branch_labels.py for tasks to queue
[2022-07-23 04:48:56,788] {logging_mixin.py:115} INFO - [2022-07-23 04:48:56,788] {dagbag.py:508} INFO - Filling up the DagBag from /home/airflow/.local/lib/python3.7/site-packages/airflow/example_dags/example_branch_labels.py
[2022-07-23 04:48:56,794] {processor.py:651} INFO - DAG(s) dict_keys(['example_branch_labels']) retrieved from /home/airflow/.local/lib/python3.7/site-packages/airflow/example_dags/example_branch_labels.py
[2022-07-23 04:48:56,823] {logging_mixin.py:115} INFO - [2022-07-23 04:48:56,823] {dag.py:2420} INFO - Sync 1 DAGs
[2022-07-23 04:48:56,848] {logging_mixin.py:115} INFO - [2022-07-23 04:48:56,848] {dag.py:2972} INFO - Setting next_dagrun for example_branch_labels to 2022-07-22T00:00:00+00:00, run_after=2022-07-23T00:00:00+00:00
[2022-07-23 04:48:56,866] {processor.py:161} INFO - Processing /home/airflow/.local/lib/python3.7/site-packages/airflow/example_dags/example_branch_labels.py took 0.082 seconds
[2022-07-23 04:49:27,829] {processor.py:153} INFO - Started process (PID=1296) to work on /home/airflow/.local/lib/python3.7/site-packages/airflow/example_dags/example_branch_labels.py
[2022-07-23 04:49:27,830] {processor.py:641} INFO - Processing file /home/airflow/.local/lib/python3.7/site-packages/airflow/example_dags/example_branch_labels.py for tasks to queue
[2022-07-23 04:49:27,830] {logging_mixin.py:115} INFO - [2022-07-23 04:49:27,830] {dagbag.py:508} INFO - Filling up the DagBag from /home/airflow/.local/lib/python3.7/site-packages/airflow/example_dags/example_branch_labels.py
[2022-07-23 04:49:27,836] {processor.py:651} INFO - DAG(s) dict_keys(['example_branch_labels']) retrieved from /home/airflow/.local/lib/python3.7/site-packages/airflow/example_dags/example_branch_labels.py
[2022-07-23 04:49:27,855] {logging_mixin.py:115} INFO - [2022-07-23 04:49:27,855] {dag.py:2420} INFO - Sync 1 DAGs
[2022-07-23 04:49:27,873] {logging_mixin.py:115} INFO - [2022-07-23 04:49:27,873] {dag.py:2972} INFO - Setting next_dagrun for example_branch_labels to 2022-07-22T00:00:00+00:00, run_after=2022-07-23T00:00:00+00:00
[2022-07-23 04:49:27,893] {processor.py:161} INFO - Processing /home/airflow/.local/lib/python3.7/site-packages/airflow/example_dags/example_branch_labels.py took 0.066 seconds
[2022-07-23 04:49:58,381] {processor.py:153} INFO - Started process (PID=1358) to work on /home/airflow/.local/lib/python3.7/site-packages/airflow/example_dags/example_branch_labels.py
[2022-07-23 04:49:58,381] {processor.py:641} INFO - Processing file /home/airflow/.local/lib/python3.7/site-packages/airflow/example_dags/example_branch_labels.py for tasks to queue
[2022-07-23 04:49:58,382] {logging_mixin.py:115} INFO - [2022-07-23 04:49:58,382] {dagbag.py:508} INFO - Filling up the DagBag from /home/airflow/.local/lib/python3.7/site-packages/airflow/example_dags/example_branch_labels.py
[2022-07-23 04:49:58,388] {processor.py:651} INFO - DAG(s) dict_keys(['example_branch_labels']) retrieved from /home/airflow/.local/lib/python3.7/site-packages/airflow/example_dags/example_branch_labels.py
[2022-07-23 04:49:58,409] {logging_mixin.py:115} INFO - [2022-07-23 04:49:58,409] {dag.py:2420} INFO - Sync 1 DAGs
[2022-07-23 04:49:58,429] {logging_mixin.py:115} INFO - [2022-07-23 04:49:58,429] {dag.py:2972} INFO - Setting next_dagrun for example_branch_labels to 2022-07-22T00:00:00+00:00, run_after=2022-07-23T00:00:00+00:00
[2022-07-23 04:49:58,449] {processor.py:161} INFO - Processing /home/airflow/.local/lib/python3.7/site-packages/airflow/example_dags/example_branch_labels.py took 0.070 seconds
[2022-07-23 04:50:29,040] {processor.py:153} INFO - Started process (PID=1410) to work on /home/airflow/.local/lib/python3.7/site-packages/airflow/example_dags/example_branch_labels.py
[2022-07-23 04:50:29,045] {processor.py:641} INFO - Processing file /home/airflow/.local/lib/python3.7/site-packages/airflow/example_dags/example_branch_labels.py for tasks to queue
[2022-07-23 04:50:29,045] {logging_mixin.py:115} INFO - [2022-07-23 04:50:29,045] {dagbag.py:508} INFO - Filling up the DagBag from /home/airflow/.local/lib/python3.7/site-packages/airflow/example_dags/example_branch_labels.py
[2022-07-23 04:50:29,053] {processor.py:651} INFO - DAG(s) dict_keys(['example_branch_labels']) retrieved from /home/airflow/.local/lib/python3.7/site-packages/airflow/example_dags/example_branch_labels.py
[2022-07-23 04:50:29,078] {logging_mixin.py:115} INFO - [2022-07-23 04:50:29,078] {dag.py:2420} INFO - Sync 1 DAGs
[2022-07-23 04:50:29,104] {logging_mixin.py:115} INFO - [2022-07-23 04:50:29,104] {dag.py:2972} INFO - Setting next_dagrun for example_branch_labels to 2022-07-22T00:00:00+00:00, run_after=2022-07-23T00:00:00+00:00
[2022-07-23 04:50:29,122] {processor.py:161} INFO - Processing /home/airflow/.local/lib/python3.7/site-packages/airflow/example_dags/example_branch_labels.py took 0.085 seconds
[2022-07-23 04:50:59,801] {processor.py:153} INFO - Started process (PID=1471) to work on /home/airflow/.local/lib/python3.7/site-packages/airflow/example_dags/example_branch_labels.py
[2022-07-23 04:50:59,802] {processor.py:641} INFO - Processing file /home/airflow/.local/lib/python3.7/site-packages/airflow/example_dags/example_branch_labels.py for tasks to queue
[2022-07-23 04:50:59,802] {logging_mixin.py:115} INFO - [2022-07-23 04:50:59,802] {dagbag.py:508} INFO - Filling up the DagBag from /home/airflow/.local/lib/python3.7/site-packages/airflow/example_dags/example_branch_labels.py
[2022-07-23 04:50:59,810] {processor.py:651} INFO - DAG(s) dict_keys(['example_branch_labels']) retrieved from /home/airflow/.local/lib/python3.7/site-packages/airflow/example_dags/example_branch_labels.py
[2022-07-23 04:50:59,837] {logging_mixin.py:115} INFO - [2022-07-23 04:50:59,837] {dag.py:2420} INFO - Sync 1 DAGs
[2022-07-23 04:50:59,862] {logging_mixin.py:115} INFO - [2022-07-23 04:50:59,862] {dag.py:2972} INFO - Setting next_dagrun for example_branch_labels to 2022-07-22T00:00:00+00:00, run_after=2022-07-23T00:00:00+00:00
[2022-07-23 04:50:59,886] {processor.py:161} INFO - Processing /home/airflow/.local/lib/python3.7/site-packages/airflow/example_dags/example_branch_labels.py took 0.088 seconds
[2022-07-23 04:51:30,070] {processor.py:153} INFO - Started process (PID=1532) to work on /home/airflow/.local/lib/python3.7/site-packages/airflow/example_dags/example_branch_labels.py
[2022-07-23 04:51:30,071] {processor.py:641} INFO - Processing file /home/airflow/.local/lib/python3.7/site-packages/airflow/example_dags/example_branch_labels.py for tasks to queue
[2022-07-23 04:51:30,071] {logging_mixin.py:115} INFO - [2022-07-23 04:51:30,071] {dagbag.py:508} INFO - Filling up the DagBag from /home/airflow/.local/lib/python3.7/site-packages/airflow/example_dags/example_branch_labels.py
[2022-07-23 04:51:30,077] {processor.py:651} INFO - DAG(s) dict_keys(['example_branch_labels']) retrieved from /home/airflow/.local/lib/python3.7/site-packages/airflow/example_dags/example_branch_labels.py
[2022-07-23 04:51:30,103] {logging_mixin.py:115} INFO - [2022-07-23 04:51:30,103] {dag.py:2420} INFO - Sync 1 DAGs
[2022-07-23 04:51:30,123] {logging_mixin.py:115} INFO - [2022-07-23 04:51:30,123] {dag.py:2972} INFO - Setting next_dagrun for example_branch_labels to 2022-07-22T00:00:00+00:00, run_after=2022-07-23T00:00:00+00:00
[2022-07-23 04:51:30,139] {processor.py:161} INFO - Processing /home/airflow/.local/lib/python3.7/site-packages/airflow/example_dags/example_branch_labels.py took 0.072 seconds
[2022-07-23 04:52:01,140] {processor.py:153} INFO - Started process (PID=1583) to work on /home/airflow/.local/lib/python3.7/site-packages/airflow/example_dags/example_branch_labels.py
[2022-07-23 04:52:01,140] {processor.py:641} INFO - Processing file /home/airflow/.local/lib/python3.7/site-packages/airflow/example_dags/example_branch_labels.py for tasks to queue
[2022-07-23 04:52:01,141] {logging_mixin.py:115} INFO - [2022-07-23 04:52:01,140] {dagbag.py:508} INFO - Filling up the DagBag from /home/airflow/.local/lib/python3.7/site-packages/airflow/example_dags/example_branch_labels.py
[2022-07-23 04:52:01,147] {processor.py:651} INFO - DAG(s) dict_keys(['example_branch_labels']) retrieved from /home/airflow/.local/lib/python3.7/site-packages/airflow/example_dags/example_branch_labels.py
[2022-07-23 04:52:01,171] {logging_mixin.py:115} INFO - [2022-07-23 04:52:01,171] {dag.py:2420} INFO - Sync 1 DAGs
[2022-07-23 04:52:01,195] {logging_mixin.py:115} INFO - [2022-07-23 04:52:01,194] {dag.py:2972} INFO - Setting next_dagrun for example_branch_labels to 2022-07-22T00:00:00+00:00, run_after=2022-07-23T00:00:00+00:00
[2022-07-23 04:52:01,210] {processor.py:161} INFO - Processing /home/airflow/.local/lib/python3.7/site-packages/airflow/example_dags/example_branch_labels.py took 0.072 seconds
[2022-07-23 04:52:31,313] {processor.py:153} INFO - Started process (PID=1645) to work on /home/airflow/.local/lib/python3.7/site-packages/airflow/example_dags/example_branch_labels.py
[2022-07-23 04:52:31,313] {processor.py:641} INFO - Processing file /home/airflow/.local/lib/python3.7/site-packages/airflow/example_dags/example_branch_labels.py for tasks to queue
[2022-07-23 04:52:31,314] {logging_mixin.py:115} INFO - [2022-07-23 04:52:31,314] {dagbag.py:508} INFO - Filling up the DagBag from /home/airflow/.local/lib/python3.7/site-packages/airflow/example_dags/example_branch_labels.py
[2022-07-23 04:52:31,320] {processor.py:651} INFO - DAG(s) dict_keys(['example_branch_labels']) retrieved from /home/airflow/.local/lib/python3.7/site-packages/airflow/example_dags/example_branch_labels.py
[2022-07-23 04:52:31,341] {logging_mixin.py:115} INFO - [2022-07-23 04:52:31,341] {dag.py:2420} INFO - Sync 1 DAGs
[2022-07-23 04:52:31,361] {logging_mixin.py:115} INFO - [2022-07-23 04:52:31,361] {dag.py:2972} INFO - Setting next_dagrun for example_branch_labels to 2022-07-22T00:00:00+00:00, run_after=2022-07-23T00:00:00+00:00
[2022-07-23 04:52:31,381] {processor.py:161} INFO - Processing /home/airflow/.local/lib/python3.7/site-packages/airflow/example_dags/example_branch_labels.py took 0.070 seconds
[2022-07-23 04:53:01,490] {processor.py:153} INFO - Started process (PID=1704) to work on /home/airflow/.local/lib/python3.7/site-packages/airflow/example_dags/example_branch_labels.py
[2022-07-23 04:53:01,490] {processor.py:641} INFO - Processing file /home/airflow/.local/lib/python3.7/site-packages/airflow/example_dags/example_branch_labels.py for tasks to queue
[2022-07-23 04:53:01,491] {logging_mixin.py:115} INFO - [2022-07-23 04:53:01,491] {dagbag.py:508} INFO - Filling up the DagBag from /home/airflow/.local/lib/python3.7/site-packages/airflow/example_dags/example_branch_labels.py
[2022-07-23 04:53:01,497] {processor.py:651} INFO - DAG(s) dict_keys(['example_branch_labels']) retrieved from /home/airflow/.local/lib/python3.7/site-packages/airflow/example_dags/example_branch_labels.py
[2022-07-23 04:53:01,518] {logging_mixin.py:115} INFO - [2022-07-23 04:53:01,518] {dag.py:2420} INFO - Sync 1 DAGs
[2022-07-23 04:53:01,540] {logging_mixin.py:115} INFO - [2022-07-23 04:53:01,539] {dag.py:2972} INFO - Setting next_dagrun for example_branch_labels to 2022-07-22T00:00:00+00:00, run_after=2022-07-23T00:00:00+00:00
[2022-07-23 04:53:01,561] {processor.py:161} INFO - Processing /home/airflow/.local/lib/python3.7/site-packages/airflow/example_dags/example_branch_labels.py took 0.074 seconds
[2022-07-23 04:53:31,736] {processor.py:153} INFO - Started process (PID=1758) to work on /home/airflow/.local/lib/python3.7/site-packages/airflow/example_dags/example_branch_labels.py
[2022-07-23 04:53:31,736] {processor.py:641} INFO - Processing file /home/airflow/.local/lib/python3.7/site-packages/airflow/example_dags/example_branch_labels.py for tasks to queue
[2022-07-23 04:53:31,737] {logging_mixin.py:115} INFO - [2022-07-23 04:53:31,736] {dagbag.py:508} INFO - Filling up the DagBag from /home/airflow/.local/lib/python3.7/site-packages/airflow/example_dags/example_branch_labels.py
[2022-07-23 04:53:31,743] {processor.py:651} INFO - DAG(s) dict_keys(['example_branch_labels']) retrieved from /home/airflow/.local/lib/python3.7/site-packages/airflow/example_dags/example_branch_labels.py
[2022-07-23 04:53:31,763] {logging_mixin.py:115} INFO - [2022-07-23 04:53:31,763] {dag.py:2420} INFO - Sync 1 DAGs
[2022-07-23 04:53:31,782] {logging_mixin.py:115} INFO - [2022-07-23 04:53:31,782] {dag.py:2972} INFO - Setting next_dagrun for example_branch_labels to 2022-07-22T00:00:00+00:00, run_after=2022-07-23T00:00:00+00:00
[2022-07-23 04:53:31,803] {processor.py:161} INFO - Processing /home/airflow/.local/lib/python3.7/site-packages/airflow/example_dags/example_branch_labels.py took 0.070 seconds
[2022-07-23 04:54:02,375] {processor.py:153} INFO - Started process (PID=1819) to work on /home/airflow/.local/lib/python3.7/site-packages/airflow/example_dags/example_branch_labels.py
[2022-07-23 04:54:02,375] {processor.py:641} INFO - Processing file /home/airflow/.local/lib/python3.7/site-packages/airflow/example_dags/example_branch_labels.py for tasks to queue
[2022-07-23 04:54:02,376] {logging_mixin.py:115} INFO - [2022-07-23 04:54:02,376] {dagbag.py:508} INFO - Filling up the DagBag from /home/airflow/.local/lib/python3.7/site-packages/airflow/example_dags/example_branch_labels.py
[2022-07-23 04:54:02,382] {processor.py:651} INFO - DAG(s) dict_keys(['example_branch_labels']) retrieved from /home/airflow/.local/lib/python3.7/site-packages/airflow/example_dags/example_branch_labels.py
[2022-07-23 04:54:02,402] {logging_mixin.py:115} INFO - [2022-07-23 04:54:02,402] {dag.py:2420} INFO - Sync 1 DAGs
[2022-07-23 04:54:02,421] {logging_mixin.py:115} INFO - [2022-07-23 04:54:02,420] {dag.py:2972} INFO - Setting next_dagrun for example_branch_labels to 2022-07-22T00:00:00+00:00, run_after=2022-07-23T00:00:00+00:00
[2022-07-23 04:54:02,435] {processor.py:161} INFO - Processing /home/airflow/.local/lib/python3.7/site-packages/airflow/example_dags/example_branch_labels.py took 0.062 seconds
[2022-07-23 04:54:33,167] {processor.py:153} INFO - Started process (PID=1880) to work on /home/airflow/.local/lib/python3.7/site-packages/airflow/example_dags/example_branch_labels.py
[2022-07-23 04:54:33,168] {processor.py:641} INFO - Processing file /home/airflow/.local/lib/python3.7/site-packages/airflow/example_dags/example_branch_labels.py for tasks to queue
[2022-07-23 04:54:33,168] {logging_mixin.py:115} INFO - [2022-07-23 04:54:33,168] {dagbag.py:508} INFO - Filling up the DagBag from /home/airflow/.local/lib/python3.7/site-packages/airflow/example_dags/example_branch_labels.py
[2022-07-23 04:54:33,174] {processor.py:651} INFO - DAG(s) dict_keys(['example_branch_labels']) retrieved from /home/airflow/.local/lib/python3.7/site-packages/airflow/example_dags/example_branch_labels.py
[2022-07-23 04:54:33,198] {logging_mixin.py:115} INFO - [2022-07-23 04:54:33,198] {dag.py:2420} INFO - Sync 1 DAGs
[2022-07-23 04:54:33,220] {logging_mixin.py:115} INFO - [2022-07-23 04:54:33,220] {dag.py:2972} INFO - Setting next_dagrun for example_branch_labels to 2022-07-22T00:00:00+00:00, run_after=2022-07-23T00:00:00+00:00
[2022-07-23 04:54:33,252] {processor.py:161} INFO - Processing /home/airflow/.local/lib/python3.7/site-packages/airflow/example_dags/example_branch_labels.py took 0.087 seconds
[2022-07-23 04:55:04,015] {processor.py:153} INFO - Started process (PID=1932) to work on /home/airflow/.local/lib/python3.7/site-packages/airflow/example_dags/example_branch_labels.py
[2022-07-23 04:55:04,016] {processor.py:641} INFO - Processing file /home/airflow/.local/lib/python3.7/site-packages/airflow/example_dags/example_branch_labels.py for tasks to queue
[2022-07-23 04:55:04,016] {logging_mixin.py:115} INFO - [2022-07-23 04:55:04,016] {dagbag.py:508} INFO - Filling up the DagBag from /home/airflow/.local/lib/python3.7/site-packages/airflow/example_dags/example_branch_labels.py
[2022-07-23 04:55:04,022] {processor.py:651} INFO - DAG(s) dict_keys(['example_branch_labels']) retrieved from /home/airflow/.local/lib/python3.7/site-packages/airflow/example_dags/example_branch_labels.py
[2022-07-23 04:55:04,042] {logging_mixin.py:115} INFO - [2022-07-23 04:55:04,042] {dag.py:2420} INFO - Sync 1 DAGs
[2022-07-23 04:55:04,060] {logging_mixin.py:115} INFO - [2022-07-23 04:55:04,060] {dag.py:2972} INFO - Setting next_dagrun for example_branch_labels to 2022-07-22T00:00:00+00:00, run_after=2022-07-23T00:00:00+00:00
[2022-07-23 04:55:04,078] {processor.py:161} INFO - Processing /home/airflow/.local/lib/python3.7/site-packages/airflow/example_dags/example_branch_labels.py took 0.066 seconds
[2022-07-23 04:55:35,014] {processor.py:153} INFO - Started process (PID=1994) to work on /home/airflow/.local/lib/python3.7/site-packages/airflow/example_dags/example_branch_labels.py
[2022-07-23 04:55:35,015] {processor.py:641} INFO - Processing file /home/airflow/.local/lib/python3.7/site-packages/airflow/example_dags/example_branch_labels.py for tasks to queue
[2022-07-23 04:55:35,015] {logging_mixin.py:115} INFO - [2022-07-23 04:55:35,015] {dagbag.py:508} INFO - Filling up the DagBag from /home/airflow/.local/lib/python3.7/site-packages/airflow/example_dags/example_branch_labels.py
[2022-07-23 04:55:35,022] {processor.py:651} INFO - DAG(s) dict_keys(['example_branch_labels']) retrieved from /home/airflow/.local/lib/python3.7/site-packages/airflow/example_dags/example_branch_labels.py
[2022-07-23 04:55:35,044] {logging_mixin.py:115} INFO - [2022-07-23 04:55:35,044] {dag.py:2420} INFO - Sync 1 DAGs
[2022-07-23 04:55:35,065] {logging_mixin.py:115} INFO - [2022-07-23 04:55:35,065] {dag.py:2972} INFO - Setting next_dagrun for example_branch_labels to 2022-07-22T00:00:00+00:00, run_after=2022-07-23T00:00:00+00:00
[2022-07-23 04:55:35,082] {processor.py:161} INFO - Processing /home/airflow/.local/lib/python3.7/site-packages/airflow/example_dags/example_branch_labels.py took 0.071 seconds
[2022-07-23 04:56:05,290] {processor.py:153} INFO - Started process (PID=2055) to work on /home/airflow/.local/lib/python3.7/site-packages/airflow/example_dags/example_branch_labels.py
[2022-07-23 04:56:05,291] {processor.py:641} INFO - Processing file /home/airflow/.local/lib/python3.7/site-packages/airflow/example_dags/example_branch_labels.py for tasks to queue
[2022-07-23 04:56:05,291] {logging_mixin.py:115} INFO - [2022-07-23 04:56:05,291] {dagbag.py:508} INFO - Filling up the DagBag from /home/airflow/.local/lib/python3.7/site-packages/airflow/example_dags/example_branch_labels.py
[2022-07-23 04:56:05,298] {processor.py:651} INFO - DAG(s) dict_keys(['example_branch_labels']) retrieved from /home/airflow/.local/lib/python3.7/site-packages/airflow/example_dags/example_branch_labels.py
[2022-07-23 04:56:05,324] {logging_mixin.py:115} INFO - [2022-07-23 04:56:05,324] {dag.py:2420} INFO - Sync 1 DAGs
[2022-07-23 04:56:05,345] {logging_mixin.py:115} INFO - [2022-07-23 04:56:05,345] {dag.py:2972} INFO - Setting next_dagrun for example_branch_labels to 2022-07-22T00:00:00+00:00, run_after=2022-07-23T00:00:00+00:00
[2022-07-23 04:56:05,364] {processor.py:161} INFO - Processing /home/airflow/.local/lib/python3.7/site-packages/airflow/example_dags/example_branch_labels.py took 0.076 seconds
[2022-07-23 04:56:35,555] {processor.py:153} INFO - Started process (PID=2107) to work on /home/airflow/.local/lib/python3.7/site-packages/airflow/example_dags/example_branch_labels.py
[2022-07-23 04:56:35,555] {processor.py:641} INFO - Processing file /home/airflow/.local/lib/python3.7/site-packages/airflow/example_dags/example_branch_labels.py for tasks to queue
[2022-07-23 04:56:35,555] {logging_mixin.py:115} INFO - [2022-07-23 04:56:35,555] {dagbag.py:508} INFO - Filling up the DagBag from /home/airflow/.local/lib/python3.7/site-packages/airflow/example_dags/example_branch_labels.py
[2022-07-23 04:56:35,562] {processor.py:651} INFO - DAG(s) dict_keys(['example_branch_labels']) retrieved from /home/airflow/.local/lib/python3.7/site-packages/airflow/example_dags/example_branch_labels.py
[2022-07-23 04:56:35,582] {logging_mixin.py:115} INFO - [2022-07-23 04:56:35,581] {dag.py:2420} INFO - Sync 1 DAGs
[2022-07-23 04:56:35,600] {logging_mixin.py:115} INFO - [2022-07-23 04:56:35,600] {dag.py:2972} INFO - Setting next_dagrun for example_branch_labels to 2022-07-22T00:00:00+00:00, run_after=2022-07-23T00:00:00+00:00
[2022-07-23 04:56:35,622] {processor.py:161} INFO - Processing /home/airflow/.local/lib/python3.7/site-packages/airflow/example_dags/example_branch_labels.py took 0.069 seconds
[2022-07-23 04:57:05,678] {processor.py:153} INFO - Started process (PID=2168) to work on /home/airflow/.local/lib/python3.7/site-packages/airflow/example_dags/example_branch_labels.py
[2022-07-23 04:57:05,679] {processor.py:641} INFO - Processing file /home/airflow/.local/lib/python3.7/site-packages/airflow/example_dags/example_branch_labels.py for tasks to queue
[2022-07-23 04:57:05,679] {logging_mixin.py:115} INFO - [2022-07-23 04:57:05,679] {dagbag.py:508} INFO - Filling up the DagBag from /home/airflow/.local/lib/python3.7/site-packages/airflow/example_dags/example_branch_labels.py
[2022-07-23 04:57:05,685] {processor.py:651} INFO - DAG(s) dict_keys(['example_branch_labels']) retrieved from /home/airflow/.local/lib/python3.7/site-packages/airflow/example_dags/example_branch_labels.py
[2022-07-23 04:57:05,705] {logging_mixin.py:115} INFO - [2022-07-23 04:57:05,705] {dag.py:2420} INFO - Sync 1 DAGs
[2022-07-23 04:57:05,724] {logging_mixin.py:115} INFO - [2022-07-23 04:57:05,724] {dag.py:2972} INFO - Setting next_dagrun for example_branch_labels to 2022-07-22T00:00:00+00:00, run_after=2022-07-23T00:00:00+00:00
[2022-07-23 04:57:05,743] {processor.py:161} INFO - Processing /home/airflow/.local/lib/python3.7/site-packages/airflow/example_dags/example_branch_labels.py took 0.066 seconds
[2022-07-23 04:57:35,863] {processor.py:153} INFO - Started process (PID=2229) to work on /home/airflow/.local/lib/python3.7/site-packages/airflow/example_dags/example_branch_labels.py
[2022-07-23 04:57:35,863] {processor.py:641} INFO - Processing file /home/airflow/.local/lib/python3.7/site-packages/airflow/example_dags/example_branch_labels.py for tasks to queue
[2022-07-23 04:57:35,864] {logging_mixin.py:115} INFO - [2022-07-23 04:57:35,863] {dagbag.py:508} INFO - Filling up the DagBag from /home/airflow/.local/lib/python3.7/site-packages/airflow/example_dags/example_branch_labels.py
[2022-07-23 04:57:35,870] {processor.py:651} INFO - DAG(s) dict_keys(['example_branch_labels']) retrieved from /home/airflow/.local/lib/python3.7/site-packages/airflow/example_dags/example_branch_labels.py
[2022-07-23 04:57:35,891] {logging_mixin.py:115} INFO - [2022-07-23 04:57:35,891] {dag.py:2420} INFO - Sync 1 DAGs
[2022-07-23 04:57:35,912] {logging_mixin.py:115} INFO - [2022-07-23 04:57:35,912] {dag.py:2972} INFO - Setting next_dagrun for example_branch_labels to 2022-07-22T00:00:00+00:00, run_after=2022-07-23T00:00:00+00:00
[2022-07-23 04:57:35,933] {processor.py:161} INFO - Processing /home/airflow/.local/lib/python3.7/site-packages/airflow/example_dags/example_branch_labels.py took 0.073 seconds
[2022-07-23 04:58:06,126] {processor.py:153} INFO - Started process (PID=2281) to work on /home/airflow/.local/lib/python3.7/site-packages/airflow/example_dags/example_branch_labels.py
[2022-07-23 04:58:06,127] {processor.py:641} INFO - Processing file /home/airflow/.local/lib/python3.7/site-packages/airflow/example_dags/example_branch_labels.py for tasks to queue
[2022-07-23 04:58:06,127] {logging_mixin.py:115} INFO - [2022-07-23 04:58:06,127] {dagbag.py:508} INFO - Filling up the DagBag from /home/airflow/.local/lib/python3.7/site-packages/airflow/example_dags/example_branch_labels.py
[2022-07-23 04:58:06,133] {processor.py:651} INFO - DAG(s) dict_keys(['example_branch_labels']) retrieved from /home/airflow/.local/lib/python3.7/site-packages/airflow/example_dags/example_branch_labels.py
[2022-07-23 04:58:06,154] {logging_mixin.py:115} INFO - [2022-07-23 04:58:06,154] {dag.py:2420} INFO - Sync 1 DAGs
[2022-07-23 04:58:06,177] {logging_mixin.py:115} INFO - [2022-07-23 04:58:06,177] {dag.py:2972} INFO - Setting next_dagrun for example_branch_labels to 2022-07-22T00:00:00+00:00, run_after=2022-07-23T00:00:00+00:00
[2022-07-23 04:58:06,200] {processor.py:161} INFO - Processing /home/airflow/.local/lib/python3.7/site-packages/airflow/example_dags/example_branch_labels.py took 0.075 seconds
[2022-07-23 04:58:37,022] {processor.py:153} INFO - Started process (PID=2342) to work on /home/airflow/.local/lib/python3.7/site-packages/airflow/example_dags/example_branch_labels.py
[2022-07-23 04:58:37,023] {processor.py:641} INFO - Processing file /home/airflow/.local/lib/python3.7/site-packages/airflow/example_dags/example_branch_labels.py for tasks to queue
[2022-07-23 04:58:37,023] {logging_mixin.py:115} INFO - [2022-07-23 04:58:37,023] {dagbag.py:508} INFO - Filling up the DagBag from /home/airflow/.local/lib/python3.7/site-packages/airflow/example_dags/example_branch_labels.py
[2022-07-23 04:58:37,030] {processor.py:651} INFO - DAG(s) dict_keys(['example_branch_labels']) retrieved from /home/airflow/.local/lib/python3.7/site-packages/airflow/example_dags/example_branch_labels.py
[2022-07-23 04:58:37,055] {logging_mixin.py:115} INFO - [2022-07-23 04:58:37,055] {dag.py:2420} INFO - Sync 1 DAGs
[2022-07-23 04:58:37,078] {logging_mixin.py:115} INFO - [2022-07-23 04:58:37,078] {dag.py:2972} INFO - Setting next_dagrun for example_branch_labels to 2022-07-22T00:00:00+00:00, run_after=2022-07-23T00:00:00+00:00
[2022-07-23 04:58:37,095] {processor.py:161} INFO - Processing /home/airflow/.local/lib/python3.7/site-packages/airflow/example_dags/example_branch_labels.py took 0.075 seconds
[2022-07-23 04:59:07,926] {processor.py:153} INFO - Started process (PID=2403) to work on /home/airflow/.local/lib/python3.7/site-packages/airflow/example_dags/example_branch_labels.py
[2022-07-23 04:59:07,926] {processor.py:641} INFO - Processing file /home/airflow/.local/lib/python3.7/site-packages/airflow/example_dags/example_branch_labels.py for tasks to queue
[2022-07-23 04:59:07,927] {logging_mixin.py:115} INFO - [2022-07-23 04:59:07,927] {dagbag.py:508} INFO - Filling up the DagBag from /home/airflow/.local/lib/python3.7/site-packages/airflow/example_dags/example_branch_labels.py
[2022-07-23 04:59:07,933] {processor.py:651} INFO - DAG(s) dict_keys(['example_branch_labels']) retrieved from /home/airflow/.local/lib/python3.7/site-packages/airflow/example_dags/example_branch_labels.py
[2022-07-23 04:59:07,954] {logging_mixin.py:115} INFO - [2022-07-23 04:59:07,954] {dag.py:2420} INFO - Sync 1 DAGs
[2022-07-23 04:59:07,974] {logging_mixin.py:115} INFO - [2022-07-23 04:59:07,974] {dag.py:2972} INFO - Setting next_dagrun for example_branch_labels to 2022-07-22T00:00:00+00:00, run_after=2022-07-23T00:00:00+00:00
[2022-07-23 04:59:07,991] {processor.py:161} INFO - Processing /home/airflow/.local/lib/python3.7/site-packages/airflow/example_dags/example_branch_labels.py took 0.067 seconds
[2022-07-23 04:59:38,859] {processor.py:153} INFO - Started process (PID=2456) to work on /home/airflow/.local/lib/python3.7/site-packages/airflow/example_dags/example_branch_labels.py
[2022-07-23 04:59:38,860] {processor.py:641} INFO - Processing file /home/airflow/.local/lib/python3.7/site-packages/airflow/example_dags/example_branch_labels.py for tasks to queue
[2022-07-23 04:59:38,860] {logging_mixin.py:115} INFO - [2022-07-23 04:59:38,860] {dagbag.py:508} INFO - Filling up the DagBag from /home/airflow/.local/lib/python3.7/site-packages/airflow/example_dags/example_branch_labels.py
[2022-07-23 04:59:38,868] {processor.py:651} INFO - DAG(s) dict_keys(['example_branch_labels']) retrieved from /home/airflow/.local/lib/python3.7/site-packages/airflow/example_dags/example_branch_labels.py
[2022-07-23 04:59:38,896] {logging_mixin.py:115} INFO - [2022-07-23 04:59:38,896] {dag.py:2420} INFO - Sync 1 DAGs
[2022-07-23 04:59:38,923] {logging_mixin.py:115} INFO - [2022-07-23 04:59:38,923] {dag.py:2972} INFO - Setting next_dagrun for example_branch_labels to 2022-07-22T00:00:00+00:00, run_after=2022-07-23T00:00:00+00:00
[2022-07-23 04:59:38,939] {processor.py:161} INFO - Processing /home/airflow/.local/lib/python3.7/site-packages/airflow/example_dags/example_branch_labels.py took 0.083 seconds
[2022-07-23 05:00:09,624] {processor.py:153} INFO - Started process (PID=2517) to work on /home/airflow/.local/lib/python3.7/site-packages/airflow/example_dags/example_branch_labels.py
[2022-07-23 05:00:09,624] {processor.py:641} INFO - Processing file /home/airflow/.local/lib/python3.7/site-packages/airflow/example_dags/example_branch_labels.py for tasks to queue
[2022-07-23 05:00:09,625] {logging_mixin.py:115} INFO - [2022-07-23 05:00:09,625] {dagbag.py:508} INFO - Filling up the DagBag from /home/airflow/.local/lib/python3.7/site-packages/airflow/example_dags/example_branch_labels.py
[2022-07-23 05:00:09,631] {processor.py:651} INFO - DAG(s) dict_keys(['example_branch_labels']) retrieved from /home/airflow/.local/lib/python3.7/site-packages/airflow/example_dags/example_branch_labels.py
[2022-07-23 05:00:09,655] {logging_mixin.py:115} INFO - [2022-07-23 05:00:09,655] {dag.py:2420} INFO - Sync 1 DAGs
[2022-07-23 05:00:09,679] {logging_mixin.py:115} INFO - [2022-07-23 05:00:09,678] {dag.py:2972} INFO - Setting next_dagrun for example_branch_labels to 2022-07-22T00:00:00+00:00, run_after=2022-07-23T00:00:00+00:00
[2022-07-23 05:00:09,701] {processor.py:161} INFO - Processing /home/airflow/.local/lib/python3.7/site-packages/airflow/example_dags/example_branch_labels.py took 0.080 seconds
[2022-07-23 05:00:40,480] {processor.py:153} INFO - Started process (PID=2578) to work on /home/airflow/.local/lib/python3.7/site-packages/airflow/example_dags/example_branch_labels.py
[2022-07-23 05:00:40,481] {processor.py:641} INFO - Processing file /home/airflow/.local/lib/python3.7/site-packages/airflow/example_dags/example_branch_labels.py for tasks to queue
[2022-07-23 05:00:40,481] {logging_mixin.py:115} INFO - [2022-07-23 05:00:40,481] {dagbag.py:508} INFO - Filling up the DagBag from /home/airflow/.local/lib/python3.7/site-packages/airflow/example_dags/example_branch_labels.py
[2022-07-23 05:00:40,487] {processor.py:651} INFO - DAG(s) dict_keys(['example_branch_labels']) retrieved from /home/airflow/.local/lib/python3.7/site-packages/airflow/example_dags/example_branch_labels.py
[2022-07-23 05:00:40,508] {logging_mixin.py:115} INFO - [2022-07-23 05:00:40,508] {dag.py:2420} INFO - Sync 1 DAGs
[2022-07-23 05:00:40,527] {logging_mixin.py:115} INFO - [2022-07-23 05:00:40,527] {dag.py:2972} INFO - Setting next_dagrun for example_branch_labels to 2022-07-22T00:00:00+00:00, run_after=2022-07-23T00:00:00+00:00
[2022-07-23 05:00:40,543] {processor.py:161} INFO - Processing /home/airflow/.local/lib/python3.7/site-packages/airflow/example_dags/example_branch_labels.py took 0.065 seconds
[2022-07-23 05:01:11,045] {processor.py:153} INFO - Started process (PID=2630) to work on /home/airflow/.local/lib/python3.7/site-packages/airflow/example_dags/example_branch_labels.py
[2022-07-23 05:01:11,045] {processor.py:641} INFO - Processing file /home/airflow/.local/lib/python3.7/site-packages/airflow/example_dags/example_branch_labels.py for tasks to queue
[2022-07-23 05:01:11,046] {logging_mixin.py:115} INFO - [2022-07-23 05:01:11,046] {dagbag.py:508} INFO - Filling up the DagBag from /home/airflow/.local/lib/python3.7/site-packages/airflow/example_dags/example_branch_labels.py
[2022-07-23 05:01:11,051] {processor.py:651} INFO - DAG(s) dict_keys(['example_branch_labels']) retrieved from /home/airflow/.local/lib/python3.7/site-packages/airflow/example_dags/example_branch_labels.py
[2022-07-23 05:01:11,072] {logging_mixin.py:115} INFO - [2022-07-23 05:01:11,072] {dag.py:2420} INFO - Sync 1 DAGs
[2022-07-23 05:01:11,091] {logging_mixin.py:115} INFO - [2022-07-23 05:01:11,091] {dag.py:2972} INFO - Setting next_dagrun for example_branch_labels to 2022-07-22T00:00:00+00:00, run_after=2022-07-23T00:00:00+00:00
[2022-07-23 05:01:11,109] {processor.py:161} INFO - Processing /home/airflow/.local/lib/python3.7/site-packages/airflow/example_dags/example_branch_labels.py took 0.067 seconds
[2022-07-23 05:01:41,647] {processor.py:153} INFO - Started process (PID=2691) to work on /home/airflow/.local/lib/python3.7/site-packages/airflow/example_dags/example_branch_labels.py
[2022-07-23 05:01:41,647] {processor.py:641} INFO - Processing file /home/airflow/.local/lib/python3.7/site-packages/airflow/example_dags/example_branch_labels.py for tasks to queue
[2022-07-23 05:01:41,648] {logging_mixin.py:115} INFO - [2022-07-23 05:01:41,648] {dagbag.py:508} INFO - Filling up the DagBag from /home/airflow/.local/lib/python3.7/site-packages/airflow/example_dags/example_branch_labels.py
[2022-07-23 05:01:41,653] {processor.py:651} INFO - DAG(s) dict_keys(['example_branch_labels']) retrieved from /home/airflow/.local/lib/python3.7/site-packages/airflow/example_dags/example_branch_labels.py
[2022-07-23 05:01:41,674] {logging_mixin.py:115} INFO - [2022-07-23 05:01:41,674] {dag.py:2420} INFO - Sync 1 DAGs
[2022-07-23 05:01:41,693] {logging_mixin.py:115} INFO - [2022-07-23 05:01:41,693] {dag.py:2972} INFO - Setting next_dagrun for example_branch_labels to 2022-07-22T00:00:00+00:00, run_after=2022-07-23T00:00:00+00:00
[2022-07-23 05:01:41,716] {processor.py:161} INFO - Processing /home/airflow/.local/lib/python3.7/site-packages/airflow/example_dags/example_branch_labels.py took 0.071 seconds
[2022-07-23 05:02:12,364] {processor.py:153} INFO - Started process (PID=2752) to work on /home/airflow/.local/lib/python3.7/site-packages/airflow/example_dags/example_branch_labels.py
[2022-07-23 05:02:12,365] {processor.py:641} INFO - Processing file /home/airflow/.local/lib/python3.7/site-packages/airflow/example_dags/example_branch_labels.py for tasks to queue
[2022-07-23 05:02:12,365] {logging_mixin.py:115} INFO - [2022-07-23 05:02:12,365] {dagbag.py:508} INFO - Filling up the DagBag from /home/airflow/.local/lib/python3.7/site-packages/airflow/example_dags/example_branch_labels.py
[2022-07-23 05:02:12,371] {processor.py:651} INFO - DAG(s) dict_keys(['example_branch_labels']) retrieved from /home/airflow/.local/lib/python3.7/site-packages/airflow/example_dags/example_branch_labels.py
[2022-07-23 05:02:12,397] {logging_mixin.py:115} INFO - [2022-07-23 05:02:12,397] {dag.py:2420} INFO - Sync 1 DAGs
[2022-07-23 05:02:12,425] {logging_mixin.py:115} INFO - [2022-07-23 05:02:12,425] {dag.py:2972} INFO - Setting next_dagrun for example_branch_labels to 2022-07-22T00:00:00+00:00, run_after=2022-07-23T00:00:00+00:00
[2022-07-23 05:02:12,443] {processor.py:161} INFO - Processing /home/airflow/.local/lib/python3.7/site-packages/airflow/example_dags/example_branch_labels.py took 0.080 seconds
[2022-07-23 05:02:43,276] {processor.py:153} INFO - Started process (PID=2814) to work on /home/airflow/.local/lib/python3.7/site-packages/airflow/example_dags/example_branch_labels.py
[2022-07-23 05:02:43,277] {processor.py:641} INFO - Processing file /home/airflow/.local/lib/python3.7/site-packages/airflow/example_dags/example_branch_labels.py for tasks to queue
[2022-07-23 05:02:43,277] {logging_mixin.py:115} INFO - [2022-07-23 05:02:43,277] {dagbag.py:508} INFO - Filling up the DagBag from /home/airflow/.local/lib/python3.7/site-packages/airflow/example_dags/example_branch_labels.py
[2022-07-23 05:02:43,283] {processor.py:651} INFO - DAG(s) dict_keys(['example_branch_labels']) retrieved from /home/airflow/.local/lib/python3.7/site-packages/airflow/example_dags/example_branch_labels.py
[2022-07-23 05:02:43,307] {logging_mixin.py:115} INFO - [2022-07-23 05:02:43,307] {dag.py:2420} INFO - Sync 1 DAGs
[2022-07-23 05:02:43,331] {logging_mixin.py:115} INFO - [2022-07-23 05:02:43,331] {dag.py:2972} INFO - Setting next_dagrun for example_branch_labels to 2022-07-22T00:00:00+00:00, run_after=2022-07-23T00:00:00+00:00
[2022-07-23 05:02:43,350] {processor.py:161} INFO - Processing /home/airflow/.local/lib/python3.7/site-packages/airflow/example_dags/example_branch_labels.py took 0.075 seconds
[2022-07-23 05:03:14,265] {processor.py:153} INFO - Started process (PID=2866) to work on /home/airflow/.local/lib/python3.7/site-packages/airflow/example_dags/example_branch_labels.py
[2022-07-23 05:03:14,266] {processor.py:641} INFO - Processing file /home/airflow/.local/lib/python3.7/site-packages/airflow/example_dags/example_branch_labels.py for tasks to queue
[2022-07-23 05:03:14,266] {logging_mixin.py:115} INFO - [2022-07-23 05:03:14,266] {dagbag.py:508} INFO - Filling up the DagBag from /home/airflow/.local/lib/python3.7/site-packages/airflow/example_dags/example_branch_labels.py
[2022-07-23 05:03:14,272] {processor.py:651} INFO - DAG(s) dict_keys(['example_branch_labels']) retrieved from /home/airflow/.local/lib/python3.7/site-packages/airflow/example_dags/example_branch_labels.py
[2022-07-23 05:03:14,295] {logging_mixin.py:115} INFO - [2022-07-23 05:03:14,295] {dag.py:2420} INFO - Sync 1 DAGs
[2022-07-23 05:03:14,315] {logging_mixin.py:115} INFO - [2022-07-23 05:03:14,315] {dag.py:2972} INFO - Setting next_dagrun for example_branch_labels to 2022-07-22T00:00:00+00:00, run_after=2022-07-23T00:00:00+00:00
[2022-07-23 05:03:14,331] {processor.py:161} INFO - Processing /home/airflow/.local/lib/python3.7/site-packages/airflow/example_dags/example_branch_labels.py took 0.068 seconds
[2022-07-23 05:03:45,052] {processor.py:153} INFO - Started process (PID=2927) to work on /home/airflow/.local/lib/python3.7/site-packages/airflow/example_dags/example_branch_labels.py
[2022-07-23 05:03:45,053] {processor.py:641} INFO - Processing file /home/airflow/.local/lib/python3.7/site-packages/airflow/example_dags/example_branch_labels.py for tasks to queue
[2022-07-23 05:03:45,053] {logging_mixin.py:115} INFO - [2022-07-23 05:03:45,053] {dagbag.py:508} INFO - Filling up the DagBag from /home/airflow/.local/lib/python3.7/site-packages/airflow/example_dags/example_branch_labels.py
[2022-07-23 05:03:45,059] {processor.py:651} INFO - DAG(s) dict_keys(['example_branch_labels']) retrieved from /home/airflow/.local/lib/python3.7/site-packages/airflow/example_dags/example_branch_labels.py
[2022-07-23 05:03:45,087] {logging_mixin.py:115} INFO - [2022-07-23 05:03:45,087] {dag.py:2420} INFO - Sync 1 DAGs
[2022-07-23 05:03:45,115] {logging_mixin.py:115} INFO - [2022-07-23 05:03:45,115] {dag.py:2972} INFO - Setting next_dagrun for example_branch_labels to 2022-07-22T00:00:00+00:00, run_after=2022-07-23T00:00:00+00:00
[2022-07-23 05:03:45,134] {processor.py:161} INFO - Processing /home/airflow/.local/lib/python3.7/site-packages/airflow/example_dags/example_branch_labels.py took 0.084 seconds
[2022-07-23 05:04:15,537] {processor.py:153} INFO - Started process (PID=2988) to work on /home/airflow/.local/lib/python3.7/site-packages/airflow/example_dags/example_branch_labels.py
[2022-07-23 05:04:15,537] {processor.py:641} INFO - Processing file /home/airflow/.local/lib/python3.7/site-packages/airflow/example_dags/example_branch_labels.py for tasks to queue
[2022-07-23 05:04:15,538] {logging_mixin.py:115} INFO - [2022-07-23 05:04:15,538] {dagbag.py:508} INFO - Filling up the DagBag from /home/airflow/.local/lib/python3.7/site-packages/airflow/example_dags/example_branch_labels.py
[2022-07-23 05:04:15,545] {processor.py:651} INFO - DAG(s) dict_keys(['example_branch_labels']) retrieved from /home/airflow/.local/lib/python3.7/site-packages/airflow/example_dags/example_branch_labels.py
[2022-07-23 05:04:15,572] {logging_mixin.py:115} INFO - [2022-07-23 05:04:15,572] {dag.py:2420} INFO - Sync 1 DAGs
[2022-07-23 05:04:15,601] {logging_mixin.py:115} INFO - [2022-07-23 05:04:15,601] {dag.py:2972} INFO - Setting next_dagrun for example_branch_labels to 2022-07-22T00:00:00+00:00, run_after=2022-07-23T00:00:00+00:00
[2022-07-23 05:04:15,618] {processor.py:161} INFO - Processing /home/airflow/.local/lib/python3.7/site-packages/airflow/example_dags/example_branch_labels.py took 0.083 seconds
[2022-07-23 05:04:46,209] {processor.py:153} INFO - Started process (PID=3040) to work on /home/airflow/.local/lib/python3.7/site-packages/airflow/example_dags/example_branch_labels.py
[2022-07-23 05:04:46,210] {processor.py:641} INFO - Processing file /home/airflow/.local/lib/python3.7/site-packages/airflow/example_dags/example_branch_labels.py for tasks to queue
[2022-07-23 05:04:46,210] {logging_mixin.py:115} INFO - [2022-07-23 05:04:46,210] {dagbag.py:508} INFO - Filling up the DagBag from /home/airflow/.local/lib/python3.7/site-packages/airflow/example_dags/example_branch_labels.py
[2022-07-23 05:04:46,216] {processor.py:651} INFO - DAG(s) dict_keys(['example_branch_labels']) retrieved from /home/airflow/.local/lib/python3.7/site-packages/airflow/example_dags/example_branch_labels.py
[2022-07-23 05:04:46,242] {logging_mixin.py:115} INFO - [2022-07-23 05:04:46,242] {dag.py:2420} INFO - Sync 1 DAGs
[2022-07-23 05:04:46,270] {logging_mixin.py:115} INFO - [2022-07-23 05:04:46,270] {dag.py:2972} INFO - Setting next_dagrun for example_branch_labels to 2022-07-22T00:00:00+00:00, run_after=2022-07-23T00:00:00+00:00
[2022-07-23 05:04:46,288] {processor.py:161} INFO - Processing /home/airflow/.local/lib/python3.7/site-packages/airflow/example_dags/example_branch_labels.py took 0.081 seconds
[2022-07-23 05:05:16,965] {processor.py:153} INFO - Started process (PID=3101) to work on /home/airflow/.local/lib/python3.7/site-packages/airflow/example_dags/example_branch_labels.py
[2022-07-23 05:05:16,965] {processor.py:641} INFO - Processing file /home/airflow/.local/lib/python3.7/site-packages/airflow/example_dags/example_branch_labels.py for tasks to queue
[2022-07-23 05:05:16,966] {logging_mixin.py:115} INFO - [2022-07-23 05:05:16,965] {dagbag.py:508} INFO - Filling up the DagBag from /home/airflow/.local/lib/python3.7/site-packages/airflow/example_dags/example_branch_labels.py
[2022-07-23 05:05:16,971] {processor.py:651} INFO - DAG(s) dict_keys(['example_branch_labels']) retrieved from /home/airflow/.local/lib/python3.7/site-packages/airflow/example_dags/example_branch_labels.py
[2022-07-23 05:05:16,995] {logging_mixin.py:115} INFO - [2022-07-23 05:05:16,995] {dag.py:2420} INFO - Sync 1 DAGs
[2022-07-23 05:05:17,020] {logging_mixin.py:115} INFO - [2022-07-23 05:05:17,019] {dag.py:2972} INFO - Setting next_dagrun for example_branch_labels to 2022-07-22T00:00:00+00:00, run_after=2022-07-23T00:00:00+00:00
[2022-07-23 05:05:17,037] {processor.py:161} INFO - Processing /home/airflow/.local/lib/python3.7/site-packages/airflow/example_dags/example_branch_labels.py took 0.074 seconds
[2022-07-23 05:05:47,459] {processor.py:153} INFO - Started process (PID=3162) to work on /home/airflow/.local/lib/python3.7/site-packages/airflow/example_dags/example_branch_labels.py
[2022-07-23 05:05:47,459] {processor.py:641} INFO - Processing file /home/airflow/.local/lib/python3.7/site-packages/airflow/example_dags/example_branch_labels.py for tasks to queue
[2022-07-23 05:05:47,460] {logging_mixin.py:115} INFO - [2022-07-23 05:05:47,460] {dagbag.py:508} INFO - Filling up the DagBag from /home/airflow/.local/lib/python3.7/site-packages/airflow/example_dags/example_branch_labels.py
[2022-07-23 05:05:47,467] {processor.py:651} INFO - DAG(s) dict_keys(['example_branch_labels']) retrieved from /home/airflow/.local/lib/python3.7/site-packages/airflow/example_dags/example_branch_labels.py
[2022-07-23 05:05:47,490] {logging_mixin.py:115} INFO - [2022-07-23 05:05:47,490] {dag.py:2420} INFO - Sync 1 DAGs
[2022-07-23 05:05:47,510] {logging_mixin.py:115} INFO - [2022-07-23 05:05:47,510] {dag.py:2972} INFO - Setting next_dagrun for example_branch_labels to 2022-07-22T00:00:00+00:00, run_after=2022-07-23T00:00:00+00:00
[2022-07-23 05:05:47,525] {processor.py:161} INFO - Processing /home/airflow/.local/lib/python3.7/site-packages/airflow/example_dags/example_branch_labels.py took 0.069 seconds
[2022-07-23 05:06:17,878] {processor.py:153} INFO - Started process (PID=3214) to work on /home/airflow/.local/lib/python3.7/site-packages/airflow/example_dags/example_branch_labels.py
[2022-07-23 05:06:17,879] {processor.py:641} INFO - Processing file /home/airflow/.local/lib/python3.7/site-packages/airflow/example_dags/example_branch_labels.py for tasks to queue
[2022-07-23 05:06:17,879] {logging_mixin.py:115} INFO - [2022-07-23 05:06:17,879] {dagbag.py:508} INFO - Filling up the DagBag from /home/airflow/.local/lib/python3.7/site-packages/airflow/example_dags/example_branch_labels.py
[2022-07-23 05:06:17,885] {processor.py:651} INFO - DAG(s) dict_keys(['example_branch_labels']) retrieved from /home/airflow/.local/lib/python3.7/site-packages/airflow/example_dags/example_branch_labels.py
[2022-07-23 05:06:17,913] {logging_mixin.py:115} INFO - [2022-07-23 05:06:17,912] {dag.py:2420} INFO - Sync 1 DAGs
[2022-07-23 05:06:17,941] {logging_mixin.py:115} INFO - [2022-07-23 05:06:17,941] {dag.py:2972} INFO - Setting next_dagrun for example_branch_labels to 2022-07-22T00:00:00+00:00, run_after=2022-07-23T00:00:00+00:00
[2022-07-23 05:06:17,964] {processor.py:161} INFO - Processing /home/airflow/.local/lib/python3.7/site-packages/airflow/example_dags/example_branch_labels.py took 0.088 seconds
[2022-07-23 05:06:48,430] {processor.py:153} INFO - Started process (PID=3276) to work on /home/airflow/.local/lib/python3.7/site-packages/airflow/example_dags/example_branch_labels.py
[2022-07-23 05:06:48,430] {processor.py:641} INFO - Processing file /home/airflow/.local/lib/python3.7/site-packages/airflow/example_dags/example_branch_labels.py for tasks to queue
[2022-07-23 05:06:48,431] {logging_mixin.py:115} INFO - [2022-07-23 05:06:48,431] {dagbag.py:508} INFO - Filling up the DagBag from /home/airflow/.local/lib/python3.7/site-packages/airflow/example_dags/example_branch_labels.py
[2022-07-23 05:06:48,436] {processor.py:651} INFO - DAG(s) dict_keys(['example_branch_labels']) retrieved from /home/airflow/.local/lib/python3.7/site-packages/airflow/example_dags/example_branch_labels.py
[2022-07-23 05:06:48,464] {logging_mixin.py:115} INFO - [2022-07-23 05:06:48,463] {dag.py:2420} INFO - Sync 1 DAGs
[2022-07-23 05:06:48,489] {logging_mixin.py:115} INFO - [2022-07-23 05:06:48,489] {dag.py:2972} INFO - Setting next_dagrun for example_branch_labels to 2022-07-22T00:00:00+00:00, run_after=2022-07-23T00:00:00+00:00
[2022-07-23 05:06:48,508] {processor.py:161} INFO - Processing /home/airflow/.local/lib/python3.7/site-packages/airflow/example_dags/example_branch_labels.py took 0.081 seconds
[2022-07-23 05:07:18,670] {processor.py:153} INFO - Started process (PID=3328) to work on /home/airflow/.local/lib/python3.7/site-packages/airflow/example_dags/example_branch_labels.py
[2022-07-23 05:07:18,671] {processor.py:641} INFO - Processing file /home/airflow/.local/lib/python3.7/site-packages/airflow/example_dags/example_branch_labels.py for tasks to queue
[2022-07-23 05:07:18,671] {logging_mixin.py:115} INFO - [2022-07-23 05:07:18,671] {dagbag.py:508} INFO - Filling up the DagBag from /home/airflow/.local/lib/python3.7/site-packages/airflow/example_dags/example_branch_labels.py
[2022-07-23 05:07:18,676] {processor.py:651} INFO - DAG(s) dict_keys(['example_branch_labels']) retrieved from /home/airflow/.local/lib/python3.7/site-packages/airflow/example_dags/example_branch_labels.py
[2022-07-23 05:07:18,700] {logging_mixin.py:115} INFO - [2022-07-23 05:07:18,700] {dag.py:2420} INFO - Sync 1 DAGs
[2022-07-23 05:07:18,738] {logging_mixin.py:115} INFO - [2022-07-23 05:07:18,737] {dag.py:2972} INFO - Setting next_dagrun for example_branch_labels to 2022-07-22T00:00:00+00:00, run_after=2022-07-23T00:00:00+00:00
[2022-07-23 05:07:18,763] {processor.py:161} INFO - Processing /home/airflow/.local/lib/python3.7/site-packages/airflow/example_dags/example_branch_labels.py took 0.095 seconds
[2022-07-23 05:07:49,431] {processor.py:153} INFO - Started process (PID=3389) to work on /home/airflow/.local/lib/python3.7/site-packages/airflow/example_dags/example_branch_labels.py
[2022-07-23 05:07:49,431] {processor.py:641} INFO - Processing file /home/airflow/.local/lib/python3.7/site-packages/airflow/example_dags/example_branch_labels.py for tasks to queue
[2022-07-23 05:07:49,432] {logging_mixin.py:115} INFO - [2022-07-23 05:07:49,431] {dagbag.py:508} INFO - Filling up the DagBag from /home/airflow/.local/lib/python3.7/site-packages/airflow/example_dags/example_branch_labels.py
[2022-07-23 05:07:49,438] {processor.py:651} INFO - DAG(s) dict_keys(['example_branch_labels']) retrieved from /home/airflow/.local/lib/python3.7/site-packages/airflow/example_dags/example_branch_labels.py
[2022-07-23 05:07:49,461] {logging_mixin.py:115} INFO - [2022-07-23 05:07:49,461] {dag.py:2420} INFO - Sync 1 DAGs
[2022-07-23 05:07:49,488] {logging_mixin.py:115} INFO - [2022-07-23 05:07:49,487] {dag.py:2972} INFO - Setting next_dagrun for example_branch_labels to 2022-07-22T00:00:00+00:00, run_after=2022-07-23T00:00:00+00:00
[2022-07-23 05:07:49,508] {processor.py:161} INFO - Processing /home/airflow/.local/lib/python3.7/site-packages/airflow/example_dags/example_branch_labels.py took 0.080 seconds
[2022-07-23 05:08:20,043] {processor.py:153} INFO - Started process (PID=3450) to work on /home/airflow/.local/lib/python3.7/site-packages/airflow/example_dags/example_branch_labels.py
[2022-07-23 05:08:20,043] {processor.py:641} INFO - Processing file /home/airflow/.local/lib/python3.7/site-packages/airflow/example_dags/example_branch_labels.py for tasks to queue
[2022-07-23 05:08:20,044] {logging_mixin.py:115} INFO - [2022-07-23 05:08:20,044] {dagbag.py:508} INFO - Filling up the DagBag from /home/airflow/.local/lib/python3.7/site-packages/airflow/example_dags/example_branch_labels.py
[2022-07-23 05:08:20,050] {processor.py:651} INFO - DAG(s) dict_keys(['example_branch_labels']) retrieved from /home/airflow/.local/lib/python3.7/site-packages/airflow/example_dags/example_branch_labels.py
[2022-07-23 05:08:20,077] {logging_mixin.py:115} INFO - [2022-07-23 05:08:20,077] {dag.py:2420} INFO - Sync 1 DAGs
[2022-07-23 05:08:20,105] {logging_mixin.py:115} INFO - [2022-07-23 05:08:20,105] {dag.py:2972} INFO - Setting next_dagrun for example_branch_labels to 2022-07-22T00:00:00+00:00, run_after=2022-07-23T00:00:00+00:00
[2022-07-23 05:08:20,123] {processor.py:161} INFO - Processing /home/airflow/.local/lib/python3.7/site-packages/airflow/example_dags/example_branch_labels.py took 0.083 seconds
[2022-07-23 05:08:50,904] {processor.py:153} INFO - Started process (PID=3502) to work on /home/airflow/.local/lib/python3.7/site-packages/airflow/example_dags/example_branch_labels.py
[2022-07-23 05:08:50,904] {processor.py:641} INFO - Processing file /home/airflow/.local/lib/python3.7/site-packages/airflow/example_dags/example_branch_labels.py for tasks to queue
[2022-07-23 05:08:50,905] {logging_mixin.py:115} INFO - [2022-07-23 05:08:50,905] {dagbag.py:508} INFO - Filling up the DagBag from /home/airflow/.local/lib/python3.7/site-packages/airflow/example_dags/example_branch_labels.py
[2022-07-23 05:08:50,911] {processor.py:651} INFO - DAG(s) dict_keys(['example_branch_labels']) retrieved from /home/airflow/.local/lib/python3.7/site-packages/airflow/example_dags/example_branch_labels.py
[2022-07-23 05:08:50,957] {logging_mixin.py:115} INFO - [2022-07-23 05:08:50,957] {dag.py:2420} INFO - Sync 1 DAGs
[2022-07-23 05:08:51,002] {logging_mixin.py:115} INFO - [2022-07-23 05:08:51,002] {dag.py:2972} INFO - Setting next_dagrun for example_branch_labels to 2022-07-22T00:00:00+00:00, run_after=2022-07-23T00:00:00+00:00
[2022-07-23 05:08:51,024] {processor.py:161} INFO - Processing /home/airflow/.local/lib/python3.7/site-packages/airflow/example_dags/example_branch_labels.py took 0.123 seconds
[2022-07-23 05:09:21,253] {processor.py:153} INFO - Started process (PID=3563) to work on /home/airflow/.local/lib/python3.7/site-packages/airflow/example_dags/example_branch_labels.py
[2022-07-23 05:09:21,255] {processor.py:641} INFO - Processing file /home/airflow/.local/lib/python3.7/site-packages/airflow/example_dags/example_branch_labels.py for tasks to queue
[2022-07-23 05:09:21,256] {logging_mixin.py:115} INFO - [2022-07-23 05:09:21,256] {dagbag.py:508} INFO - Filling up the DagBag from /home/airflow/.local/lib/python3.7/site-packages/airflow/example_dags/example_branch_labels.py
[2022-07-23 05:09:21,265] {processor.py:651} INFO - DAG(s) dict_keys(['example_branch_labels']) retrieved from /home/airflow/.local/lib/python3.7/site-packages/airflow/example_dags/example_branch_labels.py
[2022-07-23 05:09:21,293] {logging_mixin.py:115} INFO - [2022-07-23 05:09:21,292] {dag.py:2420} INFO - Sync 1 DAGs
[2022-07-23 05:09:21,319] {logging_mixin.py:115} INFO - [2022-07-23 05:09:21,319] {dag.py:2972} INFO - Setting next_dagrun for example_branch_labels to 2022-07-22T00:00:00+00:00, run_after=2022-07-23T00:00:00+00:00
[2022-07-23 05:09:21,341] {processor.py:161} INFO - Processing /home/airflow/.local/lib/python3.7/site-packages/airflow/example_dags/example_branch_labels.py took 0.091 seconds
[2022-07-23 05:09:51,857] {processor.py:153} INFO - Started process (PID=3615) to work on /home/airflow/.local/lib/python3.7/site-packages/airflow/example_dags/example_branch_labels.py
[2022-07-23 05:09:51,858] {processor.py:641} INFO - Processing file /home/airflow/.local/lib/python3.7/site-packages/airflow/example_dags/example_branch_labels.py for tasks to queue
[2022-07-23 05:09:51,858] {logging_mixin.py:115} INFO - [2022-07-23 05:09:51,858] {dagbag.py:508} INFO - Filling up the DagBag from /home/airflow/.local/lib/python3.7/site-packages/airflow/example_dags/example_branch_labels.py
[2022-07-23 05:09:51,865] {processor.py:651} INFO - DAG(s) dict_keys(['example_branch_labels']) retrieved from /home/airflow/.local/lib/python3.7/site-packages/airflow/example_dags/example_branch_labels.py
[2022-07-23 05:09:51,917] {logging_mixin.py:115} INFO - [2022-07-23 05:09:51,916] {dag.py:2420} INFO - Sync 1 DAGs
[2022-07-23 05:09:51,947] {logging_mixin.py:115} INFO - [2022-07-23 05:09:51,947] {dag.py:2972} INFO - Setting next_dagrun for example_branch_labels to 2022-07-22T00:00:00+00:00, run_after=2022-07-23T00:00:00+00:00
[2022-07-23 05:09:51,969] {processor.py:161} INFO - Processing /home/airflow/.local/lib/python3.7/site-packages/airflow/example_dags/example_branch_labels.py took 0.115 seconds
[2022-07-23 05:10:22,557] {processor.py:153} INFO - Started process (PID=3677) to work on /home/airflow/.local/lib/python3.7/site-packages/airflow/example_dags/example_branch_labels.py
[2022-07-23 05:10:22,557] {processor.py:641} INFO - Processing file /home/airflow/.local/lib/python3.7/site-packages/airflow/example_dags/example_branch_labels.py for tasks to queue
[2022-07-23 05:10:22,558] {logging_mixin.py:115} INFO - [2022-07-23 05:10:22,558] {dagbag.py:508} INFO - Filling up the DagBag from /home/airflow/.local/lib/python3.7/site-packages/airflow/example_dags/example_branch_labels.py
[2022-07-23 05:10:22,563] {processor.py:651} INFO - DAG(s) dict_keys(['example_branch_labels']) retrieved from /home/airflow/.local/lib/python3.7/site-packages/airflow/example_dags/example_branch_labels.py
[2022-07-23 05:10:22,586] {logging_mixin.py:115} INFO - [2022-07-23 05:10:22,586] {dag.py:2420} INFO - Sync 1 DAGs
[2022-07-23 05:10:22,606] {logging_mixin.py:115} INFO - [2022-07-23 05:10:22,606] {dag.py:2972} INFO - Setting next_dagrun for example_branch_labels to 2022-07-22T00:00:00+00:00, run_after=2022-07-23T00:00:00+00:00
[2022-07-23 05:10:22,624] {processor.py:161} INFO - Processing /home/airflow/.local/lib/python3.7/site-packages/airflow/example_dags/example_branch_labels.py took 0.070 seconds
[2022-07-23 05:10:52,815] {processor.py:153} INFO - Started process (PID=3738) to work on /home/airflow/.local/lib/python3.7/site-packages/airflow/example_dags/example_branch_labels.py
[2022-07-23 05:10:52,815] {processor.py:641} INFO - Processing file /home/airflow/.local/lib/python3.7/site-packages/airflow/example_dags/example_branch_labels.py for tasks to queue
[2022-07-23 05:10:52,816] {logging_mixin.py:115} INFO - [2022-07-23 05:10:52,816] {dagbag.py:508} INFO - Filling up the DagBag from /home/airflow/.local/lib/python3.7/site-packages/airflow/example_dags/example_branch_labels.py
[2022-07-23 05:10:52,822] {processor.py:651} INFO - DAG(s) dict_keys(['example_branch_labels']) retrieved from /home/airflow/.local/lib/python3.7/site-packages/airflow/example_dags/example_branch_labels.py
[2022-07-23 05:10:52,843] {logging_mixin.py:115} INFO - [2022-07-23 05:10:52,843] {dag.py:2420} INFO - Sync 1 DAGs
[2022-07-23 05:10:52,863] {logging_mixin.py:115} INFO - [2022-07-23 05:10:52,863] {dag.py:2972} INFO - Setting next_dagrun for example_branch_labels to 2022-07-22T00:00:00+00:00, run_after=2022-07-23T00:00:00+00:00
[2022-07-23 05:10:52,879] {processor.py:161} INFO - Processing /home/airflow/.local/lib/python3.7/site-packages/airflow/example_dags/example_branch_labels.py took 0.067 seconds
[2022-07-23 05:11:23,093] {processor.py:153} INFO - Started process (PID=3790) to work on /home/airflow/.local/lib/python3.7/site-packages/airflow/example_dags/example_branch_labels.py
[2022-07-23 05:11:23,093] {processor.py:641} INFO - Processing file /home/airflow/.local/lib/python3.7/site-packages/airflow/example_dags/example_branch_labels.py for tasks to queue
[2022-07-23 05:11:23,094] {logging_mixin.py:115} INFO - [2022-07-23 05:11:23,094] {dagbag.py:508} INFO - Filling up the DagBag from /home/airflow/.local/lib/python3.7/site-packages/airflow/example_dags/example_branch_labels.py
[2022-07-23 05:11:23,100] {processor.py:651} INFO - DAG(s) dict_keys(['example_branch_labels']) retrieved from /home/airflow/.local/lib/python3.7/site-packages/airflow/example_dags/example_branch_labels.py
[2022-07-23 05:11:23,125] {logging_mixin.py:115} INFO - [2022-07-23 05:11:23,125] {dag.py:2420} INFO - Sync 1 DAGs
[2022-07-23 05:11:23,152] {logging_mixin.py:115} INFO - [2022-07-23 05:11:23,152] {dag.py:2972} INFO - Setting next_dagrun for example_branch_labels to 2022-07-22T00:00:00+00:00, run_after=2022-07-23T00:00:00+00:00
[2022-07-23 05:11:23,196] {processor.py:161} INFO - Processing /home/airflow/.local/lib/python3.7/site-packages/airflow/example_dags/example_branch_labels.py took 0.106 seconds
[2022-07-23 05:11:53,441] {processor.py:153} INFO - Started process (PID=3851) to work on /home/airflow/.local/lib/python3.7/site-packages/airflow/example_dags/example_branch_labels.py
[2022-07-23 05:11:53,442] {processor.py:641} INFO - Processing file /home/airflow/.local/lib/python3.7/site-packages/airflow/example_dags/example_branch_labels.py for tasks to queue
[2022-07-23 05:11:53,442] {logging_mixin.py:115} INFO - [2022-07-23 05:11:53,442] {dagbag.py:508} INFO - Filling up the DagBag from /home/airflow/.local/lib/python3.7/site-packages/airflow/example_dags/example_branch_labels.py
[2022-07-23 05:11:53,448] {processor.py:651} INFO - DAG(s) dict_keys(['example_branch_labels']) retrieved from /home/airflow/.local/lib/python3.7/site-packages/airflow/example_dags/example_branch_labels.py
[2022-07-23 05:11:53,471] {logging_mixin.py:115} INFO - [2022-07-23 05:11:53,471] {dag.py:2420} INFO - Sync 1 DAGs
[2022-07-23 05:11:53,496] {logging_mixin.py:115} INFO - [2022-07-23 05:11:53,496] {dag.py:2972} INFO - Setting next_dagrun for example_branch_labels to 2022-07-22T00:00:00+00:00, run_after=2022-07-23T00:00:00+00:00
[2022-07-23 05:11:53,552] {processor.py:161} INFO - Processing /home/airflow/.local/lib/python3.7/site-packages/airflow/example_dags/example_branch_labels.py took 0.113 seconds
[2022-07-23 05:12:23,823] {processor.py:153} INFO - Started process (PID=3912) to work on /home/airflow/.local/lib/python3.7/site-packages/airflow/example_dags/example_branch_labels.py
[2022-07-23 05:12:23,823] {processor.py:641} INFO - Processing file /home/airflow/.local/lib/python3.7/site-packages/airflow/example_dags/example_branch_labels.py for tasks to queue
[2022-07-23 05:12:23,824] {logging_mixin.py:115} INFO - [2022-07-23 05:12:23,824] {dagbag.py:508} INFO - Filling up the DagBag from /home/airflow/.local/lib/python3.7/site-packages/airflow/example_dags/example_branch_labels.py
[2022-07-23 05:12:23,830] {processor.py:651} INFO - DAG(s) dict_keys(['example_branch_labels']) retrieved from /home/airflow/.local/lib/python3.7/site-packages/airflow/example_dags/example_branch_labels.py
[2022-07-23 05:12:23,851] {logging_mixin.py:115} INFO - [2022-07-23 05:12:23,851] {dag.py:2420} INFO - Sync 1 DAGs
[2022-07-23 05:12:23,871] {logging_mixin.py:115} INFO - [2022-07-23 05:12:23,871] {dag.py:2972} INFO - Setting next_dagrun for example_branch_labels to 2022-07-22T00:00:00+00:00, run_after=2022-07-23T00:00:00+00:00
[2022-07-23 05:12:23,887] {processor.py:161} INFO - Processing /home/airflow/.local/lib/python3.7/site-packages/airflow/example_dags/example_branch_labels.py took 0.067 seconds
[2022-07-23 05:12:54,145] {processor.py:153} INFO - Started process (PID=3965) to work on /home/airflow/.local/lib/python3.7/site-packages/airflow/example_dags/example_branch_labels.py
[2022-07-23 05:12:54,145] {processor.py:641} INFO - Processing file /home/airflow/.local/lib/python3.7/site-packages/airflow/example_dags/example_branch_labels.py for tasks to queue
[2022-07-23 05:12:54,145] {logging_mixin.py:115} INFO - [2022-07-23 05:12:54,145] {dagbag.py:508} INFO - Filling up the DagBag from /home/airflow/.local/lib/python3.7/site-packages/airflow/example_dags/example_branch_labels.py
[2022-07-23 05:12:54,152] {processor.py:651} INFO - DAG(s) dict_keys(['example_branch_labels']) retrieved from /home/airflow/.local/lib/python3.7/site-packages/airflow/example_dags/example_branch_labels.py
[2022-07-23 05:12:54,176] {logging_mixin.py:115} INFO - [2022-07-23 05:12:54,175] {dag.py:2420} INFO - Sync 1 DAGs
[2022-07-23 05:12:54,196] {logging_mixin.py:115} INFO - [2022-07-23 05:12:54,196] {dag.py:2972} INFO - Setting next_dagrun for example_branch_labels to 2022-07-22T00:00:00+00:00, run_after=2022-07-23T00:00:00+00:00
[2022-07-23 05:12:54,213] {processor.py:161} INFO - Processing /home/airflow/.local/lib/python3.7/site-packages/airflow/example_dags/example_branch_labels.py took 0.071 seconds
[2022-07-23 05:13:24,433] {processor.py:153} INFO - Started process (PID=4026) to work on /home/airflow/.local/lib/python3.7/site-packages/airflow/example_dags/example_branch_labels.py
[2022-07-23 05:13:24,433] {processor.py:641} INFO - Processing file /home/airflow/.local/lib/python3.7/site-packages/airflow/example_dags/example_branch_labels.py for tasks to queue
[2022-07-23 05:13:24,433] {logging_mixin.py:115} INFO - [2022-07-23 05:13:24,433] {dagbag.py:508} INFO - Filling up the DagBag from /home/airflow/.local/lib/python3.7/site-packages/airflow/example_dags/example_branch_labels.py
[2022-07-23 05:13:24,439] {processor.py:651} INFO - DAG(s) dict_keys(['example_branch_labels']) retrieved from /home/airflow/.local/lib/python3.7/site-packages/airflow/example_dags/example_branch_labels.py
[2022-07-23 05:13:24,460] {logging_mixin.py:115} INFO - [2022-07-23 05:13:24,460] {dag.py:2420} INFO - Sync 1 DAGs
[2022-07-23 05:13:24,481] {logging_mixin.py:115} INFO - [2022-07-23 05:13:24,481] {dag.py:2972} INFO - Setting next_dagrun for example_branch_labels to 2022-07-22T00:00:00+00:00, run_after=2022-07-23T00:00:00+00:00
[2022-07-23 05:13:24,495] {processor.py:161} INFO - Processing /home/airflow/.local/lib/python3.7/site-packages/airflow/example_dags/example_branch_labels.py took 0.065 seconds
[2022-07-23 05:13:54,737] {processor.py:153} INFO - Started process (PID=4087) to work on /home/airflow/.local/lib/python3.7/site-packages/airflow/example_dags/example_branch_labels.py
[2022-07-23 05:13:54,738] {processor.py:641} INFO - Processing file /home/airflow/.local/lib/python3.7/site-packages/airflow/example_dags/example_branch_labels.py for tasks to queue
[2022-07-23 05:13:54,738] {logging_mixin.py:115} INFO - [2022-07-23 05:13:54,738] {dagbag.py:508} INFO - Filling up the DagBag from /home/airflow/.local/lib/python3.7/site-packages/airflow/example_dags/example_branch_labels.py
[2022-07-23 05:13:54,745] {processor.py:651} INFO - DAG(s) dict_keys(['example_branch_labels']) retrieved from /home/airflow/.local/lib/python3.7/site-packages/airflow/example_dags/example_branch_labels.py
[2022-07-23 05:13:54,766] {logging_mixin.py:115} INFO - [2022-07-23 05:13:54,766] {dag.py:2420} INFO - Sync 1 DAGs
[2022-07-23 05:13:54,785] {logging_mixin.py:115} INFO - [2022-07-23 05:13:54,785] {dag.py:2972} INFO - Setting next_dagrun for example_branch_labels to 2022-07-22T00:00:00+00:00, run_after=2022-07-23T00:00:00+00:00
[2022-07-23 05:13:54,801] {processor.py:161} INFO - Processing /home/airflow/.local/lib/python3.7/site-packages/airflow/example_dags/example_branch_labels.py took 0.067 seconds
