[2022-07-23 04:38:50,060] {processor.py:153} INFO - Started process (PID=94) to work on /home/airflow/.local/lib/python3.7/site-packages/airflow/example_dags/example_task_group.py
[2022-07-23 04:38:50,061] {processor.py:641} INFO - Processing file /home/airflow/.local/lib/python3.7/site-packages/airflow/example_dags/example_task_group.py for tasks to queue
[2022-07-23 04:38:50,061] {logging_mixin.py:115} INFO - [2022-07-23 04:38:50,061] {dagbag.py:508} INFO - Filling up the DagBag from /home/airflow/.local/lib/python3.7/site-packages/airflow/example_dags/example_task_group.py
[2022-07-23 04:38:50,068] {processor.py:651} INFO - DAG(s) dict_keys(['example_task_group']) retrieved from /home/airflow/.local/lib/python3.7/site-packages/airflow/example_dags/example_task_group.py
[2022-07-23 04:38:50,366] {logging_mixin.py:115} INFO - [2022-07-23 04:38:50,366] {manager.py:508} INFO - Created Permission View: can read on DAG:example_task_group
[2022-07-23 04:38:50,382] {logging_mixin.py:115} INFO - [2022-07-23 04:38:50,382] {manager.py:508} INFO - Created Permission View: can delete on DAG:example_task_group
[2022-07-23 04:38:50,396] {logging_mixin.py:115} INFO - [2022-07-23 04:38:50,396] {manager.py:508} INFO - Created Permission View: can edit on DAG:example_task_group
[2022-07-23 04:38:50,396] {logging_mixin.py:115} INFO - [2022-07-23 04:38:50,396] {dag.py:2420} INFO - Sync 1 DAGs
[2022-07-23 04:38:50,407] {logging_mixin.py:115} INFO - [2022-07-23 04:38:50,407] {dag.py:2439} INFO - Creating ORM DAG for example_task_group
[2022-07-23 04:38:50,423] {logging_mixin.py:115} INFO - [2022-07-23 04:38:50,422] {dag.py:2972} INFO - Setting next_dagrun for example_task_group to 2022-07-22T04:38:50.422661+00:00, run_after=2022-07-23T04:38:50.422661+00:00
[2022-07-23 04:38:50,445] {processor.py:161} INFO - Processing /home/airflow/.local/lib/python3.7/site-packages/airflow/example_dags/example_task_group.py took 0.387 seconds
[2022-07-23 04:39:20,517] {processor.py:153} INFO - Started process (PID=146) to work on /home/airflow/.local/lib/python3.7/site-packages/airflow/example_dags/example_task_group.py
[2022-07-23 04:39:20,517] {processor.py:641} INFO - Processing file /home/airflow/.local/lib/python3.7/site-packages/airflow/example_dags/example_task_group.py for tasks to queue
[2022-07-23 04:39:20,518] {logging_mixin.py:115} INFO - [2022-07-23 04:39:20,518] {dagbag.py:508} INFO - Filling up the DagBag from /home/airflow/.local/lib/python3.7/site-packages/airflow/example_dags/example_task_group.py
[2022-07-23 04:39:20,523] {processor.py:651} INFO - DAG(s) dict_keys(['example_task_group']) retrieved from /home/airflow/.local/lib/python3.7/site-packages/airflow/example_dags/example_task_group.py
[2022-07-23 04:39:20,547] {logging_mixin.py:115} INFO - [2022-07-23 04:39:20,546] {dag.py:2420} INFO - Sync 1 DAGs
[2022-07-23 04:39:20,570] {logging_mixin.py:115} INFO - [2022-07-23 04:39:20,570] {dag.py:2972} INFO - Setting next_dagrun for example_task_group to 2022-07-22T04:39:20.569819+00:00, run_after=2022-07-23T04:39:20.569819+00:00
[2022-07-23 04:39:20,588] {processor.py:161} INFO - Processing /home/airflow/.local/lib/python3.7/site-packages/airflow/example_dags/example_task_group.py took 0.073 seconds
[2022-07-23 04:39:50,760] {processor.py:153} INFO - Started process (PID=207) to work on /home/airflow/.local/lib/python3.7/site-packages/airflow/example_dags/example_task_group.py
[2022-07-23 04:39:50,760] {processor.py:641} INFO - Processing file /home/airflow/.local/lib/python3.7/site-packages/airflow/example_dags/example_task_group.py for tasks to queue
[2022-07-23 04:39:50,761] {logging_mixin.py:115} INFO - [2022-07-23 04:39:50,761] {dagbag.py:508} INFO - Filling up the DagBag from /home/airflow/.local/lib/python3.7/site-packages/airflow/example_dags/example_task_group.py
[2022-07-23 04:39:50,766] {processor.py:651} INFO - DAG(s) dict_keys(['example_task_group']) retrieved from /home/airflow/.local/lib/python3.7/site-packages/airflow/example_dags/example_task_group.py
[2022-07-23 04:39:50,787] {logging_mixin.py:115} INFO - [2022-07-23 04:39:50,787] {dag.py:2420} INFO - Sync 1 DAGs
[2022-07-23 04:39:50,804] {logging_mixin.py:115} INFO - [2022-07-23 04:39:50,804] {dag.py:2972} INFO - Setting next_dagrun for example_task_group to 2022-07-22T04:39:50.804493+00:00, run_after=2022-07-23T04:39:50.804493+00:00
[2022-07-23 04:39:50,819] {processor.py:161} INFO - Processing /home/airflow/.local/lib/python3.7/site-packages/airflow/example_dags/example_task_group.py took 0.062 seconds
[2022-07-23 04:40:21,807] {processor.py:153} INFO - Started process (PID=268) to work on /home/airflow/.local/lib/python3.7/site-packages/airflow/example_dags/example_task_group.py
[2022-07-23 04:40:21,808] {processor.py:641} INFO - Processing file /home/airflow/.local/lib/python3.7/site-packages/airflow/example_dags/example_task_group.py for tasks to queue
[2022-07-23 04:40:21,808] {logging_mixin.py:115} INFO - [2022-07-23 04:40:21,808] {dagbag.py:508} INFO - Filling up the DagBag from /home/airflow/.local/lib/python3.7/site-packages/airflow/example_dags/example_task_group.py
[2022-07-23 04:40:21,814] {processor.py:651} INFO - DAG(s) dict_keys(['example_task_group']) retrieved from /home/airflow/.local/lib/python3.7/site-packages/airflow/example_dags/example_task_group.py
[2022-07-23 04:40:21,836] {logging_mixin.py:115} INFO - [2022-07-23 04:40:21,836] {dag.py:2420} INFO - Sync 1 DAGs
[2022-07-23 04:40:21,854] {logging_mixin.py:115} INFO - [2022-07-23 04:40:21,854] {dag.py:2972} INFO - Setting next_dagrun for example_task_group to 2022-07-22T04:40:21.854357+00:00, run_after=2022-07-23T04:40:21.854357+00:00
[2022-07-23 04:40:21,869] {processor.py:161} INFO - Processing /home/airflow/.local/lib/python3.7/site-packages/airflow/example_dags/example_task_group.py took 0.064 seconds
[2022-07-23 04:40:52,001] {processor.py:153} INFO - Started process (PID=329) to work on /home/airflow/.local/lib/python3.7/site-packages/airflow/example_dags/example_task_group.py
[2022-07-23 04:40:52,001] {processor.py:641} INFO - Processing file /home/airflow/.local/lib/python3.7/site-packages/airflow/example_dags/example_task_group.py for tasks to queue
[2022-07-23 04:40:52,002] {logging_mixin.py:115} INFO - [2022-07-23 04:40:52,002] {dagbag.py:508} INFO - Filling up the DagBag from /home/airflow/.local/lib/python3.7/site-packages/airflow/example_dags/example_task_group.py
[2022-07-23 04:40:52,007] {processor.py:651} INFO - DAG(s) dict_keys(['example_task_group']) retrieved from /home/airflow/.local/lib/python3.7/site-packages/airflow/example_dags/example_task_group.py
[2022-07-23 04:40:52,030] {logging_mixin.py:115} INFO - [2022-07-23 04:40:52,030] {dag.py:2420} INFO - Sync 1 DAGs
[2022-07-23 04:40:52,049] {logging_mixin.py:115} INFO - [2022-07-23 04:40:52,048] {dag.py:2972} INFO - Setting next_dagrun for example_task_group to 2022-07-22T04:40:52.048725+00:00, run_after=2022-07-23T04:40:52.048725+00:00
[2022-07-23 04:40:52,064] {processor.py:161} INFO - Processing /home/airflow/.local/lib/python3.7/site-packages/airflow/example_dags/example_task_group.py took 0.066 seconds
[2022-07-23 04:41:22,184] {processor.py:153} INFO - Started process (PID=381) to work on /home/airflow/.local/lib/python3.7/site-packages/airflow/example_dags/example_task_group.py
[2022-07-23 04:41:22,185] {processor.py:641} INFO - Processing file /home/airflow/.local/lib/python3.7/site-packages/airflow/example_dags/example_task_group.py for tasks to queue
[2022-07-23 04:41:22,185] {logging_mixin.py:115} INFO - [2022-07-23 04:41:22,185] {dagbag.py:508} INFO - Filling up the DagBag from /home/airflow/.local/lib/python3.7/site-packages/airflow/example_dags/example_task_group.py
[2022-07-23 04:41:22,190] {processor.py:651} INFO - DAG(s) dict_keys(['example_task_group']) retrieved from /home/airflow/.local/lib/python3.7/site-packages/airflow/example_dags/example_task_group.py
[2022-07-23 04:41:22,210] {logging_mixin.py:115} INFO - [2022-07-23 04:41:22,210] {dag.py:2420} INFO - Sync 1 DAGs
[2022-07-23 04:41:22,227] {logging_mixin.py:115} INFO - [2022-07-23 04:41:22,227] {dag.py:2972} INFO - Setting next_dagrun for example_task_group to 2022-07-22T04:41:22.227012+00:00, run_after=2022-07-23T04:41:22.227012+00:00
[2022-07-23 04:41:22,241] {processor.py:161} INFO - Processing /home/airflow/.local/lib/python3.7/site-packages/airflow/example_dags/example_task_group.py took 0.059 seconds
[2022-07-23 04:41:53,134] {processor.py:153} INFO - Started process (PID=443) to work on /home/airflow/.local/lib/python3.7/site-packages/airflow/example_dags/example_task_group.py
[2022-07-23 04:41:53,135] {processor.py:641} INFO - Processing file /home/airflow/.local/lib/python3.7/site-packages/airflow/example_dags/example_task_group.py for tasks to queue
[2022-07-23 04:41:53,135] {logging_mixin.py:115} INFO - [2022-07-23 04:41:53,135] {dagbag.py:508} INFO - Filling up the DagBag from /home/airflow/.local/lib/python3.7/site-packages/airflow/example_dags/example_task_group.py
[2022-07-23 04:41:53,140] {processor.py:651} INFO - DAG(s) dict_keys(['example_task_group']) retrieved from /home/airflow/.local/lib/python3.7/site-packages/airflow/example_dags/example_task_group.py
[2022-07-23 04:41:53,163] {logging_mixin.py:115} INFO - [2022-07-23 04:41:53,162] {dag.py:2420} INFO - Sync 1 DAGs
[2022-07-23 04:41:53,181] {logging_mixin.py:115} INFO - [2022-07-23 04:41:53,180] {dag.py:2972} INFO - Setting next_dagrun for example_task_group to 2022-07-22T04:41:53.180756+00:00, run_after=2022-07-23T04:41:53.180756+00:00
[2022-07-23 04:41:53,196] {processor.py:161} INFO - Processing /home/airflow/.local/lib/python3.7/site-packages/airflow/example_dags/example_task_group.py took 0.064 seconds
[2022-07-23 04:42:23,620] {processor.py:153} INFO - Started process (PID=504) to work on /home/airflow/.local/lib/python3.7/site-packages/airflow/example_dags/example_task_group.py
[2022-07-23 04:42:23,620] {processor.py:641} INFO - Processing file /home/airflow/.local/lib/python3.7/site-packages/airflow/example_dags/example_task_group.py for tasks to queue
[2022-07-23 04:42:23,621] {logging_mixin.py:115} INFO - [2022-07-23 04:42:23,621] {dagbag.py:508} INFO - Filling up the DagBag from /home/airflow/.local/lib/python3.7/site-packages/airflow/example_dags/example_task_group.py
[2022-07-23 04:42:23,626] {processor.py:651} INFO - DAG(s) dict_keys(['example_task_group']) retrieved from /home/airflow/.local/lib/python3.7/site-packages/airflow/example_dags/example_task_group.py
[2022-07-23 04:42:23,646] {logging_mixin.py:115} INFO - [2022-07-23 04:42:23,645] {dag.py:2420} INFO - Sync 1 DAGs
[2022-07-23 04:42:23,662] {logging_mixin.py:115} INFO - [2022-07-23 04:42:23,662] {dag.py:2972} INFO - Setting next_dagrun for example_task_group to 2022-07-22T04:42:23.662229+00:00, run_after=2022-07-23T04:42:23.662229+00:00
[2022-07-23 04:42:23,676] {processor.py:161} INFO - Processing /home/airflow/.local/lib/python3.7/site-packages/airflow/example_dags/example_task_group.py took 0.058 seconds
[2022-07-23 04:42:54,503] {processor.py:153} INFO - Started process (PID=557) to work on /home/airflow/.local/lib/python3.7/site-packages/airflow/example_dags/example_task_group.py
[2022-07-23 04:42:54,504] {processor.py:641} INFO - Processing file /home/airflow/.local/lib/python3.7/site-packages/airflow/example_dags/example_task_group.py for tasks to queue
[2022-07-23 04:42:54,504] {logging_mixin.py:115} INFO - [2022-07-23 04:42:54,504] {dagbag.py:508} INFO - Filling up the DagBag from /home/airflow/.local/lib/python3.7/site-packages/airflow/example_dags/example_task_group.py
[2022-07-23 04:42:54,510] {processor.py:651} INFO - DAG(s) dict_keys(['example_task_group']) retrieved from /home/airflow/.local/lib/python3.7/site-packages/airflow/example_dags/example_task_group.py
[2022-07-23 04:42:54,533] {logging_mixin.py:115} INFO - [2022-07-23 04:42:54,532] {dag.py:2420} INFO - Sync 1 DAGs
[2022-07-23 04:42:54,553] {logging_mixin.py:115} INFO - [2022-07-23 04:42:54,553] {dag.py:2972} INFO - Setting next_dagrun for example_task_group to 2022-07-22T04:42:54.553148+00:00, run_after=2022-07-23T04:42:54.553148+00:00
[2022-07-23 04:42:54,569] {processor.py:161} INFO - Processing /home/airflow/.local/lib/python3.7/site-packages/airflow/example_dags/example_task_group.py took 0.068 seconds
[2022-07-23 04:43:24,654] {processor.py:153} INFO - Started process (PID=618) to work on /home/airflow/.local/lib/python3.7/site-packages/airflow/example_dags/example_task_group.py
[2022-07-23 04:43:24,655] {processor.py:641} INFO - Processing file /home/airflow/.local/lib/python3.7/site-packages/airflow/example_dags/example_task_group.py for tasks to queue
[2022-07-23 04:43:24,655] {logging_mixin.py:115} INFO - [2022-07-23 04:43:24,655] {dagbag.py:508} INFO - Filling up the DagBag from /home/airflow/.local/lib/python3.7/site-packages/airflow/example_dags/example_task_group.py
[2022-07-23 04:43:24,664] {processor.py:651} INFO - DAG(s) dict_keys(['example_task_group']) retrieved from /home/airflow/.local/lib/python3.7/site-packages/airflow/example_dags/example_task_group.py
[2022-07-23 04:43:24,688] {logging_mixin.py:115} INFO - [2022-07-23 04:43:24,688] {dag.py:2420} INFO - Sync 1 DAGs
[2022-07-23 04:43:24,705] {logging_mixin.py:115} INFO - [2022-07-23 04:43:24,705] {dag.py:2972} INFO - Setting next_dagrun for example_task_group to 2022-07-22T04:43:24.704985+00:00, run_after=2022-07-23T04:43:24.704985+00:00
[2022-07-23 04:43:24,719] {processor.py:161} INFO - Processing /home/airflow/.local/lib/python3.7/site-packages/airflow/example_dags/example_task_group.py took 0.067 seconds
[2022-07-23 04:43:55,329] {processor.py:153} INFO - Started process (PID=679) to work on /home/airflow/.local/lib/python3.7/site-packages/airflow/example_dags/example_task_group.py
[2022-07-23 04:43:55,329] {processor.py:641} INFO - Processing file /home/airflow/.local/lib/python3.7/site-packages/airflow/example_dags/example_task_group.py for tasks to queue
[2022-07-23 04:43:55,330] {logging_mixin.py:115} INFO - [2022-07-23 04:43:55,330] {dagbag.py:508} INFO - Filling up the DagBag from /home/airflow/.local/lib/python3.7/site-packages/airflow/example_dags/example_task_group.py
[2022-07-23 04:43:55,335] {processor.py:651} INFO - DAG(s) dict_keys(['example_task_group']) retrieved from /home/airflow/.local/lib/python3.7/site-packages/airflow/example_dags/example_task_group.py
[2022-07-23 04:43:55,355] {logging_mixin.py:115} INFO - [2022-07-23 04:43:55,355] {dag.py:2420} INFO - Sync 1 DAGs
[2022-07-23 04:43:55,371] {logging_mixin.py:115} INFO - [2022-07-23 04:43:55,371] {dag.py:2972} INFO - Setting next_dagrun for example_task_group to 2022-07-22T04:43:55.371516+00:00, run_after=2022-07-23T04:43:55.371516+00:00
[2022-07-23 04:43:55,385] {processor.py:161} INFO - Processing /home/airflow/.local/lib/python3.7/site-packages/airflow/example_dags/example_task_group.py took 0.059 seconds
[2022-07-23 04:44:26,088] {processor.py:153} INFO - Started process (PID=731) to work on /home/airflow/.local/lib/python3.7/site-packages/airflow/example_dags/example_task_group.py
[2022-07-23 04:44:26,089] {processor.py:641} INFO - Processing file /home/airflow/.local/lib/python3.7/site-packages/airflow/example_dags/example_task_group.py for tasks to queue
[2022-07-23 04:44:26,089] {logging_mixin.py:115} INFO - [2022-07-23 04:44:26,089] {dagbag.py:508} INFO - Filling up the DagBag from /home/airflow/.local/lib/python3.7/site-packages/airflow/example_dags/example_task_group.py
[2022-07-23 04:44:26,095] {processor.py:651} INFO - DAG(s) dict_keys(['example_task_group']) retrieved from /home/airflow/.local/lib/python3.7/site-packages/airflow/example_dags/example_task_group.py
[2022-07-23 04:44:26,117] {logging_mixin.py:115} INFO - [2022-07-23 04:44:26,117] {dag.py:2420} INFO - Sync 1 DAGs
[2022-07-23 04:44:26,135] {logging_mixin.py:115} INFO - [2022-07-23 04:44:26,135] {dag.py:2972} INFO - Setting next_dagrun for example_task_group to 2022-07-22T04:44:26.135471+00:00, run_after=2022-07-23T04:44:26.135471+00:00
[2022-07-23 04:44:26,151] {processor.py:161} INFO - Processing /home/airflow/.local/lib/python3.7/site-packages/airflow/example_dags/example_task_group.py took 0.066 seconds
[2022-07-23 04:44:56,794] {processor.py:153} INFO - Started process (PID=792) to work on /home/airflow/.local/lib/python3.7/site-packages/airflow/example_dags/example_task_group.py
[2022-07-23 04:44:56,794] {processor.py:641} INFO - Processing file /home/airflow/.local/lib/python3.7/site-packages/airflow/example_dags/example_task_group.py for tasks to queue
[2022-07-23 04:44:56,795] {logging_mixin.py:115} INFO - [2022-07-23 04:44:56,795] {dagbag.py:508} INFO - Filling up the DagBag from /home/airflow/.local/lib/python3.7/site-packages/airflow/example_dags/example_task_group.py
[2022-07-23 04:44:56,801] {processor.py:651} INFO - DAG(s) dict_keys(['example_task_group']) retrieved from /home/airflow/.local/lib/python3.7/site-packages/airflow/example_dags/example_task_group.py
[2022-07-23 04:44:56,822] {logging_mixin.py:115} INFO - [2022-07-23 04:44:56,822] {dag.py:2420} INFO - Sync 1 DAGs
[2022-07-23 04:44:56,839] {logging_mixin.py:115} INFO - [2022-07-23 04:44:56,839] {dag.py:2972} INFO - Setting next_dagrun for example_task_group to 2022-07-22T04:44:56.839320+00:00, run_after=2022-07-23T04:44:56.839320+00:00
[2022-07-23 04:44:56,854] {processor.py:161} INFO - Processing /home/airflow/.local/lib/python3.7/site-packages/airflow/example_dags/example_task_group.py took 0.063 seconds
[2022-07-23 04:45:27,524] {processor.py:153} INFO - Started process (PID=853) to work on /home/airflow/.local/lib/python3.7/site-packages/airflow/example_dags/example_task_group.py
[2022-07-23 04:45:27,524] {processor.py:641} INFO - Processing file /home/airflow/.local/lib/python3.7/site-packages/airflow/example_dags/example_task_group.py for tasks to queue
[2022-07-23 04:45:27,525] {logging_mixin.py:115} INFO - [2022-07-23 04:45:27,525] {dagbag.py:508} INFO - Filling up the DagBag from /home/airflow/.local/lib/python3.7/site-packages/airflow/example_dags/example_task_group.py
[2022-07-23 04:45:27,530] {processor.py:651} INFO - DAG(s) dict_keys(['example_task_group']) retrieved from /home/airflow/.local/lib/python3.7/site-packages/airflow/example_dags/example_task_group.py
[2022-07-23 04:45:27,554] {logging_mixin.py:115} INFO - [2022-07-23 04:45:27,554] {dag.py:2420} INFO - Sync 1 DAGs
[2022-07-23 04:45:27,572] {logging_mixin.py:115} INFO - [2022-07-23 04:45:27,572] {dag.py:2972} INFO - Setting next_dagrun for example_task_group to 2022-07-22T04:45:27.572074+00:00, run_after=2022-07-23T04:45:27.572074+00:00
[2022-07-23 04:45:27,587] {processor.py:161} INFO - Processing /home/airflow/.local/lib/python3.7/site-packages/airflow/example_dags/example_task_group.py took 0.065 seconds
[2022-07-23 04:45:58,377] {processor.py:153} INFO - Started process (PID=912) to work on /home/airflow/.local/lib/python3.7/site-packages/airflow/example_dags/example_task_group.py
[2022-07-23 04:45:58,378] {processor.py:641} INFO - Processing file /home/airflow/.local/lib/python3.7/site-packages/airflow/example_dags/example_task_group.py for tasks to queue
[2022-07-23 04:45:58,378] {logging_mixin.py:115} INFO - [2022-07-23 04:45:58,378] {dagbag.py:508} INFO - Filling up the DagBag from /home/airflow/.local/lib/python3.7/site-packages/airflow/example_dags/example_task_group.py
[2022-07-23 04:45:58,384] {processor.py:651} INFO - DAG(s) dict_keys(['example_task_group']) retrieved from /home/airflow/.local/lib/python3.7/site-packages/airflow/example_dags/example_task_group.py
[2022-07-23 04:45:58,406] {logging_mixin.py:115} INFO - [2022-07-23 04:45:58,406] {dag.py:2420} INFO - Sync 1 DAGs
[2022-07-23 04:45:58,424] {logging_mixin.py:115} INFO - [2022-07-23 04:45:58,424] {dag.py:2972} INFO - Setting next_dagrun for example_task_group to 2022-07-22T04:45:58.424299+00:00, run_after=2022-07-23T04:45:58.424299+00:00
[2022-07-23 04:45:58,439] {processor.py:161} INFO - Processing /home/airflow/.local/lib/python3.7/site-packages/airflow/example_dags/example_task_group.py took 0.064 seconds
[2022-07-23 04:46:28,582] {processor.py:153} INFO - Started process (PID=966) to work on /home/airflow/.local/lib/python3.7/site-packages/airflow/example_dags/example_task_group.py
[2022-07-23 04:46:28,582] {processor.py:641} INFO - Processing file /home/airflow/.local/lib/python3.7/site-packages/airflow/example_dags/example_task_group.py for tasks to queue
[2022-07-23 04:46:28,583] {logging_mixin.py:115} INFO - [2022-07-23 04:46:28,583] {dagbag.py:508} INFO - Filling up the DagBag from /home/airflow/.local/lib/python3.7/site-packages/airflow/example_dags/example_task_group.py
[2022-07-23 04:46:28,588] {processor.py:651} INFO - DAG(s) dict_keys(['example_task_group']) retrieved from /home/airflow/.local/lib/python3.7/site-packages/airflow/example_dags/example_task_group.py
[2022-07-23 04:46:28,610] {logging_mixin.py:115} INFO - [2022-07-23 04:46:28,610] {dag.py:2420} INFO - Sync 1 DAGs
[2022-07-23 04:46:28,627] {logging_mixin.py:115} INFO - [2022-07-23 04:46:28,627] {dag.py:2972} INFO - Setting next_dagrun for example_task_group to 2022-07-22T04:46:28.627526+00:00, run_after=2022-07-23T04:46:28.627526+00:00
[2022-07-23 04:46:28,642] {processor.py:161} INFO - Processing /home/airflow/.local/lib/python3.7/site-packages/airflow/example_dags/example_task_group.py took 0.063 seconds
[2022-07-23 04:46:59,302] {processor.py:153} INFO - Started process (PID=1027) to work on /home/airflow/.local/lib/python3.7/site-packages/airflow/example_dags/example_task_group.py
[2022-07-23 04:46:59,303] {processor.py:641} INFO - Processing file /home/airflow/.local/lib/python3.7/site-packages/airflow/example_dags/example_task_group.py for tasks to queue
[2022-07-23 04:46:59,303] {logging_mixin.py:115} INFO - [2022-07-23 04:46:59,303] {dagbag.py:508} INFO - Filling up the DagBag from /home/airflow/.local/lib/python3.7/site-packages/airflow/example_dags/example_task_group.py
[2022-07-23 04:46:59,309] {processor.py:651} INFO - DAG(s) dict_keys(['example_task_group']) retrieved from /home/airflow/.local/lib/python3.7/site-packages/airflow/example_dags/example_task_group.py
[2022-07-23 04:46:59,333] {logging_mixin.py:115} INFO - [2022-07-23 04:46:59,333] {dag.py:2420} INFO - Sync 1 DAGs
[2022-07-23 04:46:59,355] {logging_mixin.py:115} INFO - [2022-07-23 04:46:59,355] {dag.py:2972} INFO - Setting next_dagrun for example_task_group to 2022-07-22T04:46:59.355239+00:00, run_after=2022-07-23T04:46:59.355239+00:00
[2022-07-23 04:46:59,370] {processor.py:161} INFO - Processing /home/airflow/.local/lib/python3.7/site-packages/airflow/example_dags/example_task_group.py took 0.070 seconds
[2022-07-23 04:47:30,204] {processor.py:153} INFO - Started process (PID=1088) to work on /home/airflow/.local/lib/python3.7/site-packages/airflow/example_dags/example_task_group.py
[2022-07-23 04:47:30,204] {processor.py:641} INFO - Processing file /home/airflow/.local/lib/python3.7/site-packages/airflow/example_dags/example_task_group.py for tasks to queue
[2022-07-23 04:47:30,205] {logging_mixin.py:115} INFO - [2022-07-23 04:47:30,205] {dagbag.py:508} INFO - Filling up the DagBag from /home/airflow/.local/lib/python3.7/site-packages/airflow/example_dags/example_task_group.py
[2022-07-23 04:47:30,211] {processor.py:651} INFO - DAG(s) dict_keys(['example_task_group']) retrieved from /home/airflow/.local/lib/python3.7/site-packages/airflow/example_dags/example_task_group.py
[2022-07-23 04:47:30,235] {logging_mixin.py:115} INFO - [2022-07-23 04:47:30,235] {dag.py:2420} INFO - Sync 1 DAGs
[2022-07-23 04:47:30,255] {logging_mixin.py:115} INFO - [2022-07-23 04:47:30,254] {dag.py:2972} INFO - Setting next_dagrun for example_task_group to 2022-07-22T04:47:30.254662+00:00, run_after=2022-07-23T04:47:30.254662+00:00
[2022-07-23 04:47:30,276] {processor.py:161} INFO - Processing /home/airflow/.local/lib/python3.7/site-packages/airflow/example_dags/example_task_group.py took 0.075 seconds
[2022-07-23 04:48:00,492] {processor.py:153} INFO - Started process (PID=1140) to work on /home/airflow/.local/lib/python3.7/site-packages/airflow/example_dags/example_task_group.py
[2022-07-23 04:48:00,492] {processor.py:641} INFO - Processing file /home/airflow/.local/lib/python3.7/site-packages/airflow/example_dags/example_task_group.py for tasks to queue
[2022-07-23 04:48:00,493] {logging_mixin.py:115} INFO - [2022-07-23 04:48:00,493] {dagbag.py:508} INFO - Filling up the DagBag from /home/airflow/.local/lib/python3.7/site-packages/airflow/example_dags/example_task_group.py
[2022-07-23 04:48:00,499] {processor.py:651} INFO - DAG(s) dict_keys(['example_task_group']) retrieved from /home/airflow/.local/lib/python3.7/site-packages/airflow/example_dags/example_task_group.py
[2022-07-23 04:48:00,524] {logging_mixin.py:115} INFO - [2022-07-23 04:48:00,524] {dag.py:2420} INFO - Sync 1 DAGs
[2022-07-23 04:48:00,547] {logging_mixin.py:115} INFO - [2022-07-23 04:48:00,547] {dag.py:2972} INFO - Setting next_dagrun for example_task_group to 2022-07-22T04:48:00.547467+00:00, run_after=2022-07-23T04:48:00.547467+00:00
[2022-07-23 04:48:00,564] {processor.py:161} INFO - Processing /home/airflow/.local/lib/python3.7/site-packages/airflow/example_dags/example_task_group.py took 0.075 seconds
[2022-07-23 04:48:30,730] {processor.py:153} INFO - Started process (PID=1201) to work on /home/airflow/.local/lib/python3.7/site-packages/airflow/example_dags/example_task_group.py
[2022-07-23 04:48:30,745] {processor.py:641} INFO - Processing file /home/airflow/.local/lib/python3.7/site-packages/airflow/example_dags/example_task_group.py for tasks to queue
[2022-07-23 04:48:30,746] {logging_mixin.py:115} INFO - [2022-07-23 04:48:30,746] {dagbag.py:508} INFO - Filling up the DagBag from /home/airflow/.local/lib/python3.7/site-packages/airflow/example_dags/example_task_group.py
[2022-07-23 04:48:30,753] {processor.py:651} INFO - DAG(s) dict_keys(['example_task_group']) retrieved from /home/airflow/.local/lib/python3.7/site-packages/airflow/example_dags/example_task_group.py
[2022-07-23 04:48:30,781] {logging_mixin.py:115} INFO - [2022-07-23 04:48:30,781] {dag.py:2420} INFO - Sync 1 DAGs
[2022-07-23 04:48:30,806] {logging_mixin.py:115} INFO - [2022-07-23 04:48:30,805] {dag.py:2972} INFO - Setting next_dagrun for example_task_group to 2022-07-22T04:48:30.805708+00:00, run_after=2022-07-23T04:48:30.805708+00:00
[2022-07-23 04:48:30,895] {processor.py:161} INFO - Processing /home/airflow/.local/lib/python3.7/site-packages/airflow/example_dags/example_task_group.py took 0.169 seconds
[2022-07-23 04:49:01,737] {processor.py:153} INFO - Started process (PID=1260) to work on /home/airflow/.local/lib/python3.7/site-packages/airflow/example_dags/example_task_group.py
[2022-07-23 04:49:01,738] {processor.py:641} INFO - Processing file /home/airflow/.local/lib/python3.7/site-packages/airflow/example_dags/example_task_group.py for tasks to queue
[2022-07-23 04:49:01,738] {logging_mixin.py:115} INFO - [2022-07-23 04:49:01,738] {dagbag.py:508} INFO - Filling up the DagBag from /home/airflow/.local/lib/python3.7/site-packages/airflow/example_dags/example_task_group.py
[2022-07-23 04:49:01,744] {processor.py:651} INFO - DAG(s) dict_keys(['example_task_group']) retrieved from /home/airflow/.local/lib/python3.7/site-packages/airflow/example_dags/example_task_group.py
[2022-07-23 04:49:01,767] {logging_mixin.py:115} INFO - [2022-07-23 04:49:01,767] {dag.py:2420} INFO - Sync 1 DAGs
[2022-07-23 04:49:01,786] {logging_mixin.py:115} INFO - [2022-07-23 04:49:01,786] {dag.py:2972} INFO - Setting next_dagrun for example_task_group to 2022-07-22T04:49:01.786315+00:00, run_after=2022-07-23T04:49:01.786315+00:00
[2022-07-23 04:49:01,807] {processor.py:161} INFO - Processing /home/airflow/.local/lib/python3.7/site-packages/airflow/example_dags/example_task_group.py took 0.072 seconds
[2022-07-23 04:49:32,677] {processor.py:153} INFO - Started process (PID=1314) to work on /home/airflow/.local/lib/python3.7/site-packages/airflow/example_dags/example_task_group.py
[2022-07-23 04:49:32,678] {processor.py:641} INFO - Processing file /home/airflow/.local/lib/python3.7/site-packages/airflow/example_dags/example_task_group.py for tasks to queue
[2022-07-23 04:49:32,678] {logging_mixin.py:115} INFO - [2022-07-23 04:49:32,678] {dagbag.py:508} INFO - Filling up the DagBag from /home/airflow/.local/lib/python3.7/site-packages/airflow/example_dags/example_task_group.py
[2022-07-23 04:49:32,684] {processor.py:651} INFO - DAG(s) dict_keys(['example_task_group']) retrieved from /home/airflow/.local/lib/python3.7/site-packages/airflow/example_dags/example_task_group.py
[2022-07-23 04:49:32,705] {logging_mixin.py:115} INFO - [2022-07-23 04:49:32,705] {dag.py:2420} INFO - Sync 1 DAGs
[2022-07-23 04:49:32,722] {logging_mixin.py:115} INFO - [2022-07-23 04:49:32,722] {dag.py:2972} INFO - Setting next_dagrun for example_task_group to 2022-07-22T04:49:32.722687+00:00, run_after=2022-07-23T04:49:32.722687+00:00
[2022-07-23 04:49:32,737] {processor.py:161} INFO - Processing /home/airflow/.local/lib/python3.7/site-packages/airflow/example_dags/example_task_group.py took 0.062 seconds
[2022-07-23 04:50:03,262] {processor.py:153} INFO - Started process (PID=1376) to work on /home/airflow/.local/lib/python3.7/site-packages/airflow/example_dags/example_task_group.py
[2022-07-23 04:50:03,262] {processor.py:641} INFO - Processing file /home/airflow/.local/lib/python3.7/site-packages/airflow/example_dags/example_task_group.py for tasks to queue
[2022-07-23 04:50:03,263] {logging_mixin.py:115} INFO - [2022-07-23 04:50:03,263] {dagbag.py:508} INFO - Filling up the DagBag from /home/airflow/.local/lib/python3.7/site-packages/airflow/example_dags/example_task_group.py
[2022-07-23 04:50:03,269] {processor.py:651} INFO - DAG(s) dict_keys(['example_task_group']) retrieved from /home/airflow/.local/lib/python3.7/site-packages/airflow/example_dags/example_task_group.py
[2022-07-23 04:50:03,293] {logging_mixin.py:115} INFO - [2022-07-23 04:50:03,293] {dag.py:2420} INFO - Sync 1 DAGs
[2022-07-23 04:50:03,314] {logging_mixin.py:115} INFO - [2022-07-23 04:50:03,314] {dag.py:2972} INFO - Setting next_dagrun for example_task_group to 2022-07-22T04:50:03.314305+00:00, run_after=2022-07-23T04:50:03.314305+00:00
[2022-07-23 04:50:03,330] {processor.py:161} INFO - Processing /home/airflow/.local/lib/python3.7/site-packages/airflow/example_dags/example_task_group.py took 0.071 seconds
[2022-07-23 04:50:34,019] {processor.py:153} INFO - Started process (PID=1437) to work on /home/airflow/.local/lib/python3.7/site-packages/airflow/example_dags/example_task_group.py
[2022-07-23 04:50:34,019] {processor.py:641} INFO - Processing file /home/airflow/.local/lib/python3.7/site-packages/airflow/example_dags/example_task_group.py for tasks to queue
[2022-07-23 04:50:34,020] {logging_mixin.py:115} INFO - [2022-07-23 04:50:34,019] {dagbag.py:508} INFO - Filling up the DagBag from /home/airflow/.local/lib/python3.7/site-packages/airflow/example_dags/example_task_group.py
[2022-07-23 04:50:34,025] {processor.py:651} INFO - DAG(s) dict_keys(['example_task_group']) retrieved from /home/airflow/.local/lib/python3.7/site-packages/airflow/example_dags/example_task_group.py
[2022-07-23 04:50:34,047] {logging_mixin.py:115} INFO - [2022-07-23 04:50:34,047] {dag.py:2420} INFO - Sync 1 DAGs
[2022-07-23 04:50:34,067] {logging_mixin.py:115} INFO - [2022-07-23 04:50:34,066] {dag.py:2972} INFO - Setting next_dagrun for example_task_group to 2022-07-22T04:50:34.066720+00:00, run_after=2022-07-23T04:50:34.066720+00:00
[2022-07-23 04:50:34,081] {processor.py:161} INFO - Processing /home/airflow/.local/lib/python3.7/site-packages/airflow/example_dags/example_task_group.py took 0.065 seconds
[2022-07-23 04:51:04,892] {processor.py:153} INFO - Started process (PID=1489) to work on /home/airflow/.local/lib/python3.7/site-packages/airflow/example_dags/example_task_group.py
[2022-07-23 04:51:04,892] {processor.py:641} INFO - Processing file /home/airflow/.local/lib/python3.7/site-packages/airflow/example_dags/example_task_group.py for tasks to queue
[2022-07-23 04:51:04,892] {logging_mixin.py:115} INFO - [2022-07-23 04:51:04,892] {dagbag.py:508} INFO - Filling up the DagBag from /home/airflow/.local/lib/python3.7/site-packages/airflow/example_dags/example_task_group.py
[2022-07-23 04:51:04,899] {processor.py:651} INFO - DAG(s) dict_keys(['example_task_group']) retrieved from /home/airflow/.local/lib/python3.7/site-packages/airflow/example_dags/example_task_group.py
[2022-07-23 04:51:04,921] {logging_mixin.py:115} INFO - [2022-07-23 04:51:04,921] {dag.py:2420} INFO - Sync 1 DAGs
[2022-07-23 04:51:04,940] {logging_mixin.py:115} INFO - [2022-07-23 04:51:04,940] {dag.py:2972} INFO - Setting next_dagrun for example_task_group to 2022-07-22T04:51:04.940201+00:00, run_after=2022-07-23T04:51:04.940201+00:00
[2022-07-23 04:51:04,964] {processor.py:161} INFO - Processing /home/airflow/.local/lib/python3.7/site-packages/airflow/example_dags/example_task_group.py took 0.074 seconds
[2022-07-23 04:51:35,162] {processor.py:153} INFO - Started process (PID=1550) to work on /home/airflow/.local/lib/python3.7/site-packages/airflow/example_dags/example_task_group.py
[2022-07-23 04:51:35,163] {processor.py:641} INFO - Processing file /home/airflow/.local/lib/python3.7/site-packages/airflow/example_dags/example_task_group.py for tasks to queue
[2022-07-23 04:51:35,163] {logging_mixin.py:115} INFO - [2022-07-23 04:51:35,163] {dagbag.py:508} INFO - Filling up the DagBag from /home/airflow/.local/lib/python3.7/site-packages/airflow/example_dags/example_task_group.py
[2022-07-23 04:51:35,169] {processor.py:651} INFO - DAG(s) dict_keys(['example_task_group']) retrieved from /home/airflow/.local/lib/python3.7/site-packages/airflow/example_dags/example_task_group.py
[2022-07-23 04:51:35,191] {logging_mixin.py:115} INFO - [2022-07-23 04:51:35,191] {dag.py:2420} INFO - Sync 1 DAGs
[2022-07-23 04:51:35,208] {logging_mixin.py:115} INFO - [2022-07-23 04:51:35,208] {dag.py:2972} INFO - Setting next_dagrun for example_task_group to 2022-07-22T04:51:35.208228+00:00, run_after=2022-07-23T04:51:35.208228+00:00
[2022-07-23 04:51:35,226] {processor.py:161} INFO - Processing /home/airflow/.local/lib/python3.7/site-packages/airflow/example_dags/example_task_group.py took 0.066 seconds
[2022-07-23 04:52:06,151] {processor.py:153} INFO - Started process (PID=1610) to work on /home/airflow/.local/lib/python3.7/site-packages/airflow/example_dags/example_task_group.py
[2022-07-23 04:52:06,152] {processor.py:641} INFO - Processing file /home/airflow/.local/lib/python3.7/site-packages/airflow/example_dags/example_task_group.py for tasks to queue
[2022-07-23 04:52:06,152] {logging_mixin.py:115} INFO - [2022-07-23 04:52:06,152] {dagbag.py:508} INFO - Filling up the DagBag from /home/airflow/.local/lib/python3.7/site-packages/airflow/example_dags/example_task_group.py
[2022-07-23 04:52:06,159] {processor.py:651} INFO - DAG(s) dict_keys(['example_task_group']) retrieved from /home/airflow/.local/lib/python3.7/site-packages/airflow/example_dags/example_task_group.py
[2022-07-23 04:52:06,184] {logging_mixin.py:115} INFO - [2022-07-23 04:52:06,184] {dag.py:2420} INFO - Sync 1 DAGs
[2022-07-23 04:52:06,203] {logging_mixin.py:115} INFO - [2022-07-23 04:52:06,203] {dag.py:2972} INFO - Setting next_dagrun for example_task_group to 2022-07-22T04:52:06.203574+00:00, run_after=2022-07-23T04:52:06.203574+00:00
[2022-07-23 04:52:06,221] {processor.py:161} INFO - Processing /home/airflow/.local/lib/python3.7/site-packages/airflow/example_dags/example_task_group.py took 0.072 seconds
[2022-07-23 04:52:36,453] {processor.py:153} INFO - Started process (PID=1663) to work on /home/airflow/.local/lib/python3.7/site-packages/airflow/example_dags/example_task_group.py
[2022-07-23 04:52:36,454] {processor.py:641} INFO - Processing file /home/airflow/.local/lib/python3.7/site-packages/airflow/example_dags/example_task_group.py for tasks to queue
[2022-07-23 04:52:36,454] {logging_mixin.py:115} INFO - [2022-07-23 04:52:36,454] {dagbag.py:508} INFO - Filling up the DagBag from /home/airflow/.local/lib/python3.7/site-packages/airflow/example_dags/example_task_group.py
[2022-07-23 04:52:36,460] {processor.py:651} INFO - DAG(s) dict_keys(['example_task_group']) retrieved from /home/airflow/.local/lib/python3.7/site-packages/airflow/example_dags/example_task_group.py
[2022-07-23 04:52:36,487] {logging_mixin.py:115} INFO - [2022-07-23 04:52:36,487] {dag.py:2420} INFO - Sync 1 DAGs
[2022-07-23 04:52:36,513] {logging_mixin.py:115} INFO - [2022-07-23 04:52:36,513] {dag.py:2972} INFO - Setting next_dagrun for example_task_group to 2022-07-22T04:52:36.512783+00:00, run_after=2022-07-23T04:52:36.512783+00:00
[2022-07-23 04:52:36,529] {processor.py:161} INFO - Processing /home/airflow/.local/lib/python3.7/site-packages/airflow/example_dags/example_task_group.py took 0.078 seconds
[2022-07-23 04:53:06,606] {processor.py:153} INFO - Started process (PID=1724) to work on /home/airflow/.local/lib/python3.7/site-packages/airflow/example_dags/example_task_group.py
[2022-07-23 04:53:06,606] {processor.py:641} INFO - Processing file /home/airflow/.local/lib/python3.7/site-packages/airflow/example_dags/example_task_group.py for tasks to queue
[2022-07-23 04:53:06,607] {logging_mixin.py:115} INFO - [2022-07-23 04:53:06,606] {dagbag.py:508} INFO - Filling up the DagBag from /home/airflow/.local/lib/python3.7/site-packages/airflow/example_dags/example_task_group.py
[2022-07-23 04:53:06,612] {processor.py:651} INFO - DAG(s) dict_keys(['example_task_group']) retrieved from /home/airflow/.local/lib/python3.7/site-packages/airflow/example_dags/example_task_group.py
[2022-07-23 04:53:06,635] {logging_mixin.py:115} INFO - [2022-07-23 04:53:06,635] {dag.py:2420} INFO - Sync 1 DAGs
[2022-07-23 04:53:06,654] {logging_mixin.py:115} INFO - [2022-07-23 04:53:06,654] {dag.py:2972} INFO - Setting next_dagrun for example_task_group to 2022-07-22T04:53:06.653864+00:00, run_after=2022-07-23T04:53:06.653864+00:00
[2022-07-23 04:53:06,670] {processor.py:161} INFO - Processing /home/airflow/.local/lib/python3.7/site-packages/airflow/example_dags/example_task_group.py took 0.067 seconds
[2022-07-23 04:53:37,556] {processor.py:153} INFO - Started process (PID=1785) to work on /home/airflow/.local/lib/python3.7/site-packages/airflow/example_dags/example_task_group.py
[2022-07-23 04:53:37,557] {processor.py:641} INFO - Processing file /home/airflow/.local/lib/python3.7/site-packages/airflow/example_dags/example_task_group.py for tasks to queue
[2022-07-23 04:53:37,557] {logging_mixin.py:115} INFO - [2022-07-23 04:53:37,557] {dagbag.py:508} INFO - Filling up the DagBag from /home/airflow/.local/lib/python3.7/site-packages/airflow/example_dags/example_task_group.py
[2022-07-23 04:53:37,565] {processor.py:651} INFO - DAG(s) dict_keys(['example_task_group']) retrieved from /home/airflow/.local/lib/python3.7/site-packages/airflow/example_dags/example_task_group.py
[2022-07-23 04:53:37,589] {logging_mixin.py:115} INFO - [2022-07-23 04:53:37,589] {dag.py:2420} INFO - Sync 1 DAGs
[2022-07-23 04:53:37,611] {logging_mixin.py:115} INFO - [2022-07-23 04:53:37,611] {dag.py:2972} INFO - Setting next_dagrun for example_task_group to 2022-07-22T04:53:37.610830+00:00, run_after=2022-07-23T04:53:37.610830+00:00
[2022-07-23 04:53:37,628] {processor.py:161} INFO - Processing /home/airflow/.local/lib/python3.7/site-packages/airflow/example_dags/example_task_group.py took 0.075 seconds
[2022-07-23 04:54:08,227] {processor.py:153} INFO - Started process (PID=1837) to work on /home/airflow/.local/lib/python3.7/site-packages/airflow/example_dags/example_task_group.py
[2022-07-23 04:54:08,227] {processor.py:641} INFO - Processing file /home/airflow/.local/lib/python3.7/site-packages/airflow/example_dags/example_task_group.py for tasks to queue
[2022-07-23 04:54:08,228] {logging_mixin.py:115} INFO - [2022-07-23 04:54:08,228] {dagbag.py:508} INFO - Filling up the DagBag from /home/airflow/.local/lib/python3.7/site-packages/airflow/example_dags/example_task_group.py
[2022-07-23 04:54:08,233] {processor.py:651} INFO - DAG(s) dict_keys(['example_task_group']) retrieved from /home/airflow/.local/lib/python3.7/site-packages/airflow/example_dags/example_task_group.py
[2022-07-23 04:54:08,256] {logging_mixin.py:115} INFO - [2022-07-23 04:54:08,256] {dag.py:2420} INFO - Sync 1 DAGs
[2022-07-23 04:54:08,277] {logging_mixin.py:115} INFO - [2022-07-23 04:54:08,277] {dag.py:2972} INFO - Setting next_dagrun for example_task_group to 2022-07-22T04:54:08.277345+00:00, run_after=2022-07-23T04:54:08.277345+00:00
[2022-07-23 04:54:08,293] {processor.py:161} INFO - Processing /home/airflow/.local/lib/python3.7/site-packages/airflow/example_dags/example_task_group.py took 0.069 seconds
[2022-07-23 04:54:39,048] {processor.py:153} INFO - Started process (PID=1898) to work on /home/airflow/.local/lib/python3.7/site-packages/airflow/example_dags/example_task_group.py
[2022-07-23 04:54:39,048] {processor.py:641} INFO - Processing file /home/airflow/.local/lib/python3.7/site-packages/airflow/example_dags/example_task_group.py for tasks to queue
[2022-07-23 04:54:39,049] {logging_mixin.py:115} INFO - [2022-07-23 04:54:39,049] {dagbag.py:508} INFO - Filling up the DagBag from /home/airflow/.local/lib/python3.7/site-packages/airflow/example_dags/example_task_group.py
[2022-07-23 04:54:39,054] {processor.py:651} INFO - DAG(s) dict_keys(['example_task_group']) retrieved from /home/airflow/.local/lib/python3.7/site-packages/airflow/example_dags/example_task_group.py
[2022-07-23 04:54:39,077] {logging_mixin.py:115} INFO - [2022-07-23 04:54:39,077] {dag.py:2420} INFO - Sync 1 DAGs
[2022-07-23 04:54:39,096] {logging_mixin.py:115} INFO - [2022-07-23 04:54:39,096] {dag.py:2972} INFO - Setting next_dagrun for example_task_group to 2022-07-22T04:54:39.096528+00:00, run_after=2022-07-23T04:54:39.096528+00:00
[2022-07-23 04:54:39,111] {processor.py:161} INFO - Processing /home/airflow/.local/lib/python3.7/site-packages/airflow/example_dags/example_task_group.py took 0.066 seconds
[2022-07-23 04:55:09,904] {processor.py:153} INFO - Started process (PID=1959) to work on /home/airflow/.local/lib/python3.7/site-packages/airflow/example_dags/example_task_group.py
[2022-07-23 04:55:09,905] {processor.py:641} INFO - Processing file /home/airflow/.local/lib/python3.7/site-packages/airflow/example_dags/example_task_group.py for tasks to queue
[2022-07-23 04:55:09,905] {logging_mixin.py:115} INFO - [2022-07-23 04:55:09,905] {dagbag.py:508} INFO - Filling up the DagBag from /home/airflow/.local/lib/python3.7/site-packages/airflow/example_dags/example_task_group.py
[2022-07-23 04:55:09,911] {processor.py:651} INFO - DAG(s) dict_keys(['example_task_group']) retrieved from /home/airflow/.local/lib/python3.7/site-packages/airflow/example_dags/example_task_group.py
[2022-07-23 04:55:09,933] {logging_mixin.py:115} INFO - [2022-07-23 04:55:09,933] {dag.py:2420} INFO - Sync 1 DAGs
[2022-07-23 04:55:09,951] {logging_mixin.py:115} INFO - [2022-07-23 04:55:09,951] {dag.py:2972} INFO - Setting next_dagrun for example_task_group to 2022-07-22T04:55:09.950982+00:00, run_after=2022-07-23T04:55:09.950982+00:00
[2022-07-23 04:55:09,965] {processor.py:161} INFO - Processing /home/airflow/.local/lib/python3.7/site-packages/airflow/example_dags/example_task_group.py took 0.063 seconds
[2022-07-23 04:55:40,233] {processor.py:153} INFO - Started process (PID=2012) to work on /home/airflow/.local/lib/python3.7/site-packages/airflow/example_dags/example_task_group.py
[2022-07-23 04:55:40,234] {processor.py:641} INFO - Processing file /home/airflow/.local/lib/python3.7/site-packages/airflow/example_dags/example_task_group.py for tasks to queue
[2022-07-23 04:55:40,234] {logging_mixin.py:115} INFO - [2022-07-23 04:55:40,234] {dagbag.py:508} INFO - Filling up the DagBag from /home/airflow/.local/lib/python3.7/site-packages/airflow/example_dags/example_task_group.py
[2022-07-23 04:55:40,241] {processor.py:651} INFO - DAG(s) dict_keys(['example_task_group']) retrieved from /home/airflow/.local/lib/python3.7/site-packages/airflow/example_dags/example_task_group.py
[2022-07-23 04:55:40,272] {logging_mixin.py:115} INFO - [2022-07-23 04:55:40,272] {dag.py:2420} INFO - Sync 1 DAGs
[2022-07-23 04:55:40,296] {logging_mixin.py:115} INFO - [2022-07-23 04:55:40,296] {dag.py:2972} INFO - Setting next_dagrun for example_task_group to 2022-07-22T04:55:40.295798+00:00, run_after=2022-07-23T04:55:40.295798+00:00
[2022-07-23 04:55:40,312] {processor.py:161} INFO - Processing /home/airflow/.local/lib/python3.7/site-packages/airflow/example_dags/example_task_group.py took 0.082 seconds
[2022-07-23 04:56:10,375] {processor.py:153} INFO - Started process (PID=2072) to work on /home/airflow/.local/lib/python3.7/site-packages/airflow/example_dags/example_task_group.py
[2022-07-23 04:56:10,375] {processor.py:641} INFO - Processing file /home/airflow/.local/lib/python3.7/site-packages/airflow/example_dags/example_task_group.py for tasks to queue
[2022-07-23 04:56:10,376] {logging_mixin.py:115} INFO - [2022-07-23 04:56:10,376] {dagbag.py:508} INFO - Filling up the DagBag from /home/airflow/.local/lib/python3.7/site-packages/airflow/example_dags/example_task_group.py
[2022-07-23 04:56:10,382] {processor.py:651} INFO - DAG(s) dict_keys(['example_task_group']) retrieved from /home/airflow/.local/lib/python3.7/site-packages/airflow/example_dags/example_task_group.py
[2022-07-23 04:56:10,405] {logging_mixin.py:115} INFO - [2022-07-23 04:56:10,405] {dag.py:2420} INFO - Sync 1 DAGs
[2022-07-23 04:56:10,429] {logging_mixin.py:115} INFO - [2022-07-23 04:56:10,429] {dag.py:2972} INFO - Setting next_dagrun for example_task_group to 2022-07-22T04:56:10.428927+00:00, run_after=2022-07-23T04:56:10.428927+00:00
[2022-07-23 04:56:10,449] {processor.py:161} INFO - Processing /home/airflow/.local/lib/python3.7/site-packages/airflow/example_dags/example_task_group.py took 0.076 seconds
[2022-07-23 04:56:40,495] {processor.py:153} INFO - Started process (PID=2133) to work on /home/airflow/.local/lib/python3.7/site-packages/airflow/example_dags/example_task_group.py
[2022-07-23 04:56:40,496] {processor.py:641} INFO - Processing file /home/airflow/.local/lib/python3.7/site-packages/airflow/example_dags/example_task_group.py for tasks to queue
[2022-07-23 04:56:40,496] {logging_mixin.py:115} INFO - [2022-07-23 04:56:40,496] {dagbag.py:508} INFO - Filling up the DagBag from /home/airflow/.local/lib/python3.7/site-packages/airflow/example_dags/example_task_group.py
[2022-07-23 04:56:40,503] {processor.py:651} INFO - DAG(s) dict_keys(['example_task_group']) retrieved from /home/airflow/.local/lib/python3.7/site-packages/airflow/example_dags/example_task_group.py
[2022-07-23 04:56:40,527] {logging_mixin.py:115} INFO - [2022-07-23 04:56:40,527] {dag.py:2420} INFO - Sync 1 DAGs
[2022-07-23 04:56:40,546] {logging_mixin.py:115} INFO - [2022-07-23 04:56:40,545] {dag.py:2972} INFO - Setting next_dagrun for example_task_group to 2022-07-22T04:56:40.545799+00:00, run_after=2022-07-23T04:56:40.545799+00:00
[2022-07-23 04:56:40,569] {processor.py:161} INFO - Processing /home/airflow/.local/lib/python3.7/site-packages/airflow/example_dags/example_task_group.py took 0.077 seconds
[2022-07-23 04:57:10,737] {processor.py:153} INFO - Started process (PID=2185) to work on /home/airflow/.local/lib/python3.7/site-packages/airflow/example_dags/example_task_group.py
[2022-07-23 04:57:10,737] {processor.py:641} INFO - Processing file /home/airflow/.local/lib/python3.7/site-packages/airflow/example_dags/example_task_group.py for tasks to queue
[2022-07-23 04:57:10,738] {logging_mixin.py:115} INFO - [2022-07-23 04:57:10,738] {dagbag.py:508} INFO - Filling up the DagBag from /home/airflow/.local/lib/python3.7/site-packages/airflow/example_dags/example_task_group.py
[2022-07-23 04:57:10,744] {processor.py:651} INFO - DAG(s) dict_keys(['example_task_group']) retrieved from /home/airflow/.local/lib/python3.7/site-packages/airflow/example_dags/example_task_group.py
[2022-07-23 04:57:10,766] {logging_mixin.py:115} INFO - [2022-07-23 04:57:10,766] {dag.py:2420} INFO - Sync 1 DAGs
[2022-07-23 04:57:10,785] {logging_mixin.py:115} INFO - [2022-07-23 04:57:10,785] {dag.py:2972} INFO - Setting next_dagrun for example_task_group to 2022-07-22T04:57:10.785496+00:00, run_after=2022-07-23T04:57:10.785496+00:00
[2022-07-23 04:57:10,802] {processor.py:161} INFO - Processing /home/airflow/.local/lib/python3.7/site-packages/airflow/example_dags/example_task_group.py took 0.068 seconds
[2022-07-23 04:57:40,885] {processor.py:153} INFO - Started process (PID=2246) to work on /home/airflow/.local/lib/python3.7/site-packages/airflow/example_dags/example_task_group.py
[2022-07-23 04:57:40,885] {processor.py:641} INFO - Processing file /home/airflow/.local/lib/python3.7/site-packages/airflow/example_dags/example_task_group.py for tasks to queue
[2022-07-23 04:57:40,886] {logging_mixin.py:115} INFO - [2022-07-23 04:57:40,886] {dagbag.py:508} INFO - Filling up the DagBag from /home/airflow/.local/lib/python3.7/site-packages/airflow/example_dags/example_task_group.py
[2022-07-23 04:57:40,892] {processor.py:651} INFO - DAG(s) dict_keys(['example_task_group']) retrieved from /home/airflow/.local/lib/python3.7/site-packages/airflow/example_dags/example_task_group.py
[2022-07-23 04:57:40,915] {logging_mixin.py:115} INFO - [2022-07-23 04:57:40,915] {dag.py:2420} INFO - Sync 1 DAGs
[2022-07-23 04:57:40,935] {logging_mixin.py:115} INFO - [2022-07-23 04:57:40,935] {dag.py:2972} INFO - Setting next_dagrun for example_task_group to 2022-07-22T04:57:40.935356+00:00, run_after=2022-07-23T04:57:40.935356+00:00
[2022-07-23 04:57:40,952] {processor.py:161} INFO - Processing /home/airflow/.local/lib/python3.7/site-packages/airflow/example_dags/example_task_group.py took 0.069 seconds
[2022-07-23 04:58:10,991] {processor.py:153} INFO - Started process (PID=2307) to work on /home/airflow/.local/lib/python3.7/site-packages/airflow/example_dags/example_task_group.py
[2022-07-23 04:58:10,991] {processor.py:641} INFO - Processing file /home/airflow/.local/lib/python3.7/site-packages/airflow/example_dags/example_task_group.py for tasks to queue
[2022-07-23 04:58:10,992] {logging_mixin.py:115} INFO - [2022-07-23 04:58:10,992] {dagbag.py:508} INFO - Filling up the DagBag from /home/airflow/.local/lib/python3.7/site-packages/airflow/example_dags/example_task_group.py
[2022-07-23 04:58:10,997] {processor.py:651} INFO - DAG(s) dict_keys(['example_task_group']) retrieved from /home/airflow/.local/lib/python3.7/site-packages/airflow/example_dags/example_task_group.py
[2022-07-23 04:58:11,019] {logging_mixin.py:115} INFO - [2022-07-23 04:58:11,019] {dag.py:2420} INFO - Sync 1 DAGs
[2022-07-23 04:58:11,038] {logging_mixin.py:115} INFO - [2022-07-23 04:58:11,038] {dag.py:2972} INFO - Setting next_dagrun for example_task_group to 2022-07-22T04:58:11.038180+00:00, run_after=2022-07-23T04:58:11.038180+00:00
[2022-07-23 04:58:11,053] {processor.py:161} INFO - Processing /home/airflow/.local/lib/python3.7/site-packages/airflow/example_dags/example_task_group.py took 0.065 seconds
[2022-07-23 04:58:41,903] {processor.py:153} INFO - Started process (PID=2359) to work on /home/airflow/.local/lib/python3.7/site-packages/airflow/example_dags/example_task_group.py
[2022-07-23 04:58:41,904] {processor.py:641} INFO - Processing file /home/airflow/.local/lib/python3.7/site-packages/airflow/example_dags/example_task_group.py for tasks to queue
[2022-07-23 04:58:41,904] {logging_mixin.py:115} INFO - [2022-07-23 04:58:41,904] {dagbag.py:508} INFO - Filling up the DagBag from /home/airflow/.local/lib/python3.7/site-packages/airflow/example_dags/example_task_group.py
[2022-07-23 04:58:41,910] {processor.py:651} INFO - DAG(s) dict_keys(['example_task_group']) retrieved from /home/airflow/.local/lib/python3.7/site-packages/airflow/example_dags/example_task_group.py
[2022-07-23 04:58:41,932] {logging_mixin.py:115} INFO - [2022-07-23 04:58:41,932] {dag.py:2420} INFO - Sync 1 DAGs
[2022-07-23 04:58:41,952] {logging_mixin.py:115} INFO - [2022-07-23 04:58:41,952] {dag.py:2972} INFO - Setting next_dagrun for example_task_group to 2022-07-22T04:58:41.952651+00:00, run_after=2022-07-23T04:58:41.952651+00:00
[2022-07-23 04:58:41,969] {processor.py:161} INFO - Processing /home/airflow/.local/lib/python3.7/site-packages/airflow/example_dags/example_task_group.py took 0.068 seconds
[2022-07-23 04:59:12,859] {processor.py:153} INFO - Started process (PID=2420) to work on /home/airflow/.local/lib/python3.7/site-packages/airflow/example_dags/example_task_group.py
[2022-07-23 04:59:12,860] {processor.py:641} INFO - Processing file /home/airflow/.local/lib/python3.7/site-packages/airflow/example_dags/example_task_group.py for tasks to queue
[2022-07-23 04:59:12,860] {logging_mixin.py:115} INFO - [2022-07-23 04:59:12,860] {dagbag.py:508} INFO - Filling up the DagBag from /home/airflow/.local/lib/python3.7/site-packages/airflow/example_dags/example_task_group.py
[2022-07-23 04:59:12,867] {processor.py:651} INFO - DAG(s) dict_keys(['example_task_group']) retrieved from /home/airflow/.local/lib/python3.7/site-packages/airflow/example_dags/example_task_group.py
[2022-07-23 04:59:12,890] {logging_mixin.py:115} INFO - [2022-07-23 04:59:12,889] {dag.py:2420} INFO - Sync 1 DAGs
[2022-07-23 04:59:12,908] {logging_mixin.py:115} INFO - [2022-07-23 04:59:12,908] {dag.py:2972} INFO - Setting next_dagrun for example_task_group to 2022-07-22T04:59:12.907872+00:00, run_after=2022-07-23T04:59:12.907872+00:00
[2022-07-23 04:59:12,922] {processor.py:161} INFO - Processing /home/airflow/.local/lib/python3.7/site-packages/airflow/example_dags/example_task_group.py took 0.066 seconds
[2022-07-23 04:59:43,779] {processor.py:153} INFO - Started process (PID=2482) to work on /home/airflow/.local/lib/python3.7/site-packages/airflow/example_dags/example_task_group.py
[2022-07-23 04:59:43,780] {processor.py:641} INFO - Processing file /home/airflow/.local/lib/python3.7/site-packages/airflow/example_dags/example_task_group.py for tasks to queue
[2022-07-23 04:59:43,780] {logging_mixin.py:115} INFO - [2022-07-23 04:59:43,780] {dagbag.py:508} INFO - Filling up the DagBag from /home/airflow/.local/lib/python3.7/site-packages/airflow/example_dags/example_task_group.py
[2022-07-23 04:59:43,786] {processor.py:651} INFO - DAG(s) dict_keys(['example_task_group']) retrieved from /home/airflow/.local/lib/python3.7/site-packages/airflow/example_dags/example_task_group.py
[2022-07-23 04:59:43,809] {logging_mixin.py:115} INFO - [2022-07-23 04:59:43,809] {dag.py:2420} INFO - Sync 1 DAGs
[2022-07-23 04:59:43,832] {logging_mixin.py:115} INFO - [2022-07-23 04:59:43,832] {dag.py:2972} INFO - Setting next_dagrun for example_task_group to 2022-07-22T04:59:43.832415+00:00, run_after=2022-07-23T04:59:43.832415+00:00
[2022-07-23 04:59:43,849] {processor.py:161} INFO - Processing /home/airflow/.local/lib/python3.7/site-packages/airflow/example_dags/example_task_group.py took 0.073 seconds
[2022-07-23 05:00:14,648] {processor.py:153} INFO - Started process (PID=2534) to work on /home/airflow/.local/lib/python3.7/site-packages/airflow/example_dags/example_task_group.py
[2022-07-23 05:00:14,649] {processor.py:641} INFO - Processing file /home/airflow/.local/lib/python3.7/site-packages/airflow/example_dags/example_task_group.py for tasks to queue
[2022-07-23 05:00:14,649] {logging_mixin.py:115} INFO - [2022-07-23 05:00:14,649] {dagbag.py:508} INFO - Filling up the DagBag from /home/airflow/.local/lib/python3.7/site-packages/airflow/example_dags/example_task_group.py
[2022-07-23 05:00:14,657] {processor.py:651} INFO - DAG(s) dict_keys(['example_task_group']) retrieved from /home/airflow/.local/lib/python3.7/site-packages/airflow/example_dags/example_task_group.py
[2022-07-23 05:00:14,679] {logging_mixin.py:115} INFO - [2022-07-23 05:00:14,679] {dag.py:2420} INFO - Sync 1 DAGs
[2022-07-23 05:00:14,698] {logging_mixin.py:115} INFO - [2022-07-23 05:00:14,698] {dag.py:2972} INFO - Setting next_dagrun for example_task_group to 2022-07-22T05:00:14.698397+00:00, run_after=2022-07-23T05:00:14.698397+00:00
[2022-07-23 05:00:14,714] {processor.py:161} INFO - Processing /home/airflow/.local/lib/python3.7/site-packages/airflow/example_dags/example_task_group.py took 0.068 seconds
[2022-07-23 05:00:45,273] {processor.py:153} INFO - Started process (PID=2595) to work on /home/airflow/.local/lib/python3.7/site-packages/airflow/example_dags/example_task_group.py
[2022-07-23 05:00:45,273] {processor.py:641} INFO - Processing file /home/airflow/.local/lib/python3.7/site-packages/airflow/example_dags/example_task_group.py for tasks to queue
[2022-07-23 05:00:45,273] {logging_mixin.py:115} INFO - [2022-07-23 05:00:45,273] {dagbag.py:508} INFO - Filling up the DagBag from /home/airflow/.local/lib/python3.7/site-packages/airflow/example_dags/example_task_group.py
[2022-07-23 05:00:45,279] {processor.py:651} INFO - DAG(s) dict_keys(['example_task_group']) retrieved from /home/airflow/.local/lib/python3.7/site-packages/airflow/example_dags/example_task_group.py
[2022-07-23 05:00:45,302] {logging_mixin.py:115} INFO - [2022-07-23 05:00:45,302] {dag.py:2420} INFO - Sync 1 DAGs
[2022-07-23 05:00:45,322] {logging_mixin.py:115} INFO - [2022-07-23 05:00:45,321] {dag.py:2972} INFO - Setting next_dagrun for example_task_group to 2022-07-22T05:00:45.321688+00:00, run_after=2022-07-23T05:00:45.321688+00:00
[2022-07-23 05:00:45,338] {processor.py:161} INFO - Processing /home/airflow/.local/lib/python3.7/site-packages/airflow/example_dags/example_task_group.py took 0.067 seconds
[2022-07-23 05:01:15,895] {processor.py:153} INFO - Started process (PID=2656) to work on /home/airflow/.local/lib/python3.7/site-packages/airflow/example_dags/example_task_group.py
[2022-07-23 05:01:15,896] {processor.py:641} INFO - Processing file /home/airflow/.local/lib/python3.7/site-packages/airflow/example_dags/example_task_group.py for tasks to queue
[2022-07-23 05:01:15,896] {logging_mixin.py:115} INFO - [2022-07-23 05:01:15,896] {dagbag.py:508} INFO - Filling up the DagBag from /home/airflow/.local/lib/python3.7/site-packages/airflow/example_dags/example_task_group.py
[2022-07-23 05:01:15,902] {processor.py:651} INFO - DAG(s) dict_keys(['example_task_group']) retrieved from /home/airflow/.local/lib/python3.7/site-packages/airflow/example_dags/example_task_group.py
[2022-07-23 05:01:15,922] {logging_mixin.py:115} INFO - [2022-07-23 05:01:15,922] {dag.py:2420} INFO - Sync 1 DAGs
[2022-07-23 05:01:15,939] {logging_mixin.py:115} INFO - [2022-07-23 05:01:15,939] {dag.py:2972} INFO - Setting next_dagrun for example_task_group to 2022-07-22T05:01:15.939664+00:00, run_after=2022-07-23T05:01:15.939664+00:00
[2022-07-23 05:01:15,954] {processor.py:161} INFO - Processing /home/airflow/.local/lib/python3.7/site-packages/airflow/example_dags/example_task_group.py took 0.061 seconds
[2022-07-23 05:01:46,600] {processor.py:153} INFO - Started process (PID=2717) to work on /home/airflow/.local/lib/python3.7/site-packages/airflow/example_dags/example_task_group.py
[2022-07-23 05:01:46,601] {processor.py:641} INFO - Processing file /home/airflow/.local/lib/python3.7/site-packages/airflow/example_dags/example_task_group.py for tasks to queue
[2022-07-23 05:01:46,601] {logging_mixin.py:115} INFO - [2022-07-23 05:01:46,601] {dagbag.py:508} INFO - Filling up the DagBag from /home/airflow/.local/lib/python3.7/site-packages/airflow/example_dags/example_task_group.py
[2022-07-23 05:01:46,607] {processor.py:651} INFO - DAG(s) dict_keys(['example_task_group']) retrieved from /home/airflow/.local/lib/python3.7/site-packages/airflow/example_dags/example_task_group.py
[2022-07-23 05:01:46,629] {logging_mixin.py:115} INFO - [2022-07-23 05:01:46,629] {dag.py:2420} INFO - Sync 1 DAGs
[2022-07-23 05:01:46,647] {logging_mixin.py:115} INFO - [2022-07-23 05:01:46,647] {dag.py:2972} INFO - Setting next_dagrun for example_task_group to 2022-07-22T05:01:46.646888+00:00, run_after=2022-07-23T05:01:46.646888+00:00
[2022-07-23 05:01:46,662] {processor.py:161} INFO - Processing /home/airflow/.local/lib/python3.7/site-packages/airflow/example_dags/example_task_group.py took 0.064 seconds
[2022-07-23 05:02:17,315] {processor.py:153} INFO - Started process (PID=2769) to work on /home/airflow/.local/lib/python3.7/site-packages/airflow/example_dags/example_task_group.py
[2022-07-23 05:02:17,316] {processor.py:641} INFO - Processing file /home/airflow/.local/lib/python3.7/site-packages/airflow/example_dags/example_task_group.py for tasks to queue
[2022-07-23 05:02:17,316] {logging_mixin.py:115} INFO - [2022-07-23 05:02:17,316] {dagbag.py:508} INFO - Filling up the DagBag from /home/airflow/.local/lib/python3.7/site-packages/airflow/example_dags/example_task_group.py
[2022-07-23 05:02:17,322] {processor.py:651} INFO - DAG(s) dict_keys(['example_task_group']) retrieved from /home/airflow/.local/lib/python3.7/site-packages/airflow/example_dags/example_task_group.py
[2022-07-23 05:02:17,351] {logging_mixin.py:115} INFO - [2022-07-23 05:02:17,351] {dag.py:2420} INFO - Sync 1 DAGs
[2022-07-23 05:02:17,378] {logging_mixin.py:115} INFO - [2022-07-23 05:02:17,378] {dag.py:2972} INFO - Setting next_dagrun for example_task_group to 2022-07-22T05:02:17.378074+00:00, run_after=2022-07-23T05:02:17.378074+00:00
[2022-07-23 05:02:17,398] {processor.py:161} INFO - Processing /home/airflow/.local/lib/python3.7/site-packages/airflow/example_dags/example_task_group.py took 0.085 seconds
[2022-07-23 05:02:48,263] {processor.py:153} INFO - Started process (PID=2831) to work on /home/airflow/.local/lib/python3.7/site-packages/airflow/example_dags/example_task_group.py
[2022-07-23 05:02:48,263] {processor.py:641} INFO - Processing file /home/airflow/.local/lib/python3.7/site-packages/airflow/example_dags/example_task_group.py for tasks to queue
[2022-07-23 05:02:48,264] {logging_mixin.py:115} INFO - [2022-07-23 05:02:48,263] {dagbag.py:508} INFO - Filling up the DagBag from /home/airflow/.local/lib/python3.7/site-packages/airflow/example_dags/example_task_group.py
[2022-07-23 05:02:48,270] {processor.py:651} INFO - DAG(s) dict_keys(['example_task_group']) retrieved from /home/airflow/.local/lib/python3.7/site-packages/airflow/example_dags/example_task_group.py
[2022-07-23 05:02:48,323] {logging_mixin.py:115} INFO - [2022-07-23 05:02:48,322] {dag.py:2420} INFO - Sync 1 DAGs
[2022-07-23 05:02:48,343] {logging_mixin.py:115} INFO - [2022-07-23 05:02:48,342] {dag.py:2972} INFO - Setting next_dagrun for example_task_group to 2022-07-22T05:02:48.342678+00:00, run_after=2022-07-23T05:02:48.342678+00:00
[2022-07-23 05:02:48,360] {processor.py:161} INFO - Processing /home/airflow/.local/lib/python3.7/site-packages/airflow/example_dags/example_task_group.py took 0.100 seconds
[2022-07-23 05:03:19,126] {processor.py:153} INFO - Started process (PID=2892) to work on /home/airflow/.local/lib/python3.7/site-packages/airflow/example_dags/example_task_group.py
[2022-07-23 05:03:19,126] {processor.py:641} INFO - Processing file /home/airflow/.local/lib/python3.7/site-packages/airflow/example_dags/example_task_group.py for tasks to queue
[2022-07-23 05:03:19,127] {logging_mixin.py:115} INFO - [2022-07-23 05:03:19,127] {dagbag.py:508} INFO - Filling up the DagBag from /home/airflow/.local/lib/python3.7/site-packages/airflow/example_dags/example_task_group.py
[2022-07-23 05:03:19,133] {processor.py:651} INFO - DAG(s) dict_keys(['example_task_group']) retrieved from /home/airflow/.local/lib/python3.7/site-packages/airflow/example_dags/example_task_group.py
[2022-07-23 05:03:19,156] {logging_mixin.py:115} INFO - [2022-07-23 05:03:19,156] {dag.py:2420} INFO - Sync 1 DAGs
[2022-07-23 05:03:19,175] {logging_mixin.py:115} INFO - [2022-07-23 05:03:19,175] {dag.py:2972} INFO - Setting next_dagrun for example_task_group to 2022-07-22T05:03:19.174962+00:00, run_after=2022-07-23T05:03:19.174962+00:00
[2022-07-23 05:03:19,190] {processor.py:161} INFO - Processing /home/airflow/.local/lib/python3.7/site-packages/airflow/example_dags/example_task_group.py took 0.067 seconds
[2022-07-23 05:03:50,001] {processor.py:153} INFO - Started process (PID=2944) to work on /home/airflow/.local/lib/python3.7/site-packages/airflow/example_dags/example_task_group.py
[2022-07-23 05:03:50,001] {processor.py:641} INFO - Processing file /home/airflow/.local/lib/python3.7/site-packages/airflow/example_dags/example_task_group.py for tasks to queue
[2022-07-23 05:03:50,002] {logging_mixin.py:115} INFO - [2022-07-23 05:03:50,002] {dagbag.py:508} INFO - Filling up the DagBag from /home/airflow/.local/lib/python3.7/site-packages/airflow/example_dags/example_task_group.py
[2022-07-23 05:03:50,007] {processor.py:651} INFO - DAG(s) dict_keys(['example_task_group']) retrieved from /home/airflow/.local/lib/python3.7/site-packages/airflow/example_dags/example_task_group.py
[2022-07-23 05:03:50,029] {logging_mixin.py:115} INFO - [2022-07-23 05:03:50,029] {dag.py:2420} INFO - Sync 1 DAGs
[2022-07-23 05:03:50,049] {logging_mixin.py:115} INFO - [2022-07-23 05:03:50,049] {dag.py:2972} INFO - Setting next_dagrun for example_task_group to 2022-07-22T05:03:50.049628+00:00, run_after=2022-07-23T05:03:50.049628+00:00
[2022-07-23 05:03:50,064] {processor.py:161} INFO - Processing /home/airflow/.local/lib/python3.7/site-packages/airflow/example_dags/example_task_group.py took 0.066 seconds
[2022-07-23 05:04:20,858] {processor.py:153} INFO - Started process (PID=3005) to work on /home/airflow/.local/lib/python3.7/site-packages/airflow/example_dags/example_task_group.py
[2022-07-23 05:04:20,858] {processor.py:641} INFO - Processing file /home/airflow/.local/lib/python3.7/site-packages/airflow/example_dags/example_task_group.py for tasks to queue
[2022-07-23 05:04:20,859] {logging_mixin.py:115} INFO - [2022-07-23 05:04:20,859] {dagbag.py:508} INFO - Filling up the DagBag from /home/airflow/.local/lib/python3.7/site-packages/airflow/example_dags/example_task_group.py
[2022-07-23 05:04:20,866] {processor.py:651} INFO - DAG(s) dict_keys(['example_task_group']) retrieved from /home/airflow/.local/lib/python3.7/site-packages/airflow/example_dags/example_task_group.py
[2022-07-23 05:04:20,892] {logging_mixin.py:115} INFO - [2022-07-23 05:04:20,892] {dag.py:2420} INFO - Sync 1 DAGs
[2022-07-23 05:04:20,917] {logging_mixin.py:115} INFO - [2022-07-23 05:04:20,917] {dag.py:2972} INFO - Setting next_dagrun for example_task_group to 2022-07-22T05:04:20.916943+00:00, run_after=2022-07-23T05:04:20.916943+00:00
[2022-07-23 05:04:20,935] {processor.py:161} INFO - Processing /home/airflow/.local/lib/python3.7/site-packages/airflow/example_dags/example_task_group.py took 0.080 seconds
[2022-07-23 05:04:51,693] {processor.py:153} INFO - Started process (PID=3066) to work on /home/airflow/.local/lib/python3.7/site-packages/airflow/example_dags/example_task_group.py
[2022-07-23 05:04:51,693] {processor.py:641} INFO - Processing file /home/airflow/.local/lib/python3.7/site-packages/airflow/example_dags/example_task_group.py for tasks to queue
[2022-07-23 05:04:51,694] {logging_mixin.py:115} INFO - [2022-07-23 05:04:51,694] {dagbag.py:508} INFO - Filling up the DagBag from /home/airflow/.local/lib/python3.7/site-packages/airflow/example_dags/example_task_group.py
[2022-07-23 05:04:51,701] {processor.py:651} INFO - DAG(s) dict_keys(['example_task_group']) retrieved from /home/airflow/.local/lib/python3.7/site-packages/airflow/example_dags/example_task_group.py
[2022-07-23 05:04:51,771] {logging_mixin.py:115} INFO - [2022-07-23 05:04:51,770] {dag.py:2420} INFO - Sync 1 DAGs
[2022-07-23 05:04:51,796] {logging_mixin.py:115} INFO - [2022-07-23 05:04:51,795] {dag.py:2972} INFO - Setting next_dagrun for example_task_group to 2022-07-22T05:04:51.795580+00:00, run_after=2022-07-23T05:04:51.795580+00:00
[2022-07-23 05:04:51,814] {processor.py:161} INFO - Processing /home/airflow/.local/lib/python3.7/site-packages/airflow/example_dags/example_task_group.py took 0.124 seconds
[2022-07-23 05:05:22,075] {processor.py:153} INFO - Started process (PID=3118) to work on /home/airflow/.local/lib/python3.7/site-packages/airflow/example_dags/example_task_group.py
[2022-07-23 05:05:22,076] {processor.py:641} INFO - Processing file /home/airflow/.local/lib/python3.7/site-packages/airflow/example_dags/example_task_group.py for tasks to queue
[2022-07-23 05:05:22,076] {logging_mixin.py:115} INFO - [2022-07-23 05:05:22,076] {dagbag.py:508} INFO - Filling up the DagBag from /home/airflow/.local/lib/python3.7/site-packages/airflow/example_dags/example_task_group.py
[2022-07-23 05:05:22,083] {processor.py:651} INFO - DAG(s) dict_keys(['example_task_group']) retrieved from /home/airflow/.local/lib/python3.7/site-packages/airflow/example_dags/example_task_group.py
[2022-07-23 05:05:22,113] {logging_mixin.py:115} INFO - [2022-07-23 05:05:22,113] {dag.py:2420} INFO - Sync 1 DAGs
[2022-07-23 05:05:22,145] {logging_mixin.py:115} INFO - [2022-07-23 05:05:22,145] {dag.py:2972} INFO - Setting next_dagrun for example_task_group to 2022-07-22T05:05:22.145007+00:00, run_after=2022-07-23T05:05:22.145007+00:00
[2022-07-23 05:05:22,165] {processor.py:161} INFO - Processing /home/airflow/.local/lib/python3.7/site-packages/airflow/example_dags/example_task_group.py took 0.093 seconds
[2022-07-23 05:05:52,701] {processor.py:153} INFO - Started process (PID=3179) to work on /home/airflow/.local/lib/python3.7/site-packages/airflow/example_dags/example_task_group.py
[2022-07-23 05:05:52,701] {processor.py:641} INFO - Processing file /home/airflow/.local/lib/python3.7/site-packages/airflow/example_dags/example_task_group.py for tasks to queue
[2022-07-23 05:05:52,702] {logging_mixin.py:115} INFO - [2022-07-23 05:05:52,702] {dagbag.py:508} INFO - Filling up the DagBag from /home/airflow/.local/lib/python3.7/site-packages/airflow/example_dags/example_task_group.py
[2022-07-23 05:05:52,708] {processor.py:651} INFO - DAG(s) dict_keys(['example_task_group']) retrieved from /home/airflow/.local/lib/python3.7/site-packages/airflow/example_dags/example_task_group.py
[2022-07-23 05:05:52,734] {logging_mixin.py:115} INFO - [2022-07-23 05:05:52,734] {dag.py:2420} INFO - Sync 1 DAGs
[2022-07-23 05:05:52,756] {logging_mixin.py:115} INFO - [2022-07-23 05:05:52,756] {dag.py:2972} INFO - Setting next_dagrun for example_task_group to 2022-07-22T05:05:52.756134+00:00, run_after=2022-07-23T05:05:52.756134+00:00
[2022-07-23 05:05:52,784] {processor.py:161} INFO - Processing /home/airflow/.local/lib/python3.7/site-packages/airflow/example_dags/example_task_group.py took 0.086 seconds
[2022-07-23 05:06:23,167] {processor.py:153} INFO - Started process (PID=3241) to work on /home/airflow/.local/lib/python3.7/site-packages/airflow/example_dags/example_task_group.py
[2022-07-23 05:06:23,168] {processor.py:641} INFO - Processing file /home/airflow/.local/lib/python3.7/site-packages/airflow/example_dags/example_task_group.py for tasks to queue
[2022-07-23 05:06:23,168] {logging_mixin.py:115} INFO - [2022-07-23 05:06:23,168] {dagbag.py:508} INFO - Filling up the DagBag from /home/airflow/.local/lib/python3.7/site-packages/airflow/example_dags/example_task_group.py
[2022-07-23 05:06:23,175] {processor.py:651} INFO - DAG(s) dict_keys(['example_task_group']) retrieved from /home/airflow/.local/lib/python3.7/site-packages/airflow/example_dags/example_task_group.py
[2022-07-23 05:06:23,209] {logging_mixin.py:115} INFO - [2022-07-23 05:06:23,208] {dag.py:2420} INFO - Sync 1 DAGs
[2022-07-23 05:06:23,235] {logging_mixin.py:115} INFO - [2022-07-23 05:06:23,235] {dag.py:2972} INFO - Setting next_dagrun for example_task_group to 2022-07-22T05:06:23.235386+00:00, run_after=2022-07-23T05:06:23.235386+00:00
[2022-07-23 05:06:23,261] {processor.py:161} INFO - Processing /home/airflow/.local/lib/python3.7/site-packages/airflow/example_dags/example_task_group.py took 0.097 seconds
[2022-07-23 05:06:53,498] {processor.py:153} INFO - Started process (PID=3293) to work on /home/airflow/.local/lib/python3.7/site-packages/airflow/example_dags/example_task_group.py
[2022-07-23 05:06:53,499] {processor.py:641} INFO - Processing file /home/airflow/.local/lib/python3.7/site-packages/airflow/example_dags/example_task_group.py for tasks to queue
[2022-07-23 05:06:53,499] {logging_mixin.py:115} INFO - [2022-07-23 05:06:53,499] {dagbag.py:508} INFO - Filling up the DagBag from /home/airflow/.local/lib/python3.7/site-packages/airflow/example_dags/example_task_group.py
[2022-07-23 05:06:53,505] {processor.py:651} INFO - DAG(s) dict_keys(['example_task_group']) retrieved from /home/airflow/.local/lib/python3.7/site-packages/airflow/example_dags/example_task_group.py
[2022-07-23 05:06:53,527] {logging_mixin.py:115} INFO - [2022-07-23 05:06:53,527] {dag.py:2420} INFO - Sync 1 DAGs
[2022-07-23 05:06:53,547] {logging_mixin.py:115} INFO - [2022-07-23 05:06:53,547] {dag.py:2972} INFO - Setting next_dagrun for example_task_group to 2022-07-22T05:06:53.547262+00:00, run_after=2022-07-23T05:06:53.547262+00:00
[2022-07-23 05:06:53,563] {processor.py:161} INFO - Processing /home/airflow/.local/lib/python3.7/site-packages/airflow/example_dags/example_task_group.py took 0.067 seconds
[2022-07-23 05:07:24,020] {processor.py:153} INFO - Started process (PID=3354) to work on /home/airflow/.local/lib/python3.7/site-packages/airflow/example_dags/example_task_group.py
[2022-07-23 05:07:24,021] {processor.py:641} INFO - Processing file /home/airflow/.local/lib/python3.7/site-packages/airflow/example_dags/example_task_group.py for tasks to queue
[2022-07-23 05:07:24,021] {logging_mixin.py:115} INFO - [2022-07-23 05:07:24,021] {dagbag.py:508} INFO - Filling up the DagBag from /home/airflow/.local/lib/python3.7/site-packages/airflow/example_dags/example_task_group.py
[2022-07-23 05:07:24,027] {processor.py:651} INFO - DAG(s) dict_keys(['example_task_group']) retrieved from /home/airflow/.local/lib/python3.7/site-packages/airflow/example_dags/example_task_group.py
[2022-07-23 05:07:24,051] {logging_mixin.py:115} INFO - [2022-07-23 05:07:24,051] {dag.py:2420} INFO - Sync 1 DAGs
[2022-07-23 05:07:24,071] {logging_mixin.py:115} INFO - [2022-07-23 05:07:24,070] {dag.py:2972} INFO - Setting next_dagrun for example_task_group to 2022-07-22T05:07:24.070698+00:00, run_after=2022-07-23T05:07:24.070698+00:00
[2022-07-23 05:07:24,086] {processor.py:161} INFO - Processing /home/airflow/.local/lib/python3.7/site-packages/airflow/example_dags/example_task_group.py took 0.068 seconds
[2022-07-23 05:07:54,807] {processor.py:153} INFO - Started process (PID=3406) to work on /home/airflow/.local/lib/python3.7/site-packages/airflow/example_dags/example_task_group.py
[2022-07-23 05:07:54,808] {processor.py:641} INFO - Processing file /home/airflow/.local/lib/python3.7/site-packages/airflow/example_dags/example_task_group.py for tasks to queue
[2022-07-23 05:07:54,808] {logging_mixin.py:115} INFO - [2022-07-23 05:07:54,808] {dagbag.py:508} INFO - Filling up the DagBag from /home/airflow/.local/lib/python3.7/site-packages/airflow/example_dags/example_task_group.py
[2022-07-23 05:07:54,814] {processor.py:651} INFO - DAG(s) dict_keys(['example_task_group']) retrieved from /home/airflow/.local/lib/python3.7/site-packages/airflow/example_dags/example_task_group.py
[2022-07-23 05:07:54,855] {logging_mixin.py:115} INFO - [2022-07-23 05:07:54,855] {dag.py:2420} INFO - Sync 1 DAGs
[2022-07-23 05:07:54,887] {logging_mixin.py:115} INFO - [2022-07-23 05:07:54,886] {dag.py:2972} INFO - Setting next_dagrun for example_task_group to 2022-07-22T05:07:54.886578+00:00, run_after=2022-07-23T05:07:54.886578+00:00
[2022-07-23 05:07:54,903] {processor.py:161} INFO - Processing /home/airflow/.local/lib/python3.7/site-packages/airflow/example_dags/example_task_group.py took 0.099 seconds
[2022-07-23 05:08:25,168] {processor.py:153} INFO - Started process (PID=3467) to work on /home/airflow/.local/lib/python3.7/site-packages/airflow/example_dags/example_task_group.py
[2022-07-23 05:08:25,169] {processor.py:641} INFO - Processing file /home/airflow/.local/lib/python3.7/site-packages/airflow/example_dags/example_task_group.py for tasks to queue
[2022-07-23 05:08:25,169] {logging_mixin.py:115} INFO - [2022-07-23 05:08:25,169] {dagbag.py:508} INFO - Filling up the DagBag from /home/airflow/.local/lib/python3.7/site-packages/airflow/example_dags/example_task_group.py
[2022-07-23 05:08:25,175] {processor.py:651} INFO - DAG(s) dict_keys(['example_task_group']) retrieved from /home/airflow/.local/lib/python3.7/site-packages/airflow/example_dags/example_task_group.py
[2022-07-23 05:08:25,202] {logging_mixin.py:115} INFO - [2022-07-23 05:08:25,202] {dag.py:2420} INFO - Sync 1 DAGs
[2022-07-23 05:08:25,224] {logging_mixin.py:115} INFO - [2022-07-23 05:08:25,224] {dag.py:2972} INFO - Setting next_dagrun for example_task_group to 2022-07-22T05:08:25.224661+00:00, run_after=2022-07-23T05:08:25.224661+00:00
[2022-07-23 05:08:25,240] {processor.py:161} INFO - Processing /home/airflow/.local/lib/python3.7/site-packages/airflow/example_dags/example_task_group.py took 0.074 seconds
[2022-07-23 05:08:55,806] {processor.py:153} INFO - Started process (PID=3528) to work on /home/airflow/.local/lib/python3.7/site-packages/airflow/example_dags/example_task_group.py
[2022-07-23 05:08:55,807] {processor.py:641} INFO - Processing file /home/airflow/.local/lib/python3.7/site-packages/airflow/example_dags/example_task_group.py for tasks to queue
[2022-07-23 05:08:55,808] {logging_mixin.py:115} INFO - [2022-07-23 05:08:55,807] {dagbag.py:508} INFO - Filling up the DagBag from /home/airflow/.local/lib/python3.7/site-packages/airflow/example_dags/example_task_group.py
[2022-07-23 05:08:55,814] {processor.py:651} INFO - DAG(s) dict_keys(['example_task_group']) retrieved from /home/airflow/.local/lib/python3.7/site-packages/airflow/example_dags/example_task_group.py
[2022-07-23 05:08:55,856] {logging_mixin.py:115} INFO - [2022-07-23 05:08:55,855] {dag.py:2420} INFO - Sync 1 DAGs
[2022-07-23 05:08:55,881] {logging_mixin.py:115} INFO - [2022-07-23 05:08:55,881] {dag.py:2972} INFO - Setting next_dagrun for example_task_group to 2022-07-22T05:08:55.881256+00:00, run_after=2022-07-23T05:08:55.881256+00:00
[2022-07-23 05:08:55,900] {processor.py:161} INFO - Processing /home/airflow/.local/lib/python3.7/site-packages/airflow/example_dags/example_task_group.py took 0.096 seconds
[2022-07-23 05:09:26,647] {processor.py:153} INFO - Started process (PID=3580) to work on /home/airflow/.local/lib/python3.7/site-packages/airflow/example_dags/example_task_group.py
[2022-07-23 05:09:26,648] {processor.py:641} INFO - Processing file /home/airflow/.local/lib/python3.7/site-packages/airflow/example_dags/example_task_group.py for tasks to queue
[2022-07-23 05:09:26,648] {logging_mixin.py:115} INFO - [2022-07-23 05:09:26,648] {dagbag.py:508} INFO - Filling up the DagBag from /home/airflow/.local/lib/python3.7/site-packages/airflow/example_dags/example_task_group.py
[2022-07-23 05:09:26,655] {processor.py:651} INFO - DAG(s) dict_keys(['example_task_group']) retrieved from /home/airflow/.local/lib/python3.7/site-packages/airflow/example_dags/example_task_group.py
[2022-07-23 05:09:26,681] {logging_mixin.py:115} INFO - [2022-07-23 05:09:26,681] {dag.py:2420} INFO - Sync 1 DAGs
[2022-07-23 05:09:26,706] {logging_mixin.py:115} INFO - [2022-07-23 05:09:26,706] {dag.py:2972} INFO - Setting next_dagrun for example_task_group to 2022-07-22T05:09:26.706242+00:00, run_after=2022-07-23T05:09:26.706242+00:00
[2022-07-23 05:09:26,727] {processor.py:161} INFO - Processing /home/airflow/.local/lib/python3.7/site-packages/airflow/example_dags/example_task_group.py took 0.082 seconds
[2022-07-23 05:09:57,145] {processor.py:153} INFO - Started process (PID=3641) to work on /home/airflow/.local/lib/python3.7/site-packages/airflow/example_dags/example_task_group.py
[2022-07-23 05:09:57,146] {processor.py:641} INFO - Processing file /home/airflow/.local/lib/python3.7/site-packages/airflow/example_dags/example_task_group.py for tasks to queue
[2022-07-23 05:09:57,146] {logging_mixin.py:115} INFO - [2022-07-23 05:09:57,146] {dagbag.py:508} INFO - Filling up the DagBag from /home/airflow/.local/lib/python3.7/site-packages/airflow/example_dags/example_task_group.py
[2022-07-23 05:09:57,152] {processor.py:651} INFO - DAG(s) dict_keys(['example_task_group']) retrieved from /home/airflow/.local/lib/python3.7/site-packages/airflow/example_dags/example_task_group.py
[2022-07-23 05:09:57,179] {logging_mixin.py:115} INFO - [2022-07-23 05:09:57,179] {dag.py:2420} INFO - Sync 1 DAGs
[2022-07-23 05:09:57,199] {logging_mixin.py:115} INFO - [2022-07-23 05:09:57,199] {dag.py:2972} INFO - Setting next_dagrun for example_task_group to 2022-07-22T05:09:57.199198+00:00, run_after=2022-07-23T05:09:57.199198+00:00
[2022-07-23 05:09:57,218] {processor.py:161} INFO - Processing /home/airflow/.local/lib/python3.7/site-packages/airflow/example_dags/example_task_group.py took 0.076 seconds
[2022-07-23 05:10:27,497] {processor.py:153} INFO - Started process (PID=3694) to work on /home/airflow/.local/lib/python3.7/site-packages/airflow/example_dags/example_task_group.py
[2022-07-23 05:10:27,498] {processor.py:641} INFO - Processing file /home/airflow/.local/lib/python3.7/site-packages/airflow/example_dags/example_task_group.py for tasks to queue
[2022-07-23 05:10:27,498] {logging_mixin.py:115} INFO - [2022-07-23 05:10:27,498] {dagbag.py:508} INFO - Filling up the DagBag from /home/airflow/.local/lib/python3.7/site-packages/airflow/example_dags/example_task_group.py
[2022-07-23 05:10:27,504] {processor.py:651} INFO - DAG(s) dict_keys(['example_task_group']) retrieved from /home/airflow/.local/lib/python3.7/site-packages/airflow/example_dags/example_task_group.py
[2022-07-23 05:10:27,529] {logging_mixin.py:115} INFO - [2022-07-23 05:10:27,529] {dag.py:2420} INFO - Sync 1 DAGs
[2022-07-23 05:10:27,548] {logging_mixin.py:115} INFO - [2022-07-23 05:10:27,548] {dag.py:2972} INFO - Setting next_dagrun for example_task_group to 2022-07-22T05:10:27.548154+00:00, run_after=2022-07-23T05:10:27.548154+00:00
[2022-07-23 05:10:27,569] {processor.py:161} INFO - Processing /home/airflow/.local/lib/python3.7/site-packages/airflow/example_dags/example_task_group.py took 0.075 seconds
[2022-07-23 05:10:57,729] {processor.py:153} INFO - Started process (PID=3755) to work on /home/airflow/.local/lib/python3.7/site-packages/airflow/example_dags/example_task_group.py
[2022-07-23 05:10:57,729] {processor.py:641} INFO - Processing file /home/airflow/.local/lib/python3.7/site-packages/airflow/example_dags/example_task_group.py for tasks to queue
[2022-07-23 05:10:57,730] {logging_mixin.py:115} INFO - [2022-07-23 05:10:57,730] {dagbag.py:508} INFO - Filling up the DagBag from /home/airflow/.local/lib/python3.7/site-packages/airflow/example_dags/example_task_group.py
[2022-07-23 05:10:57,736] {processor.py:651} INFO - DAG(s) dict_keys(['example_task_group']) retrieved from /home/airflow/.local/lib/python3.7/site-packages/airflow/example_dags/example_task_group.py
[2022-07-23 05:10:57,788] {logging_mixin.py:115} INFO - [2022-07-23 05:10:57,788] {dag.py:2420} INFO - Sync 1 DAGs
[2022-07-23 05:10:57,812] {logging_mixin.py:115} INFO - [2022-07-23 05:10:57,812] {dag.py:2972} INFO - Setting next_dagrun for example_task_group to 2022-07-22T05:10:57.812358+00:00, run_after=2022-07-23T05:10:57.812358+00:00
[2022-07-23 05:10:57,828] {processor.py:161} INFO - Processing /home/airflow/.local/lib/python3.7/site-packages/airflow/example_dags/example_task_group.py took 0.102 seconds
[2022-07-23 05:11:28,213] {processor.py:153} INFO - Started process (PID=3816) to work on /home/airflow/.local/lib/python3.7/site-packages/airflow/example_dags/example_task_group.py
[2022-07-23 05:11:28,213] {processor.py:641} INFO - Processing file /home/airflow/.local/lib/python3.7/site-packages/airflow/example_dags/example_task_group.py for tasks to queue
[2022-07-23 05:11:28,214] {logging_mixin.py:115} INFO - [2022-07-23 05:11:28,214] {dagbag.py:508} INFO - Filling up the DagBag from /home/airflow/.local/lib/python3.7/site-packages/airflow/example_dags/example_task_group.py
[2022-07-23 05:11:28,220] {processor.py:651} INFO - DAG(s) dict_keys(['example_task_group']) retrieved from /home/airflow/.local/lib/python3.7/site-packages/airflow/example_dags/example_task_group.py
[2022-07-23 05:11:28,243] {logging_mixin.py:115} INFO - [2022-07-23 05:11:28,243] {dag.py:2420} INFO - Sync 1 DAGs
[2022-07-23 05:11:28,263] {logging_mixin.py:115} INFO - [2022-07-23 05:11:28,263] {dag.py:2972} INFO - Setting next_dagrun for example_task_group to 2022-07-22T05:11:28.262871+00:00, run_after=2022-07-23T05:11:28.262871+00:00
[2022-07-23 05:11:28,281] {processor.py:161} INFO - Processing /home/airflow/.local/lib/python3.7/site-packages/airflow/example_dags/example_task_group.py took 0.070 seconds
[2022-07-23 05:11:58,379] {processor.py:153} INFO - Started process (PID=3867) to work on /home/airflow/.local/lib/python3.7/site-packages/airflow/example_dags/example_task_group.py
[2022-07-23 05:11:58,380] {processor.py:641} INFO - Processing file /home/airflow/.local/lib/python3.7/site-packages/airflow/example_dags/example_task_group.py for tasks to queue
[2022-07-23 05:11:58,380] {logging_mixin.py:115} INFO - [2022-07-23 05:11:58,380] {dagbag.py:508} INFO - Filling up the DagBag from /home/airflow/.local/lib/python3.7/site-packages/airflow/example_dags/example_task_group.py
[2022-07-23 05:11:58,386] {processor.py:651} INFO - DAG(s) dict_keys(['example_task_group']) retrieved from /home/airflow/.local/lib/python3.7/site-packages/airflow/example_dags/example_task_group.py
[2022-07-23 05:11:58,407] {logging_mixin.py:115} INFO - [2022-07-23 05:11:58,407] {dag.py:2420} INFO - Sync 1 DAGs
[2022-07-23 05:11:58,425] {logging_mixin.py:115} INFO - [2022-07-23 05:11:58,425] {dag.py:2972} INFO - Setting next_dagrun for example_task_group to 2022-07-22T05:11:58.425309+00:00, run_after=2022-07-23T05:11:58.425309+00:00
[2022-07-23 05:11:58,441] {processor.py:161} INFO - Processing /home/airflow/.local/lib/python3.7/site-packages/airflow/example_dags/example_task_group.py took 0.065 seconds
[2022-07-23 05:12:28,695] {processor.py:153} INFO - Started process (PID=3929) to work on /home/airflow/.local/lib/python3.7/site-packages/airflow/example_dags/example_task_group.py
[2022-07-23 05:12:28,695] {processor.py:641} INFO - Processing file /home/airflow/.local/lib/python3.7/site-packages/airflow/example_dags/example_task_group.py for tasks to queue
[2022-07-23 05:12:28,696] {logging_mixin.py:115} INFO - [2022-07-23 05:12:28,696] {dagbag.py:508} INFO - Filling up the DagBag from /home/airflow/.local/lib/python3.7/site-packages/airflow/example_dags/example_task_group.py
[2022-07-23 05:12:28,702] {processor.py:651} INFO - DAG(s) dict_keys(['example_task_group']) retrieved from /home/airflow/.local/lib/python3.7/site-packages/airflow/example_dags/example_task_group.py
[2022-07-23 05:12:28,726] {logging_mixin.py:115} INFO - [2022-07-23 05:12:28,726] {dag.py:2420} INFO - Sync 1 DAGs
[2022-07-23 05:12:28,745] {logging_mixin.py:115} INFO - [2022-07-23 05:12:28,745] {dag.py:2972} INFO - Setting next_dagrun for example_task_group to 2022-07-22T05:12:28.745089+00:00, run_after=2022-07-23T05:12:28.745089+00:00
[2022-07-23 05:12:28,761] {processor.py:161} INFO - Processing /home/airflow/.local/lib/python3.7/site-packages/airflow/example_dags/example_task_group.py took 0.069 seconds
[2022-07-23 05:12:59,106] {processor.py:153} INFO - Started process (PID=3991) to work on /home/airflow/.local/lib/python3.7/site-packages/airflow/example_dags/example_task_group.py
[2022-07-23 05:12:59,106] {processor.py:641} INFO - Processing file /home/airflow/.local/lib/python3.7/site-packages/airflow/example_dags/example_task_group.py for tasks to queue
[2022-07-23 05:12:59,107] {logging_mixin.py:115} INFO - [2022-07-23 05:12:59,107] {dagbag.py:508} INFO - Filling up the DagBag from /home/airflow/.local/lib/python3.7/site-packages/airflow/example_dags/example_task_group.py
[2022-07-23 05:12:59,115] {processor.py:651} INFO - DAG(s) dict_keys(['example_task_group']) retrieved from /home/airflow/.local/lib/python3.7/site-packages/airflow/example_dags/example_task_group.py
[2022-07-23 05:12:59,139] {logging_mixin.py:115} INFO - [2022-07-23 05:12:59,139] {dag.py:2420} INFO - Sync 1 DAGs
[2022-07-23 05:12:59,158] {logging_mixin.py:115} INFO - [2022-07-23 05:12:59,158] {dag.py:2972} INFO - Setting next_dagrun for example_task_group to 2022-07-22T05:12:59.158614+00:00, run_after=2022-07-23T05:12:59.158614+00:00
[2022-07-23 05:12:59,181] {processor.py:161} INFO - Processing /home/airflow/.local/lib/python3.7/site-packages/airflow/example_dags/example_task_group.py took 0.079 seconds
[2022-07-23 05:13:29,441] {processor.py:153} INFO - Started process (PID=4043) to work on /home/airflow/.local/lib/python3.7/site-packages/airflow/example_dags/example_task_group.py
[2022-07-23 05:13:29,442] {processor.py:641} INFO - Processing file /home/airflow/.local/lib/python3.7/site-packages/airflow/example_dags/example_task_group.py for tasks to queue
[2022-07-23 05:13:29,442] {logging_mixin.py:115} INFO - [2022-07-23 05:13:29,442] {dagbag.py:508} INFO - Filling up the DagBag from /home/airflow/.local/lib/python3.7/site-packages/airflow/example_dags/example_task_group.py
[2022-07-23 05:13:29,448] {processor.py:651} INFO - DAG(s) dict_keys(['example_task_group']) retrieved from /home/airflow/.local/lib/python3.7/site-packages/airflow/example_dags/example_task_group.py
[2022-07-23 05:13:29,470] {logging_mixin.py:115} INFO - [2022-07-23 05:13:29,470] {dag.py:2420} INFO - Sync 1 DAGs
[2022-07-23 05:13:29,489] {logging_mixin.py:115} INFO - [2022-07-23 05:13:29,489] {dag.py:2972} INFO - Setting next_dagrun for example_task_group to 2022-07-22T05:13:29.489517+00:00, run_after=2022-07-23T05:13:29.489517+00:00
[2022-07-23 05:13:29,506] {processor.py:161} INFO - Processing /home/airflow/.local/lib/python3.7/site-packages/airflow/example_dags/example_task_group.py took 0.067 seconds
[2022-07-23 05:14:00,088] {processor.py:153} INFO - Started process (PID=4104) to work on /home/airflow/.local/lib/python3.7/site-packages/airflow/example_dags/example_task_group.py
[2022-07-23 05:14:00,088] {processor.py:641} INFO - Processing file /home/airflow/.local/lib/python3.7/site-packages/airflow/example_dags/example_task_group.py for tasks to queue
[2022-07-23 05:14:00,089] {logging_mixin.py:115} INFO - [2022-07-23 05:14:00,089] {dagbag.py:508} INFO - Filling up the DagBag from /home/airflow/.local/lib/python3.7/site-packages/airflow/example_dags/example_task_group.py
[2022-07-23 05:14:00,094] {processor.py:651} INFO - DAG(s) dict_keys(['example_task_group']) retrieved from /home/airflow/.local/lib/python3.7/site-packages/airflow/example_dags/example_task_group.py
[2022-07-23 05:14:00,118] {logging_mixin.py:115} INFO - [2022-07-23 05:14:00,118] {dag.py:2420} INFO - Sync 1 DAGs
[2022-07-23 05:14:00,137] {logging_mixin.py:115} INFO - [2022-07-23 05:14:00,137] {dag.py:2972} INFO - Setting next_dagrun for example_task_group to 2022-07-22T05:14:00.137543+00:00, run_after=2022-07-23T05:14:00.137543+00:00
[2022-07-23 05:14:00,157] {processor.py:161} INFO - Processing /home/airflow/.local/lib/python3.7/site-packages/airflow/example_dags/example_task_group.py took 0.072 seconds
[2022-07-23 05:14:30,343] {processor.py:153} INFO - Started process (PID=4166) to work on /home/airflow/.local/lib/python3.7/site-packages/airflow/example_dags/example_task_group.py
[2022-07-23 05:14:30,344] {processor.py:641} INFO - Processing file /home/airflow/.local/lib/python3.7/site-packages/airflow/example_dags/example_task_group.py for tasks to queue
[2022-07-23 05:14:30,344] {logging_mixin.py:115} INFO - [2022-07-23 05:14:30,344] {dagbag.py:508} INFO - Filling up the DagBag from /home/airflow/.local/lib/python3.7/site-packages/airflow/example_dags/example_task_group.py
[2022-07-23 05:14:30,350] {processor.py:651} INFO - DAG(s) dict_keys(['example_task_group']) retrieved from /home/airflow/.local/lib/python3.7/site-packages/airflow/example_dags/example_task_group.py
[2022-07-23 05:14:30,374] {logging_mixin.py:115} INFO - [2022-07-23 05:14:30,374] {dag.py:2420} INFO - Sync 1 DAGs
[2022-07-23 05:14:30,394] {logging_mixin.py:115} INFO - [2022-07-23 05:14:30,394] {dag.py:2972} INFO - Setting next_dagrun for example_task_group to 2022-07-22T05:14:30.393830+00:00, run_after=2022-07-23T05:14:30.393830+00:00
[2022-07-23 05:14:30,411] {processor.py:161} INFO - Processing /home/airflow/.local/lib/python3.7/site-packages/airflow/example_dags/example_task_group.py took 0.070 seconds
