[2022-07-23 04:38:45,926] {processor.py:153} INFO - Started process (PID=71) to work on /home/airflow/.local/lib/python3.7/site-packages/airflow/example_dags/example_bash_operator.py
[2022-07-23 04:38:45,927] {processor.py:641} INFO - Processing file /home/airflow/.local/lib/python3.7/site-packages/airflow/example_dags/example_bash_operator.py for tasks to queue
[2022-07-23 04:38:45,927] {logging_mixin.py:115} INFO - [2022-07-23 04:38:45,927] {dagbag.py:508} INFO - Filling up the DagBag from /home/airflow/.local/lib/python3.7/site-packages/airflow/example_dags/example_bash_operator.py
[2022-07-23 04:38:45,940] {processor.py:651} INFO - DAG(s) dict_keys(['example_bash_operator']) retrieved from /home/airflow/.local/lib/python3.7/site-packages/airflow/example_dags/example_bash_operator.py
[2022-07-23 04:38:46,191] {logging_mixin.py:115} INFO - [2022-07-23 04:38:46,191] {manager.py:508} INFO - Created Permission View: can read on DAG:example_bash_operator
[2022-07-23 04:38:46,207] {logging_mixin.py:115} INFO - [2022-07-23 04:38:46,207] {manager.py:508} INFO - Created Permission View: can delete on DAG:example_bash_operator
[2022-07-23 04:38:46,224] {logging_mixin.py:115} INFO - [2022-07-23 04:38:46,224] {manager.py:508} INFO - Created Permission View: can edit on DAG:example_bash_operator
[2022-07-23 04:38:46,225] {logging_mixin.py:115} INFO - [2022-07-23 04:38:46,225] {dag.py:2420} INFO - Sync 1 DAGs
[2022-07-23 04:38:46,233] {logging_mixin.py:115} INFO - [2022-07-23 04:38:46,233] {dag.py:2439} INFO - Creating ORM DAG for example_bash_operator
[2022-07-23 04:38:46,245] {logging_mixin.py:115} INFO - [2022-07-23 04:38:46,245] {dag.py:2972} INFO - Setting next_dagrun for example_bash_operator to 2022-07-22T00:00:00+00:00, run_after=2022-07-23T00:00:00+00:00
[2022-07-23 04:38:46,269] {processor.py:161} INFO - Processing /home/airflow/.local/lib/python3.7/site-packages/airflow/example_dags/example_bash_operator.py took 0.345 seconds
[2022-07-23 04:39:16,324] {processor.py:153} INFO - Started process (PID=125) to work on /home/airflow/.local/lib/python3.7/site-packages/airflow/example_dags/example_bash_operator.py
[2022-07-23 04:39:16,324] {processor.py:641} INFO - Processing file /home/airflow/.local/lib/python3.7/site-packages/airflow/example_dags/example_bash_operator.py for tasks to queue
[2022-07-23 04:39:16,325] {logging_mixin.py:115} INFO - [2022-07-23 04:39:16,324] {dagbag.py:508} INFO - Filling up the DagBag from /home/airflow/.local/lib/python3.7/site-packages/airflow/example_dags/example_bash_operator.py
[2022-07-23 04:39:16,334] {processor.py:651} INFO - DAG(s) dict_keys(['example_bash_operator']) retrieved from /home/airflow/.local/lib/python3.7/site-packages/airflow/example_dags/example_bash_operator.py
[2022-07-23 04:39:16,530] {logging_mixin.py:115} INFO - [2022-07-23 04:39:16,530] {dag.py:2420} INFO - Sync 1 DAGs
[2022-07-23 04:39:16,552] {logging_mixin.py:115} INFO - [2022-07-23 04:39:16,552] {dag.py:2972} INFO - Setting next_dagrun for example_bash_operator to 2022-07-22T00:00:00+00:00, run_after=2022-07-23T00:00:00+00:00
[2022-07-23 04:39:16,570] {processor.py:161} INFO - Processing /home/airflow/.local/lib/python3.7/site-packages/airflow/example_dags/example_bash_operator.py took 0.248 seconds
[2022-07-23 04:39:46,652] {processor.py:153} INFO - Started process (PID=186) to work on /home/airflow/.local/lib/python3.7/site-packages/airflow/example_dags/example_bash_operator.py
[2022-07-23 04:39:46,653] {processor.py:641} INFO - Processing file /home/airflow/.local/lib/python3.7/site-packages/airflow/example_dags/example_bash_operator.py for tasks to queue
[2022-07-23 04:39:46,653] {logging_mixin.py:115} INFO - [2022-07-23 04:39:46,653] {dagbag.py:508} INFO - Filling up the DagBag from /home/airflow/.local/lib/python3.7/site-packages/airflow/example_dags/example_bash_operator.py
[2022-07-23 04:39:46,664] {processor.py:651} INFO - DAG(s) dict_keys(['example_bash_operator']) retrieved from /home/airflow/.local/lib/python3.7/site-packages/airflow/example_dags/example_bash_operator.py
[2022-07-23 04:39:46,686] {logging_mixin.py:115} INFO - [2022-07-23 04:39:46,686] {dag.py:2420} INFO - Sync 1 DAGs
[2022-07-23 04:39:46,705] {logging_mixin.py:115} INFO - [2022-07-23 04:39:46,705] {dag.py:2972} INFO - Setting next_dagrun for example_bash_operator to 2022-07-22T00:00:00+00:00, run_after=2022-07-23T00:00:00+00:00
[2022-07-23 04:39:46,722] {processor.py:161} INFO - Processing /home/airflow/.local/lib/python3.7/site-packages/airflow/example_dags/example_bash_operator.py took 0.073 seconds
[2022-07-23 04:40:16,761] {processor.py:153} INFO - Started process (PID=238) to work on /home/airflow/.local/lib/python3.7/site-packages/airflow/example_dags/example_bash_operator.py
[2022-07-23 04:40:16,762] {processor.py:641} INFO - Processing file /home/airflow/.local/lib/python3.7/site-packages/airflow/example_dags/example_bash_operator.py for tasks to queue
[2022-07-23 04:40:16,762] {logging_mixin.py:115} INFO - [2022-07-23 04:40:16,762] {dagbag.py:508} INFO - Filling up the DagBag from /home/airflow/.local/lib/python3.7/site-packages/airflow/example_dags/example_bash_operator.py
[2022-07-23 04:40:16,772] {processor.py:651} INFO - DAG(s) dict_keys(['example_bash_operator']) retrieved from /home/airflow/.local/lib/python3.7/site-packages/airflow/example_dags/example_bash_operator.py
[2022-07-23 04:40:16,794] {logging_mixin.py:115} INFO - [2022-07-23 04:40:16,794] {dag.py:2420} INFO - Sync 1 DAGs
[2022-07-23 04:40:16,813] {logging_mixin.py:115} INFO - [2022-07-23 04:40:16,813] {dag.py:2972} INFO - Setting next_dagrun for example_bash_operator to 2022-07-22T00:00:00+00:00, run_after=2022-07-23T00:00:00+00:00
[2022-07-23 04:40:16,832] {processor.py:161} INFO - Processing /home/airflow/.local/lib/python3.7/site-packages/airflow/example_dags/example_bash_operator.py took 0.073 seconds
[2022-07-23 04:40:46,866] {processor.py:153} INFO - Started process (PID=299) to work on /home/airflow/.local/lib/python3.7/site-packages/airflow/example_dags/example_bash_operator.py
[2022-07-23 04:40:46,867] {processor.py:641} INFO - Processing file /home/airflow/.local/lib/python3.7/site-packages/airflow/example_dags/example_bash_operator.py for tasks to queue
[2022-07-23 04:40:46,867] {logging_mixin.py:115} INFO - [2022-07-23 04:40:46,867] {dagbag.py:508} INFO - Filling up the DagBag from /home/airflow/.local/lib/python3.7/site-packages/airflow/example_dags/example_bash_operator.py
[2022-07-23 04:40:46,877] {processor.py:651} INFO - DAG(s) dict_keys(['example_bash_operator']) retrieved from /home/airflow/.local/lib/python3.7/site-packages/airflow/example_dags/example_bash_operator.py
[2022-07-23 04:40:46,897] {logging_mixin.py:115} INFO - [2022-07-23 04:40:46,897] {dag.py:2420} INFO - Sync 1 DAGs
[2022-07-23 04:40:46,916] {logging_mixin.py:115} INFO - [2022-07-23 04:40:46,916] {dag.py:2972} INFO - Setting next_dagrun for example_bash_operator to 2022-07-22T00:00:00+00:00, run_after=2022-07-23T00:00:00+00:00
[2022-07-23 04:40:46,932] {processor.py:161} INFO - Processing /home/airflow/.local/lib/python3.7/site-packages/airflow/example_dags/example_bash_operator.py took 0.067 seconds
[2022-07-23 04:41:16,973] {processor.py:153} INFO - Started process (PID=360) to work on /home/airflow/.local/lib/python3.7/site-packages/airflow/example_dags/example_bash_operator.py
[2022-07-23 04:41:16,973] {processor.py:641} INFO - Processing file /home/airflow/.local/lib/python3.7/site-packages/airflow/example_dags/example_bash_operator.py for tasks to queue
[2022-07-23 04:41:16,974] {logging_mixin.py:115} INFO - [2022-07-23 04:41:16,974] {dagbag.py:508} INFO - Filling up the DagBag from /home/airflow/.local/lib/python3.7/site-packages/airflow/example_dags/example_bash_operator.py
[2022-07-23 04:41:16,983] {processor.py:651} INFO - DAG(s) dict_keys(['example_bash_operator']) retrieved from /home/airflow/.local/lib/python3.7/site-packages/airflow/example_dags/example_bash_operator.py
[2022-07-23 04:41:17,005] {logging_mixin.py:115} INFO - [2022-07-23 04:41:17,005] {dag.py:2420} INFO - Sync 1 DAGs
[2022-07-23 04:41:17,025] {logging_mixin.py:115} INFO - [2022-07-23 04:41:17,024] {dag.py:2972} INFO - Setting next_dagrun for example_bash_operator to 2022-07-22T00:00:00+00:00, run_after=2022-07-23T00:00:00+00:00
[2022-07-23 04:41:17,040] {processor.py:161} INFO - Processing /home/airflow/.local/lib/python3.7/site-packages/airflow/example_dags/example_bash_operator.py took 0.069 seconds
[2022-07-23 04:41:47,092] {processor.py:153} INFO - Started process (PID=413) to work on /home/airflow/.local/lib/python3.7/site-packages/airflow/example_dags/example_bash_operator.py
[2022-07-23 04:41:47,092] {processor.py:641} INFO - Processing file /home/airflow/.local/lib/python3.7/site-packages/airflow/example_dags/example_bash_operator.py for tasks to queue
[2022-07-23 04:41:47,092] {logging_mixin.py:115} INFO - [2022-07-23 04:41:47,092] {dagbag.py:508} INFO - Filling up the DagBag from /home/airflow/.local/lib/python3.7/site-packages/airflow/example_dags/example_bash_operator.py
[2022-07-23 04:41:47,102] {processor.py:651} INFO - DAG(s) dict_keys(['example_bash_operator']) retrieved from /home/airflow/.local/lib/python3.7/site-packages/airflow/example_dags/example_bash_operator.py
[2022-07-23 04:41:47,122] {logging_mixin.py:115} INFO - [2022-07-23 04:41:47,122] {dag.py:2420} INFO - Sync 1 DAGs
[2022-07-23 04:41:47,142] {logging_mixin.py:115} INFO - [2022-07-23 04:41:47,141] {dag.py:2972} INFO - Setting next_dagrun for example_bash_operator to 2022-07-22T00:00:00+00:00, run_after=2022-07-23T00:00:00+00:00
[2022-07-23 04:41:47,156] {processor.py:161} INFO - Processing /home/airflow/.local/lib/python3.7/site-packages/airflow/example_dags/example_bash_operator.py took 0.067 seconds
[2022-07-23 04:42:17,790] {processor.py:153} INFO - Started process (PID=474) to work on /home/airflow/.local/lib/python3.7/site-packages/airflow/example_dags/example_bash_operator.py
[2022-07-23 04:42:17,790] {processor.py:641} INFO - Processing file /home/airflow/.local/lib/python3.7/site-packages/airflow/example_dags/example_bash_operator.py for tasks to queue
[2022-07-23 04:42:17,791] {logging_mixin.py:115} INFO - [2022-07-23 04:42:17,791] {dagbag.py:508} INFO - Filling up the DagBag from /home/airflow/.local/lib/python3.7/site-packages/airflow/example_dags/example_bash_operator.py
[2022-07-23 04:42:17,800] {processor.py:651} INFO - DAG(s) dict_keys(['example_bash_operator']) retrieved from /home/airflow/.local/lib/python3.7/site-packages/airflow/example_dags/example_bash_operator.py
[2022-07-23 04:42:17,821] {logging_mixin.py:115} INFO - [2022-07-23 04:42:17,821] {dag.py:2420} INFO - Sync 1 DAGs
[2022-07-23 04:42:17,839] {logging_mixin.py:115} INFO - [2022-07-23 04:42:17,839] {dag.py:2972} INFO - Setting next_dagrun for example_bash_operator to 2022-07-22T00:00:00+00:00, run_after=2022-07-23T00:00:00+00:00
[2022-07-23 04:42:17,853] {processor.py:161} INFO - Processing /home/airflow/.local/lib/python3.7/site-packages/airflow/example_dags/example_bash_operator.py took 0.066 seconds
[2022-07-23 04:42:48,557] {processor.py:153} INFO - Started process (PID=536) to work on /home/airflow/.local/lib/python3.7/site-packages/airflow/example_dags/example_bash_operator.py
[2022-07-23 04:42:48,558] {processor.py:641} INFO - Processing file /home/airflow/.local/lib/python3.7/site-packages/airflow/example_dags/example_bash_operator.py for tasks to queue
[2022-07-23 04:42:48,558] {logging_mixin.py:115} INFO - [2022-07-23 04:42:48,558] {dagbag.py:508} INFO - Filling up the DagBag from /home/airflow/.local/lib/python3.7/site-packages/airflow/example_dags/example_bash_operator.py
[2022-07-23 04:42:48,568] {processor.py:651} INFO - DAG(s) dict_keys(['example_bash_operator']) retrieved from /home/airflow/.local/lib/python3.7/site-packages/airflow/example_dags/example_bash_operator.py
[2022-07-23 04:42:48,591] {logging_mixin.py:115} INFO - [2022-07-23 04:42:48,591] {dag.py:2420} INFO - Sync 1 DAGs
[2022-07-23 04:42:48,611] {logging_mixin.py:115} INFO - [2022-07-23 04:42:48,611] {dag.py:2972} INFO - Setting next_dagrun for example_bash_operator to 2022-07-22T00:00:00+00:00, run_after=2022-07-23T00:00:00+00:00
[2022-07-23 04:42:48,657] {processor.py:161} INFO - Processing /home/airflow/.local/lib/python3.7/site-packages/airflow/example_dags/example_bash_operator.py took 0.102 seconds
[2022-07-23 04:43:18,749] {processor.py:153} INFO - Started process (PID=588) to work on /home/airflow/.local/lib/python3.7/site-packages/airflow/example_dags/example_bash_operator.py
[2022-07-23 04:43:18,749] {processor.py:641} INFO - Processing file /home/airflow/.local/lib/python3.7/site-packages/airflow/example_dags/example_bash_operator.py for tasks to queue
[2022-07-23 04:43:18,750] {logging_mixin.py:115} INFO - [2022-07-23 04:43:18,750] {dagbag.py:508} INFO - Filling up the DagBag from /home/airflow/.local/lib/python3.7/site-packages/airflow/example_dags/example_bash_operator.py
[2022-07-23 04:43:18,760] {processor.py:651} INFO - DAG(s) dict_keys(['example_bash_operator']) retrieved from /home/airflow/.local/lib/python3.7/site-packages/airflow/example_dags/example_bash_operator.py
[2022-07-23 04:43:18,783] {logging_mixin.py:115} INFO - [2022-07-23 04:43:18,783] {dag.py:2420} INFO - Sync 1 DAGs
[2022-07-23 04:43:18,801] {logging_mixin.py:115} INFO - [2022-07-23 04:43:18,801] {dag.py:2972} INFO - Setting next_dagrun for example_bash_operator to 2022-07-22T00:00:00+00:00, run_after=2022-07-23T00:00:00+00:00
[2022-07-23 04:43:18,817] {processor.py:161} INFO - Processing /home/airflow/.local/lib/python3.7/site-packages/airflow/example_dags/example_bash_operator.py took 0.071 seconds
[2022-07-23 04:43:49,500] {processor.py:153} INFO - Started process (PID=649) to work on /home/airflow/.local/lib/python3.7/site-packages/airflow/example_dags/example_bash_operator.py
[2022-07-23 04:43:49,501] {processor.py:641} INFO - Processing file /home/airflow/.local/lib/python3.7/site-packages/airflow/example_dags/example_bash_operator.py for tasks to queue
[2022-07-23 04:43:49,501] {logging_mixin.py:115} INFO - [2022-07-23 04:43:49,501] {dagbag.py:508} INFO - Filling up the DagBag from /home/airflow/.local/lib/python3.7/site-packages/airflow/example_dags/example_bash_operator.py
[2022-07-23 04:43:49,511] {processor.py:651} INFO - DAG(s) dict_keys(['example_bash_operator']) retrieved from /home/airflow/.local/lib/python3.7/site-packages/airflow/example_dags/example_bash_operator.py
[2022-07-23 04:43:49,532] {logging_mixin.py:115} INFO - [2022-07-23 04:43:49,532] {dag.py:2420} INFO - Sync 1 DAGs
[2022-07-23 04:43:49,551] {logging_mixin.py:115} INFO - [2022-07-23 04:43:49,551] {dag.py:2972} INFO - Setting next_dagrun for example_bash_operator to 2022-07-22T00:00:00+00:00, run_after=2022-07-23T00:00:00+00:00
[2022-07-23 04:43:49,565] {processor.py:161} INFO - Processing /home/airflow/.local/lib/python3.7/site-packages/airflow/example_dags/example_bash_operator.py took 0.067 seconds
[2022-07-23 04:44:20,199] {processor.py:153} INFO - Started process (PID=710) to work on /home/airflow/.local/lib/python3.7/site-packages/airflow/example_dags/example_bash_operator.py
[2022-07-23 04:44:20,200] {processor.py:641} INFO - Processing file /home/airflow/.local/lib/python3.7/site-packages/airflow/example_dags/example_bash_operator.py for tasks to queue
[2022-07-23 04:44:20,200] {logging_mixin.py:115} INFO - [2022-07-23 04:44:20,200] {dagbag.py:508} INFO - Filling up the DagBag from /home/airflow/.local/lib/python3.7/site-packages/airflow/example_dags/example_bash_operator.py
[2022-07-23 04:44:20,210] {processor.py:651} INFO - DAG(s) dict_keys(['example_bash_operator']) retrieved from /home/airflow/.local/lib/python3.7/site-packages/airflow/example_dags/example_bash_operator.py
[2022-07-23 04:44:20,232] {logging_mixin.py:115} INFO - [2022-07-23 04:44:20,232] {dag.py:2420} INFO - Sync 1 DAGs
[2022-07-23 04:44:20,252] {logging_mixin.py:115} INFO - [2022-07-23 04:44:20,252] {dag.py:2972} INFO - Setting next_dagrun for example_bash_operator to 2022-07-22T00:00:00+00:00, run_after=2022-07-23T00:00:00+00:00
[2022-07-23 04:44:20,268] {processor.py:161} INFO - Processing /home/airflow/.local/lib/python3.7/site-packages/airflow/example_dags/example_bash_operator.py took 0.071 seconds
[2022-07-23 04:44:50,908] {processor.py:153} INFO - Started process (PID=771) to work on /home/airflow/.local/lib/python3.7/site-packages/airflow/example_dags/example_bash_operator.py
[2022-07-23 04:44:50,909] {processor.py:641} INFO - Processing file /home/airflow/.local/lib/python3.7/site-packages/airflow/example_dags/example_bash_operator.py for tasks to queue
[2022-07-23 04:44:50,909] {logging_mixin.py:115} INFO - [2022-07-23 04:44:50,909] {dagbag.py:508} INFO - Filling up the DagBag from /home/airflow/.local/lib/python3.7/site-packages/airflow/example_dags/example_bash_operator.py
[2022-07-23 04:44:50,922] {processor.py:651} INFO - DAG(s) dict_keys(['example_bash_operator']) retrieved from /home/airflow/.local/lib/python3.7/site-packages/airflow/example_dags/example_bash_operator.py
[2022-07-23 04:44:50,951] {logging_mixin.py:115} INFO - [2022-07-23 04:44:50,950] {dag.py:2420} INFO - Sync 1 DAGs
[2022-07-23 04:44:50,974] {logging_mixin.py:115} INFO - [2022-07-23 04:44:50,974] {dag.py:2972} INFO - Setting next_dagrun for example_bash_operator to 2022-07-22T00:00:00+00:00, run_after=2022-07-23T00:00:00+00:00
[2022-07-23 04:44:50,997] {processor.py:161} INFO - Processing /home/airflow/.local/lib/python3.7/site-packages/airflow/example_dags/example_bash_operator.py took 0.091 seconds
[2022-07-23 04:45:21,466] {processor.py:153} INFO - Started process (PID=823) to work on /home/airflow/.local/lib/python3.7/site-packages/airflow/example_dags/example_bash_operator.py
[2022-07-23 04:45:21,466] {processor.py:641} INFO - Processing file /home/airflow/.local/lib/python3.7/site-packages/airflow/example_dags/example_bash_operator.py for tasks to queue
[2022-07-23 04:45:21,467] {logging_mixin.py:115} INFO - [2022-07-23 04:45:21,467] {dagbag.py:508} INFO - Filling up the DagBag from /home/airflow/.local/lib/python3.7/site-packages/airflow/example_dags/example_bash_operator.py
[2022-07-23 04:45:21,477] {processor.py:651} INFO - DAG(s) dict_keys(['example_bash_operator']) retrieved from /home/airflow/.local/lib/python3.7/site-packages/airflow/example_dags/example_bash_operator.py
[2022-07-23 04:45:21,498] {logging_mixin.py:115} INFO - [2022-07-23 04:45:21,498] {dag.py:2420} INFO - Sync 1 DAGs
[2022-07-23 04:45:21,525] {logging_mixin.py:115} INFO - [2022-07-23 04:45:21,525] {dag.py:2972} INFO - Setting next_dagrun for example_bash_operator to 2022-07-22T00:00:00+00:00, run_after=2022-07-23T00:00:00+00:00
[2022-07-23 04:45:21,543] {processor.py:161} INFO - Processing /home/airflow/.local/lib/python3.7/site-packages/airflow/example_dags/example_bash_operator.py took 0.079 seconds
[2022-07-23 04:45:52,414] {processor.py:153} INFO - Started process (PID=884) to work on /home/airflow/.local/lib/python3.7/site-packages/airflow/example_dags/example_bash_operator.py
[2022-07-23 04:45:52,415] {processor.py:641} INFO - Processing file /home/airflow/.local/lib/python3.7/site-packages/airflow/example_dags/example_bash_operator.py for tasks to queue
[2022-07-23 04:45:52,415] {logging_mixin.py:115} INFO - [2022-07-23 04:45:52,415] {dagbag.py:508} INFO - Filling up the DagBag from /home/airflow/.local/lib/python3.7/site-packages/airflow/example_dags/example_bash_operator.py
[2022-07-23 04:45:52,425] {processor.py:651} INFO - DAG(s) dict_keys(['example_bash_operator']) retrieved from /home/airflow/.local/lib/python3.7/site-packages/airflow/example_dags/example_bash_operator.py
[2022-07-23 04:45:52,447] {logging_mixin.py:115} INFO - [2022-07-23 04:45:52,447] {dag.py:2420} INFO - Sync 1 DAGs
[2022-07-23 04:45:52,466] {logging_mixin.py:115} INFO - [2022-07-23 04:45:52,466] {dag.py:2972} INFO - Setting next_dagrun for example_bash_operator to 2022-07-22T00:00:00+00:00, run_after=2022-07-23T00:00:00+00:00
[2022-07-23 04:45:52,481] {processor.py:161} INFO - Processing /home/airflow/.local/lib/python3.7/site-packages/airflow/example_dags/example_bash_operator.py took 0.069 seconds
[2022-07-23 04:46:22,526] {processor.py:153} INFO - Started process (PID=945) to work on /home/airflow/.local/lib/python3.7/site-packages/airflow/example_dags/example_bash_operator.py
[2022-07-23 04:46:22,526] {processor.py:641} INFO - Processing file /home/airflow/.local/lib/python3.7/site-packages/airflow/example_dags/example_bash_operator.py for tasks to queue
[2022-07-23 04:46:22,526] {logging_mixin.py:115} INFO - [2022-07-23 04:46:22,526] {dagbag.py:508} INFO - Filling up the DagBag from /home/airflow/.local/lib/python3.7/site-packages/airflow/example_dags/example_bash_operator.py
[2022-07-23 04:46:22,536] {processor.py:651} INFO - DAG(s) dict_keys(['example_bash_operator']) retrieved from /home/airflow/.local/lib/python3.7/site-packages/airflow/example_dags/example_bash_operator.py
[2022-07-23 04:46:22,561] {logging_mixin.py:115} INFO - [2022-07-23 04:46:22,561] {dag.py:2420} INFO - Sync 1 DAGs
[2022-07-23 04:46:22,583] {logging_mixin.py:115} INFO - [2022-07-23 04:46:22,583] {dag.py:2972} INFO - Setting next_dagrun for example_bash_operator to 2022-07-22T00:00:00+00:00, run_after=2022-07-23T00:00:00+00:00
[2022-07-23 04:46:22,601] {processor.py:161} INFO - Processing /home/airflow/.local/lib/python3.7/site-packages/airflow/example_dags/example_bash_operator.py took 0.077 seconds
[2022-07-23 04:46:53,235] {processor.py:153} INFO - Started process (PID=997) to work on /home/airflow/.local/lib/python3.7/site-packages/airflow/example_dags/example_bash_operator.py
[2022-07-23 04:46:53,236] {processor.py:641} INFO - Processing file /home/airflow/.local/lib/python3.7/site-packages/airflow/example_dags/example_bash_operator.py for tasks to queue
[2022-07-23 04:46:53,236] {logging_mixin.py:115} INFO - [2022-07-23 04:46:53,236] {dagbag.py:508} INFO - Filling up the DagBag from /home/airflow/.local/lib/python3.7/site-packages/airflow/example_dags/example_bash_operator.py
[2022-07-23 04:46:53,246] {processor.py:651} INFO - DAG(s) dict_keys(['example_bash_operator']) retrieved from /home/airflow/.local/lib/python3.7/site-packages/airflow/example_dags/example_bash_operator.py
[2022-07-23 04:46:53,268] {logging_mixin.py:115} INFO - [2022-07-23 04:46:53,268] {dag.py:2420} INFO - Sync 1 DAGs
[2022-07-23 04:46:53,287] {logging_mixin.py:115} INFO - [2022-07-23 04:46:53,287] {dag.py:2972} INFO - Setting next_dagrun for example_bash_operator to 2022-07-22T00:00:00+00:00, run_after=2022-07-23T00:00:00+00:00
[2022-07-23 04:46:53,312] {processor.py:161} INFO - Processing /home/airflow/.local/lib/python3.7/site-packages/airflow/example_dags/example_bash_operator.py took 0.080 seconds
[2022-07-23 04:47:24,223] {processor.py:153} INFO - Started process (PID=1058) to work on /home/airflow/.local/lib/python3.7/site-packages/airflow/example_dags/example_bash_operator.py
[2022-07-23 04:47:24,223] {processor.py:641} INFO - Processing file /home/airflow/.local/lib/python3.7/site-packages/airflow/example_dags/example_bash_operator.py for tasks to queue
[2022-07-23 04:47:24,224] {logging_mixin.py:115} INFO - [2022-07-23 04:47:24,224] {dagbag.py:508} INFO - Filling up the DagBag from /home/airflow/.local/lib/python3.7/site-packages/airflow/example_dags/example_bash_operator.py
[2022-07-23 04:47:24,236] {processor.py:651} INFO - DAG(s) dict_keys(['example_bash_operator']) retrieved from /home/airflow/.local/lib/python3.7/site-packages/airflow/example_dags/example_bash_operator.py
[2022-07-23 04:47:24,261] {logging_mixin.py:115} INFO - [2022-07-23 04:47:24,261] {dag.py:2420} INFO - Sync 1 DAGs
[2022-07-23 04:47:24,286] {logging_mixin.py:115} INFO - [2022-07-23 04:47:24,286] {dag.py:2972} INFO - Setting next_dagrun for example_bash_operator to 2022-07-22T00:00:00+00:00, run_after=2022-07-23T00:00:00+00:00
[2022-07-23 04:47:24,302] {processor.py:161} INFO - Processing /home/airflow/.local/lib/python3.7/site-packages/airflow/example_dags/example_bash_operator.py took 0.082 seconds
[2022-07-23 04:47:55,134] {processor.py:153} INFO - Started process (PID=1119) to work on /home/airflow/.local/lib/python3.7/site-packages/airflow/example_dags/example_bash_operator.py
[2022-07-23 04:47:55,135] {processor.py:641} INFO - Processing file /home/airflow/.local/lib/python3.7/site-packages/airflow/example_dags/example_bash_operator.py for tasks to queue
[2022-07-23 04:47:55,135] {logging_mixin.py:115} INFO - [2022-07-23 04:47:55,135] {dagbag.py:508} INFO - Filling up the DagBag from /home/airflow/.local/lib/python3.7/site-packages/airflow/example_dags/example_bash_operator.py
[2022-07-23 04:47:55,148] {processor.py:651} INFO - DAG(s) dict_keys(['example_bash_operator']) retrieved from /home/airflow/.local/lib/python3.7/site-packages/airflow/example_dags/example_bash_operator.py
[2022-07-23 04:47:55,176] {logging_mixin.py:115} INFO - [2022-07-23 04:47:55,176] {dag.py:2420} INFO - Sync 1 DAGs
[2022-07-23 04:47:55,203] {logging_mixin.py:115} INFO - [2022-07-23 04:47:55,203] {dag.py:2972} INFO - Setting next_dagrun for example_bash_operator to 2022-07-22T00:00:00+00:00, run_after=2022-07-23T00:00:00+00:00
[2022-07-23 04:47:55,222] {processor.py:161} INFO - Processing /home/airflow/.local/lib/python3.7/site-packages/airflow/example_dags/example_bash_operator.py took 0.090 seconds
[2022-07-23 04:48:25,266] {processor.py:153} INFO - Started process (PID=1171) to work on /home/airflow/.local/lib/python3.7/site-packages/airflow/example_dags/example_bash_operator.py
[2022-07-23 04:48:25,266] {processor.py:641} INFO - Processing file /home/airflow/.local/lib/python3.7/site-packages/airflow/example_dags/example_bash_operator.py for tasks to queue
[2022-07-23 04:48:25,267] {logging_mixin.py:115} INFO - [2022-07-23 04:48:25,267] {dagbag.py:508} INFO - Filling up the DagBag from /home/airflow/.local/lib/python3.7/site-packages/airflow/example_dags/example_bash_operator.py
[2022-07-23 04:48:25,276] {processor.py:651} INFO - DAG(s) dict_keys(['example_bash_operator']) retrieved from /home/airflow/.local/lib/python3.7/site-packages/airflow/example_dags/example_bash_operator.py
[2022-07-23 04:48:25,298] {logging_mixin.py:115} INFO - [2022-07-23 04:48:25,297] {dag.py:2420} INFO - Sync 1 DAGs
[2022-07-23 04:48:25,315] {logging_mixin.py:115} INFO - [2022-07-23 04:48:25,315] {dag.py:2972} INFO - Setting next_dagrun for example_bash_operator to 2022-07-22T00:00:00+00:00, run_after=2022-07-23T00:00:00+00:00
[2022-07-23 04:48:25,330] {processor.py:161} INFO - Processing /home/airflow/.local/lib/python3.7/site-packages/airflow/example_dags/example_bash_operator.py took 0.067 seconds
[2022-07-23 04:48:55,698] {processor.py:153} INFO - Started process (PID=1232) to work on /home/airflow/.local/lib/python3.7/site-packages/airflow/example_dags/example_bash_operator.py
[2022-07-23 04:48:55,699] {processor.py:641} INFO - Processing file /home/airflow/.local/lib/python3.7/site-packages/airflow/example_dags/example_bash_operator.py for tasks to queue
[2022-07-23 04:48:55,699] {logging_mixin.py:115} INFO - [2022-07-23 04:48:55,699] {dagbag.py:508} INFO - Filling up the DagBag from /home/airflow/.local/lib/python3.7/site-packages/airflow/example_dags/example_bash_operator.py
[2022-07-23 04:48:55,709] {processor.py:651} INFO - DAG(s) dict_keys(['example_bash_operator']) retrieved from /home/airflow/.local/lib/python3.7/site-packages/airflow/example_dags/example_bash_operator.py
[2022-07-23 04:48:55,729] {logging_mixin.py:115} INFO - [2022-07-23 04:48:55,729] {dag.py:2420} INFO - Sync 1 DAGs
[2022-07-23 04:48:55,747] {logging_mixin.py:115} INFO - [2022-07-23 04:48:55,747] {dag.py:2972} INFO - Setting next_dagrun for example_bash_operator to 2022-07-22T00:00:00+00:00, run_after=2022-07-23T00:00:00+00:00
[2022-07-23 04:48:55,762] {processor.py:161} INFO - Processing /home/airflow/.local/lib/python3.7/site-packages/airflow/example_dags/example_bash_operator.py took 0.066 seconds
[2022-07-23 04:49:26,731] {processor.py:153} INFO - Started process (PID=1293) to work on /home/airflow/.local/lib/python3.7/site-packages/airflow/example_dags/example_bash_operator.py
[2022-07-23 04:49:26,731] {processor.py:641} INFO - Processing file /home/airflow/.local/lib/python3.7/site-packages/airflow/example_dags/example_bash_operator.py for tasks to queue
[2022-07-23 04:49:26,732] {logging_mixin.py:115} INFO - [2022-07-23 04:49:26,732] {dagbag.py:508} INFO - Filling up the DagBag from /home/airflow/.local/lib/python3.7/site-packages/airflow/example_dags/example_bash_operator.py
[2022-07-23 04:49:26,741] {processor.py:651} INFO - DAG(s) dict_keys(['example_bash_operator']) retrieved from /home/airflow/.local/lib/python3.7/site-packages/airflow/example_dags/example_bash_operator.py
[2022-07-23 04:49:26,766] {logging_mixin.py:115} INFO - [2022-07-23 04:49:26,765] {dag.py:2420} INFO - Sync 1 DAGs
[2022-07-23 04:49:26,791] {logging_mixin.py:115} INFO - [2022-07-23 04:49:26,791] {dag.py:2972} INFO - Setting next_dagrun for example_bash_operator to 2022-07-22T00:00:00+00:00, run_after=2022-07-23T00:00:00+00:00
[2022-07-23 04:49:26,808] {processor.py:161} INFO - Processing /home/airflow/.local/lib/python3.7/site-packages/airflow/example_dags/example_bash_operator.py took 0.079 seconds
[2022-07-23 04:49:57,292] {processor.py:153} INFO - Started process (PID=1345) to work on /home/airflow/.local/lib/python3.7/site-packages/airflow/example_dags/example_bash_operator.py
[2022-07-23 04:49:57,292] {processor.py:641} INFO - Processing file /home/airflow/.local/lib/python3.7/site-packages/airflow/example_dags/example_bash_operator.py for tasks to queue
[2022-07-23 04:49:57,292] {logging_mixin.py:115} INFO - [2022-07-23 04:49:57,292] {dagbag.py:508} INFO - Filling up the DagBag from /home/airflow/.local/lib/python3.7/site-packages/airflow/example_dags/example_bash_operator.py
[2022-07-23 04:49:57,302] {processor.py:651} INFO - DAG(s) dict_keys(['example_bash_operator']) retrieved from /home/airflow/.local/lib/python3.7/site-packages/airflow/example_dags/example_bash_operator.py
[2022-07-23 04:49:57,323] {logging_mixin.py:115} INFO - [2022-07-23 04:49:57,323] {dag.py:2420} INFO - Sync 1 DAGs
[2022-07-23 04:49:57,342] {logging_mixin.py:115} INFO - [2022-07-23 04:49:57,342] {dag.py:2972} INFO - Setting next_dagrun for example_bash_operator to 2022-07-22T00:00:00+00:00, run_after=2022-07-23T00:00:00+00:00
[2022-07-23 04:49:57,358] {processor.py:161} INFO - Processing /home/airflow/.local/lib/python3.7/site-packages/airflow/example_dags/example_bash_operator.py took 0.069 seconds
[2022-07-23 04:50:27,944] {processor.py:153} INFO - Started process (PID=1407) to work on /home/airflow/.local/lib/python3.7/site-packages/airflow/example_dags/example_bash_operator.py
[2022-07-23 04:50:27,945] {processor.py:641} INFO - Processing file /home/airflow/.local/lib/python3.7/site-packages/airflow/example_dags/example_bash_operator.py for tasks to queue
[2022-07-23 04:50:27,945] {logging_mixin.py:115} INFO - [2022-07-23 04:50:27,945] {dagbag.py:508} INFO - Filling up the DagBag from /home/airflow/.local/lib/python3.7/site-packages/airflow/example_dags/example_bash_operator.py
[2022-07-23 04:50:27,956] {processor.py:651} INFO - DAG(s) dict_keys(['example_bash_operator']) retrieved from /home/airflow/.local/lib/python3.7/site-packages/airflow/example_dags/example_bash_operator.py
[2022-07-23 04:50:27,979] {logging_mixin.py:115} INFO - [2022-07-23 04:50:27,979] {dag.py:2420} INFO - Sync 1 DAGs
[2022-07-23 04:50:28,001] {logging_mixin.py:115} INFO - [2022-07-23 04:50:28,000] {dag.py:2972} INFO - Setting next_dagrun for example_bash_operator to 2022-07-22T00:00:00+00:00, run_after=2022-07-23T00:00:00+00:00
[2022-07-23 04:50:28,016] {processor.py:161} INFO - Processing /home/airflow/.local/lib/python3.7/site-packages/airflow/example_dags/example_bash_operator.py took 0.074 seconds
[2022-07-23 04:50:58,783] {processor.py:153} INFO - Started process (PID=1468) to work on /home/airflow/.local/lib/python3.7/site-packages/airflow/example_dags/example_bash_operator.py
[2022-07-23 04:50:58,783] {processor.py:641} INFO - Processing file /home/airflow/.local/lib/python3.7/site-packages/airflow/example_dags/example_bash_operator.py for tasks to queue
[2022-07-23 04:50:58,784] {logging_mixin.py:115} INFO - [2022-07-23 04:50:58,784] {dagbag.py:508} INFO - Filling up the DagBag from /home/airflow/.local/lib/python3.7/site-packages/airflow/example_dags/example_bash_operator.py
[2022-07-23 04:50:58,796] {processor.py:651} INFO - DAG(s) dict_keys(['example_bash_operator']) retrieved from /home/airflow/.local/lib/python3.7/site-packages/airflow/example_dags/example_bash_operator.py
[2022-07-23 04:50:58,827] {logging_mixin.py:115} INFO - [2022-07-23 04:50:58,827] {dag.py:2420} INFO - Sync 1 DAGs
[2022-07-23 04:50:58,861] {logging_mixin.py:115} INFO - [2022-07-23 04:50:58,861] {dag.py:2972} INFO - Setting next_dagrun for example_bash_operator to 2022-07-22T00:00:00+00:00, run_after=2022-07-23T00:00:00+00:00
[2022-07-23 04:50:58,881] {processor.py:161} INFO - Processing /home/airflow/.local/lib/python3.7/site-packages/airflow/example_dags/example_bash_operator.py took 0.101 seconds
[2022-07-23 04:51:28,963] {processor.py:153} INFO - Started process (PID=1520) to work on /home/airflow/.local/lib/python3.7/site-packages/airflow/example_dags/example_bash_operator.py
[2022-07-23 04:51:28,964] {processor.py:641} INFO - Processing file /home/airflow/.local/lib/python3.7/site-packages/airflow/example_dags/example_bash_operator.py for tasks to queue
[2022-07-23 04:51:28,964] {logging_mixin.py:115} INFO - [2022-07-23 04:51:28,964] {dagbag.py:508} INFO - Filling up the DagBag from /home/airflow/.local/lib/python3.7/site-packages/airflow/example_dags/example_bash_operator.py
[2022-07-23 04:51:28,974] {processor.py:651} INFO - DAG(s) dict_keys(['example_bash_operator']) retrieved from /home/airflow/.local/lib/python3.7/site-packages/airflow/example_dags/example_bash_operator.py
[2022-07-23 04:51:29,003] {logging_mixin.py:115} INFO - [2022-07-23 04:51:29,003] {dag.py:2420} INFO - Sync 1 DAGs
[2022-07-23 04:51:29,033] {logging_mixin.py:115} INFO - [2022-07-23 04:51:29,033] {dag.py:2972} INFO - Setting next_dagrun for example_bash_operator to 2022-07-22T00:00:00+00:00, run_after=2022-07-23T00:00:00+00:00
[2022-07-23 04:51:29,053] {processor.py:161} INFO - Processing /home/airflow/.local/lib/python3.7/site-packages/airflow/example_dags/example_bash_operator.py took 0.092 seconds
[2022-07-23 04:52:00,037] {processor.py:153} INFO - Started process (PID=1580) to work on /home/airflow/.local/lib/python3.7/site-packages/airflow/example_dags/example_bash_operator.py
[2022-07-23 04:52:00,037] {processor.py:641} INFO - Processing file /home/airflow/.local/lib/python3.7/site-packages/airflow/example_dags/example_bash_operator.py for tasks to queue
[2022-07-23 04:52:00,038] {logging_mixin.py:115} INFO - [2022-07-23 04:52:00,038] {dagbag.py:508} INFO - Filling up the DagBag from /home/airflow/.local/lib/python3.7/site-packages/airflow/example_dags/example_bash_operator.py
[2022-07-23 04:52:00,048] {processor.py:651} INFO - DAG(s) dict_keys(['example_bash_operator']) retrieved from /home/airflow/.local/lib/python3.7/site-packages/airflow/example_dags/example_bash_operator.py
[2022-07-23 04:52:00,074] {logging_mixin.py:115} INFO - [2022-07-23 04:52:00,074] {dag.py:2420} INFO - Sync 1 DAGs
[2022-07-23 04:52:00,095] {logging_mixin.py:115} INFO - [2022-07-23 04:52:00,095] {dag.py:2972} INFO - Setting next_dagrun for example_bash_operator to 2022-07-22T00:00:00+00:00, run_after=2022-07-23T00:00:00+00:00
[2022-07-23 04:52:00,115] {processor.py:161} INFO - Processing /home/airflow/.local/lib/python3.7/site-packages/airflow/example_dags/example_bash_operator.py took 0.081 seconds
[2022-07-23 04:52:30,136] {processor.py:153} INFO - Started process (PID=1642) to work on /home/airflow/.local/lib/python3.7/site-packages/airflow/example_dags/example_bash_operator.py
[2022-07-23 04:52:30,136] {processor.py:641} INFO - Processing file /home/airflow/.local/lib/python3.7/site-packages/airflow/example_dags/example_bash_operator.py for tasks to queue
[2022-07-23 04:52:30,137] {logging_mixin.py:115} INFO - [2022-07-23 04:52:30,137] {dagbag.py:508} INFO - Filling up the DagBag from /home/airflow/.local/lib/python3.7/site-packages/airflow/example_dags/example_bash_operator.py
[2022-07-23 04:52:30,147] {processor.py:651} INFO - DAG(s) dict_keys(['example_bash_operator']) retrieved from /home/airflow/.local/lib/python3.7/site-packages/airflow/example_dags/example_bash_operator.py
[2022-07-23 04:52:30,170] {logging_mixin.py:115} INFO - [2022-07-23 04:52:30,170] {dag.py:2420} INFO - Sync 1 DAGs
[2022-07-23 04:52:30,189] {logging_mixin.py:115} INFO - [2022-07-23 04:52:30,189] {dag.py:2972} INFO - Setting next_dagrun for example_bash_operator to 2022-07-22T00:00:00+00:00, run_after=2022-07-23T00:00:00+00:00
[2022-07-23 04:52:30,205] {processor.py:161} INFO - Processing /home/airflow/.local/lib/python3.7/site-packages/airflow/example_dags/example_bash_operator.py took 0.072 seconds
[2022-07-23 04:53:00,398] {processor.py:153} INFO - Started process (PID=1694) to work on /home/airflow/.local/lib/python3.7/site-packages/airflow/example_dags/example_bash_operator.py
[2022-07-23 04:53:00,399] {processor.py:641} INFO - Processing file /home/airflow/.local/lib/python3.7/site-packages/airflow/example_dags/example_bash_operator.py for tasks to queue
[2022-07-23 04:53:00,399] {logging_mixin.py:115} INFO - [2022-07-23 04:53:00,399] {dagbag.py:508} INFO - Filling up the DagBag from /home/airflow/.local/lib/python3.7/site-packages/airflow/example_dags/example_bash_operator.py
[2022-07-23 04:53:00,409] {processor.py:651} INFO - DAG(s) dict_keys(['example_bash_operator']) retrieved from /home/airflow/.local/lib/python3.7/site-packages/airflow/example_dags/example_bash_operator.py
[2022-07-23 04:53:00,431] {logging_mixin.py:115} INFO - [2022-07-23 04:53:00,431] {dag.py:2420} INFO - Sync 1 DAGs
[2022-07-23 04:53:00,451] {logging_mixin.py:115} INFO - [2022-07-23 04:53:00,451] {dag.py:2972} INFO - Setting next_dagrun for example_bash_operator to 2022-07-22T00:00:00+00:00, run_after=2022-07-23T00:00:00+00:00
[2022-07-23 04:53:00,467] {processor.py:161} INFO - Processing /home/airflow/.local/lib/python3.7/site-packages/airflow/example_dags/example_bash_operator.py took 0.071 seconds
[2022-07-23 04:53:30,644] {processor.py:153} INFO - Started process (PID=1755) to work on /home/airflow/.local/lib/python3.7/site-packages/airflow/example_dags/example_bash_operator.py
[2022-07-23 04:53:30,645] {processor.py:641} INFO - Processing file /home/airflow/.local/lib/python3.7/site-packages/airflow/example_dags/example_bash_operator.py for tasks to queue
[2022-07-23 04:53:30,645] {logging_mixin.py:115} INFO - [2022-07-23 04:53:30,645] {dagbag.py:508} INFO - Filling up the DagBag from /home/airflow/.local/lib/python3.7/site-packages/airflow/example_dags/example_bash_operator.py
[2022-07-23 04:53:30,656] {processor.py:651} INFO - DAG(s) dict_keys(['example_bash_operator']) retrieved from /home/airflow/.local/lib/python3.7/site-packages/airflow/example_dags/example_bash_operator.py
[2022-07-23 04:53:30,679] {logging_mixin.py:115} INFO - [2022-07-23 04:53:30,679] {dag.py:2420} INFO - Sync 1 DAGs
[2022-07-23 04:53:30,698] {logging_mixin.py:115} INFO - [2022-07-23 04:53:30,698] {dag.py:2972} INFO - Setting next_dagrun for example_bash_operator to 2022-07-22T00:00:00+00:00, run_after=2022-07-23T00:00:00+00:00
[2022-07-23 04:53:30,713] {processor.py:161} INFO - Processing /home/airflow/.local/lib/python3.7/site-packages/airflow/example_dags/example_bash_operator.py took 0.072 seconds
[2022-07-23 04:54:01,283] {processor.py:153} INFO - Started process (PID=1816) to work on /home/airflow/.local/lib/python3.7/site-packages/airflow/example_dags/example_bash_operator.py
[2022-07-23 04:54:01,283] {processor.py:641} INFO - Processing file /home/airflow/.local/lib/python3.7/site-packages/airflow/example_dags/example_bash_operator.py for tasks to queue
[2022-07-23 04:54:01,284] {logging_mixin.py:115} INFO - [2022-07-23 04:54:01,284] {dagbag.py:508} INFO - Filling up the DagBag from /home/airflow/.local/lib/python3.7/site-packages/airflow/example_dags/example_bash_operator.py
[2022-07-23 04:54:01,295] {processor.py:651} INFO - DAG(s) dict_keys(['example_bash_operator']) retrieved from /home/airflow/.local/lib/python3.7/site-packages/airflow/example_dags/example_bash_operator.py
[2022-07-23 04:54:01,318] {logging_mixin.py:115} INFO - [2022-07-23 04:54:01,318] {dag.py:2420} INFO - Sync 1 DAGs
[2022-07-23 04:54:01,338] {logging_mixin.py:115} INFO - [2022-07-23 04:54:01,338] {dag.py:2972} INFO - Setting next_dagrun for example_bash_operator to 2022-07-22T00:00:00+00:00, run_after=2022-07-23T00:00:00+00:00
[2022-07-23 04:54:01,354] {processor.py:161} INFO - Processing /home/airflow/.local/lib/python3.7/site-packages/airflow/example_dags/example_bash_operator.py took 0.074 seconds
[2022-07-23 04:54:32,072] {processor.py:153} INFO - Started process (PID=1868) to work on /home/airflow/.local/lib/python3.7/site-packages/airflow/example_dags/example_bash_operator.py
[2022-07-23 04:54:32,073] {processor.py:641} INFO - Processing file /home/airflow/.local/lib/python3.7/site-packages/airflow/example_dags/example_bash_operator.py for tasks to queue
[2022-07-23 04:54:32,073] {logging_mixin.py:115} INFO - [2022-07-23 04:54:32,073] {dagbag.py:508} INFO - Filling up the DagBag from /home/airflow/.local/lib/python3.7/site-packages/airflow/example_dags/example_bash_operator.py
[2022-07-23 04:54:32,082] {processor.py:651} INFO - DAG(s) dict_keys(['example_bash_operator']) retrieved from /home/airflow/.local/lib/python3.7/site-packages/airflow/example_dags/example_bash_operator.py
[2022-07-23 04:54:32,106] {logging_mixin.py:115} INFO - [2022-07-23 04:54:32,106] {dag.py:2420} INFO - Sync 1 DAGs
[2022-07-23 04:54:32,126] {logging_mixin.py:115} INFO - [2022-07-23 04:54:32,126] {dag.py:2972} INFO - Setting next_dagrun for example_bash_operator to 2022-07-22T00:00:00+00:00, run_after=2022-07-23T00:00:00+00:00
[2022-07-23 04:54:32,143] {processor.py:161} INFO - Processing /home/airflow/.local/lib/python3.7/site-packages/airflow/example_dags/example_bash_operator.py took 0.073 seconds
[2022-07-23 04:55:02,924] {processor.py:153} INFO - Started process (PID=1929) to work on /home/airflow/.local/lib/python3.7/site-packages/airflow/example_dags/example_bash_operator.py
[2022-07-23 04:55:02,924] {processor.py:641} INFO - Processing file /home/airflow/.local/lib/python3.7/site-packages/airflow/example_dags/example_bash_operator.py for tasks to queue
[2022-07-23 04:55:02,924] {logging_mixin.py:115} INFO - [2022-07-23 04:55:02,924] {dagbag.py:508} INFO - Filling up the DagBag from /home/airflow/.local/lib/python3.7/site-packages/airflow/example_dags/example_bash_operator.py
[2022-07-23 04:55:02,934] {processor.py:651} INFO - DAG(s) dict_keys(['example_bash_operator']) retrieved from /home/airflow/.local/lib/python3.7/site-packages/airflow/example_dags/example_bash_operator.py
[2022-07-23 04:55:02,956] {logging_mixin.py:115} INFO - [2022-07-23 04:55:02,956] {dag.py:2420} INFO - Sync 1 DAGs
[2022-07-23 04:55:02,976] {logging_mixin.py:115} INFO - [2022-07-23 04:55:02,976] {dag.py:2972} INFO - Setting next_dagrun for example_bash_operator to 2022-07-22T00:00:00+00:00, run_after=2022-07-23T00:00:00+00:00
[2022-07-23 04:55:02,992] {processor.py:161} INFO - Processing /home/airflow/.local/lib/python3.7/site-packages/airflow/example_dags/example_bash_operator.py took 0.071 seconds
[2022-07-23 04:55:33,909] {processor.py:153} INFO - Started process (PID=1991) to work on /home/airflow/.local/lib/python3.7/site-packages/airflow/example_dags/example_bash_operator.py
[2022-07-23 04:55:33,910] {processor.py:641} INFO - Processing file /home/airflow/.local/lib/python3.7/site-packages/airflow/example_dags/example_bash_operator.py for tasks to queue
[2022-07-23 04:55:33,910] {logging_mixin.py:115} INFO - [2022-07-23 04:55:33,910] {dagbag.py:508} INFO - Filling up the DagBag from /home/airflow/.local/lib/python3.7/site-packages/airflow/example_dags/example_bash_operator.py
[2022-07-23 04:55:33,921] {processor.py:651} INFO - DAG(s) dict_keys(['example_bash_operator']) retrieved from /home/airflow/.local/lib/python3.7/site-packages/airflow/example_dags/example_bash_operator.py
[2022-07-23 04:55:33,944] {logging_mixin.py:115} INFO - [2022-07-23 04:55:33,944] {dag.py:2420} INFO - Sync 1 DAGs
[2022-07-23 04:55:33,967] {logging_mixin.py:115} INFO - [2022-07-23 04:55:33,967] {dag.py:2972} INFO - Setting next_dagrun for example_bash_operator to 2022-07-22T00:00:00+00:00, run_after=2022-07-23T00:00:00+00:00
[2022-07-23 04:55:33,989] {processor.py:161} INFO - Processing /home/airflow/.local/lib/python3.7/site-packages/airflow/example_dags/example_bash_operator.py took 0.083 seconds
[2022-07-23 04:56:04,172] {processor.py:153} INFO - Started process (PID=2052) to work on /home/airflow/.local/lib/python3.7/site-packages/airflow/example_dags/example_bash_operator.py
[2022-07-23 04:56:04,173] {processor.py:641} INFO - Processing file /home/airflow/.local/lib/python3.7/site-packages/airflow/example_dags/example_bash_operator.py for tasks to queue
[2022-07-23 04:56:04,173] {logging_mixin.py:115} INFO - [2022-07-23 04:56:04,173] {dagbag.py:508} INFO - Filling up the DagBag from /home/airflow/.local/lib/python3.7/site-packages/airflow/example_dags/example_bash_operator.py
[2022-07-23 04:56:04,185] {processor.py:651} INFO - DAG(s) dict_keys(['example_bash_operator']) retrieved from /home/airflow/.local/lib/python3.7/site-packages/airflow/example_dags/example_bash_operator.py
[2022-07-23 04:56:04,212] {logging_mixin.py:115} INFO - [2022-07-23 04:56:04,212] {dag.py:2420} INFO - Sync 1 DAGs
[2022-07-23 04:56:04,240] {logging_mixin.py:115} INFO - [2022-07-23 04:56:04,240] {dag.py:2972} INFO - Setting next_dagrun for example_bash_operator to 2022-07-22T00:00:00+00:00, run_after=2022-07-23T00:00:00+00:00
[2022-07-23 04:56:04,262] {processor.py:161} INFO - Processing /home/airflow/.local/lib/python3.7/site-packages/airflow/example_dags/example_bash_operator.py took 0.093 seconds
[2022-07-23 04:56:34,462] {processor.py:153} INFO - Started process (PID=2104) to work on /home/airflow/.local/lib/python3.7/site-packages/airflow/example_dags/example_bash_operator.py
[2022-07-23 04:56:34,462] {processor.py:641} INFO - Processing file /home/airflow/.local/lib/python3.7/site-packages/airflow/example_dags/example_bash_operator.py for tasks to queue
[2022-07-23 04:56:34,463] {logging_mixin.py:115} INFO - [2022-07-23 04:56:34,463] {dagbag.py:508} INFO - Filling up the DagBag from /home/airflow/.local/lib/python3.7/site-packages/airflow/example_dags/example_bash_operator.py
[2022-07-23 04:56:34,474] {processor.py:651} INFO - DAG(s) dict_keys(['example_bash_operator']) retrieved from /home/airflow/.local/lib/python3.7/site-packages/airflow/example_dags/example_bash_operator.py
[2022-07-23 04:56:34,496] {logging_mixin.py:115} INFO - [2022-07-23 04:56:34,496] {dag.py:2420} INFO - Sync 1 DAGs
[2022-07-23 04:56:34,515] {logging_mixin.py:115} INFO - [2022-07-23 04:56:34,515] {dag.py:2972} INFO - Setting next_dagrun for example_bash_operator to 2022-07-22T00:00:00+00:00, run_after=2022-07-23T00:00:00+00:00
[2022-07-23 04:56:34,531] {processor.py:161} INFO - Processing /home/airflow/.local/lib/python3.7/site-packages/airflow/example_dags/example_bash_operator.py took 0.072 seconds
[2022-07-23 04:57:04,591] {processor.py:153} INFO - Started process (PID=2165) to work on /home/airflow/.local/lib/python3.7/site-packages/airflow/example_dags/example_bash_operator.py
[2022-07-23 04:57:04,592] {processor.py:641} INFO - Processing file /home/airflow/.local/lib/python3.7/site-packages/airflow/example_dags/example_bash_operator.py for tasks to queue
[2022-07-23 04:57:04,592] {logging_mixin.py:115} INFO - [2022-07-23 04:57:04,592] {dagbag.py:508} INFO - Filling up the DagBag from /home/airflow/.local/lib/python3.7/site-packages/airflow/example_dags/example_bash_operator.py
[2022-07-23 04:57:04,601] {processor.py:651} INFO - DAG(s) dict_keys(['example_bash_operator']) retrieved from /home/airflow/.local/lib/python3.7/site-packages/airflow/example_dags/example_bash_operator.py
[2022-07-23 04:57:04,622] {logging_mixin.py:115} INFO - [2022-07-23 04:57:04,622] {dag.py:2420} INFO - Sync 1 DAGs
[2022-07-23 04:57:04,640] {logging_mixin.py:115} INFO - [2022-07-23 04:57:04,640] {dag.py:2972} INFO - Setting next_dagrun for example_bash_operator to 2022-07-22T00:00:00+00:00, run_after=2022-07-23T00:00:00+00:00
[2022-07-23 04:57:04,655] {processor.py:161} INFO - Processing /home/airflow/.local/lib/python3.7/site-packages/airflow/example_dags/example_bash_operator.py took 0.066 seconds
[2022-07-23 04:57:34,756] {processor.py:153} INFO - Started process (PID=2217) to work on /home/airflow/.local/lib/python3.7/site-packages/airflow/example_dags/example_bash_operator.py
[2022-07-23 04:57:34,757] {processor.py:641} INFO - Processing file /home/airflow/.local/lib/python3.7/site-packages/airflow/example_dags/example_bash_operator.py for tasks to queue
[2022-07-23 04:57:34,757] {logging_mixin.py:115} INFO - [2022-07-23 04:57:34,757] {dagbag.py:508} INFO - Filling up the DagBag from /home/airflow/.local/lib/python3.7/site-packages/airflow/example_dags/example_bash_operator.py
[2022-07-23 04:57:34,767] {processor.py:651} INFO - DAG(s) dict_keys(['example_bash_operator']) retrieved from /home/airflow/.local/lib/python3.7/site-packages/airflow/example_dags/example_bash_operator.py
[2022-07-23 04:57:34,794] {logging_mixin.py:115} INFO - [2022-07-23 04:57:34,794] {dag.py:2420} INFO - Sync 1 DAGs
[2022-07-23 04:57:34,820] {logging_mixin.py:115} INFO - [2022-07-23 04:57:34,820] {dag.py:2972} INFO - Setting next_dagrun for example_bash_operator to 2022-07-22T00:00:00+00:00, run_after=2022-07-23T00:00:00+00:00
[2022-07-23 04:57:34,838] {processor.py:161} INFO - Processing /home/airflow/.local/lib/python3.7/site-packages/airflow/example_dags/example_bash_operator.py took 0.084 seconds
[2022-07-23 04:58:05,030] {processor.py:153} INFO - Started process (PID=2278) to work on /home/airflow/.local/lib/python3.7/site-packages/airflow/example_dags/example_bash_operator.py
[2022-07-23 04:58:05,031] {processor.py:641} INFO - Processing file /home/airflow/.local/lib/python3.7/site-packages/airflow/example_dags/example_bash_operator.py for tasks to queue
[2022-07-23 04:58:05,031] {logging_mixin.py:115} INFO - [2022-07-23 04:58:05,031] {dagbag.py:508} INFO - Filling up the DagBag from /home/airflow/.local/lib/python3.7/site-packages/airflow/example_dags/example_bash_operator.py
[2022-07-23 04:58:05,041] {processor.py:651} INFO - DAG(s) dict_keys(['example_bash_operator']) retrieved from /home/airflow/.local/lib/python3.7/site-packages/airflow/example_dags/example_bash_operator.py
[2022-07-23 04:58:05,065] {logging_mixin.py:115} INFO - [2022-07-23 04:58:05,065] {dag.py:2420} INFO - Sync 1 DAGs
[2022-07-23 04:58:05,093] {logging_mixin.py:115} INFO - [2022-07-23 04:58:05,093] {dag.py:2972} INFO - Setting next_dagrun for example_bash_operator to 2022-07-22T00:00:00+00:00, run_after=2022-07-23T00:00:00+00:00
[2022-07-23 04:58:05,112] {processor.py:161} INFO - Processing /home/airflow/.local/lib/python3.7/site-packages/airflow/example_dags/example_bash_operator.py took 0.085 seconds
[2022-07-23 04:58:35,932] {processor.py:153} INFO - Started process (PID=2339) to work on /home/airflow/.local/lib/python3.7/site-packages/airflow/example_dags/example_bash_operator.py
[2022-07-23 04:58:35,932] {processor.py:641} INFO - Processing file /home/airflow/.local/lib/python3.7/site-packages/airflow/example_dags/example_bash_operator.py for tasks to queue
[2022-07-23 04:58:35,933] {logging_mixin.py:115} INFO - [2022-07-23 04:58:35,933] {dagbag.py:508} INFO - Filling up the DagBag from /home/airflow/.local/lib/python3.7/site-packages/airflow/example_dags/example_bash_operator.py
[2022-07-23 04:58:35,942] {processor.py:651} INFO - DAG(s) dict_keys(['example_bash_operator']) retrieved from /home/airflow/.local/lib/python3.7/site-packages/airflow/example_dags/example_bash_operator.py
[2022-07-23 04:58:35,963] {logging_mixin.py:115} INFO - [2022-07-23 04:58:35,962] {dag.py:2420} INFO - Sync 1 DAGs
[2022-07-23 04:58:35,981] {logging_mixin.py:115} INFO - [2022-07-23 04:58:35,981] {dag.py:2972} INFO - Setting next_dagrun for example_bash_operator to 2022-07-22T00:00:00+00:00, run_after=2022-07-23T00:00:00+00:00
[2022-07-23 04:58:35,996] {processor.py:161} INFO - Processing /home/airflow/.local/lib/python3.7/site-packages/airflow/example_dags/example_bash_operator.py took 0.066 seconds
[2022-07-23 04:59:06,823] {processor.py:153} INFO - Started process (PID=2400) to work on /home/airflow/.local/lib/python3.7/site-packages/airflow/example_dags/example_bash_operator.py
[2022-07-23 04:59:06,823] {processor.py:641} INFO - Processing file /home/airflow/.local/lib/python3.7/site-packages/airflow/example_dags/example_bash_operator.py for tasks to queue
[2022-07-23 04:59:06,824] {logging_mixin.py:115} INFO - [2022-07-23 04:59:06,824] {dagbag.py:508} INFO - Filling up the DagBag from /home/airflow/.local/lib/python3.7/site-packages/airflow/example_dags/example_bash_operator.py
[2022-07-23 04:59:06,834] {processor.py:651} INFO - DAG(s) dict_keys(['example_bash_operator']) retrieved from /home/airflow/.local/lib/python3.7/site-packages/airflow/example_dags/example_bash_operator.py
[2022-07-23 04:59:06,861] {logging_mixin.py:115} INFO - [2022-07-23 04:59:06,860] {dag.py:2420} INFO - Sync 1 DAGs
[2022-07-23 04:59:06,887] {logging_mixin.py:115} INFO - [2022-07-23 04:59:06,887] {dag.py:2972} INFO - Setting next_dagrun for example_bash_operator to 2022-07-22T00:00:00+00:00, run_after=2022-07-23T00:00:00+00:00
[2022-07-23 04:59:06,907] {processor.py:161} INFO - Processing /home/airflow/.local/lib/python3.7/site-packages/airflow/example_dags/example_bash_operator.py took 0.087 seconds
[2022-07-23 04:59:37,768] {processor.py:153} INFO - Started process (PID=2453) to work on /home/airflow/.local/lib/python3.7/site-packages/airflow/example_dags/example_bash_operator.py
[2022-07-23 04:59:37,768] {processor.py:641} INFO - Processing file /home/airflow/.local/lib/python3.7/site-packages/airflow/example_dags/example_bash_operator.py for tasks to queue
[2022-07-23 04:59:37,769] {logging_mixin.py:115} INFO - [2022-07-23 04:59:37,769] {dagbag.py:508} INFO - Filling up the DagBag from /home/airflow/.local/lib/python3.7/site-packages/airflow/example_dags/example_bash_operator.py
[2022-07-23 04:59:37,779] {processor.py:651} INFO - DAG(s) dict_keys(['example_bash_operator']) retrieved from /home/airflow/.local/lib/python3.7/site-packages/airflow/example_dags/example_bash_operator.py
[2022-07-23 04:59:37,803] {logging_mixin.py:115} INFO - [2022-07-23 04:59:37,802] {dag.py:2420} INFO - Sync 1 DAGs
[2022-07-23 04:59:37,822] {logging_mixin.py:115} INFO - [2022-07-23 04:59:37,822] {dag.py:2972} INFO - Setting next_dagrun for example_bash_operator to 2022-07-22T00:00:00+00:00, run_after=2022-07-23T00:00:00+00:00
[2022-07-23 04:59:37,836] {processor.py:161} INFO - Processing /home/airflow/.local/lib/python3.7/site-packages/airflow/example_dags/example_bash_operator.py took 0.071 seconds
[2022-07-23 05:00:08,528] {processor.py:153} INFO - Started process (PID=2514) to work on /home/airflow/.local/lib/python3.7/site-packages/airflow/example_dags/example_bash_operator.py
[2022-07-23 05:00:08,529] {processor.py:641} INFO - Processing file /home/airflow/.local/lib/python3.7/site-packages/airflow/example_dags/example_bash_operator.py for tasks to queue
[2022-07-23 05:00:08,529] {logging_mixin.py:115} INFO - [2022-07-23 05:00:08,529] {dagbag.py:508} INFO - Filling up the DagBag from /home/airflow/.local/lib/python3.7/site-packages/airflow/example_dags/example_bash_operator.py
[2022-07-23 05:00:08,540] {processor.py:651} INFO - DAG(s) dict_keys(['example_bash_operator']) retrieved from /home/airflow/.local/lib/python3.7/site-packages/airflow/example_dags/example_bash_operator.py
[2022-07-23 05:00:08,563] {logging_mixin.py:115} INFO - [2022-07-23 05:00:08,563] {dag.py:2420} INFO - Sync 1 DAGs
[2022-07-23 05:00:08,585] {logging_mixin.py:115} INFO - [2022-07-23 05:00:08,585] {dag.py:2972} INFO - Setting next_dagrun for example_bash_operator to 2022-07-22T00:00:00+00:00, run_after=2022-07-23T00:00:00+00:00
[2022-07-23 05:00:08,602] {processor.py:161} INFO - Processing /home/airflow/.local/lib/python3.7/site-packages/airflow/example_dags/example_bash_operator.py took 0.077 seconds
[2022-07-23 05:00:39,385] {processor.py:153} INFO - Started process (PID=2575) to work on /home/airflow/.local/lib/python3.7/site-packages/airflow/example_dags/example_bash_operator.py
[2022-07-23 05:00:39,386] {processor.py:641} INFO - Processing file /home/airflow/.local/lib/python3.7/site-packages/airflow/example_dags/example_bash_operator.py for tasks to queue
[2022-07-23 05:00:39,386] {logging_mixin.py:115} INFO - [2022-07-23 05:00:39,386] {dagbag.py:508} INFO - Filling up the DagBag from /home/airflow/.local/lib/python3.7/site-packages/airflow/example_dags/example_bash_operator.py
[2022-07-23 05:00:39,396] {processor.py:651} INFO - DAG(s) dict_keys(['example_bash_operator']) retrieved from /home/airflow/.local/lib/python3.7/site-packages/airflow/example_dags/example_bash_operator.py
[2022-07-23 05:00:39,418] {logging_mixin.py:115} INFO - [2022-07-23 05:00:39,418] {dag.py:2420} INFO - Sync 1 DAGs
[2022-07-23 05:00:39,439] {logging_mixin.py:115} INFO - [2022-07-23 05:00:39,439] {dag.py:2972} INFO - Setting next_dagrun for example_bash_operator to 2022-07-22T00:00:00+00:00, run_after=2022-07-23T00:00:00+00:00
[2022-07-23 05:00:39,458] {processor.py:161} INFO - Processing /home/airflow/.local/lib/python3.7/site-packages/airflow/example_dags/example_bash_operator.py took 0.075 seconds
[2022-07-23 05:01:09,954] {processor.py:153} INFO - Started process (PID=2627) to work on /home/airflow/.local/lib/python3.7/site-packages/airflow/example_dags/example_bash_operator.py
[2022-07-23 05:01:09,955] {processor.py:641} INFO - Processing file /home/airflow/.local/lib/python3.7/site-packages/airflow/example_dags/example_bash_operator.py for tasks to queue
[2022-07-23 05:01:09,955] {logging_mixin.py:115} INFO - [2022-07-23 05:01:09,955] {dagbag.py:508} INFO - Filling up the DagBag from /home/airflow/.local/lib/python3.7/site-packages/airflow/example_dags/example_bash_operator.py
[2022-07-23 05:01:09,965] {processor.py:651} INFO - DAG(s) dict_keys(['example_bash_operator']) retrieved from /home/airflow/.local/lib/python3.7/site-packages/airflow/example_dags/example_bash_operator.py
[2022-07-23 05:01:09,987] {logging_mixin.py:115} INFO - [2022-07-23 05:01:09,987] {dag.py:2420} INFO - Sync 1 DAGs
[2022-07-23 05:01:10,006] {logging_mixin.py:115} INFO - [2022-07-23 05:01:10,006] {dag.py:2972} INFO - Setting next_dagrun for example_bash_operator to 2022-07-22T00:00:00+00:00, run_after=2022-07-23T00:00:00+00:00
[2022-07-23 05:01:10,021] {processor.py:161} INFO - Processing /home/airflow/.local/lib/python3.7/site-packages/airflow/example_dags/example_bash_operator.py took 0.069 seconds
[2022-07-23 05:01:40,560] {processor.py:153} INFO - Started process (PID=2688) to work on /home/airflow/.local/lib/python3.7/site-packages/airflow/example_dags/example_bash_operator.py
[2022-07-23 05:01:40,561] {processor.py:641} INFO - Processing file /home/airflow/.local/lib/python3.7/site-packages/airflow/example_dags/example_bash_operator.py for tasks to queue
[2022-07-23 05:01:40,561] {logging_mixin.py:115} INFO - [2022-07-23 05:01:40,561] {dagbag.py:508} INFO - Filling up the DagBag from /home/airflow/.local/lib/python3.7/site-packages/airflow/example_dags/example_bash_operator.py
[2022-07-23 05:01:40,571] {processor.py:651} INFO - DAG(s) dict_keys(['example_bash_operator']) retrieved from /home/airflow/.local/lib/python3.7/site-packages/airflow/example_dags/example_bash_operator.py
[2022-07-23 05:01:40,592] {logging_mixin.py:115} INFO - [2022-07-23 05:01:40,592] {dag.py:2420} INFO - Sync 1 DAGs
[2022-07-23 05:01:40,610] {logging_mixin.py:115} INFO - [2022-07-23 05:01:40,610] {dag.py:2972} INFO - Setting next_dagrun for example_bash_operator to 2022-07-22T00:00:00+00:00, run_after=2022-07-23T00:00:00+00:00
[2022-07-23 05:01:40,626] {processor.py:161} INFO - Processing /home/airflow/.local/lib/python3.7/site-packages/airflow/example_dags/example_bash_operator.py took 0.069 seconds
[2022-07-23 05:02:11,257] {processor.py:153} INFO - Started process (PID=2749) to work on /home/airflow/.local/lib/python3.7/site-packages/airflow/example_dags/example_bash_operator.py
[2022-07-23 05:02:11,258] {processor.py:641} INFO - Processing file /home/airflow/.local/lib/python3.7/site-packages/airflow/example_dags/example_bash_operator.py for tasks to queue
[2022-07-23 05:02:11,258] {logging_mixin.py:115} INFO - [2022-07-23 05:02:11,258] {dagbag.py:508} INFO - Filling up the DagBag from /home/airflow/.local/lib/python3.7/site-packages/airflow/example_dags/example_bash_operator.py
[2022-07-23 05:02:11,269] {processor.py:651} INFO - DAG(s) dict_keys(['example_bash_operator']) retrieved from /home/airflow/.local/lib/python3.7/site-packages/airflow/example_dags/example_bash_operator.py
[2022-07-23 05:02:11,296] {logging_mixin.py:115} INFO - [2022-07-23 05:02:11,296] {dag.py:2420} INFO - Sync 1 DAGs
[2022-07-23 05:02:11,321] {logging_mixin.py:115} INFO - [2022-07-23 05:02:11,321] {dag.py:2972} INFO - Setting next_dagrun for example_bash_operator to 2022-07-22T00:00:00+00:00, run_after=2022-07-23T00:00:00+00:00
[2022-07-23 05:02:11,352] {processor.py:161} INFO - Processing /home/airflow/.local/lib/python3.7/site-packages/airflow/example_dags/example_bash_operator.py took 0.097 seconds
[2022-07-23 05:02:42,183] {processor.py:153} INFO - Started process (PID=2802) to work on /home/airflow/.local/lib/python3.7/site-packages/airflow/example_dags/example_bash_operator.py
[2022-07-23 05:02:42,184] {processor.py:641} INFO - Processing file /home/airflow/.local/lib/python3.7/site-packages/airflow/example_dags/example_bash_operator.py for tasks to queue
[2022-07-23 05:02:42,184] {logging_mixin.py:115} INFO - [2022-07-23 05:02:42,184] {dagbag.py:508} INFO - Filling up the DagBag from /home/airflow/.local/lib/python3.7/site-packages/airflow/example_dags/example_bash_operator.py
[2022-07-23 05:02:42,194] {processor.py:651} INFO - DAG(s) dict_keys(['example_bash_operator']) retrieved from /home/airflow/.local/lib/python3.7/site-packages/airflow/example_dags/example_bash_operator.py
[2022-07-23 05:02:42,221] {logging_mixin.py:115} INFO - [2022-07-23 05:02:42,221] {dag.py:2420} INFO - Sync 1 DAGs
[2022-07-23 05:02:42,248] {logging_mixin.py:115} INFO - [2022-07-23 05:02:42,248] {dag.py:2972} INFO - Setting next_dagrun for example_bash_operator to 2022-07-22T00:00:00+00:00, run_after=2022-07-23T00:00:00+00:00
[2022-07-23 05:02:42,268] {processor.py:161} INFO - Processing /home/airflow/.local/lib/python3.7/site-packages/airflow/example_dags/example_bash_operator.py took 0.087 seconds
[2022-07-23 05:03:13,160] {processor.py:153} INFO - Started process (PID=2863) to work on /home/airflow/.local/lib/python3.7/site-packages/airflow/example_dags/example_bash_operator.py
[2022-07-23 05:03:13,161] {processor.py:641} INFO - Processing file /home/airflow/.local/lib/python3.7/site-packages/airflow/example_dags/example_bash_operator.py for tasks to queue
[2022-07-23 05:03:13,161] {logging_mixin.py:115} INFO - [2022-07-23 05:03:13,161] {dagbag.py:508} INFO - Filling up the DagBag from /home/airflow/.local/lib/python3.7/site-packages/airflow/example_dags/example_bash_operator.py
[2022-07-23 05:03:13,173] {processor.py:651} INFO - DAG(s) dict_keys(['example_bash_operator']) retrieved from /home/airflow/.local/lib/python3.7/site-packages/airflow/example_dags/example_bash_operator.py
[2022-07-23 05:03:13,199] {logging_mixin.py:115} INFO - [2022-07-23 05:03:13,199] {dag.py:2420} INFO - Sync 1 DAGs
[2022-07-23 05:03:13,226] {logging_mixin.py:115} INFO - [2022-07-23 05:03:13,226] {dag.py:2972} INFO - Setting next_dagrun for example_bash_operator to 2022-07-22T00:00:00+00:00, run_after=2022-07-23T00:00:00+00:00
[2022-07-23 05:03:13,248] {processor.py:161} INFO - Processing /home/airflow/.local/lib/python3.7/site-packages/airflow/example_dags/example_bash_operator.py took 0.091 seconds
[2022-07-23 05:03:43,944] {processor.py:153} INFO - Started process (PID=2924) to work on /home/airflow/.local/lib/python3.7/site-packages/airflow/example_dags/example_bash_operator.py
[2022-07-23 05:03:43,945] {processor.py:641} INFO - Processing file /home/airflow/.local/lib/python3.7/site-packages/airflow/example_dags/example_bash_operator.py for tasks to queue
[2022-07-23 05:03:43,945] {logging_mixin.py:115} INFO - [2022-07-23 05:03:43,945] {dagbag.py:508} INFO - Filling up the DagBag from /home/airflow/.local/lib/python3.7/site-packages/airflow/example_dags/example_bash_operator.py
[2022-07-23 05:03:43,956] {processor.py:651} INFO - DAG(s) dict_keys(['example_bash_operator']) retrieved from /home/airflow/.local/lib/python3.7/site-packages/airflow/example_dags/example_bash_operator.py
[2022-07-23 05:03:43,980] {logging_mixin.py:115} INFO - [2022-07-23 05:03:43,979] {dag.py:2420} INFO - Sync 1 DAGs
[2022-07-23 05:03:44,001] {logging_mixin.py:115} INFO - [2022-07-23 05:03:44,001] {dag.py:2972} INFO - Setting next_dagrun for example_bash_operator to 2022-07-22T00:00:00+00:00, run_after=2022-07-23T00:00:00+00:00
[2022-07-23 05:03:44,020] {processor.py:161} INFO - Processing /home/airflow/.local/lib/python3.7/site-packages/airflow/example_dags/example_bash_operator.py took 0.078 seconds
[2022-07-23 05:04:14,420] {processor.py:153} INFO - Started process (PID=2978) to work on /home/airflow/.local/lib/python3.7/site-packages/airflow/example_dags/example_bash_operator.py
[2022-07-23 05:04:14,421] {processor.py:641} INFO - Processing file /home/airflow/.local/lib/python3.7/site-packages/airflow/example_dags/example_bash_operator.py for tasks to queue
[2022-07-23 05:04:14,421] {logging_mixin.py:115} INFO - [2022-07-23 05:04:14,421] {dagbag.py:508} INFO - Filling up the DagBag from /home/airflow/.local/lib/python3.7/site-packages/airflow/example_dags/example_bash_operator.py
[2022-07-23 05:04:14,431] {processor.py:651} INFO - DAG(s) dict_keys(['example_bash_operator']) retrieved from /home/airflow/.local/lib/python3.7/site-packages/airflow/example_dags/example_bash_operator.py
[2022-07-23 05:04:14,459] {logging_mixin.py:115} INFO - [2022-07-23 05:04:14,459] {dag.py:2420} INFO - Sync 1 DAGs
[2022-07-23 05:04:14,488] {logging_mixin.py:115} INFO - [2022-07-23 05:04:14,487] {dag.py:2972} INFO - Setting next_dagrun for example_bash_operator to 2022-07-22T00:00:00+00:00, run_after=2022-07-23T00:00:00+00:00
[2022-07-23 05:04:14,510] {processor.py:161} INFO - Processing /home/airflow/.local/lib/python3.7/site-packages/airflow/example_dags/example_bash_operator.py took 0.093 seconds
[2022-07-23 05:04:45,096] {processor.py:153} INFO - Started process (PID=3037) to work on /home/airflow/.local/lib/python3.7/site-packages/airflow/example_dags/example_bash_operator.py
[2022-07-23 05:04:45,097] {processor.py:641} INFO - Processing file /home/airflow/.local/lib/python3.7/site-packages/airflow/example_dags/example_bash_operator.py for tasks to queue
[2022-07-23 05:04:45,097] {logging_mixin.py:115} INFO - [2022-07-23 05:04:45,097] {dagbag.py:508} INFO - Filling up the DagBag from /home/airflow/.local/lib/python3.7/site-packages/airflow/example_dags/example_bash_operator.py
[2022-07-23 05:04:45,109] {processor.py:651} INFO - DAG(s) dict_keys(['example_bash_operator']) retrieved from /home/airflow/.local/lib/python3.7/site-packages/airflow/example_dags/example_bash_operator.py
[2022-07-23 05:04:45,136] {logging_mixin.py:115} INFO - [2022-07-23 05:04:45,136] {dag.py:2420} INFO - Sync 1 DAGs
[2022-07-23 05:04:45,162] {logging_mixin.py:115} INFO - [2022-07-23 05:04:45,162] {dag.py:2972} INFO - Setting next_dagrun for example_bash_operator to 2022-07-22T00:00:00+00:00, run_after=2022-07-23T00:00:00+00:00
[2022-07-23 05:04:45,184] {processor.py:161} INFO - Processing /home/airflow/.local/lib/python3.7/site-packages/airflow/example_dags/example_bash_operator.py took 0.091 seconds
[2022-07-23 05:05:15,868] {processor.py:153} INFO - Started process (PID=3098) to work on /home/airflow/.local/lib/python3.7/site-packages/airflow/example_dags/example_bash_operator.py
[2022-07-23 05:05:15,868] {processor.py:641} INFO - Processing file /home/airflow/.local/lib/python3.7/site-packages/airflow/example_dags/example_bash_operator.py for tasks to queue
[2022-07-23 05:05:15,869] {logging_mixin.py:115} INFO - [2022-07-23 05:05:15,869] {dagbag.py:508} INFO - Filling up the DagBag from /home/airflow/.local/lib/python3.7/site-packages/airflow/example_dags/example_bash_operator.py
[2022-07-23 05:05:15,878] {processor.py:651} INFO - DAG(s) dict_keys(['example_bash_operator']) retrieved from /home/airflow/.local/lib/python3.7/site-packages/airflow/example_dags/example_bash_operator.py
[2022-07-23 05:05:15,900] {logging_mixin.py:115} INFO - [2022-07-23 05:05:15,900] {dag.py:2420} INFO - Sync 1 DAGs
[2022-07-23 05:05:15,923] {logging_mixin.py:115} INFO - [2022-07-23 05:05:15,923] {dag.py:2972} INFO - Setting next_dagrun for example_bash_operator to 2022-07-22T00:00:00+00:00, run_after=2022-07-23T00:00:00+00:00
[2022-07-23 05:05:15,941] {processor.py:161} INFO - Processing /home/airflow/.local/lib/python3.7/site-packages/airflow/example_dags/example_bash_operator.py took 0.076 seconds
[2022-07-23 05:05:46,352] {processor.py:153} INFO - Started process (PID=3150) to work on /home/airflow/.local/lib/python3.7/site-packages/airflow/example_dags/example_bash_operator.py
[2022-07-23 05:05:46,353] {processor.py:641} INFO - Processing file /home/airflow/.local/lib/python3.7/site-packages/airflow/example_dags/example_bash_operator.py for tasks to queue
[2022-07-23 05:05:46,353] {logging_mixin.py:115} INFO - [2022-07-23 05:05:46,353] {dagbag.py:508} INFO - Filling up the DagBag from /home/airflow/.local/lib/python3.7/site-packages/airflow/example_dags/example_bash_operator.py
[2022-07-23 05:05:46,364] {processor.py:651} INFO - DAG(s) dict_keys(['example_bash_operator']) retrieved from /home/airflow/.local/lib/python3.7/site-packages/airflow/example_dags/example_bash_operator.py
[2022-07-23 05:05:46,389] {logging_mixin.py:115} INFO - [2022-07-23 05:05:46,389] {dag.py:2420} INFO - Sync 1 DAGs
[2022-07-23 05:05:46,413] {logging_mixin.py:115} INFO - [2022-07-23 05:05:46,413] {dag.py:2972} INFO - Setting next_dagrun for example_bash_operator to 2022-07-22T00:00:00+00:00, run_after=2022-07-23T00:00:00+00:00
[2022-07-23 05:05:46,432] {processor.py:161} INFO - Processing /home/airflow/.local/lib/python3.7/site-packages/airflow/example_dags/example_bash_operator.py took 0.083 seconds
[2022-07-23 05:06:16,767] {processor.py:153} INFO - Started process (PID=3211) to work on /home/airflow/.local/lib/python3.7/site-packages/airflow/example_dags/example_bash_operator.py
[2022-07-23 05:06:16,768] {processor.py:641} INFO - Processing file /home/airflow/.local/lib/python3.7/site-packages/airflow/example_dags/example_bash_operator.py for tasks to queue
[2022-07-23 05:06:16,768] {logging_mixin.py:115} INFO - [2022-07-23 05:06:16,768] {dagbag.py:508} INFO - Filling up the DagBag from /home/airflow/.local/lib/python3.7/site-packages/airflow/example_dags/example_bash_operator.py
[2022-07-23 05:06:16,778] {processor.py:651} INFO - DAG(s) dict_keys(['example_bash_operator']) retrieved from /home/airflow/.local/lib/python3.7/site-packages/airflow/example_dags/example_bash_operator.py
[2022-07-23 05:06:16,808] {logging_mixin.py:115} INFO - [2022-07-23 05:06:16,808] {dag.py:2420} INFO - Sync 1 DAGs
[2022-07-23 05:06:16,833] {logging_mixin.py:115} INFO - [2022-07-23 05:06:16,833] {dag.py:2972} INFO - Setting next_dagrun for example_bash_operator to 2022-07-22T00:00:00+00:00, run_after=2022-07-23T00:00:00+00:00
[2022-07-23 05:06:16,852] {processor.py:161} INFO - Processing /home/airflow/.local/lib/python3.7/site-packages/airflow/example_dags/example_bash_operator.py took 0.087 seconds
[2022-07-23 05:06:47,328] {processor.py:153} INFO - Started process (PID=3273) to work on /home/airflow/.local/lib/python3.7/site-packages/airflow/example_dags/example_bash_operator.py
[2022-07-23 05:06:47,329] {processor.py:641} INFO - Processing file /home/airflow/.local/lib/python3.7/site-packages/airflow/example_dags/example_bash_operator.py for tasks to queue
[2022-07-23 05:06:47,329] {logging_mixin.py:115} INFO - [2022-07-23 05:06:47,329] {dagbag.py:508} INFO - Filling up the DagBag from /home/airflow/.local/lib/python3.7/site-packages/airflow/example_dags/example_bash_operator.py
[2022-07-23 05:06:47,340] {processor.py:651} INFO - DAG(s) dict_keys(['example_bash_operator']) retrieved from /home/airflow/.local/lib/python3.7/site-packages/airflow/example_dags/example_bash_operator.py
[2022-07-23 05:06:47,367] {logging_mixin.py:115} INFO - [2022-07-23 05:06:47,367] {dag.py:2420} INFO - Sync 1 DAGs
[2022-07-23 05:06:47,393] {logging_mixin.py:115} INFO - [2022-07-23 05:06:47,393] {dag.py:2972} INFO - Setting next_dagrun for example_bash_operator to 2022-07-22T00:00:00+00:00, run_after=2022-07-23T00:00:00+00:00
[2022-07-23 05:06:47,412] {processor.py:161} INFO - Processing /home/airflow/.local/lib/python3.7/site-packages/airflow/example_dags/example_bash_operator.py took 0.087 seconds
[2022-07-23 05:07:17,643] {processor.py:153} INFO - Started process (PID=3325) to work on /home/airflow/.local/lib/python3.7/site-packages/airflow/example_dags/example_bash_operator.py
[2022-07-23 05:07:17,644] {processor.py:641} INFO - Processing file /home/airflow/.local/lib/python3.7/site-packages/airflow/example_dags/example_bash_operator.py for tasks to queue
[2022-07-23 05:07:17,645] {logging_mixin.py:115} INFO - [2022-07-23 05:07:17,645] {dagbag.py:508} INFO - Filling up the DagBag from /home/airflow/.local/lib/python3.7/site-packages/airflow/example_dags/example_bash_operator.py
[2022-07-23 05:07:17,670] {processor.py:651} INFO - DAG(s) dict_keys(['example_bash_operator']) retrieved from /home/airflow/.local/lib/python3.7/site-packages/airflow/example_dags/example_bash_operator.py
[2022-07-23 05:07:17,696] {logging_mixin.py:115} INFO - [2022-07-23 05:07:17,696] {dag.py:2420} INFO - Sync 1 DAGs
[2022-07-23 05:07:17,730] {logging_mixin.py:115} INFO - [2022-07-23 05:07:17,730] {dag.py:2972} INFO - Setting next_dagrun for example_bash_operator to 2022-07-22T00:00:00+00:00, run_after=2022-07-23T00:00:00+00:00
[2022-07-23 05:07:17,779] {processor.py:161} INFO - Processing /home/airflow/.local/lib/python3.7/site-packages/airflow/example_dags/example_bash_operator.py took 0.145 seconds
[2022-07-23 05:07:48,313] {processor.py:153} INFO - Started process (PID=3386) to work on /home/airflow/.local/lib/python3.7/site-packages/airflow/example_dags/example_bash_operator.py
[2022-07-23 05:07:48,314] {processor.py:641} INFO - Processing file /home/airflow/.local/lib/python3.7/site-packages/airflow/example_dags/example_bash_operator.py for tasks to queue
[2022-07-23 05:07:48,314] {logging_mixin.py:115} INFO - [2022-07-23 05:07:48,314] {dagbag.py:508} INFO - Filling up the DagBag from /home/airflow/.local/lib/python3.7/site-packages/airflow/example_dags/example_bash_operator.py
[2022-07-23 05:07:48,325] {processor.py:651} INFO - DAG(s) dict_keys(['example_bash_operator']) retrieved from /home/airflow/.local/lib/python3.7/site-packages/airflow/example_dags/example_bash_operator.py
[2022-07-23 05:07:48,358] {logging_mixin.py:115} INFO - [2022-07-23 05:07:48,358] {dag.py:2420} INFO - Sync 1 DAGs
[2022-07-23 05:07:48,383] {logging_mixin.py:115} INFO - [2022-07-23 05:07:48,383] {dag.py:2972} INFO - Setting next_dagrun for example_bash_operator to 2022-07-22T00:00:00+00:00, run_after=2022-07-23T00:00:00+00:00
[2022-07-23 05:07:48,404] {processor.py:161} INFO - Processing /home/airflow/.local/lib/python3.7/site-packages/airflow/example_dags/example_bash_operator.py took 0.093 seconds
[2022-07-23 05:08:19,026] {processor.py:153} INFO - Started process (PID=3447) to work on /home/airflow/.local/lib/python3.7/site-packages/airflow/example_dags/example_bash_operator.py
[2022-07-23 05:08:19,027] {processor.py:641} INFO - Processing file /home/airflow/.local/lib/python3.7/site-packages/airflow/example_dags/example_bash_operator.py for tasks to queue
[2022-07-23 05:08:19,027] {logging_mixin.py:115} INFO - [2022-07-23 05:08:19,027] {dagbag.py:508} INFO - Filling up the DagBag from /home/airflow/.local/lib/python3.7/site-packages/airflow/example_dags/example_bash_operator.py
[2022-07-23 05:08:19,037] {processor.py:651} INFO - DAG(s) dict_keys(['example_bash_operator']) retrieved from /home/airflow/.local/lib/python3.7/site-packages/airflow/example_dags/example_bash_operator.py
[2022-07-23 05:08:19,067] {logging_mixin.py:115} INFO - [2022-07-23 05:08:19,067] {dag.py:2420} INFO - Sync 1 DAGs
[2022-07-23 05:08:19,096] {logging_mixin.py:115} INFO - [2022-07-23 05:08:19,096] {dag.py:2972} INFO - Setting next_dagrun for example_bash_operator to 2022-07-22T00:00:00+00:00, run_after=2022-07-23T00:00:00+00:00
[2022-07-23 05:08:19,118] {processor.py:161} INFO - Processing /home/airflow/.local/lib/python3.7/site-packages/airflow/example_dags/example_bash_operator.py took 0.095 seconds
[2022-07-23 05:08:49,792] {processor.py:153} INFO - Started process (PID=3499) to work on /home/airflow/.local/lib/python3.7/site-packages/airflow/example_dags/example_bash_operator.py
[2022-07-23 05:08:49,793] {processor.py:641} INFO - Processing file /home/airflow/.local/lib/python3.7/site-packages/airflow/example_dags/example_bash_operator.py for tasks to queue
[2022-07-23 05:08:49,794] {logging_mixin.py:115} INFO - [2022-07-23 05:08:49,793] {dagbag.py:508} INFO - Filling up the DagBag from /home/airflow/.local/lib/python3.7/site-packages/airflow/example_dags/example_bash_operator.py
[2022-07-23 05:08:49,807] {processor.py:651} INFO - DAG(s) dict_keys(['example_bash_operator']) retrieved from /home/airflow/.local/lib/python3.7/site-packages/airflow/example_dags/example_bash_operator.py
[2022-07-23 05:08:49,833] {logging_mixin.py:115} INFO - [2022-07-23 05:08:49,833] {dag.py:2420} INFO - Sync 1 DAGs
[2022-07-23 05:08:49,861] {logging_mixin.py:115} INFO - [2022-07-23 05:08:49,861] {dag.py:2972} INFO - Setting next_dagrun for example_bash_operator to 2022-07-22T00:00:00+00:00, run_after=2022-07-23T00:00:00+00:00
[2022-07-23 05:08:49,883] {processor.py:161} INFO - Processing /home/airflow/.local/lib/python3.7/site-packages/airflow/example_dags/example_bash_operator.py took 0.094 seconds
[2022-07-23 05:09:20,128] {processor.py:153} INFO - Started process (PID=3560) to work on /home/airflow/.local/lib/python3.7/site-packages/airflow/example_dags/example_bash_operator.py
[2022-07-23 05:09:20,129] {processor.py:641} INFO - Processing file /home/airflow/.local/lib/python3.7/site-packages/airflow/example_dags/example_bash_operator.py for tasks to queue
[2022-07-23 05:09:20,129] {logging_mixin.py:115} INFO - [2022-07-23 05:09:20,129] {dagbag.py:508} INFO - Filling up the DagBag from /home/airflow/.local/lib/python3.7/site-packages/airflow/example_dags/example_bash_operator.py
[2022-07-23 05:09:20,142] {processor.py:651} INFO - DAG(s) dict_keys(['example_bash_operator']) retrieved from /home/airflow/.local/lib/python3.7/site-packages/airflow/example_dags/example_bash_operator.py
[2022-07-23 05:09:20,173] {logging_mixin.py:115} INFO - [2022-07-23 05:09:20,173] {dag.py:2420} INFO - Sync 1 DAGs
[2022-07-23 05:09:20,205] {logging_mixin.py:115} INFO - [2022-07-23 05:09:20,205] {dag.py:2972} INFO - Setting next_dagrun for example_bash_operator to 2022-07-22T00:00:00+00:00, run_after=2022-07-23T00:00:00+00:00
[2022-07-23 05:09:20,227] {processor.py:161} INFO - Processing /home/airflow/.local/lib/python3.7/site-packages/airflow/example_dags/example_bash_operator.py took 0.101 seconds
[2022-07-23 05:09:50,831] {processor.py:153} INFO - Started process (PID=3612) to work on /home/airflow/.local/lib/python3.7/site-packages/airflow/example_dags/example_bash_operator.py
[2022-07-23 05:09:50,832] {processor.py:641} INFO - Processing file /home/airflow/.local/lib/python3.7/site-packages/airflow/example_dags/example_bash_operator.py for tasks to queue
[2022-07-23 05:09:50,832] {logging_mixin.py:115} INFO - [2022-07-23 05:09:50,832] {dagbag.py:508} INFO - Filling up the DagBag from /home/airflow/.local/lib/python3.7/site-packages/airflow/example_dags/example_bash_operator.py
[2022-07-23 05:09:50,846] {processor.py:651} INFO - DAG(s) dict_keys(['example_bash_operator']) retrieved from /home/airflow/.local/lib/python3.7/site-packages/airflow/example_dags/example_bash_operator.py
[2022-07-23 05:09:50,877] {logging_mixin.py:115} INFO - [2022-07-23 05:09:50,877] {dag.py:2420} INFO - Sync 1 DAGs
[2022-07-23 05:09:50,903] {logging_mixin.py:115} INFO - [2022-07-23 05:09:50,903] {dag.py:2972} INFO - Setting next_dagrun for example_bash_operator to 2022-07-22T00:00:00+00:00, run_after=2022-07-23T00:00:00+00:00
[2022-07-23 05:09:50,927] {processor.py:161} INFO - Processing /home/airflow/.local/lib/python3.7/site-packages/airflow/example_dags/example_bash_operator.py took 0.099 seconds
[2022-07-23 05:10:21,459] {processor.py:153} INFO - Started process (PID=3674) to work on /home/airflow/.local/lib/python3.7/site-packages/airflow/example_dags/example_bash_operator.py
[2022-07-23 05:10:21,460] {processor.py:641} INFO - Processing file /home/airflow/.local/lib/python3.7/site-packages/airflow/example_dags/example_bash_operator.py for tasks to queue
[2022-07-23 05:10:21,460] {logging_mixin.py:115} INFO - [2022-07-23 05:10:21,460] {dagbag.py:508} INFO - Filling up the DagBag from /home/airflow/.local/lib/python3.7/site-packages/airflow/example_dags/example_bash_operator.py
[2022-07-23 05:10:21,471] {processor.py:651} INFO - DAG(s) dict_keys(['example_bash_operator']) retrieved from /home/airflow/.local/lib/python3.7/site-packages/airflow/example_dags/example_bash_operator.py
[2022-07-23 05:10:21,496] {logging_mixin.py:115} INFO - [2022-07-23 05:10:21,496] {dag.py:2420} INFO - Sync 1 DAGs
[2022-07-23 05:10:21,517] {logging_mixin.py:115} INFO - [2022-07-23 05:10:21,517] {dag.py:2972} INFO - Setting next_dagrun for example_bash_operator to 2022-07-22T00:00:00+00:00, run_after=2022-07-23T00:00:00+00:00
[2022-07-23 05:10:21,534] {processor.py:161} INFO - Processing /home/airflow/.local/lib/python3.7/site-packages/airflow/example_dags/example_bash_operator.py took 0.078 seconds
[2022-07-23 05:10:51,713] {processor.py:153} INFO - Started process (PID=3735) to work on /home/airflow/.local/lib/python3.7/site-packages/airflow/example_dags/example_bash_operator.py
[2022-07-23 05:10:51,714] {processor.py:641} INFO - Processing file /home/airflow/.local/lib/python3.7/site-packages/airflow/example_dags/example_bash_operator.py for tasks to queue
[2022-07-23 05:10:51,714] {logging_mixin.py:115} INFO - [2022-07-23 05:10:51,714] {dagbag.py:508} INFO - Filling up the DagBag from /home/airflow/.local/lib/python3.7/site-packages/airflow/example_dags/example_bash_operator.py
[2022-07-23 05:10:51,724] {processor.py:651} INFO - DAG(s) dict_keys(['example_bash_operator']) retrieved from /home/airflow/.local/lib/python3.7/site-packages/airflow/example_dags/example_bash_operator.py
[2022-07-23 05:10:51,750] {logging_mixin.py:115} INFO - [2022-07-23 05:10:51,750] {dag.py:2420} INFO - Sync 1 DAGs
[2022-07-23 05:10:51,774] {logging_mixin.py:115} INFO - [2022-07-23 05:10:51,774] {dag.py:2972} INFO - Setting next_dagrun for example_bash_operator to 2022-07-22T00:00:00+00:00, run_after=2022-07-23T00:00:00+00:00
[2022-07-23 05:10:51,791] {processor.py:161} INFO - Processing /home/airflow/.local/lib/python3.7/site-packages/airflow/example_dags/example_bash_operator.py took 0.082 seconds
[2022-07-23 05:11:21,988] {processor.py:153} INFO - Started process (PID=3787) to work on /home/airflow/.local/lib/python3.7/site-packages/airflow/example_dags/example_bash_operator.py
[2022-07-23 05:11:21,989] {processor.py:641} INFO - Processing file /home/airflow/.local/lib/python3.7/site-packages/airflow/example_dags/example_bash_operator.py for tasks to queue
[2022-07-23 05:11:21,989] {logging_mixin.py:115} INFO - [2022-07-23 05:11:21,989] {dagbag.py:508} INFO - Filling up the DagBag from /home/airflow/.local/lib/python3.7/site-packages/airflow/example_dags/example_bash_operator.py
[2022-07-23 05:11:21,999] {processor.py:651} INFO - DAG(s) dict_keys(['example_bash_operator']) retrieved from /home/airflow/.local/lib/python3.7/site-packages/airflow/example_dags/example_bash_operator.py
[2022-07-23 05:11:22,026] {logging_mixin.py:115} INFO - [2022-07-23 05:11:22,026] {dag.py:2420} INFO - Sync 1 DAGs
[2022-07-23 05:11:22,049] {logging_mixin.py:115} INFO - [2022-07-23 05:11:22,049] {dag.py:2972} INFO - Setting next_dagrun for example_bash_operator to 2022-07-22T00:00:00+00:00, run_after=2022-07-23T00:00:00+00:00
[2022-07-23 05:11:22,067] {processor.py:161} INFO - Processing /home/airflow/.local/lib/python3.7/site-packages/airflow/example_dags/example_bash_operator.py took 0.081 seconds
[2022-07-23 05:11:52,342] {processor.py:153} INFO - Started process (PID=3848) to work on /home/airflow/.local/lib/python3.7/site-packages/airflow/example_dags/example_bash_operator.py
[2022-07-23 05:11:52,342] {processor.py:641} INFO - Processing file /home/airflow/.local/lib/python3.7/site-packages/airflow/example_dags/example_bash_operator.py for tasks to queue
[2022-07-23 05:11:52,343] {logging_mixin.py:115} INFO - [2022-07-23 05:11:52,343] {dagbag.py:508} INFO - Filling up the DagBag from /home/airflow/.local/lib/python3.7/site-packages/airflow/example_dags/example_bash_operator.py
[2022-07-23 05:11:52,353] {processor.py:651} INFO - DAG(s) dict_keys(['example_bash_operator']) retrieved from /home/airflow/.local/lib/python3.7/site-packages/airflow/example_dags/example_bash_operator.py
[2022-07-23 05:11:52,380] {logging_mixin.py:115} INFO - [2022-07-23 05:11:52,380] {dag.py:2420} INFO - Sync 1 DAGs
[2022-07-23 05:11:52,403] {logging_mixin.py:115} INFO - [2022-07-23 05:11:52,403] {dag.py:2972} INFO - Setting next_dagrun for example_bash_operator to 2022-07-22T00:00:00+00:00, run_after=2022-07-23T00:00:00+00:00
[2022-07-23 05:11:52,423] {processor.py:161} INFO - Processing /home/airflow/.local/lib/python3.7/site-packages/airflow/example_dags/example_bash_operator.py took 0.083 seconds
[2022-07-23 05:12:22,718] {processor.py:153} INFO - Started process (PID=3907) to work on /home/airflow/.local/lib/python3.7/site-packages/airflow/example_dags/example_bash_operator.py
[2022-07-23 05:12:22,719] {processor.py:641} INFO - Processing file /home/airflow/.local/lib/python3.7/site-packages/airflow/example_dags/example_bash_operator.py for tasks to queue
[2022-07-23 05:12:22,719] {logging_mixin.py:115} INFO - [2022-07-23 05:12:22,719] {dagbag.py:508} INFO - Filling up the DagBag from /home/airflow/.local/lib/python3.7/site-packages/airflow/example_dags/example_bash_operator.py
[2022-07-23 05:12:22,729] {processor.py:651} INFO - DAG(s) dict_keys(['example_bash_operator']) retrieved from /home/airflow/.local/lib/python3.7/site-packages/airflow/example_dags/example_bash_operator.py
[2022-07-23 05:12:22,754] {logging_mixin.py:115} INFO - [2022-07-23 05:12:22,753] {dag.py:2420} INFO - Sync 1 DAGs
[2022-07-23 05:12:22,778] {logging_mixin.py:115} INFO - [2022-07-23 05:12:22,778] {dag.py:2972} INFO - Setting next_dagrun for example_bash_operator to 2022-07-22T00:00:00+00:00, run_after=2022-07-23T00:00:00+00:00
[2022-07-23 05:12:22,796] {processor.py:161} INFO - Processing /home/airflow/.local/lib/python3.7/site-packages/airflow/example_dags/example_bash_operator.py took 0.081 seconds
[2022-07-23 05:12:52,998] {processor.py:153} INFO - Started process (PID=3962) to work on /home/airflow/.local/lib/python3.7/site-packages/airflow/example_dags/example_bash_operator.py
[2022-07-23 05:12:52,999] {processor.py:641} INFO - Processing file /home/airflow/.local/lib/python3.7/site-packages/airflow/example_dags/example_bash_operator.py for tasks to queue
[2022-07-23 05:12:52,999] {logging_mixin.py:115} INFO - [2022-07-23 05:12:52,999] {dagbag.py:508} INFO - Filling up the DagBag from /home/airflow/.local/lib/python3.7/site-packages/airflow/example_dags/example_bash_operator.py
[2022-07-23 05:12:53,026] {processor.py:651} INFO - DAG(s) dict_keys(['example_bash_operator']) retrieved from /home/airflow/.local/lib/python3.7/site-packages/airflow/example_dags/example_bash_operator.py
[2022-07-23 05:12:53,055] {logging_mixin.py:115} INFO - [2022-07-23 05:12:53,055] {dag.py:2420} INFO - Sync 1 DAGs
[2022-07-23 05:12:53,081] {logging_mixin.py:115} INFO - [2022-07-23 05:12:53,081] {dag.py:2972} INFO - Setting next_dagrun for example_bash_operator to 2022-07-22T00:00:00+00:00, run_after=2022-07-23T00:00:00+00:00
[2022-07-23 05:12:53,121] {processor.py:161} INFO - Processing /home/airflow/.local/lib/python3.7/site-packages/airflow/example_dags/example_bash_operator.py took 0.125 seconds
[2022-07-23 05:13:23,343] {processor.py:153} INFO - Started process (PID=4023) to work on /home/airflow/.local/lib/python3.7/site-packages/airflow/example_dags/example_bash_operator.py
[2022-07-23 05:13:23,343] {processor.py:641} INFO - Processing file /home/airflow/.local/lib/python3.7/site-packages/airflow/example_dags/example_bash_operator.py for tasks to queue
[2022-07-23 05:13:23,343] {logging_mixin.py:115} INFO - [2022-07-23 05:13:23,343] {dagbag.py:508} INFO - Filling up the DagBag from /home/airflow/.local/lib/python3.7/site-packages/airflow/example_dags/example_bash_operator.py
[2022-07-23 05:13:23,354] {processor.py:651} INFO - DAG(s) dict_keys(['example_bash_operator']) retrieved from /home/airflow/.local/lib/python3.7/site-packages/airflow/example_dags/example_bash_operator.py
[2022-07-23 05:13:23,375] {logging_mixin.py:115} INFO - [2022-07-23 05:13:23,375] {dag.py:2420} INFO - Sync 1 DAGs
[2022-07-23 05:13:23,394] {logging_mixin.py:115} INFO - [2022-07-23 05:13:23,394] {dag.py:2972} INFO - Setting next_dagrun for example_bash_operator to 2022-07-22T00:00:00+00:00, run_after=2022-07-23T00:00:00+00:00
[2022-07-23 05:13:23,410] {processor.py:161} INFO - Processing /home/airflow/.local/lib/python3.7/site-packages/airflow/example_dags/example_bash_operator.py took 0.070 seconds
[2022-07-23 05:13:53,644] {processor.py:153} INFO - Started process (PID=4084) to work on /home/airflow/.local/lib/python3.7/site-packages/airflow/example_dags/example_bash_operator.py
[2022-07-23 05:13:53,645] {processor.py:641} INFO - Processing file /home/airflow/.local/lib/python3.7/site-packages/airflow/example_dags/example_bash_operator.py for tasks to queue
[2022-07-23 05:13:53,645] {logging_mixin.py:115} INFO - [2022-07-23 05:13:53,645] {dagbag.py:508} INFO - Filling up the DagBag from /home/airflow/.local/lib/python3.7/site-packages/airflow/example_dags/example_bash_operator.py
[2022-07-23 05:13:53,655] {processor.py:651} INFO - DAG(s) dict_keys(['example_bash_operator']) retrieved from /home/airflow/.local/lib/python3.7/site-packages/airflow/example_dags/example_bash_operator.py
[2022-07-23 05:13:53,676] {logging_mixin.py:115} INFO - [2022-07-23 05:13:53,676] {dag.py:2420} INFO - Sync 1 DAGs
[2022-07-23 05:13:53,696] {logging_mixin.py:115} INFO - [2022-07-23 05:13:53,696] {dag.py:2972} INFO - Setting next_dagrun for example_bash_operator to 2022-07-22T00:00:00+00:00, run_after=2022-07-23T00:00:00+00:00
[2022-07-23 05:13:53,807] {processor.py:161} INFO - Processing /home/airflow/.local/lib/python3.7/site-packages/airflow/example_dags/example_bash_operator.py took 0.165 seconds
