[2022-07-23 04:38:51,525] {processor.py:153} INFO - Started process (PID=101) to work on /home/airflow/.local/lib/python3.7/site-packages/airflow/example_dags/tutorial.py
[2022-07-23 04:38:51,526] {processor.py:641} INFO - Processing file /home/airflow/.local/lib/python3.7/site-packages/airflow/example_dags/tutorial.py for tasks to queue
[2022-07-23 04:38:51,526] {logging_mixin.py:115} INFO - [2022-07-23 04:38:51,526] {dagbag.py:508} INFO - Filling up the DagBag from /home/airflow/.local/lib/python3.7/site-packages/airflow/example_dags/tutorial.py
[2022-07-23 04:38:51,531] {processor.py:651} INFO - DAG(s) dict_keys(['tutorial']) retrieved from /home/airflow/.local/lib/python3.7/site-packages/airflow/example_dags/tutorial.py
[2022-07-23 04:38:51,740] {logging_mixin.py:115} INFO - [2022-07-23 04:38:51,740] {manager.py:508} INFO - Created Permission View: can read on DAG:tutorial
[2022-07-23 04:38:51,754] {logging_mixin.py:115} INFO - [2022-07-23 04:38:51,754] {manager.py:508} INFO - Created Permission View: can delete on DAG:tutorial
[2022-07-23 04:38:51,767] {logging_mixin.py:115} INFO - [2022-07-23 04:38:51,767] {manager.py:508} INFO - Created Permission View: can edit on DAG:tutorial
[2022-07-23 04:38:51,767] {logging_mixin.py:115} INFO - [2022-07-23 04:38:51,767] {dag.py:2420} INFO - Sync 1 DAGs
[2022-07-23 04:38:51,777] {logging_mixin.py:115} INFO - [2022-07-23 04:38:51,777] {dag.py:2439} INFO - Creating ORM DAG for tutorial
[2022-07-23 04:38:51,789] {logging_mixin.py:115} INFO - [2022-07-23 04:38:51,789] {dag.py:2972} INFO - Setting next_dagrun for tutorial to 2022-07-22T04:38:51.789055+00:00, run_after=2022-07-23T04:38:51.789055+00:00
[2022-07-23 04:38:51,805] {processor.py:161} INFO - Processing /home/airflow/.local/lib/python3.7/site-packages/airflow/example_dags/tutorial.py took 0.282 seconds
[2022-07-23 04:39:21,880] {processor.py:153} INFO - Started process (PID=161) to work on /home/airflow/.local/lib/python3.7/site-packages/airflow/example_dags/tutorial.py
[2022-07-23 04:39:21,881] {processor.py:641} INFO - Processing file /home/airflow/.local/lib/python3.7/site-packages/airflow/example_dags/tutorial.py for tasks to queue
[2022-07-23 04:39:21,881] {logging_mixin.py:115} INFO - [2022-07-23 04:39:21,881] {dagbag.py:508} INFO - Filling up the DagBag from /home/airflow/.local/lib/python3.7/site-packages/airflow/example_dags/tutorial.py
[2022-07-23 04:39:21,886] {processor.py:651} INFO - DAG(s) dict_keys(['tutorial']) retrieved from /home/airflow/.local/lib/python3.7/site-packages/airflow/example_dags/tutorial.py
[2022-07-23 04:39:21,909] {logging_mixin.py:115} INFO - [2022-07-23 04:39:21,908] {dag.py:2420} INFO - Sync 1 DAGs
[2022-07-23 04:39:21,928] {logging_mixin.py:115} INFO - [2022-07-23 04:39:21,928] {dag.py:2972} INFO - Setting next_dagrun for tutorial to 2022-07-22T04:39:21.928433+00:00, run_after=2022-07-23T04:39:21.928433+00:00
[2022-07-23 04:39:21,944] {processor.py:161} INFO - Processing /home/airflow/.local/lib/python3.7/site-packages/airflow/example_dags/tutorial.py took 0.067 seconds
[2022-07-23 04:39:52,064] {processor.py:153} INFO - Started process (PID=212) to work on /home/airflow/.local/lib/python3.7/site-packages/airflow/example_dags/tutorial.py
[2022-07-23 04:39:52,064] {processor.py:641} INFO - Processing file /home/airflow/.local/lib/python3.7/site-packages/airflow/example_dags/tutorial.py for tasks to queue
[2022-07-23 04:39:52,064] {logging_mixin.py:115} INFO - [2022-07-23 04:39:52,064] {dagbag.py:508} INFO - Filling up the DagBag from /home/airflow/.local/lib/python3.7/site-packages/airflow/example_dags/tutorial.py
[2022-07-23 04:39:52,068] {processor.py:651} INFO - DAG(s) dict_keys(['tutorial']) retrieved from /home/airflow/.local/lib/python3.7/site-packages/airflow/example_dags/tutorial.py
[2022-07-23 04:39:52,088] {logging_mixin.py:115} INFO - [2022-07-23 04:39:52,088] {dag.py:2420} INFO - Sync 1 DAGs
[2022-07-23 04:39:52,105] {logging_mixin.py:115} INFO - [2022-07-23 04:39:52,105] {dag.py:2972} INFO - Setting next_dagrun for tutorial to 2022-07-22T04:39:52.105168+00:00, run_after=2022-07-23T04:39:52.105168+00:00
[2022-07-23 04:39:52,119] {processor.py:161} INFO - Processing /home/airflow/.local/lib/python3.7/site-packages/airflow/example_dags/tutorial.py took 0.058 seconds
[2022-07-23 04:40:23,307] {processor.py:153} INFO - Started process (PID=275) to work on /home/airflow/.local/lib/python3.7/site-packages/airflow/example_dags/tutorial.py
[2022-07-23 04:40:23,307] {processor.py:641} INFO - Processing file /home/airflow/.local/lib/python3.7/site-packages/airflow/example_dags/tutorial.py for tasks to queue
[2022-07-23 04:40:23,308] {logging_mixin.py:115} INFO - [2022-07-23 04:40:23,308] {dagbag.py:508} INFO - Filling up the DagBag from /home/airflow/.local/lib/python3.7/site-packages/airflow/example_dags/tutorial.py
[2022-07-23 04:40:23,312] {processor.py:651} INFO - DAG(s) dict_keys(['tutorial']) retrieved from /home/airflow/.local/lib/python3.7/site-packages/airflow/example_dags/tutorial.py
[2022-07-23 04:40:23,332] {logging_mixin.py:115} INFO - [2022-07-23 04:40:23,332] {dag.py:2420} INFO - Sync 1 DAGs
[2022-07-23 04:40:23,349] {logging_mixin.py:115} INFO - [2022-07-23 04:40:23,349] {dag.py:2972} INFO - Setting next_dagrun for tutorial to 2022-07-22T04:40:23.349108+00:00, run_after=2022-07-23T04:40:23.349108+00:00
[2022-07-23 04:40:23,363] {processor.py:161} INFO - Processing /home/airflow/.local/lib/python3.7/site-packages/airflow/example_dags/tutorial.py took 0.059 seconds
[2022-07-23 04:40:53,391] {processor.py:153} INFO - Started process (PID=335) to work on /home/airflow/.local/lib/python3.7/site-packages/airflow/example_dags/tutorial.py
[2022-07-23 04:40:53,391] {processor.py:641} INFO - Processing file /home/airflow/.local/lib/python3.7/site-packages/airflow/example_dags/tutorial.py for tasks to queue
[2022-07-23 04:40:53,392] {logging_mixin.py:115} INFO - [2022-07-23 04:40:53,391] {dagbag.py:508} INFO - Filling up the DagBag from /home/airflow/.local/lib/python3.7/site-packages/airflow/example_dags/tutorial.py
[2022-07-23 04:40:53,396] {processor.py:651} INFO - DAG(s) dict_keys(['tutorial']) retrieved from /home/airflow/.local/lib/python3.7/site-packages/airflow/example_dags/tutorial.py
[2022-07-23 04:40:53,416] {logging_mixin.py:115} INFO - [2022-07-23 04:40:53,416] {dag.py:2420} INFO - Sync 1 DAGs
[2022-07-23 04:40:53,434] {logging_mixin.py:115} INFO - [2022-07-23 04:40:53,434] {dag.py:2972} INFO - Setting next_dagrun for tutorial to 2022-07-22T04:40:53.434132+00:00, run_after=2022-07-23T04:40:53.434132+00:00
[2022-07-23 04:40:53,448] {processor.py:161} INFO - Processing /home/airflow/.local/lib/python3.7/site-packages/airflow/example_dags/tutorial.py took 0.060 seconds
[2022-07-23 04:41:24,554] {processor.py:153} INFO - Started process (PID=388) to work on /home/airflow/.local/lib/python3.7/site-packages/airflow/example_dags/tutorial.py
[2022-07-23 04:41:24,554] {processor.py:641} INFO - Processing file /home/airflow/.local/lib/python3.7/site-packages/airflow/example_dags/tutorial.py for tasks to queue
[2022-07-23 04:41:24,554] {logging_mixin.py:115} INFO - [2022-07-23 04:41:24,554] {dagbag.py:508} INFO - Filling up the DagBag from /home/airflow/.local/lib/python3.7/site-packages/airflow/example_dags/tutorial.py
[2022-07-23 04:41:24,559] {processor.py:651} INFO - DAG(s) dict_keys(['tutorial']) retrieved from /home/airflow/.local/lib/python3.7/site-packages/airflow/example_dags/tutorial.py
[2022-07-23 04:41:24,579] {logging_mixin.py:115} INFO - [2022-07-23 04:41:24,579] {dag.py:2420} INFO - Sync 1 DAGs
[2022-07-23 04:41:24,596] {logging_mixin.py:115} INFO - [2022-07-23 04:41:24,596] {dag.py:2972} INFO - Setting next_dagrun for tutorial to 2022-07-22T04:41:24.596287+00:00, run_after=2022-07-23T04:41:24.596287+00:00
[2022-07-23 04:41:24,610] {processor.py:161} INFO - Processing /home/airflow/.local/lib/python3.7/site-packages/airflow/example_dags/tutorial.py took 0.059 seconds
[2022-07-23 04:41:55,352] {processor.py:153} INFO - Started process (PID=450) to work on /home/airflow/.local/lib/python3.7/site-packages/airflow/example_dags/tutorial.py
[2022-07-23 04:41:55,353] {processor.py:641} INFO - Processing file /home/airflow/.local/lib/python3.7/site-packages/airflow/example_dags/tutorial.py for tasks to queue
[2022-07-23 04:41:55,353] {logging_mixin.py:115} INFO - [2022-07-23 04:41:55,353] {dagbag.py:508} INFO - Filling up the DagBag from /home/airflow/.local/lib/python3.7/site-packages/airflow/example_dags/tutorial.py
[2022-07-23 04:41:55,357] {processor.py:651} INFO - DAG(s) dict_keys(['tutorial']) retrieved from /home/airflow/.local/lib/python3.7/site-packages/airflow/example_dags/tutorial.py
[2022-07-23 04:41:55,377] {logging_mixin.py:115} INFO - [2022-07-23 04:41:55,377] {dag.py:2420} INFO - Sync 1 DAGs
[2022-07-23 04:41:55,395] {logging_mixin.py:115} INFO - [2022-07-23 04:41:55,395] {dag.py:2972} INFO - Setting next_dagrun for tutorial to 2022-07-22T04:41:55.395356+00:00, run_after=2022-07-23T04:41:55.395356+00:00
[2022-07-23 04:41:55,412] {processor.py:161} INFO - Processing /home/airflow/.local/lib/python3.7/site-packages/airflow/example_dags/tutorial.py took 0.063 seconds
[2022-07-23 04:42:26,176] {processor.py:153} INFO - Started process (PID=511) to work on /home/airflow/.local/lib/python3.7/site-packages/airflow/example_dags/tutorial.py
[2022-07-23 04:42:26,176] {processor.py:641} INFO - Processing file /home/airflow/.local/lib/python3.7/site-packages/airflow/example_dags/tutorial.py for tasks to queue
[2022-07-23 04:42:26,177] {logging_mixin.py:115} INFO - [2022-07-23 04:42:26,177] {dagbag.py:508} INFO - Filling up the DagBag from /home/airflow/.local/lib/python3.7/site-packages/airflow/example_dags/tutorial.py
[2022-07-23 04:42:26,181] {processor.py:651} INFO - DAG(s) dict_keys(['tutorial']) retrieved from /home/airflow/.local/lib/python3.7/site-packages/airflow/example_dags/tutorial.py
[2022-07-23 04:42:26,200] {logging_mixin.py:115} INFO - [2022-07-23 04:42:26,200] {dag.py:2420} INFO - Sync 1 DAGs
[2022-07-23 04:42:26,217] {logging_mixin.py:115} INFO - [2022-07-23 04:42:26,217] {dag.py:2972} INFO - Setting next_dagrun for tutorial to 2022-07-22T04:42:26.217368+00:00, run_after=2022-07-23T04:42:26.217368+00:00
[2022-07-23 04:42:26,231] {processor.py:161} INFO - Processing /home/airflow/.local/lib/python3.7/site-packages/airflow/example_dags/tutorial.py took 0.058 seconds
[2022-07-23 04:42:57,358] {processor.py:153} INFO - Started process (PID=573) to work on /home/airflow/.local/lib/python3.7/site-packages/airflow/example_dags/tutorial.py
[2022-07-23 04:42:57,358] {processor.py:641} INFO - Processing file /home/airflow/.local/lib/python3.7/site-packages/airflow/example_dags/tutorial.py for tasks to queue
[2022-07-23 04:42:57,359] {logging_mixin.py:115} INFO - [2022-07-23 04:42:57,359] {dagbag.py:508} INFO - Filling up the DagBag from /home/airflow/.local/lib/python3.7/site-packages/airflow/example_dags/tutorial.py
[2022-07-23 04:42:57,363] {processor.py:651} INFO - DAG(s) dict_keys(['tutorial']) retrieved from /home/airflow/.local/lib/python3.7/site-packages/airflow/example_dags/tutorial.py
[2022-07-23 04:42:57,387] {logging_mixin.py:115} INFO - [2022-07-23 04:42:57,387] {dag.py:2420} INFO - Sync 1 DAGs
[2022-07-23 04:42:57,407] {logging_mixin.py:115} INFO - [2022-07-23 04:42:57,407] {dag.py:2972} INFO - Setting next_dagrun for tutorial to 2022-07-22T04:42:57.406885+00:00, run_after=2022-07-23T04:42:57.406885+00:00
[2022-07-23 04:42:57,428] {processor.py:161} INFO - Processing /home/airflow/.local/lib/python3.7/site-packages/airflow/example_dags/tutorial.py took 0.072 seconds
[2022-07-23 04:43:28,059] {processor.py:153} INFO - Started process (PID=625) to work on /home/airflow/.local/lib/python3.7/site-packages/airflow/example_dags/tutorial.py
[2022-07-23 04:43:28,059] {processor.py:641} INFO - Processing file /home/airflow/.local/lib/python3.7/site-packages/airflow/example_dags/tutorial.py for tasks to queue
[2022-07-23 04:43:28,060] {logging_mixin.py:115} INFO - [2022-07-23 04:43:28,060] {dagbag.py:508} INFO - Filling up the DagBag from /home/airflow/.local/lib/python3.7/site-packages/airflow/example_dags/tutorial.py
[2022-07-23 04:43:28,064] {processor.py:651} INFO - DAG(s) dict_keys(['tutorial']) retrieved from /home/airflow/.local/lib/python3.7/site-packages/airflow/example_dags/tutorial.py
[2022-07-23 04:43:28,083] {logging_mixin.py:115} INFO - [2022-07-23 04:43:28,083] {dag.py:2420} INFO - Sync 1 DAGs
[2022-07-23 04:43:28,104] {logging_mixin.py:115} INFO - [2022-07-23 04:43:28,104] {dag.py:2972} INFO - Setting next_dagrun for tutorial to 2022-07-22T04:43:28.104299+00:00, run_after=2022-07-23T04:43:28.104299+00:00
[2022-07-23 04:43:28,122] {processor.py:161} INFO - Processing /home/airflow/.local/lib/python3.7/site-packages/airflow/example_dags/tutorial.py took 0.065 seconds
[2022-07-23 04:43:58,732] {processor.py:153} INFO - Started process (PID=686) to work on /home/airflow/.local/lib/python3.7/site-packages/airflow/example_dags/tutorial.py
[2022-07-23 04:43:58,733] {processor.py:641} INFO - Processing file /home/airflow/.local/lib/python3.7/site-packages/airflow/example_dags/tutorial.py for tasks to queue
[2022-07-23 04:43:58,733] {logging_mixin.py:115} INFO - [2022-07-23 04:43:58,733] {dagbag.py:508} INFO - Filling up the DagBag from /home/airflow/.local/lib/python3.7/site-packages/airflow/example_dags/tutorial.py
[2022-07-23 04:43:58,737] {processor.py:651} INFO - DAG(s) dict_keys(['tutorial']) retrieved from /home/airflow/.local/lib/python3.7/site-packages/airflow/example_dags/tutorial.py
[2022-07-23 04:43:58,759] {logging_mixin.py:115} INFO - [2022-07-23 04:43:58,759] {dag.py:2420} INFO - Sync 1 DAGs
[2022-07-23 04:43:58,777] {logging_mixin.py:115} INFO - [2022-07-23 04:43:58,777] {dag.py:2972} INFO - Setting next_dagrun for tutorial to 2022-07-22T04:43:58.777314+00:00, run_after=2022-07-23T04:43:58.777314+00:00
[2022-07-23 04:43:58,792] {processor.py:161} INFO - Processing /home/airflow/.local/lib/python3.7/site-packages/airflow/example_dags/tutorial.py took 0.062 seconds
[2022-07-23 04:44:29,493] {processor.py:153} INFO - Started process (PID=747) to work on /home/airflow/.local/lib/python3.7/site-packages/airflow/example_dags/tutorial.py
[2022-07-23 04:44:29,493] {processor.py:641} INFO - Processing file /home/airflow/.local/lib/python3.7/site-packages/airflow/example_dags/tutorial.py for tasks to queue
[2022-07-23 04:44:29,494] {logging_mixin.py:115} INFO - [2022-07-23 04:44:29,494] {dagbag.py:508} INFO - Filling up the DagBag from /home/airflow/.local/lib/python3.7/site-packages/airflow/example_dags/tutorial.py
[2022-07-23 04:44:29,498] {processor.py:651} INFO - DAG(s) dict_keys(['tutorial']) retrieved from /home/airflow/.local/lib/python3.7/site-packages/airflow/example_dags/tutorial.py
[2022-07-23 04:44:29,519] {logging_mixin.py:115} INFO - [2022-07-23 04:44:29,519] {dag.py:2420} INFO - Sync 1 DAGs
[2022-07-23 04:44:29,536] {logging_mixin.py:115} INFO - [2022-07-23 04:44:29,536] {dag.py:2972} INFO - Setting next_dagrun for tutorial to 2022-07-22T04:44:29.536587+00:00, run_after=2022-07-23T04:44:29.536587+00:00
[2022-07-23 04:44:29,551] {processor.py:161} INFO - Processing /home/airflow/.local/lib/python3.7/site-packages/airflow/example_dags/tutorial.py took 0.061 seconds
[2022-07-23 04:45:00,025] {processor.py:153} INFO - Started process (PID=799) to work on /home/airflow/.local/lib/python3.7/site-packages/airflow/example_dags/tutorial.py
[2022-07-23 04:45:00,025] {processor.py:641} INFO - Processing file /home/airflow/.local/lib/python3.7/site-packages/airflow/example_dags/tutorial.py for tasks to queue
[2022-07-23 04:45:00,026] {logging_mixin.py:115} INFO - [2022-07-23 04:45:00,026] {dagbag.py:508} INFO - Filling up the DagBag from /home/airflow/.local/lib/python3.7/site-packages/airflow/example_dags/tutorial.py
[2022-07-23 04:45:00,030] {processor.py:651} INFO - DAG(s) dict_keys(['tutorial']) retrieved from /home/airflow/.local/lib/python3.7/site-packages/airflow/example_dags/tutorial.py
[2022-07-23 04:45:00,049] {logging_mixin.py:115} INFO - [2022-07-23 04:45:00,049] {dag.py:2420} INFO - Sync 1 DAGs
[2022-07-23 04:45:00,072] {logging_mixin.py:115} INFO - [2022-07-23 04:45:00,072] {dag.py:2972} INFO - Setting next_dagrun for tutorial to 2022-07-22T04:45:00.072153+00:00, run_after=2022-07-23T04:45:00.072153+00:00
[2022-07-23 04:45:00,090] {processor.py:161} INFO - Processing /home/airflow/.local/lib/python3.7/site-packages/airflow/example_dags/tutorial.py took 0.067 seconds
[2022-07-23 04:45:30,919] {processor.py:153} INFO - Started process (PID=860) to work on /home/airflow/.local/lib/python3.7/site-packages/airflow/example_dags/tutorial.py
[2022-07-23 04:45:30,920] {processor.py:641} INFO - Processing file /home/airflow/.local/lib/python3.7/site-packages/airflow/example_dags/tutorial.py for tasks to queue
[2022-07-23 04:45:30,920] {logging_mixin.py:115} INFO - [2022-07-23 04:45:30,920] {dagbag.py:508} INFO - Filling up the DagBag from /home/airflow/.local/lib/python3.7/site-packages/airflow/example_dags/tutorial.py
[2022-07-23 04:45:30,924] {processor.py:651} INFO - DAG(s) dict_keys(['tutorial']) retrieved from /home/airflow/.local/lib/python3.7/site-packages/airflow/example_dags/tutorial.py
[2022-07-23 04:45:30,946] {logging_mixin.py:115} INFO - [2022-07-23 04:45:30,946] {dag.py:2420} INFO - Sync 1 DAGs
[2022-07-23 04:45:30,965] {logging_mixin.py:115} INFO - [2022-07-23 04:45:30,965] {dag.py:2972} INFO - Setting next_dagrun for tutorial to 2022-07-22T04:45:30.965067+00:00, run_after=2022-07-23T04:45:30.965067+00:00
[2022-07-23 04:45:30,981] {processor.py:161} INFO - Processing /home/airflow/.local/lib/python3.7/site-packages/airflow/example_dags/tutorial.py took 0.064 seconds
[2022-07-23 04:46:01,974] {processor.py:153} INFO - Started process (PID=921) to work on /home/airflow/.local/lib/python3.7/site-packages/airflow/example_dags/tutorial.py
[2022-07-23 04:46:01,975] {processor.py:641} INFO - Processing file /home/airflow/.local/lib/python3.7/site-packages/airflow/example_dags/tutorial.py for tasks to queue
[2022-07-23 04:46:01,975] {logging_mixin.py:115} INFO - [2022-07-23 04:46:01,975] {dagbag.py:508} INFO - Filling up the DagBag from /home/airflow/.local/lib/python3.7/site-packages/airflow/example_dags/tutorial.py
[2022-07-23 04:46:01,979] {processor.py:651} INFO - DAG(s) dict_keys(['tutorial']) retrieved from /home/airflow/.local/lib/python3.7/site-packages/airflow/example_dags/tutorial.py
[2022-07-23 04:46:02,000] {logging_mixin.py:115} INFO - [2022-07-23 04:46:02,000] {dag.py:2420} INFO - Sync 1 DAGs
[2022-07-23 04:46:02,017] {logging_mixin.py:115} INFO - [2022-07-23 04:46:02,017] {dag.py:2972} INFO - Setting next_dagrun for tutorial to 2022-07-22T04:46:02.017267+00:00, run_after=2022-07-23T04:46:02.017267+00:00
[2022-07-23 04:46:02,037] {processor.py:161} INFO - Processing /home/airflow/.local/lib/python3.7/site-packages/airflow/example_dags/tutorial.py took 0.065 seconds
[2022-07-23 04:46:32,888] {processor.py:153} INFO - Started process (PID=982) to work on /home/airflow/.local/lib/python3.7/site-packages/airflow/example_dags/tutorial.py
[2022-07-23 04:46:32,889] {processor.py:641} INFO - Processing file /home/airflow/.local/lib/python3.7/site-packages/airflow/example_dags/tutorial.py for tasks to queue
[2022-07-23 04:46:32,889] {logging_mixin.py:115} INFO - [2022-07-23 04:46:32,889] {dagbag.py:508} INFO - Filling up the DagBag from /home/airflow/.local/lib/python3.7/site-packages/airflow/example_dags/tutorial.py
[2022-07-23 04:46:32,893] {processor.py:651} INFO - DAG(s) dict_keys(['tutorial']) retrieved from /home/airflow/.local/lib/python3.7/site-packages/airflow/example_dags/tutorial.py
[2022-07-23 04:46:32,913] {logging_mixin.py:115} INFO - [2022-07-23 04:46:32,913] {dag.py:2420} INFO - Sync 1 DAGs
[2022-07-23 04:46:32,931] {logging_mixin.py:115} INFO - [2022-07-23 04:46:32,931] {dag.py:2972} INFO - Setting next_dagrun for tutorial to 2022-07-22T04:46:32.930841+00:00, run_after=2022-07-23T04:46:32.930841+00:00
[2022-07-23 04:46:32,956] {processor.py:161} INFO - Processing /home/airflow/.local/lib/python3.7/site-packages/airflow/example_dags/tutorial.py took 0.070 seconds
[2022-07-23 04:47:03,722] {processor.py:153} INFO - Started process (PID=1034) to work on /home/airflow/.local/lib/python3.7/site-packages/airflow/example_dags/tutorial.py
[2022-07-23 04:47:03,723] {processor.py:641} INFO - Processing file /home/airflow/.local/lib/python3.7/site-packages/airflow/example_dags/tutorial.py for tasks to queue
[2022-07-23 04:47:03,723] {logging_mixin.py:115} INFO - [2022-07-23 04:47:03,723] {dagbag.py:508} INFO - Filling up the DagBag from /home/airflow/.local/lib/python3.7/site-packages/airflow/example_dags/tutorial.py
[2022-07-23 04:47:03,727] {processor.py:651} INFO - DAG(s) dict_keys(['tutorial']) retrieved from /home/airflow/.local/lib/python3.7/site-packages/airflow/example_dags/tutorial.py
[2022-07-23 04:47:03,747] {logging_mixin.py:115} INFO - [2022-07-23 04:47:03,747] {dag.py:2420} INFO - Sync 1 DAGs
[2022-07-23 04:47:03,765] {logging_mixin.py:115} INFO - [2022-07-23 04:47:03,764] {dag.py:2972} INFO - Setting next_dagrun for tutorial to 2022-07-22T04:47:03.764755+00:00, run_after=2022-07-23T04:47:03.764755+00:00
[2022-07-23 04:47:03,788] {processor.py:161} INFO - Processing /home/airflow/.local/lib/python3.7/site-packages/airflow/example_dags/tutorial.py took 0.068 seconds
[2022-07-23 04:47:34,575] {processor.py:153} INFO - Started process (PID=1095) to work on /home/airflow/.local/lib/python3.7/site-packages/airflow/example_dags/tutorial.py
[2022-07-23 04:47:34,576] {processor.py:641} INFO - Processing file /home/airflow/.local/lib/python3.7/site-packages/airflow/example_dags/tutorial.py for tasks to queue
[2022-07-23 04:47:34,576] {logging_mixin.py:115} INFO - [2022-07-23 04:47:34,576] {dagbag.py:508} INFO - Filling up the DagBag from /home/airflow/.local/lib/python3.7/site-packages/airflow/example_dags/tutorial.py
[2022-07-23 04:47:34,582] {processor.py:651} INFO - DAG(s) dict_keys(['tutorial']) retrieved from /home/airflow/.local/lib/python3.7/site-packages/airflow/example_dags/tutorial.py
[2022-07-23 04:47:34,612] {logging_mixin.py:115} INFO - [2022-07-23 04:47:34,612] {dag.py:2420} INFO - Sync 1 DAGs
[2022-07-23 04:47:34,638] {logging_mixin.py:115} INFO - [2022-07-23 04:47:34,638] {dag.py:2972} INFO - Setting next_dagrun for tutorial to 2022-07-22T04:47:34.637742+00:00, run_after=2022-07-23T04:47:34.637742+00:00
[2022-07-23 04:47:34,658] {processor.py:161} INFO - Processing /home/airflow/.local/lib/python3.7/site-packages/airflow/example_dags/tutorial.py took 0.086 seconds
[2022-07-23 04:48:04,944] {processor.py:153} INFO - Started process (PID=1156) to work on /home/airflow/.local/lib/python3.7/site-packages/airflow/example_dags/tutorial.py
[2022-07-23 04:48:04,945] {processor.py:641} INFO - Processing file /home/airflow/.local/lib/python3.7/site-packages/airflow/example_dags/tutorial.py for tasks to queue
[2022-07-23 04:48:04,945] {logging_mixin.py:115} INFO - [2022-07-23 04:48:04,945] {dagbag.py:508} INFO - Filling up the DagBag from /home/airflow/.local/lib/python3.7/site-packages/airflow/example_dags/tutorial.py
[2022-07-23 04:48:04,951] {processor.py:651} INFO - DAG(s) dict_keys(['tutorial']) retrieved from /home/airflow/.local/lib/python3.7/site-packages/airflow/example_dags/tutorial.py
[2022-07-23 04:48:04,976] {logging_mixin.py:115} INFO - [2022-07-23 04:48:04,976] {dag.py:2420} INFO - Sync 1 DAGs
[2022-07-23 04:48:05,004] {logging_mixin.py:115} INFO - [2022-07-23 04:48:05,003] {dag.py:2972} INFO - Setting next_dagrun for tutorial to 2022-07-22T04:48:05.003517+00:00, run_after=2022-07-23T04:48:05.003517+00:00
[2022-07-23 04:48:05,037] {processor.py:161} INFO - Processing /home/airflow/.local/lib/python3.7/site-packages/airflow/example_dags/tutorial.py took 0.096 seconds
[2022-07-23 04:48:35,265] {processor.py:153} INFO - Started process (PID=1208) to work on /home/airflow/.local/lib/python3.7/site-packages/airflow/example_dags/tutorial.py
[2022-07-23 04:48:35,265] {processor.py:641} INFO - Processing file /home/airflow/.local/lib/python3.7/site-packages/airflow/example_dags/tutorial.py for tasks to queue
[2022-07-23 04:48:35,266] {logging_mixin.py:115} INFO - [2022-07-23 04:48:35,266] {dagbag.py:508} INFO - Filling up the DagBag from /home/airflow/.local/lib/python3.7/site-packages/airflow/example_dags/tutorial.py
[2022-07-23 04:48:35,270] {processor.py:651} INFO - DAG(s) dict_keys(['tutorial']) retrieved from /home/airflow/.local/lib/python3.7/site-packages/airflow/example_dags/tutorial.py
[2022-07-23 04:48:35,291] {logging_mixin.py:115} INFO - [2022-07-23 04:48:35,291] {dag.py:2420} INFO - Sync 1 DAGs
[2022-07-23 04:48:35,309] {logging_mixin.py:115} INFO - [2022-07-23 04:48:35,309] {dag.py:2972} INFO - Setting next_dagrun for tutorial to 2022-07-22T04:48:35.309313+00:00, run_after=2022-07-23T04:48:35.309313+00:00
[2022-07-23 04:48:35,345] {processor.py:161} INFO - Processing /home/airflow/.local/lib/python3.7/site-packages/airflow/example_dags/tutorial.py took 0.082 seconds
[2022-07-23 04:49:06,169] {processor.py:153} INFO - Started process (PID=1269) to work on /home/airflow/.local/lib/python3.7/site-packages/airflow/example_dags/tutorial.py
[2022-07-23 04:49:06,169] {processor.py:641} INFO - Processing file /home/airflow/.local/lib/python3.7/site-packages/airflow/example_dags/tutorial.py for tasks to queue
[2022-07-23 04:49:06,170] {logging_mixin.py:115} INFO - [2022-07-23 04:49:06,170] {dagbag.py:508} INFO - Filling up the DagBag from /home/airflow/.local/lib/python3.7/site-packages/airflow/example_dags/tutorial.py
[2022-07-23 04:49:06,174] {processor.py:651} INFO - DAG(s) dict_keys(['tutorial']) retrieved from /home/airflow/.local/lib/python3.7/site-packages/airflow/example_dags/tutorial.py
[2022-07-23 04:49:06,197] {logging_mixin.py:115} INFO - [2022-07-23 04:49:06,197] {dag.py:2420} INFO - Sync 1 DAGs
[2022-07-23 04:49:06,217] {logging_mixin.py:115} INFO - [2022-07-23 04:49:06,217] {dag.py:2972} INFO - Setting next_dagrun for tutorial to 2022-07-22T04:49:06.216910+00:00, run_after=2022-07-23T04:49:06.216910+00:00
[2022-07-23 04:49:06,235] {processor.py:161} INFO - Processing /home/airflow/.local/lib/python3.7/site-packages/airflow/example_dags/tutorial.py took 0.069 seconds
[2022-07-23 04:49:36,949] {processor.py:153} INFO - Started process (PID=1330) to work on /home/airflow/.local/lib/python3.7/site-packages/airflow/example_dags/tutorial.py
[2022-07-23 04:49:36,950] {processor.py:641} INFO - Processing file /home/airflow/.local/lib/python3.7/site-packages/airflow/example_dags/tutorial.py for tasks to queue
[2022-07-23 04:49:36,950] {logging_mixin.py:115} INFO - [2022-07-23 04:49:36,950] {dagbag.py:508} INFO - Filling up the DagBag from /home/airflow/.local/lib/python3.7/site-packages/airflow/example_dags/tutorial.py
[2022-07-23 04:49:36,954] {processor.py:651} INFO - DAG(s) dict_keys(['tutorial']) retrieved from /home/airflow/.local/lib/python3.7/site-packages/airflow/example_dags/tutorial.py
[2022-07-23 04:49:36,973] {logging_mixin.py:115} INFO - [2022-07-23 04:49:36,973] {dag.py:2420} INFO - Sync 1 DAGs
[2022-07-23 04:49:36,990] {logging_mixin.py:115} INFO - [2022-07-23 04:49:36,990] {dag.py:2972} INFO - Setting next_dagrun for tutorial to 2022-07-22T04:49:36.990453+00:00, run_after=2022-07-23T04:49:36.990453+00:00
[2022-07-23 04:49:37,005] {processor.py:161} INFO - Processing /home/airflow/.local/lib/python3.7/site-packages/airflow/example_dags/tutorial.py took 0.058 seconds
[2022-07-23 04:50:07,574] {processor.py:153} INFO - Started process (PID=1383) to work on /home/airflow/.local/lib/python3.7/site-packages/airflow/example_dags/tutorial.py
[2022-07-23 04:50:07,575] {processor.py:641} INFO - Processing file /home/airflow/.local/lib/python3.7/site-packages/airflow/example_dags/tutorial.py for tasks to queue
[2022-07-23 04:50:07,575] {logging_mixin.py:115} INFO - [2022-07-23 04:50:07,575] {dagbag.py:508} INFO - Filling up the DagBag from /home/airflow/.local/lib/python3.7/site-packages/airflow/example_dags/tutorial.py
[2022-07-23 04:50:07,579] {processor.py:651} INFO - DAG(s) dict_keys(['tutorial']) retrieved from /home/airflow/.local/lib/python3.7/site-packages/airflow/example_dags/tutorial.py
[2022-07-23 04:50:07,600] {logging_mixin.py:115} INFO - [2022-07-23 04:50:07,600] {dag.py:2420} INFO - Sync 1 DAGs
[2022-07-23 04:50:07,618] {logging_mixin.py:115} INFO - [2022-07-23 04:50:07,618] {dag.py:2972} INFO - Setting next_dagrun for tutorial to 2022-07-22T04:50:07.618105+00:00, run_after=2022-07-23T04:50:07.618105+00:00
[2022-07-23 04:50:07,633] {processor.py:161} INFO - Processing /home/airflow/.local/lib/python3.7/site-packages/airflow/example_dags/tutorial.py took 0.061 seconds
[2022-07-23 04:50:38,315] {processor.py:153} INFO - Started process (PID=1444) to work on /home/airflow/.local/lib/python3.7/site-packages/airflow/example_dags/tutorial.py
[2022-07-23 04:50:38,315] {processor.py:641} INFO - Processing file /home/airflow/.local/lib/python3.7/site-packages/airflow/example_dags/tutorial.py for tasks to queue
[2022-07-23 04:50:38,316] {logging_mixin.py:115} INFO - [2022-07-23 04:50:38,316] {dagbag.py:508} INFO - Filling up the DagBag from /home/airflow/.local/lib/python3.7/site-packages/airflow/example_dags/tutorial.py
[2022-07-23 04:50:38,321] {processor.py:651} INFO - DAG(s) dict_keys(['tutorial']) retrieved from /home/airflow/.local/lib/python3.7/site-packages/airflow/example_dags/tutorial.py
[2022-07-23 04:50:38,347] {logging_mixin.py:115} INFO - [2022-07-23 04:50:38,346] {dag.py:2420} INFO - Sync 1 DAGs
[2022-07-23 04:50:38,371] {logging_mixin.py:115} INFO - [2022-07-23 04:50:38,371] {dag.py:2972} INFO - Setting next_dagrun for tutorial to 2022-07-22T04:50:38.371433+00:00, run_after=2022-07-23T04:50:38.371433+00:00
[2022-07-23 04:50:38,393] {processor.py:161} INFO - Processing /home/airflow/.local/lib/python3.7/site-packages/airflow/example_dags/tutorial.py took 0.081 seconds
[2022-07-23 04:51:09,379] {processor.py:153} INFO - Started process (PID=1505) to work on /home/airflow/.local/lib/python3.7/site-packages/airflow/example_dags/tutorial.py
[2022-07-23 04:51:09,379] {processor.py:641} INFO - Processing file /home/airflow/.local/lib/python3.7/site-packages/airflow/example_dags/tutorial.py for tasks to queue
[2022-07-23 04:51:09,380] {logging_mixin.py:115} INFO - [2022-07-23 04:51:09,380] {dagbag.py:508} INFO - Filling up the DagBag from /home/airflow/.local/lib/python3.7/site-packages/airflow/example_dags/tutorial.py
[2022-07-23 04:51:09,386] {processor.py:651} INFO - DAG(s) dict_keys(['tutorial']) retrieved from /home/airflow/.local/lib/python3.7/site-packages/airflow/example_dags/tutorial.py
[2022-07-23 04:51:09,430] {logging_mixin.py:115} INFO - [2022-07-23 04:51:09,430] {dag.py:2420} INFO - Sync 1 DAGs
[2022-07-23 04:51:09,452] {logging_mixin.py:115} INFO - [2022-07-23 04:51:09,452] {dag.py:2972} INFO - Setting next_dagrun for tutorial to 2022-07-22T04:51:09.452002+00:00, run_after=2022-07-23T04:51:09.452002+00:00
[2022-07-23 04:51:09,471] {processor.py:161} INFO - Processing /home/airflow/.local/lib/python3.7/site-packages/airflow/example_dags/tutorial.py took 0.095 seconds
[2022-07-23 04:51:39,533] {processor.py:153} INFO - Started process (PID=1556) to work on /home/airflow/.local/lib/python3.7/site-packages/airflow/example_dags/tutorial.py
[2022-07-23 04:51:39,533] {processor.py:641} INFO - Processing file /home/airflow/.local/lib/python3.7/site-packages/airflow/example_dags/tutorial.py for tasks to queue
[2022-07-23 04:51:39,534] {logging_mixin.py:115} INFO - [2022-07-23 04:51:39,534] {dagbag.py:508} INFO - Filling up the DagBag from /home/airflow/.local/lib/python3.7/site-packages/airflow/example_dags/tutorial.py
[2022-07-23 04:51:39,538] {processor.py:651} INFO - DAG(s) dict_keys(['tutorial']) retrieved from /home/airflow/.local/lib/python3.7/site-packages/airflow/example_dags/tutorial.py
[2022-07-23 04:51:39,560] {logging_mixin.py:115} INFO - [2022-07-23 04:51:39,560] {dag.py:2420} INFO - Sync 1 DAGs
[2022-07-23 04:51:39,578] {logging_mixin.py:115} INFO - [2022-07-23 04:51:39,578] {dag.py:2972} INFO - Setting next_dagrun for tutorial to 2022-07-22T04:51:39.578113+00:00, run_after=2022-07-23T04:51:39.578113+00:00
[2022-07-23 04:51:39,593] {processor.py:161} INFO - Processing /home/airflow/.local/lib/python3.7/site-packages/airflow/example_dags/tutorial.py took 0.063 seconds
[2022-07-23 04:52:10,468] {processor.py:153} INFO - Started process (PID=1616) to work on /home/airflow/.local/lib/python3.7/site-packages/airflow/example_dags/tutorial.py
[2022-07-23 04:52:10,468] {processor.py:641} INFO - Processing file /home/airflow/.local/lib/python3.7/site-packages/airflow/example_dags/tutorial.py for tasks to queue
[2022-07-23 04:52:10,469] {logging_mixin.py:115} INFO - [2022-07-23 04:52:10,469] {dagbag.py:508} INFO - Filling up the DagBag from /home/airflow/.local/lib/python3.7/site-packages/airflow/example_dags/tutorial.py
[2022-07-23 04:52:10,473] {processor.py:651} INFO - DAG(s) dict_keys(['tutorial']) retrieved from /home/airflow/.local/lib/python3.7/site-packages/airflow/example_dags/tutorial.py
[2022-07-23 04:52:10,495] {logging_mixin.py:115} INFO - [2022-07-23 04:52:10,495] {dag.py:2420} INFO - Sync 1 DAGs
[2022-07-23 04:52:10,514] {logging_mixin.py:115} INFO - [2022-07-23 04:52:10,514] {dag.py:2972} INFO - Setting next_dagrun for tutorial to 2022-07-22T04:52:10.514515+00:00, run_after=2022-07-23T04:52:10.514515+00:00
[2022-07-23 04:52:10,543] {processor.py:161} INFO - Processing /home/airflow/.local/lib/python3.7/site-packages/airflow/example_dags/tutorial.py took 0.078 seconds
[2022-07-23 04:52:40,792] {processor.py:153} INFO - Started process (PID=1678) to work on /home/airflow/.local/lib/python3.7/site-packages/airflow/example_dags/tutorial.py
[2022-07-23 04:52:40,792] {processor.py:641} INFO - Processing file /home/airflow/.local/lib/python3.7/site-packages/airflow/example_dags/tutorial.py for tasks to queue
[2022-07-23 04:52:40,793] {logging_mixin.py:115} INFO - [2022-07-23 04:52:40,793] {dagbag.py:508} INFO - Filling up the DagBag from /home/airflow/.local/lib/python3.7/site-packages/airflow/example_dags/tutorial.py
[2022-07-23 04:52:40,798] {processor.py:651} INFO - DAG(s) dict_keys(['tutorial']) retrieved from /home/airflow/.local/lib/python3.7/site-packages/airflow/example_dags/tutorial.py
[2022-07-23 04:52:40,822] {logging_mixin.py:115} INFO - [2022-07-23 04:52:40,822] {dag.py:2420} INFO - Sync 1 DAGs
[2022-07-23 04:52:40,841] {logging_mixin.py:115} INFO - [2022-07-23 04:52:40,841] {dag.py:2972} INFO - Setting next_dagrun for tutorial to 2022-07-22T04:52:40.841055+00:00, run_after=2022-07-23T04:52:40.841055+00:00
[2022-07-23 04:52:40,858] {processor.py:161} INFO - Processing /home/airflow/.local/lib/python3.7/site-packages/airflow/example_dags/tutorial.py took 0.069 seconds
[2022-07-23 04:53:11,059] {processor.py:153} INFO - Started process (PID=1730) to work on /home/airflow/.local/lib/python3.7/site-packages/airflow/example_dags/tutorial.py
[2022-07-23 04:53:11,060] {processor.py:641} INFO - Processing file /home/airflow/.local/lib/python3.7/site-packages/airflow/example_dags/tutorial.py for tasks to queue
[2022-07-23 04:53:11,060] {logging_mixin.py:115} INFO - [2022-07-23 04:53:11,060] {dagbag.py:508} INFO - Filling up the DagBag from /home/airflow/.local/lib/python3.7/site-packages/airflow/example_dags/tutorial.py
[2022-07-23 04:53:11,065] {processor.py:651} INFO - DAG(s) dict_keys(['tutorial']) retrieved from /home/airflow/.local/lib/python3.7/site-packages/airflow/example_dags/tutorial.py
[2022-07-23 04:53:11,088] {logging_mixin.py:115} INFO - [2022-07-23 04:53:11,088] {dag.py:2420} INFO - Sync 1 DAGs
[2022-07-23 04:53:11,108] {logging_mixin.py:115} INFO - [2022-07-23 04:53:11,107] {dag.py:2972} INFO - Setting next_dagrun for tutorial to 2022-07-22T04:53:11.107701+00:00, run_after=2022-07-23T04:53:11.107701+00:00
[2022-07-23 04:53:11,123] {processor.py:161} INFO - Processing /home/airflow/.local/lib/python3.7/site-packages/airflow/example_dags/tutorial.py took 0.066 seconds
[2022-07-23 04:53:41,843] {processor.py:153} INFO - Started process (PID=1791) to work on /home/airflow/.local/lib/python3.7/site-packages/airflow/example_dags/tutorial.py
[2022-07-23 04:53:41,844] {processor.py:641} INFO - Processing file /home/airflow/.local/lib/python3.7/site-packages/airflow/example_dags/tutorial.py for tasks to queue
[2022-07-23 04:53:41,844] {logging_mixin.py:115} INFO - [2022-07-23 04:53:41,844] {dagbag.py:508} INFO - Filling up the DagBag from /home/airflow/.local/lib/python3.7/site-packages/airflow/example_dags/tutorial.py
[2022-07-23 04:53:41,848] {processor.py:651} INFO - DAG(s) dict_keys(['tutorial']) retrieved from /home/airflow/.local/lib/python3.7/site-packages/airflow/example_dags/tutorial.py
[2022-07-23 04:53:41,869] {logging_mixin.py:115} INFO - [2022-07-23 04:53:41,869] {dag.py:2420} INFO - Sync 1 DAGs
[2022-07-23 04:53:41,887] {logging_mixin.py:115} INFO - [2022-07-23 04:53:41,887] {dag.py:2972} INFO - Setting next_dagrun for tutorial to 2022-07-22T04:53:41.887362+00:00, run_after=2022-07-23T04:53:41.887362+00:00
[2022-07-23 04:53:41,907] {processor.py:161} INFO - Processing /home/airflow/.local/lib/python3.7/site-packages/airflow/example_dags/tutorial.py took 0.066 seconds
[2022-07-23 04:54:12,644] {processor.py:153} INFO - Started process (PID=1852) to work on /home/airflow/.local/lib/python3.7/site-packages/airflow/example_dags/tutorial.py
[2022-07-23 04:54:12,644] {processor.py:641} INFO - Processing file /home/airflow/.local/lib/python3.7/site-packages/airflow/example_dags/tutorial.py for tasks to queue
[2022-07-23 04:54:12,645] {logging_mixin.py:115} INFO - [2022-07-23 04:54:12,645] {dagbag.py:508} INFO - Filling up the DagBag from /home/airflow/.local/lib/python3.7/site-packages/airflow/example_dags/tutorial.py
[2022-07-23 04:54:12,649] {processor.py:651} INFO - DAG(s) dict_keys(['tutorial']) retrieved from /home/airflow/.local/lib/python3.7/site-packages/airflow/example_dags/tutorial.py
[2022-07-23 04:54:12,672] {logging_mixin.py:115} INFO - [2022-07-23 04:54:12,672] {dag.py:2420} INFO - Sync 1 DAGs
[2022-07-23 04:54:12,690] {logging_mixin.py:115} INFO - [2022-07-23 04:54:12,690] {dag.py:2972} INFO - Setting next_dagrun for tutorial to 2022-07-22T04:54:12.690102+00:00, run_after=2022-07-23T04:54:12.690102+00:00
[2022-07-23 04:54:12,707] {processor.py:161} INFO - Processing /home/airflow/.local/lib/python3.7/site-packages/airflow/example_dags/tutorial.py took 0.066 seconds
[2022-07-23 04:54:43,460] {processor.py:153} INFO - Started process (PID=1904) to work on /home/airflow/.local/lib/python3.7/site-packages/airflow/example_dags/tutorial.py
[2022-07-23 04:54:43,461] {processor.py:641} INFO - Processing file /home/airflow/.local/lib/python3.7/site-packages/airflow/example_dags/tutorial.py for tasks to queue
[2022-07-23 04:54:43,461] {logging_mixin.py:115} INFO - [2022-07-23 04:54:43,461] {dagbag.py:508} INFO - Filling up the DagBag from /home/airflow/.local/lib/python3.7/site-packages/airflow/example_dags/tutorial.py
[2022-07-23 04:54:43,465] {processor.py:651} INFO - DAG(s) dict_keys(['tutorial']) retrieved from /home/airflow/.local/lib/python3.7/site-packages/airflow/example_dags/tutorial.py
[2022-07-23 04:54:43,487] {logging_mixin.py:115} INFO - [2022-07-23 04:54:43,487] {dag.py:2420} INFO - Sync 1 DAGs
[2022-07-23 04:54:43,505] {logging_mixin.py:115} INFO - [2022-07-23 04:54:43,505] {dag.py:2972} INFO - Setting next_dagrun for tutorial to 2022-07-22T04:54:43.505085+00:00, run_after=2022-07-23T04:54:43.505085+00:00
[2022-07-23 04:54:43,520] {processor.py:161} INFO - Processing /home/airflow/.local/lib/python3.7/site-packages/airflow/example_dags/tutorial.py took 0.062 seconds
[2022-07-23 04:55:14,419] {processor.py:153} INFO - Started process (PID=1965) to work on /home/airflow/.local/lib/python3.7/site-packages/airflow/example_dags/tutorial.py
[2022-07-23 04:55:14,420] {processor.py:641} INFO - Processing file /home/airflow/.local/lib/python3.7/site-packages/airflow/example_dags/tutorial.py for tasks to queue
[2022-07-23 04:55:14,420] {logging_mixin.py:115} INFO - [2022-07-23 04:55:14,420] {dagbag.py:508} INFO - Filling up the DagBag from /home/airflow/.local/lib/python3.7/site-packages/airflow/example_dags/tutorial.py
[2022-07-23 04:55:14,426] {processor.py:651} INFO - DAG(s) dict_keys(['tutorial']) retrieved from /home/airflow/.local/lib/python3.7/site-packages/airflow/example_dags/tutorial.py
[2022-07-23 04:55:14,452] {logging_mixin.py:115} INFO - [2022-07-23 04:55:14,451] {dag.py:2420} INFO - Sync 1 DAGs
[2022-07-23 04:55:14,505] {logging_mixin.py:115} INFO - [2022-07-23 04:55:14,504] {dag.py:2972} INFO - Setting next_dagrun for tutorial to 2022-07-22T04:55:14.503957+00:00, run_after=2022-07-23T04:55:14.503957+00:00
[2022-07-23 04:55:14,523] {processor.py:161} INFO - Processing /home/airflow/.local/lib/python3.7/site-packages/airflow/example_dags/tutorial.py took 0.107 seconds
[2022-07-23 04:55:44,705] {processor.py:153} INFO - Started process (PID=2027) to work on /home/airflow/.local/lib/python3.7/site-packages/airflow/example_dags/tutorial.py
[2022-07-23 04:55:44,706] {processor.py:641} INFO - Processing file /home/airflow/.local/lib/python3.7/site-packages/airflow/example_dags/tutorial.py for tasks to queue
[2022-07-23 04:55:44,706] {logging_mixin.py:115} INFO - [2022-07-23 04:55:44,706] {dagbag.py:508} INFO - Filling up the DagBag from /home/airflow/.local/lib/python3.7/site-packages/airflow/example_dags/tutorial.py
[2022-07-23 04:55:44,710] {processor.py:651} INFO - DAG(s) dict_keys(['tutorial']) retrieved from /home/airflow/.local/lib/python3.7/site-packages/airflow/example_dags/tutorial.py
[2022-07-23 04:55:44,732] {logging_mixin.py:115} INFO - [2022-07-23 04:55:44,732] {dag.py:2420} INFO - Sync 1 DAGs
[2022-07-23 04:55:44,752] {logging_mixin.py:115} INFO - [2022-07-23 04:55:44,752] {dag.py:2972} INFO - Setting next_dagrun for tutorial to 2022-07-22T04:55:44.752118+00:00, run_after=2022-07-23T04:55:44.752118+00:00
[2022-07-23 04:55:44,769] {processor.py:161} INFO - Processing /home/airflow/.local/lib/python3.7/site-packages/airflow/example_dags/tutorial.py took 0.066 seconds
[2022-07-23 04:56:14,887] {processor.py:153} INFO - Started process (PID=2079) to work on /home/airflow/.local/lib/python3.7/site-packages/airflow/example_dags/tutorial.py
[2022-07-23 04:56:14,888] {processor.py:641} INFO - Processing file /home/airflow/.local/lib/python3.7/site-packages/airflow/example_dags/tutorial.py for tasks to queue
[2022-07-23 04:56:14,888] {logging_mixin.py:115} INFO - [2022-07-23 04:56:14,888] {dagbag.py:508} INFO - Filling up the DagBag from /home/airflow/.local/lib/python3.7/site-packages/airflow/example_dags/tutorial.py
[2022-07-23 04:56:14,893] {processor.py:651} INFO - DAG(s) dict_keys(['tutorial']) retrieved from /home/airflow/.local/lib/python3.7/site-packages/airflow/example_dags/tutorial.py
[2022-07-23 04:56:14,922] {logging_mixin.py:115} INFO - [2022-07-23 04:56:14,922] {dag.py:2420} INFO - Sync 1 DAGs
[2022-07-23 04:56:14,950] {logging_mixin.py:115} INFO - [2022-07-23 04:56:14,949] {dag.py:2972} INFO - Setting next_dagrun for tutorial to 2022-07-22T04:56:14.949560+00:00, run_after=2022-07-23T04:56:14.949560+00:00
[2022-07-23 04:56:14,976] {processor.py:161} INFO - Processing /home/airflow/.local/lib/python3.7/site-packages/airflow/example_dags/tutorial.py took 0.091 seconds
[2022-07-23 04:56:45,063] {processor.py:153} INFO - Started process (PID=2140) to work on /home/airflow/.local/lib/python3.7/site-packages/airflow/example_dags/tutorial.py
[2022-07-23 04:56:45,064] {processor.py:641} INFO - Processing file /home/airflow/.local/lib/python3.7/site-packages/airflow/example_dags/tutorial.py for tasks to queue
[2022-07-23 04:56:45,064] {logging_mixin.py:115} INFO - [2022-07-23 04:56:45,064] {dagbag.py:508} INFO - Filling up the DagBag from /home/airflow/.local/lib/python3.7/site-packages/airflow/example_dags/tutorial.py
[2022-07-23 04:56:45,068] {processor.py:651} INFO - DAG(s) dict_keys(['tutorial']) retrieved from /home/airflow/.local/lib/python3.7/site-packages/airflow/example_dags/tutorial.py
[2022-07-23 04:56:45,092] {logging_mixin.py:115} INFO - [2022-07-23 04:56:45,092] {dag.py:2420} INFO - Sync 1 DAGs
[2022-07-23 04:56:45,111] {logging_mixin.py:115} INFO - [2022-07-23 04:56:45,111] {dag.py:2972} INFO - Setting next_dagrun for tutorial to 2022-07-22T04:56:45.111266+00:00, run_after=2022-07-23T04:56:45.111266+00:00
[2022-07-23 04:56:45,128] {processor.py:161} INFO - Processing /home/airflow/.local/lib/python3.7/site-packages/airflow/example_dags/tutorial.py took 0.068 seconds
[2022-07-23 04:57:15,166] {processor.py:153} INFO - Started process (PID=2200) to work on /home/airflow/.local/lib/python3.7/site-packages/airflow/example_dags/tutorial.py
[2022-07-23 04:57:15,167] {processor.py:641} INFO - Processing file /home/airflow/.local/lib/python3.7/site-packages/airflow/example_dags/tutorial.py for tasks to queue
[2022-07-23 04:57:15,167] {logging_mixin.py:115} INFO - [2022-07-23 04:57:15,167] {dagbag.py:508} INFO - Filling up the DagBag from /home/airflow/.local/lib/python3.7/site-packages/airflow/example_dags/tutorial.py
[2022-07-23 04:57:15,171] {processor.py:651} INFO - DAG(s) dict_keys(['tutorial']) retrieved from /home/airflow/.local/lib/python3.7/site-packages/airflow/example_dags/tutorial.py
[2022-07-23 04:57:15,194] {logging_mixin.py:115} INFO - [2022-07-23 04:57:15,194] {dag.py:2420} INFO - Sync 1 DAGs
[2022-07-23 04:57:15,212] {logging_mixin.py:115} INFO - [2022-07-23 04:57:15,212] {dag.py:2972} INFO - Setting next_dagrun for tutorial to 2022-07-22T04:57:15.212401+00:00, run_after=2022-07-23T04:57:15.212401+00:00
[2022-07-23 04:57:15,232] {processor.py:161} INFO - Processing /home/airflow/.local/lib/python3.7/site-packages/airflow/example_dags/tutorial.py took 0.068 seconds
[2022-07-23 04:57:45,444] {processor.py:153} INFO - Started process (PID=2252) to work on /home/airflow/.local/lib/python3.7/site-packages/airflow/example_dags/tutorial.py
[2022-07-23 04:57:45,444] {processor.py:641} INFO - Processing file /home/airflow/.local/lib/python3.7/site-packages/airflow/example_dags/tutorial.py for tasks to queue
[2022-07-23 04:57:45,445] {logging_mixin.py:115} INFO - [2022-07-23 04:57:45,445] {dagbag.py:508} INFO - Filling up the DagBag from /home/airflow/.local/lib/python3.7/site-packages/airflow/example_dags/tutorial.py
[2022-07-23 04:57:45,449] {processor.py:651} INFO - DAG(s) dict_keys(['tutorial']) retrieved from /home/airflow/.local/lib/python3.7/site-packages/airflow/example_dags/tutorial.py
[2022-07-23 04:57:45,476] {logging_mixin.py:115} INFO - [2022-07-23 04:57:45,476] {dag.py:2420} INFO - Sync 1 DAGs
[2022-07-23 04:57:45,501] {logging_mixin.py:115} INFO - [2022-07-23 04:57:45,501] {dag.py:2972} INFO - Setting next_dagrun for tutorial to 2022-07-22T04:57:45.501429+00:00, run_after=2022-07-23T04:57:45.501429+00:00
[2022-07-23 04:57:45,520] {processor.py:161} INFO - Processing /home/airflow/.local/lib/python3.7/site-packages/airflow/example_dags/tutorial.py took 0.078 seconds
[2022-07-23 04:58:16,583] {processor.py:153} INFO - Started process (PID=2314) to work on /home/airflow/.local/lib/python3.7/site-packages/airflow/example_dags/tutorial.py
[2022-07-23 04:58:16,584] {processor.py:641} INFO - Processing file /home/airflow/.local/lib/python3.7/site-packages/airflow/example_dags/tutorial.py for tasks to queue
[2022-07-23 04:58:16,584] {logging_mixin.py:115} INFO - [2022-07-23 04:58:16,584] {dagbag.py:508} INFO - Filling up the DagBag from /home/airflow/.local/lib/python3.7/site-packages/airflow/example_dags/tutorial.py
[2022-07-23 04:58:16,588] {processor.py:651} INFO - DAG(s) dict_keys(['tutorial']) retrieved from /home/airflow/.local/lib/python3.7/site-packages/airflow/example_dags/tutorial.py
[2022-07-23 04:58:16,611] {logging_mixin.py:115} INFO - [2022-07-23 04:58:16,611] {dag.py:2420} INFO - Sync 1 DAGs
[2022-07-23 04:58:16,631] {logging_mixin.py:115} INFO - [2022-07-23 04:58:16,631] {dag.py:2972} INFO - Setting next_dagrun for tutorial to 2022-07-22T04:58:16.630969+00:00, run_after=2022-07-23T04:58:16.630969+00:00
[2022-07-23 04:58:16,645] {processor.py:161} INFO - Processing /home/airflow/.local/lib/python3.7/site-packages/airflow/example_dags/tutorial.py took 0.064 seconds
[2022-07-23 04:58:47,404] {processor.py:153} INFO - Started process (PID=2375) to work on /home/airflow/.local/lib/python3.7/site-packages/airflow/example_dags/tutorial.py
[2022-07-23 04:58:47,405] {processor.py:641} INFO - Processing file /home/airflow/.local/lib/python3.7/site-packages/airflow/example_dags/tutorial.py for tasks to queue
[2022-07-23 04:58:47,405] {logging_mixin.py:115} INFO - [2022-07-23 04:58:47,405] {dagbag.py:508} INFO - Filling up the DagBag from /home/airflow/.local/lib/python3.7/site-packages/airflow/example_dags/tutorial.py
[2022-07-23 04:58:47,410] {processor.py:651} INFO - DAG(s) dict_keys(['tutorial']) retrieved from /home/airflow/.local/lib/python3.7/site-packages/airflow/example_dags/tutorial.py
[2022-07-23 04:58:47,430] {logging_mixin.py:115} INFO - [2022-07-23 04:58:47,430] {dag.py:2420} INFO - Sync 1 DAGs
[2022-07-23 04:58:47,447] {logging_mixin.py:115} INFO - [2022-07-23 04:58:47,447] {dag.py:2972} INFO - Setting next_dagrun for tutorial to 2022-07-22T04:58:47.447684+00:00, run_after=2022-07-23T04:58:47.447684+00:00
[2022-07-23 04:58:47,463] {processor.py:161} INFO - Processing /home/airflow/.local/lib/python3.7/site-packages/airflow/example_dags/tutorial.py took 0.061 seconds
[2022-07-23 04:59:18,308] {processor.py:153} INFO - Started process (PID=2437) to work on /home/airflow/.local/lib/python3.7/site-packages/airflow/example_dags/tutorial.py
[2022-07-23 04:59:18,308] {processor.py:641} INFO - Processing file /home/airflow/.local/lib/python3.7/site-packages/airflow/example_dags/tutorial.py for tasks to queue
[2022-07-23 04:59:18,309] {logging_mixin.py:115} INFO - [2022-07-23 04:59:18,309] {dagbag.py:508} INFO - Filling up the DagBag from /home/airflow/.local/lib/python3.7/site-packages/airflow/example_dags/tutorial.py
[2022-07-23 04:59:18,314] {processor.py:651} INFO - DAG(s) dict_keys(['tutorial']) retrieved from /home/airflow/.local/lib/python3.7/site-packages/airflow/example_dags/tutorial.py
[2022-07-23 04:59:18,339] {logging_mixin.py:115} INFO - [2022-07-23 04:59:18,339] {dag.py:2420} INFO - Sync 1 DAGs
[2022-07-23 04:59:18,361] {logging_mixin.py:115} INFO - [2022-07-23 04:59:18,360] {dag.py:2972} INFO - Setting next_dagrun for tutorial to 2022-07-22T04:59:18.360732+00:00, run_after=2022-07-23T04:59:18.360732+00:00
[2022-07-23 04:59:18,375] {processor.py:161} INFO - Processing /home/airflow/.local/lib/python3.7/site-packages/airflow/example_dags/tutorial.py took 0.070 seconds
[2022-07-23 04:59:49,228] {processor.py:153} INFO - Started process (PID=2489) to work on /home/airflow/.local/lib/python3.7/site-packages/airflow/example_dags/tutorial.py
[2022-07-23 04:59:49,229] {processor.py:641} INFO - Processing file /home/airflow/.local/lib/python3.7/site-packages/airflow/example_dags/tutorial.py for tasks to queue
[2022-07-23 04:59:49,229] {logging_mixin.py:115} INFO - [2022-07-23 04:59:49,229] {dagbag.py:508} INFO - Filling up the DagBag from /home/airflow/.local/lib/python3.7/site-packages/airflow/example_dags/tutorial.py
[2022-07-23 04:59:49,234] {processor.py:651} INFO - DAG(s) dict_keys(['tutorial']) retrieved from /home/airflow/.local/lib/python3.7/site-packages/airflow/example_dags/tutorial.py
[2022-07-23 04:59:49,258] {logging_mixin.py:115} INFO - [2022-07-23 04:59:49,257] {dag.py:2420} INFO - Sync 1 DAGs
[2022-07-23 04:59:49,280] {logging_mixin.py:115} INFO - [2022-07-23 04:59:49,280] {dag.py:2972} INFO - Setting next_dagrun for tutorial to 2022-07-22T04:59:49.279375+00:00, run_after=2022-07-23T04:59:49.279375+00:00
[2022-07-23 04:59:49,297] {processor.py:161} INFO - Processing /home/airflow/.local/lib/python3.7/site-packages/airflow/example_dags/tutorial.py took 0.072 seconds
[2022-07-23 05:00:20,104] {processor.py:153} INFO - Started process (PID=2550) to work on /home/airflow/.local/lib/python3.7/site-packages/airflow/example_dags/tutorial.py
[2022-07-23 05:00:20,104] {processor.py:641} INFO - Processing file /home/airflow/.local/lib/python3.7/site-packages/airflow/example_dags/tutorial.py for tasks to queue
[2022-07-23 05:00:20,104] {logging_mixin.py:115} INFO - [2022-07-23 05:00:20,104] {dagbag.py:508} INFO - Filling up the DagBag from /home/airflow/.local/lib/python3.7/site-packages/airflow/example_dags/tutorial.py
[2022-07-23 05:00:20,109] {processor.py:651} INFO - DAG(s) dict_keys(['tutorial']) retrieved from /home/airflow/.local/lib/python3.7/site-packages/airflow/example_dags/tutorial.py
[2022-07-23 05:00:20,132] {logging_mixin.py:115} INFO - [2022-07-23 05:00:20,132] {dag.py:2420} INFO - Sync 1 DAGs
[2022-07-23 05:00:20,152] {logging_mixin.py:115} INFO - [2022-07-23 05:00:20,152] {dag.py:2972} INFO - Setting next_dagrun for tutorial to 2022-07-22T05:00:20.152331+00:00, run_after=2022-07-23T05:00:20.152331+00:00
[2022-07-23 05:00:20,169] {processor.py:161} INFO - Processing /home/airflow/.local/lib/python3.7/site-packages/airflow/example_dags/tutorial.py took 0.068 seconds
[2022-07-23 05:00:50,697] {processor.py:153} INFO - Started process (PID=2611) to work on /home/airflow/.local/lib/python3.7/site-packages/airflow/example_dags/tutorial.py
[2022-07-23 05:00:50,698] {processor.py:641} INFO - Processing file /home/airflow/.local/lib/python3.7/site-packages/airflow/example_dags/tutorial.py for tasks to queue
[2022-07-23 05:00:50,698] {logging_mixin.py:115} INFO - [2022-07-23 05:00:50,698] {dagbag.py:508} INFO - Filling up the DagBag from /home/airflow/.local/lib/python3.7/site-packages/airflow/example_dags/tutorial.py
[2022-07-23 05:00:50,702] {processor.py:651} INFO - DAG(s) dict_keys(['tutorial']) retrieved from /home/airflow/.local/lib/python3.7/site-packages/airflow/example_dags/tutorial.py
[2022-07-23 05:00:50,722] {logging_mixin.py:115} INFO - [2022-07-23 05:00:50,722] {dag.py:2420} INFO - Sync 1 DAGs
[2022-07-23 05:00:50,739] {logging_mixin.py:115} INFO - [2022-07-23 05:00:50,739] {dag.py:2972} INFO - Setting next_dagrun for tutorial to 2022-07-22T05:00:50.739621+00:00, run_after=2022-07-23T05:00:50.739621+00:00
[2022-07-23 05:00:50,754] {processor.py:161} INFO - Processing /home/airflow/.local/lib/python3.7/site-packages/airflow/example_dags/tutorial.py took 0.059 seconds
[2022-07-23 05:01:21,292] {processor.py:153} INFO - Started process (PID=2663) to work on /home/airflow/.local/lib/python3.7/site-packages/airflow/example_dags/tutorial.py
[2022-07-23 05:01:21,292] {processor.py:641} INFO - Processing file /home/airflow/.local/lib/python3.7/site-packages/airflow/example_dags/tutorial.py for tasks to queue
[2022-07-23 05:01:21,293] {logging_mixin.py:115} INFO - [2022-07-23 05:01:21,292] {dagbag.py:508} INFO - Filling up the DagBag from /home/airflow/.local/lib/python3.7/site-packages/airflow/example_dags/tutorial.py
[2022-07-23 05:01:21,297] {processor.py:651} INFO - DAG(s) dict_keys(['tutorial']) retrieved from /home/airflow/.local/lib/python3.7/site-packages/airflow/example_dags/tutorial.py
[2022-07-23 05:01:21,319] {logging_mixin.py:115} INFO - [2022-07-23 05:01:21,319] {dag.py:2420} INFO - Sync 1 DAGs
[2022-07-23 05:01:21,338] {logging_mixin.py:115} INFO - [2022-07-23 05:01:21,338] {dag.py:2972} INFO - Setting next_dagrun for tutorial to 2022-07-22T05:01:21.338165+00:00, run_after=2022-07-23T05:01:21.338165+00:00
[2022-07-23 05:01:21,353] {processor.py:161} INFO - Processing /home/airflow/.local/lib/python3.7/site-packages/airflow/example_dags/tutorial.py took 0.064 seconds
[2022-07-23 05:01:51,993] {processor.py:153} INFO - Started process (PID=2724) to work on /home/airflow/.local/lib/python3.7/site-packages/airflow/example_dags/tutorial.py
[2022-07-23 05:01:51,993] {processor.py:641} INFO - Processing file /home/airflow/.local/lib/python3.7/site-packages/airflow/example_dags/tutorial.py for tasks to queue
[2022-07-23 05:01:51,994] {logging_mixin.py:115} INFO - [2022-07-23 05:01:51,994] {dagbag.py:508} INFO - Filling up the DagBag from /home/airflow/.local/lib/python3.7/site-packages/airflow/example_dags/tutorial.py
[2022-07-23 05:01:51,998] {processor.py:651} INFO - DAG(s) dict_keys(['tutorial']) retrieved from /home/airflow/.local/lib/python3.7/site-packages/airflow/example_dags/tutorial.py
[2022-07-23 05:01:52,020] {logging_mixin.py:115} INFO - [2022-07-23 05:01:52,020] {dag.py:2420} INFO - Sync 1 DAGs
[2022-07-23 05:01:52,038] {logging_mixin.py:115} INFO - [2022-07-23 05:01:52,038] {dag.py:2972} INFO - Setting next_dagrun for tutorial to 2022-07-22T05:01:52.038336+00:00, run_after=2022-07-23T05:01:52.038336+00:00
[2022-07-23 05:01:52,053] {processor.py:161} INFO - Processing /home/airflow/.local/lib/python3.7/site-packages/airflow/example_dags/tutorial.py took 0.062 seconds
[2022-07-23 05:02:22,756] {processor.py:153} INFO - Started process (PID=2785) to work on /home/airflow/.local/lib/python3.7/site-packages/airflow/example_dags/tutorial.py
[2022-07-23 05:02:22,756] {processor.py:641} INFO - Processing file /home/airflow/.local/lib/python3.7/site-packages/airflow/example_dags/tutorial.py for tasks to queue
[2022-07-23 05:02:22,757] {logging_mixin.py:115} INFO - [2022-07-23 05:02:22,757] {dagbag.py:508} INFO - Filling up the DagBag from /home/airflow/.local/lib/python3.7/site-packages/airflow/example_dags/tutorial.py
[2022-07-23 05:02:22,761] {processor.py:651} INFO - DAG(s) dict_keys(['tutorial']) retrieved from /home/airflow/.local/lib/python3.7/site-packages/airflow/example_dags/tutorial.py
[2022-07-23 05:02:22,783] {logging_mixin.py:115} INFO - [2022-07-23 05:02:22,783] {dag.py:2420} INFO - Sync 1 DAGs
[2022-07-23 05:02:22,801] {logging_mixin.py:115} INFO - [2022-07-23 05:02:22,801] {dag.py:2972} INFO - Setting next_dagrun for tutorial to 2022-07-22T05:02:22.801610+00:00, run_after=2022-07-23T05:02:22.801610+00:00
[2022-07-23 05:02:22,818] {processor.py:161} INFO - Processing /home/airflow/.local/lib/python3.7/site-packages/airflow/example_dags/tutorial.py took 0.065 seconds
[2022-07-23 05:02:53,707] {processor.py:153} INFO - Started process (PID=2838) to work on /home/airflow/.local/lib/python3.7/site-packages/airflow/example_dags/tutorial.py
[2022-07-23 05:02:53,708] {processor.py:641} INFO - Processing file /home/airflow/.local/lib/python3.7/site-packages/airflow/example_dags/tutorial.py for tasks to queue
[2022-07-23 05:02:53,708] {logging_mixin.py:115} INFO - [2022-07-23 05:02:53,708] {dagbag.py:508} INFO - Filling up the DagBag from /home/airflow/.local/lib/python3.7/site-packages/airflow/example_dags/tutorial.py
[2022-07-23 05:02:53,713] {processor.py:651} INFO - DAG(s) dict_keys(['tutorial']) retrieved from /home/airflow/.local/lib/python3.7/site-packages/airflow/example_dags/tutorial.py
[2022-07-23 05:02:53,738] {logging_mixin.py:115} INFO - [2022-07-23 05:02:53,738] {dag.py:2420} INFO - Sync 1 DAGs
[2022-07-23 05:02:53,759] {logging_mixin.py:115} INFO - [2022-07-23 05:02:53,759] {dag.py:2972} INFO - Setting next_dagrun for tutorial to 2022-07-22T05:02:53.759468+00:00, run_after=2022-07-23T05:02:53.759468+00:00
[2022-07-23 05:02:53,776] {processor.py:161} INFO - Processing /home/airflow/.local/lib/python3.7/site-packages/airflow/example_dags/tutorial.py took 0.071 seconds
[2022-07-23 05:03:24,618] {processor.py:153} INFO - Started process (PID=2899) to work on /home/airflow/.local/lib/python3.7/site-packages/airflow/example_dags/tutorial.py
[2022-07-23 05:03:24,619] {processor.py:641} INFO - Processing file /home/airflow/.local/lib/python3.7/site-packages/airflow/example_dags/tutorial.py for tasks to queue
[2022-07-23 05:03:24,619] {logging_mixin.py:115} INFO - [2022-07-23 05:03:24,619] {dagbag.py:508} INFO - Filling up the DagBag from /home/airflow/.local/lib/python3.7/site-packages/airflow/example_dags/tutorial.py
[2022-07-23 05:03:24,624] {processor.py:651} INFO - DAG(s) dict_keys(['tutorial']) retrieved from /home/airflow/.local/lib/python3.7/site-packages/airflow/example_dags/tutorial.py
[2022-07-23 05:03:24,652] {logging_mixin.py:115} INFO - [2022-07-23 05:03:24,652] {dag.py:2420} INFO - Sync 1 DAGs
[2022-07-23 05:03:24,677] {logging_mixin.py:115} INFO - [2022-07-23 05:03:24,677] {dag.py:2972} INFO - Setting next_dagrun for tutorial to 2022-07-22T05:03:24.676872+00:00, run_after=2022-07-23T05:03:24.676872+00:00
[2022-07-23 05:03:24,696] {processor.py:161} INFO - Processing /home/airflow/.local/lib/python3.7/site-packages/airflow/example_dags/tutorial.py took 0.080 seconds
[2022-07-23 05:03:55,708] {processor.py:153} INFO - Started process (PID=2960) to work on /home/airflow/.local/lib/python3.7/site-packages/airflow/example_dags/tutorial.py
[2022-07-23 05:03:55,708] {processor.py:641} INFO - Processing file /home/airflow/.local/lib/python3.7/site-packages/airflow/example_dags/tutorial.py for tasks to queue
[2022-07-23 05:03:55,709] {logging_mixin.py:115} INFO - [2022-07-23 05:03:55,709] {dagbag.py:508} INFO - Filling up the DagBag from /home/airflow/.local/lib/python3.7/site-packages/airflow/example_dags/tutorial.py
[2022-07-23 05:03:55,713] {processor.py:651} INFO - DAG(s) dict_keys(['tutorial']) retrieved from /home/airflow/.local/lib/python3.7/site-packages/airflow/example_dags/tutorial.py
[2022-07-23 05:03:55,736] {logging_mixin.py:115} INFO - [2022-07-23 05:03:55,736] {dag.py:2420} INFO - Sync 1 DAGs
[2022-07-23 05:03:55,754] {logging_mixin.py:115} INFO - [2022-07-23 05:03:55,754] {dag.py:2972} INFO - Setting next_dagrun for tutorial to 2022-07-22T05:03:55.754166+00:00, run_after=2022-07-23T05:03:55.754166+00:00
[2022-07-23 05:03:55,769] {processor.py:161} INFO - Processing /home/airflow/.local/lib/python3.7/site-packages/airflow/example_dags/tutorial.py took 0.064 seconds
[2022-07-23 05:04:26,538] {processor.py:153} INFO - Started process (PID=3021) to work on /home/airflow/.local/lib/python3.7/site-packages/airflow/example_dags/tutorial.py
[2022-07-23 05:04:26,557] {processor.py:641} INFO - Processing file /home/airflow/.local/lib/python3.7/site-packages/airflow/example_dags/tutorial.py for tasks to queue
[2022-07-23 05:04:26,558] {logging_mixin.py:115} INFO - [2022-07-23 05:04:26,558] {dagbag.py:508} INFO - Filling up the DagBag from /home/airflow/.local/lib/python3.7/site-packages/airflow/example_dags/tutorial.py
[2022-07-23 05:04:26,564] {processor.py:651} INFO - DAG(s) dict_keys(['tutorial']) retrieved from /home/airflow/.local/lib/python3.7/site-packages/airflow/example_dags/tutorial.py
[2022-07-23 05:04:26,595] {logging_mixin.py:115} INFO - [2022-07-23 05:04:26,595] {dag.py:2420} INFO - Sync 1 DAGs
[2022-07-23 05:04:26,622] {logging_mixin.py:115} INFO - [2022-07-23 05:04:26,622] {dag.py:2972} INFO - Setting next_dagrun for tutorial to 2022-07-22T05:04:26.622083+00:00, run_after=2022-07-23T05:04:26.622083+00:00
[2022-07-23 05:04:26,646] {processor.py:161} INFO - Processing /home/airflow/.local/lib/python3.7/site-packages/airflow/example_dags/tutorial.py took 0.111 seconds
[2022-07-23 05:04:57,168] {processor.py:153} INFO - Started process (PID=3073) to work on /home/airflow/.local/lib/python3.7/site-packages/airflow/example_dags/tutorial.py
[2022-07-23 05:04:57,169] {processor.py:641} INFO - Processing file /home/airflow/.local/lib/python3.7/site-packages/airflow/example_dags/tutorial.py for tasks to queue
[2022-07-23 05:04:57,169] {logging_mixin.py:115} INFO - [2022-07-23 05:04:57,169] {dagbag.py:508} INFO - Filling up the DagBag from /home/airflow/.local/lib/python3.7/site-packages/airflow/example_dags/tutorial.py
[2022-07-23 05:04:57,174] {processor.py:651} INFO - DAG(s) dict_keys(['tutorial']) retrieved from /home/airflow/.local/lib/python3.7/site-packages/airflow/example_dags/tutorial.py
[2022-07-23 05:04:57,197] {logging_mixin.py:115} INFO - [2022-07-23 05:04:57,197] {dag.py:2420} INFO - Sync 1 DAGs
[2022-07-23 05:04:57,218] {logging_mixin.py:115} INFO - [2022-07-23 05:04:57,217] {dag.py:2972} INFO - Setting next_dagrun for tutorial to 2022-07-22T05:04:57.217679+00:00, run_after=2022-07-23T05:04:57.217679+00:00
[2022-07-23 05:04:57,234] {processor.py:161} INFO - Processing /home/airflow/.local/lib/python3.7/site-packages/airflow/example_dags/tutorial.py took 0.068 seconds
[2022-07-23 05:05:27,693] {processor.py:153} INFO - Started process (PID=3134) to work on /home/airflow/.local/lib/python3.7/site-packages/airflow/example_dags/tutorial.py
[2022-07-23 05:05:27,694] {processor.py:641} INFO - Processing file /home/airflow/.local/lib/python3.7/site-packages/airflow/example_dags/tutorial.py for tasks to queue
[2022-07-23 05:05:27,694] {logging_mixin.py:115} INFO - [2022-07-23 05:05:27,694] {dagbag.py:508} INFO - Filling up the DagBag from /home/airflow/.local/lib/python3.7/site-packages/airflow/example_dags/tutorial.py
[2022-07-23 05:05:27,698] {processor.py:651} INFO - DAG(s) dict_keys(['tutorial']) retrieved from /home/airflow/.local/lib/python3.7/site-packages/airflow/example_dags/tutorial.py
[2022-07-23 05:05:27,719] {logging_mixin.py:115} INFO - [2022-07-23 05:05:27,719] {dag.py:2420} INFO - Sync 1 DAGs
[2022-07-23 05:05:27,738] {logging_mixin.py:115} INFO - [2022-07-23 05:05:27,738] {dag.py:2972} INFO - Setting next_dagrun for tutorial to 2022-07-22T05:05:27.738076+00:00, run_after=2022-07-23T05:05:27.738076+00:00
[2022-07-23 05:05:27,753] {processor.py:161} INFO - Processing /home/airflow/.local/lib/python3.7/site-packages/airflow/example_dags/tutorial.py took 0.063 seconds
[2022-07-23 05:05:58,268] {processor.py:153} INFO - Started process (PID=3186) to work on /home/airflow/.local/lib/python3.7/site-packages/airflow/example_dags/tutorial.py
[2022-07-23 05:05:58,268] {processor.py:641} INFO - Processing file /home/airflow/.local/lib/python3.7/site-packages/airflow/example_dags/tutorial.py for tasks to queue
[2022-07-23 05:05:58,269] {logging_mixin.py:115} INFO - [2022-07-23 05:05:58,269] {dagbag.py:508} INFO - Filling up the DagBag from /home/airflow/.local/lib/python3.7/site-packages/airflow/example_dags/tutorial.py
[2022-07-23 05:05:58,274] {processor.py:651} INFO - DAG(s) dict_keys(['tutorial']) retrieved from /home/airflow/.local/lib/python3.7/site-packages/airflow/example_dags/tutorial.py
[2022-07-23 05:05:58,322] {logging_mixin.py:115} INFO - [2022-07-23 05:05:58,322] {dag.py:2420} INFO - Sync 1 DAGs
[2022-07-23 05:05:58,343] {logging_mixin.py:115} INFO - [2022-07-23 05:05:58,342] {dag.py:2972} INFO - Setting next_dagrun for tutorial to 2022-07-22T05:05:58.342704+00:00, run_after=2022-07-23T05:05:58.342704+00:00
[2022-07-23 05:05:58,361] {processor.py:161} INFO - Processing /home/airflow/.local/lib/python3.7/site-packages/airflow/example_dags/tutorial.py took 0.096 seconds
[2022-07-23 05:06:28,812] {processor.py:153} INFO - Started process (PID=3248) to work on /home/airflow/.local/lib/python3.7/site-packages/airflow/example_dags/tutorial.py
[2022-07-23 05:06:28,813] {processor.py:641} INFO - Processing file /home/airflow/.local/lib/python3.7/site-packages/airflow/example_dags/tutorial.py for tasks to queue
[2022-07-23 05:06:28,813] {logging_mixin.py:115} INFO - [2022-07-23 05:06:28,813] {dagbag.py:508} INFO - Filling up the DagBag from /home/airflow/.local/lib/python3.7/site-packages/airflow/example_dags/tutorial.py
[2022-07-23 05:06:28,818] {processor.py:651} INFO - DAG(s) dict_keys(['tutorial']) retrieved from /home/airflow/.local/lib/python3.7/site-packages/airflow/example_dags/tutorial.py
[2022-07-23 05:06:28,847] {logging_mixin.py:115} INFO - [2022-07-23 05:06:28,847] {dag.py:2420} INFO - Sync 1 DAGs
[2022-07-23 05:06:28,874] {logging_mixin.py:115} INFO - [2022-07-23 05:06:28,873] {dag.py:2972} INFO - Setting next_dagrun for tutorial to 2022-07-22T05:06:28.873697+00:00, run_after=2022-07-23T05:06:28.873697+00:00
[2022-07-23 05:06:28,893] {processor.py:161} INFO - Processing /home/airflow/.local/lib/python3.7/site-packages/airflow/example_dags/tutorial.py took 0.084 seconds
[2022-07-23 05:06:59,118] {processor.py:153} INFO - Started process (PID=3309) to work on /home/airflow/.local/lib/python3.7/site-packages/airflow/example_dags/tutorial.py
[2022-07-23 05:06:59,118] {processor.py:641} INFO - Processing file /home/airflow/.local/lib/python3.7/site-packages/airflow/example_dags/tutorial.py for tasks to queue
[2022-07-23 05:06:59,118] {logging_mixin.py:115} INFO - [2022-07-23 05:06:59,118] {dagbag.py:508} INFO - Filling up the DagBag from /home/airflow/.local/lib/python3.7/site-packages/airflow/example_dags/tutorial.py
[2022-07-23 05:06:59,122] {processor.py:651} INFO - DAG(s) dict_keys(['tutorial']) retrieved from /home/airflow/.local/lib/python3.7/site-packages/airflow/example_dags/tutorial.py
[2022-07-23 05:06:59,145] {logging_mixin.py:115} INFO - [2022-07-23 05:06:59,145] {dag.py:2420} INFO - Sync 1 DAGs
[2022-07-23 05:06:59,164] {logging_mixin.py:115} INFO - [2022-07-23 05:06:59,164] {dag.py:2972} INFO - Setting next_dagrun for tutorial to 2022-07-22T05:06:59.164327+00:00, run_after=2022-07-23T05:06:59.164327+00:00
[2022-07-23 05:06:59,186] {processor.py:161} INFO - Processing /home/airflow/.local/lib/python3.7/site-packages/airflow/example_dags/tutorial.py took 0.071 seconds
[2022-07-23 05:07:29,745] {processor.py:153} INFO - Started process (PID=3361) to work on /home/airflow/.local/lib/python3.7/site-packages/airflow/example_dags/tutorial.py
[2022-07-23 05:07:29,751] {processor.py:641} INFO - Processing file /home/airflow/.local/lib/python3.7/site-packages/airflow/example_dags/tutorial.py for tasks to queue
[2022-07-23 05:07:29,751] {logging_mixin.py:115} INFO - [2022-07-23 05:07:29,751] {dagbag.py:508} INFO - Filling up the DagBag from /home/airflow/.local/lib/python3.7/site-packages/airflow/example_dags/tutorial.py
[2022-07-23 05:07:29,757] {processor.py:651} INFO - DAG(s) dict_keys(['tutorial']) retrieved from /home/airflow/.local/lib/python3.7/site-packages/airflow/example_dags/tutorial.py
[2022-07-23 05:07:29,790] {logging_mixin.py:115} INFO - [2022-07-23 05:07:29,790] {dag.py:2420} INFO - Sync 1 DAGs
[2022-07-23 05:07:29,808] {logging_mixin.py:115} INFO - [2022-07-23 05:07:29,808] {dag.py:2972} INFO - Setting next_dagrun for tutorial to 2022-07-22T05:07:29.807959+00:00, run_after=2022-07-23T05:07:29.807959+00:00
[2022-07-23 05:07:29,835] {processor.py:161} INFO - Processing /home/airflow/.local/lib/python3.7/site-packages/airflow/example_dags/tutorial.py took 0.093 seconds
[2022-07-23 05:08:00,569] {processor.py:153} INFO - Started process (PID=3422) to work on /home/airflow/.local/lib/python3.7/site-packages/airflow/example_dags/tutorial.py
[2022-07-23 05:08:00,570] {processor.py:641} INFO - Processing file /home/airflow/.local/lib/python3.7/site-packages/airflow/example_dags/tutorial.py for tasks to queue
[2022-07-23 05:08:00,571] {logging_mixin.py:115} INFO - [2022-07-23 05:08:00,570] {dagbag.py:508} INFO - Filling up the DagBag from /home/airflow/.local/lib/python3.7/site-packages/airflow/example_dags/tutorial.py
[2022-07-23 05:08:00,575] {processor.py:651} INFO - DAG(s) dict_keys(['tutorial']) retrieved from /home/airflow/.local/lib/python3.7/site-packages/airflow/example_dags/tutorial.py
[2022-07-23 05:08:00,598] {logging_mixin.py:115} INFO - [2022-07-23 05:08:00,598] {dag.py:2420} INFO - Sync 1 DAGs
[2022-07-23 05:08:00,622] {logging_mixin.py:115} INFO - [2022-07-23 05:08:00,622] {dag.py:2972} INFO - Setting next_dagrun for tutorial to 2022-07-22T05:08:00.622244+00:00, run_after=2022-07-23T05:08:00.622244+00:00
[2022-07-23 05:08:00,640] {processor.py:161} INFO - Processing /home/airflow/.local/lib/python3.7/site-packages/airflow/example_dags/tutorial.py took 0.073 seconds
[2022-07-23 05:08:31,073] {processor.py:153} INFO - Started process (PID=3483) to work on /home/airflow/.local/lib/python3.7/site-packages/airflow/example_dags/tutorial.py
[2022-07-23 05:08:31,074] {processor.py:641} INFO - Processing file /home/airflow/.local/lib/python3.7/site-packages/airflow/example_dags/tutorial.py for tasks to queue
[2022-07-23 05:08:31,075] {logging_mixin.py:115} INFO - [2022-07-23 05:08:31,074] {dagbag.py:508} INFO - Filling up the DagBag from /home/airflow/.local/lib/python3.7/site-packages/airflow/example_dags/tutorial.py
[2022-07-23 05:08:31,081] {processor.py:651} INFO - DAG(s) dict_keys(['tutorial']) retrieved from /home/airflow/.local/lib/python3.7/site-packages/airflow/example_dags/tutorial.py
[2022-07-23 05:08:31,112] {logging_mixin.py:115} INFO - [2022-07-23 05:08:31,112] {dag.py:2420} INFO - Sync 1 DAGs
[2022-07-23 05:08:31,164] {logging_mixin.py:115} INFO - [2022-07-23 05:08:31,164] {dag.py:2972} INFO - Setting next_dagrun for tutorial to 2022-07-22T05:08:31.164074+00:00, run_after=2022-07-23T05:08:31.164074+00:00
[2022-07-23 05:08:31,196] {processor.py:161} INFO - Processing /home/airflow/.local/lib/python3.7/site-packages/airflow/example_dags/tutorial.py took 0.130 seconds
[2022-07-23 05:09:01,617] {processor.py:153} INFO - Started process (PID=3535) to work on /home/airflow/.local/lib/python3.7/site-packages/airflow/example_dags/tutorial.py
[2022-07-23 05:09:01,618] {processor.py:641} INFO - Processing file /home/airflow/.local/lib/python3.7/site-packages/airflow/example_dags/tutorial.py for tasks to queue
[2022-07-23 05:09:01,619] {logging_mixin.py:115} INFO - [2022-07-23 05:09:01,619] {dagbag.py:508} INFO - Filling up the DagBag from /home/airflow/.local/lib/python3.7/site-packages/airflow/example_dags/tutorial.py
[2022-07-23 05:09:01,625] {processor.py:651} INFO - DAG(s) dict_keys(['tutorial']) retrieved from /home/airflow/.local/lib/python3.7/site-packages/airflow/example_dags/tutorial.py
[2022-07-23 05:09:01,654] {logging_mixin.py:115} INFO - [2022-07-23 05:09:01,654] {dag.py:2420} INFO - Sync 1 DAGs
[2022-07-23 05:09:01,684] {logging_mixin.py:115} INFO - [2022-07-23 05:09:01,684] {dag.py:2972} INFO - Setting next_dagrun for tutorial to 2022-07-22T05:09:01.683859+00:00, run_after=2022-07-23T05:09:01.683859+00:00
[2022-07-23 05:09:01,705] {processor.py:161} INFO - Processing /home/airflow/.local/lib/python3.7/site-packages/airflow/example_dags/tutorial.py took 0.090 seconds
[2022-07-23 05:09:32,374] {processor.py:153} INFO - Started process (PID=3596) to work on /home/airflow/.local/lib/python3.7/site-packages/airflow/example_dags/tutorial.py
[2022-07-23 05:09:32,374] {processor.py:641} INFO - Processing file /home/airflow/.local/lib/python3.7/site-packages/airflow/example_dags/tutorial.py for tasks to queue
[2022-07-23 05:09:32,375] {logging_mixin.py:115} INFO - [2022-07-23 05:09:32,375] {dagbag.py:508} INFO - Filling up the DagBag from /home/airflow/.local/lib/python3.7/site-packages/airflow/example_dags/tutorial.py
[2022-07-23 05:09:32,379] {processor.py:651} INFO - DAG(s) dict_keys(['tutorial']) retrieved from /home/airflow/.local/lib/python3.7/site-packages/airflow/example_dags/tutorial.py
[2022-07-23 05:09:32,401] {logging_mixin.py:115} INFO - [2022-07-23 05:09:32,401] {dag.py:2420} INFO - Sync 1 DAGs
[2022-07-23 05:09:32,420] {logging_mixin.py:115} INFO - [2022-07-23 05:09:32,420] {dag.py:2972} INFO - Setting next_dagrun for tutorial to 2022-07-22T05:09:32.420483+00:00, run_after=2022-07-23T05:09:32.420483+00:00
[2022-07-23 05:09:32,437] {processor.py:161} INFO - Processing /home/airflow/.local/lib/python3.7/site-packages/airflow/example_dags/tutorial.py took 0.066 seconds
[2022-07-23 05:10:02,737] {processor.py:153} INFO - Started process (PID=3648) to work on /home/airflow/.local/lib/python3.7/site-packages/airflow/example_dags/tutorial.py
[2022-07-23 05:10:02,738] {processor.py:641} INFO - Processing file /home/airflow/.local/lib/python3.7/site-packages/airflow/example_dags/tutorial.py for tasks to queue
[2022-07-23 05:10:02,738] {logging_mixin.py:115} INFO - [2022-07-23 05:10:02,738] {dagbag.py:508} INFO - Filling up the DagBag from /home/airflow/.local/lib/python3.7/site-packages/airflow/example_dags/tutorial.py
[2022-07-23 05:10:02,745] {processor.py:651} INFO - DAG(s) dict_keys(['tutorial']) retrieved from /home/airflow/.local/lib/python3.7/site-packages/airflow/example_dags/tutorial.py
[2022-07-23 05:10:02,783] {logging_mixin.py:115} INFO - [2022-07-23 05:10:02,783] {dag.py:2420} INFO - Sync 1 DAGs
[2022-07-23 05:10:02,810] {logging_mixin.py:115} INFO - [2022-07-23 05:10:02,810] {dag.py:2972} INFO - Setting next_dagrun for tutorial to 2022-07-22T05:10:02.809857+00:00, run_after=2022-07-23T05:10:02.809857+00:00
[2022-07-23 05:10:02,831] {processor.py:161} INFO - Processing /home/airflow/.local/lib/python3.7/site-packages/airflow/example_dags/tutorial.py took 0.097 seconds
[2022-07-23 05:10:32,894] {processor.py:153} INFO - Started process (PID=3709) to work on /home/airflow/.local/lib/python3.7/site-packages/airflow/example_dags/tutorial.py
[2022-07-23 05:10:32,894] {processor.py:641} INFO - Processing file /home/airflow/.local/lib/python3.7/site-packages/airflow/example_dags/tutorial.py for tasks to queue
[2022-07-23 05:10:32,895] {logging_mixin.py:115} INFO - [2022-07-23 05:10:32,894] {dagbag.py:508} INFO - Filling up the DagBag from /home/airflow/.local/lib/python3.7/site-packages/airflow/example_dags/tutorial.py
[2022-07-23 05:10:32,899] {processor.py:651} INFO - DAG(s) dict_keys(['tutorial']) retrieved from /home/airflow/.local/lib/python3.7/site-packages/airflow/example_dags/tutorial.py
[2022-07-23 05:10:32,921] {logging_mixin.py:115} INFO - [2022-07-23 05:10:32,921] {dag.py:2420} INFO - Sync 1 DAGs
[2022-07-23 05:10:32,942] {logging_mixin.py:115} INFO - [2022-07-23 05:10:32,942] {dag.py:2972} INFO - Setting next_dagrun for tutorial to 2022-07-22T05:10:32.942090+00:00, run_after=2022-07-23T05:10:32.942090+00:00
[2022-07-23 05:10:32,958] {processor.py:161} INFO - Processing /home/airflow/.local/lib/python3.7/site-packages/airflow/example_dags/tutorial.py took 0.067 seconds
[2022-07-23 05:11:03,144] {processor.py:153} INFO - Started process (PID=3770) to work on /home/airflow/.local/lib/python3.7/site-packages/airflow/example_dags/tutorial.py
[2022-07-23 05:11:03,145] {processor.py:641} INFO - Processing file /home/airflow/.local/lib/python3.7/site-packages/airflow/example_dags/tutorial.py for tasks to queue
[2022-07-23 05:11:03,145] {logging_mixin.py:115} INFO - [2022-07-23 05:11:03,145] {dagbag.py:508} INFO - Filling up the DagBag from /home/airflow/.local/lib/python3.7/site-packages/airflow/example_dags/tutorial.py
[2022-07-23 05:11:03,150] {processor.py:651} INFO - DAG(s) dict_keys(['tutorial']) retrieved from /home/airflow/.local/lib/python3.7/site-packages/airflow/example_dags/tutorial.py
[2022-07-23 05:11:03,178] {logging_mixin.py:115} INFO - [2022-07-23 05:11:03,178] {dag.py:2420} INFO - Sync 1 DAGs
[2022-07-23 05:11:03,206] {logging_mixin.py:115} INFO - [2022-07-23 05:11:03,206] {dag.py:2972} INFO - Setting next_dagrun for tutorial to 2022-07-22T05:11:03.205866+00:00, run_after=2022-07-23T05:11:03.205866+00:00
[2022-07-23 05:11:03,224] {processor.py:161} INFO - Processing /home/airflow/.local/lib/python3.7/site-packages/airflow/example_dags/tutorial.py took 0.084 seconds
[2022-07-23 05:11:33,615] {processor.py:153} INFO - Started process (PID=3822) to work on /home/airflow/.local/lib/python3.7/site-packages/airflow/example_dags/tutorial.py
[2022-07-23 05:11:33,616] {processor.py:641} INFO - Processing file /home/airflow/.local/lib/python3.7/site-packages/airflow/example_dags/tutorial.py for tasks to queue
[2022-07-23 05:11:33,616] {logging_mixin.py:115} INFO - [2022-07-23 05:11:33,616] {dagbag.py:508} INFO - Filling up the DagBag from /home/airflow/.local/lib/python3.7/site-packages/airflow/example_dags/tutorial.py
[2022-07-23 05:11:33,621] {processor.py:651} INFO - DAG(s) dict_keys(['tutorial']) retrieved from /home/airflow/.local/lib/python3.7/site-packages/airflow/example_dags/tutorial.py
[2022-07-23 05:11:33,644] {logging_mixin.py:115} INFO - [2022-07-23 05:11:33,644] {dag.py:2420} INFO - Sync 1 DAGs
[2022-07-23 05:11:33,662] {logging_mixin.py:115} INFO - [2022-07-23 05:11:33,662] {dag.py:2972} INFO - Setting next_dagrun for tutorial to 2022-07-22T05:11:33.662188+00:00, run_after=2022-07-23T05:11:33.662188+00:00
[2022-07-23 05:11:33,677] {processor.py:161} INFO - Processing /home/airflow/.local/lib/python3.7/site-packages/airflow/example_dags/tutorial.py took 0.065 seconds
[2022-07-23 05:12:03,781] {processor.py:153} INFO - Started process (PID=3882) to work on /home/airflow/.local/lib/python3.7/site-packages/airflow/example_dags/tutorial.py
[2022-07-23 05:12:03,782] {processor.py:641} INFO - Processing file /home/airflow/.local/lib/python3.7/site-packages/airflow/example_dags/tutorial.py for tasks to queue
[2022-07-23 05:12:03,782] {logging_mixin.py:115} INFO - [2022-07-23 05:12:03,782] {dagbag.py:508} INFO - Filling up the DagBag from /home/airflow/.local/lib/python3.7/site-packages/airflow/example_dags/tutorial.py
[2022-07-23 05:12:03,786] {processor.py:651} INFO - DAG(s) dict_keys(['tutorial']) retrieved from /home/airflow/.local/lib/python3.7/site-packages/airflow/example_dags/tutorial.py
[2022-07-23 05:12:03,808] {logging_mixin.py:115} INFO - [2022-07-23 05:12:03,808] {dag.py:2420} INFO - Sync 1 DAGs
[2022-07-23 05:12:03,828] {logging_mixin.py:115} INFO - [2022-07-23 05:12:03,828] {dag.py:2972} INFO - Setting next_dagrun for tutorial to 2022-07-22T05:12:03.827943+00:00, run_after=2022-07-23T05:12:03.827943+00:00
[2022-07-23 05:12:03,842] {processor.py:161} INFO - Processing /home/airflow/.local/lib/python3.7/site-packages/airflow/example_dags/tutorial.py took 0.064 seconds
[2022-07-23 05:12:34,052] {processor.py:153} INFO - Started process (PID=3941) to work on /home/airflow/.local/lib/python3.7/site-packages/airflow/example_dags/tutorial.py
[2022-07-23 05:12:34,053] {processor.py:641} INFO - Processing file /home/airflow/.local/lib/python3.7/site-packages/airflow/example_dags/tutorial.py for tasks to queue
[2022-07-23 05:12:34,053] {logging_mixin.py:115} INFO - [2022-07-23 05:12:34,053] {dagbag.py:508} INFO - Filling up the DagBag from /home/airflow/.local/lib/python3.7/site-packages/airflow/example_dags/tutorial.py
[2022-07-23 05:12:34,057] {processor.py:651} INFO - DAG(s) dict_keys(['tutorial']) retrieved from /home/airflow/.local/lib/python3.7/site-packages/airflow/example_dags/tutorial.py
[2022-07-23 05:12:34,079] {logging_mixin.py:115} INFO - [2022-07-23 05:12:34,078] {dag.py:2420} INFO - Sync 1 DAGs
[2022-07-23 05:12:34,097] {logging_mixin.py:115} INFO - [2022-07-23 05:12:34,097] {dag.py:2972} INFO - Setting next_dagrun for tutorial to 2022-07-22T05:12:34.097258+00:00, run_after=2022-07-23T05:12:34.097258+00:00
[2022-07-23 05:12:34,114] {processor.py:161} INFO - Processing /home/airflow/.local/lib/python3.7/site-packages/airflow/example_dags/tutorial.py took 0.064 seconds
[2022-07-23 05:13:04,538] {processor.py:153} INFO - Started process (PID=3997) to work on /home/airflow/.local/lib/python3.7/site-packages/airflow/example_dags/tutorial.py
[2022-07-23 05:13:04,539] {processor.py:641} INFO - Processing file /home/airflow/.local/lib/python3.7/site-packages/airflow/example_dags/tutorial.py for tasks to queue
[2022-07-23 05:13:04,539] {logging_mixin.py:115} INFO - [2022-07-23 05:13:04,539] {dagbag.py:508} INFO - Filling up the DagBag from /home/airflow/.local/lib/python3.7/site-packages/airflow/example_dags/tutorial.py
[2022-07-23 05:13:04,543] {processor.py:651} INFO - DAG(s) dict_keys(['tutorial']) retrieved from /home/airflow/.local/lib/python3.7/site-packages/airflow/example_dags/tutorial.py
[2022-07-23 05:13:04,569] {logging_mixin.py:115} INFO - [2022-07-23 05:13:04,569] {dag.py:2420} INFO - Sync 1 DAGs
[2022-07-23 05:13:04,591] {logging_mixin.py:115} INFO - [2022-07-23 05:13:04,591] {dag.py:2972} INFO - Setting next_dagrun for tutorial to 2022-07-22T05:13:04.591021+00:00, run_after=2022-07-23T05:13:04.591021+00:00
[2022-07-23 05:13:04,610] {processor.py:161} INFO - Processing /home/airflow/.local/lib/python3.7/site-packages/airflow/example_dags/tutorial.py took 0.074 seconds
[2022-07-23 05:13:34,801] {processor.py:153} INFO - Started process (PID=4057) to work on /home/airflow/.local/lib/python3.7/site-packages/airflow/example_dags/tutorial.py
[2022-07-23 05:13:34,802] {processor.py:641} INFO - Processing file /home/airflow/.local/lib/python3.7/site-packages/airflow/example_dags/tutorial.py for tasks to queue
[2022-07-23 05:13:34,802] {logging_mixin.py:115} INFO - [2022-07-23 05:13:34,802] {dagbag.py:508} INFO - Filling up the DagBag from /home/airflow/.local/lib/python3.7/site-packages/airflow/example_dags/tutorial.py
[2022-07-23 05:13:34,806] {processor.py:651} INFO - DAG(s) dict_keys(['tutorial']) retrieved from /home/airflow/.local/lib/python3.7/site-packages/airflow/example_dags/tutorial.py
[2022-07-23 05:13:34,828] {logging_mixin.py:115} INFO - [2022-07-23 05:13:34,828] {dag.py:2420} INFO - Sync 1 DAGs
[2022-07-23 05:13:34,846] {logging_mixin.py:115} INFO - [2022-07-23 05:13:34,846] {dag.py:2972} INFO - Setting next_dagrun for tutorial to 2022-07-22T05:13:34.846037+00:00, run_after=2022-07-23T05:13:34.846037+00:00
[2022-07-23 05:13:34,861] {processor.py:161} INFO - Processing /home/airflow/.local/lib/python3.7/site-packages/airflow/example_dags/tutorial.py took 0.062 seconds
[2022-07-23 05:14:05,705] {processor.py:153} INFO - Started process (PID=4121) to work on /home/airflow/.local/lib/python3.7/site-packages/airflow/example_dags/tutorial.py
[2022-07-23 05:14:05,706] {processor.py:641} INFO - Processing file /home/airflow/.local/lib/python3.7/site-packages/airflow/example_dags/tutorial.py for tasks to queue
[2022-07-23 05:14:05,706] {logging_mixin.py:115} INFO - [2022-07-23 05:14:05,706] {dagbag.py:508} INFO - Filling up the DagBag from /home/airflow/.local/lib/python3.7/site-packages/airflow/example_dags/tutorial.py
[2022-07-23 05:14:05,710] {processor.py:651} INFO - DAG(s) dict_keys(['tutorial']) retrieved from /home/airflow/.local/lib/python3.7/site-packages/airflow/example_dags/tutorial.py
[2022-07-23 05:14:05,731] {logging_mixin.py:115} INFO - [2022-07-23 05:14:05,731] {dag.py:2420} INFO - Sync 1 DAGs
[2022-07-23 05:14:05,751] {logging_mixin.py:115} INFO - [2022-07-23 05:14:05,751] {dag.py:2972} INFO - Setting next_dagrun for tutorial to 2022-07-22T05:14:05.751357+00:00, run_after=2022-07-23T05:14:05.751357+00:00
[2022-07-23 05:14:05,770] {processor.py:161} INFO - Processing /home/airflow/.local/lib/python3.7/site-packages/airflow/example_dags/tutorial.py took 0.067 seconds
[2022-07-23 05:14:35,940] {processor.py:153} INFO - Started process (PID=4173) to work on /home/airflow/.local/lib/python3.7/site-packages/airflow/example_dags/tutorial.py
[2022-07-23 05:14:35,940] {processor.py:641} INFO - Processing file /home/airflow/.local/lib/python3.7/site-packages/airflow/example_dags/tutorial.py for tasks to queue
[2022-07-23 05:14:35,941] {logging_mixin.py:115} INFO - [2022-07-23 05:14:35,941] {dagbag.py:508} INFO - Filling up the DagBag from /home/airflow/.local/lib/python3.7/site-packages/airflow/example_dags/tutorial.py
[2022-07-23 05:14:35,945] {processor.py:651} INFO - DAG(s) dict_keys(['tutorial']) retrieved from /home/airflow/.local/lib/python3.7/site-packages/airflow/example_dags/tutorial.py
[2022-07-23 05:14:35,966] {logging_mixin.py:115} INFO - [2022-07-23 05:14:35,966] {dag.py:2420} INFO - Sync 1 DAGs
[2022-07-23 05:14:35,984] {logging_mixin.py:115} INFO - [2022-07-23 05:14:35,984] {dag.py:2972} INFO - Setting next_dagrun for tutorial to 2022-07-22T05:14:35.984441+00:00, run_after=2022-07-23T05:14:35.984441+00:00
[2022-07-23 05:14:36,000] {processor.py:161} INFO - Processing /home/airflow/.local/lib/python3.7/site-packages/airflow/example_dags/tutorial.py took 0.063 seconds
