Script executed from: /workspace/dataStack/datastack
Script location: scripts
[I 05:57:36.288 NotebookApp] Authentication of /metrics is OFF, since other authentication is disabled.
[W 05:57:36.473 NotebookApp] WARNING: The notebook server is listening on all IP addresses and not using encryption. This is not recommended.
[W 05:57:36.473 NotebookApp] WARNING: The notebook server is listening on all IP addresses and not using authentication. This is highly insecure and not recommended.
[I 05:57:36.475 NotebookApp] The port 8888 is already in use, trying another port.
[I 05:57:36.476 NotebookApp] Serving notebooks from local directory: /workspace/dataStack/datastack
[I 05:57:36.476 NotebookApp] Jupyter Notebook 6.4.11 is running at:
[I 05:57:36.476 NotebookApp] http://datastackhub-datastack-6rhr2oo42fe:8889/
[I 05:57:36.476 NotebookApp] Use Control-C to stop this server and shut down all kernels (twice to skip confirmation).
[I 05:58:03.020 NotebookApp] Interrupted...
[I 05:58:03.021 NotebookApp] Shutting down 0 kernels
[I 05:58:03.022 NotebookApp] Shutting down 0 terminals
Script executed from: /workspace/dataStack/datastack
Script location: scripts
[I 05:58:07.010 NotebookApp] Authentication of /metrics is OFF, since other authentication is disabled.
[W 05:58:07.189 NotebookApp] WARNING: The notebook server is listening on all IP addresses and not using encryption. This is not recommended.
[W 05:58:07.189 NotebookApp] WARNING: The notebook server is listening on all IP addresses and not using authentication. This is highly insecure and not recommended.
[I 05:58:07.192 NotebookApp] The port 8888 is already in use, trying another port.
[I 05:58:07.193 NotebookApp] Serving notebooks from local directory: /workspace/dataStack/datastack
[I 05:58:07.193 NotebookApp] Jupyter Notebook 6.4.11 is running at:
[I 05:58:07.193 NotebookApp] http://datastackhub-datastack-6rhr2oo42fe:8889/
[I 05:58:07.193 NotebookApp] Use Control-C to stop this server and shut down all kernels (twice to skip confirmation).
[I 05:58:33.600 NotebookApp] Interrupted...
[I 05:58:33.600 NotebookApp] Shutting down 0 kernels
[I 05:58:33.601 NotebookApp] Shutting down 0 terminals
Script executed from: /workspace/dataStack/datastack
Script location: scripts
[I 05:59:42.267 NotebookApp] Authentication of /metrics is OFF, since other authentication is disabled.
[W 05:59:42.455 NotebookApp] WARNING: The notebook server is listening on all IP addresses and not using encryption. This is not recommended.
[W 05:59:42.455 NotebookApp] WARNING: The notebook server is listening on all IP addresses and not using authentication. This is highly insecure and not recommended.
[I 05:59:42.458 NotebookApp] The port 8888 is already in use, trying another port.
[I 05:59:42.458 NotebookApp] Serving notebooks from local directory: /workspace/dataStack/datastack
[I 05:59:42.458 NotebookApp] Jupyter Notebook 6.4.11 is running at:
[I 05:59:42.458 NotebookApp] http://datastackhub-datastack-6rhr2oo42fe:8889/
[I 05:59:42.459 NotebookApp] Use Control-C to stop this server and shut down all kernels (twice to skip confirmation).
[I 05:59:49.400 NotebookApp] Interrupted...
[I 05:59:49.401 NotebookApp] Shutting down 0 kernels
[I 05:59:49.401 NotebookApp] Shutting down 0 terminals
